{"meta": {"format": 3, "version": "7.13.1", "timestamp": "2026-02-03T19:21:23.723515", "branch_coverage": false, "show_contexts": false}, "files": {"services/ai_cleaning/__init__.py": {"executed_lines": [], "summary": {"covered_lines": 0, "num_statements": 0, "percent_covered": 100.0, "percent_covered_display": "100", "missing_lines": 0, "excluded_lines": 0, "percent_statements_covered": 100.0, "percent_statements_covered_display": "100"}, "missing_lines": [], "excluded_lines": [], "functions": {"": {"executed_lines": [], "summary": {"covered_lines": 0, "num_statements": 0, "percent_covered": 100.0, "percent_covered_display": "100", "missing_lines": 0, "excluded_lines": 0, "percent_statements_covered": 100.0, "percent_statements_covered_display": "100"}, "missing_lines": [], "excluded_lines": [], "start_line": 1}}, "classes": {"": {"executed_lines": [], "summary": {"covered_lines": 0, "num_statements": 0, "percent_covered": 100.0, "percent_covered_display": "100", "missing_lines": 0, "excluded_lines": 0, "percent_statements_covered": 100.0, "percent_statements_covered_display": "100"}, "missing_lines": [], "excluded_lines": [], "start_line": 1}}}, "services/ai_cleaning/config.py": {"executed_lines": [], "summary": {"covered_lines": 0, "num_statements": 9, "percent_covered": 0.0, "percent_covered_display": "0", "missing_lines": 9, "excluded_lines": 0, "percent_statements_covered": 0.0, "percent_statements_covered_display": "0"}, "missing_lines": [6, 9, 14, 15, 18, 19, 20, 22, 25], "excluded_lines": [], "functions": {"": {"executed_lines": [], "summary": {"covered_lines": 0, "num_statements": 9, "percent_covered": 0.0, "percent_covered_display": "0", "missing_lines": 9, "excluded_lines": 0, "percent_statements_covered": 0.0, "percent_statements_covered_display": "0"}, "missing_lines": [6, 9, 14, 15, 18, 19, 20, 22, 25], "excluded_lines": [], "start_line": 1}}, "classes": {"Settings": {"executed_lines": [], "summary": {"covered_lines": 0, "num_statements": 0, "percent_covered": 100.0, "percent_covered_display": "100", "missing_lines": 0, "excluded_lines": 0, "percent_statements_covered": 100.0, "percent_statements_covered_display": "100"}, "missing_lines": [], "excluded_lines": [], "start_line": 9}, "": {"executed_lines": [], "summary": {"covered_lines": 0, "num_statements": 9, "percent_covered": 0.0, "percent_covered_display": "0", "missing_lines": 9, "excluded_lines": 0, "percent_statements_covered": 0.0, "percent_statements_covered_display": "0"}, "missing_lines": [6, 9, 14, 15, 18, 19, 20, 22, 25], "excluded_lines": [], "start_line": 1}}}, "services/ai_cleaning/main.py": {"executed_lines": [], "summary": {"covered_lines": 0, "num_statements": 113, "percent_covered": 0.0, "percent_covered_display": "0", "missing_lines": 113, "excluded_lines": 0, "percent_statements_covered": 0.0, "percent_statements_covered_display": "0"}, "missing_lines": [3, 4, 5, 7, 8, 9, 10, 12, 13, 23, 24, 30, 31, 32, 33, 35, 37, 43, 50, 51, 52, 55, 57, 58, 59, 60, 63, 76, 77, 79, 80, 81, 82, 83, 84, 85, 86, 87, 91, 92, 93, 96, 99, 100, 107, 108, 109, 110, 113, 114, 117, 119, 121, 123, 124, 125, 126, 129, 132, 133, 134, 143, 144, 149, 150, 151, 152, 162, 165, 167, 176, 177, 184, 186, 187, 190, 194, 212, 215, 221, 222, 224, 225, 226, 233, 234, 242, 243, 244, 253, 259, 260, 265, 266, 268, 269, 270, 276, 277, 283, 284, 290, 291, 298, 301, 302, 304, 313, 314, 315, 318, 319, 320], "excluded_lines": [], "functions": {"_call_llm_service": {"executed_lines": [], "summary": {"covered_lines": 0, "num_statements": 4, "percent_covered": 0.0, "percent_covered_display": "0", "missing_lines": 4, "excluded_lines": 0, "percent_statements_covered": 0.0, "percent_statements_covered_display": "0"}, "missing_lines": [57, 58, 59, 60], "excluded_lines": [], "start_line": 55}, "_parse_llm_json_response": {"executed_lines": [], "summary": {"covered_lines": 0, "num_statements": 15, "percent_covered": 0.0, "percent_covered_display": "0", "missing_lines": 15, "excluded_lines": 0, "percent_statements_covered": 0.0, "percent_statements_covered_display": "0"}, "missing_lines": [76, 77, 79, 80, 81, 82, 83, 84, 85, 86, 87, 91, 92, 93, 96], "excluded_lines": [], "start_line": 63}, "analyze_table": {"executed_lines": [], "summary": {"covered_lines": 0, "num_statements": 26, "percent_covered": 0.0, "percent_covered_display": "0", "missing_lines": 26, "excluded_lines": 0, "percent_statements_covered": 0.0, "percent_statements_covered_display": "0"}, "missing_lines": [107, 108, 109, 110, 113, 114, 117, 119, 121, 123, 124, 125, 126, 129, 132, 133, 134, 143, 144, 149, 150, 151, 152, 162, 165, 167], "excluded_lines": [], "start_line": 100}, "recommend_rules": {"executed_lines": [], "summary": {"covered_lines": 0, "num_statements": 18, "percent_covered": 0.0, "percent_covered_display": "0", "missing_lines": 18, "excluded_lines": 0, "percent_statements_covered": 0.0, "percent_statements_covered_display": "0"}, "missing_lines": [184, 186, 187, 190, 194, 212, 215, 221, 222, 224, 225, 226, 233, 234, 242, 243, 244, 253], "excluded_lines": [], "start_line": 177}, "generate_seatunnel_config": {"executed_lines": [], "summary": {"covered_lines": 0, "num_statements": 12, "percent_covered": 0.0, "percent_covered_display": "0", "missing_lines": 12, "excluded_lines": 0, "percent_statements_covered": 0.0, "percent_statements_covered_display": "0"}, "missing_lines": [265, 266, 268, 269, 270, 276, 277, 283, 284, 290, 291, 298], "excluded_lines": [], "start_line": 260}, "list_rule_templates": {"executed_lines": [], "summary": {"covered_lines": 0, "num_statements": 1, "percent_covered": 0.0, "percent_covered_display": "0", "missing_lines": 1, "excluded_lines": 0, "percent_statements_covered": 0.0, "percent_statements_covered_display": "0"}, "missing_lines": [304], "excluded_lines": [], "start_line": 302}, "health_check": {"executed_lines": [], "summary": {"covered_lines": 0, "num_statements": 1, "percent_covered": 0.0, "percent_covered_display": "0", "missing_lines": 1, "excluded_lines": 0, "percent_statements_covered": 0.0, "percent_statements_covered_display": "0"}, "missing_lines": [315], "excluded_lines": [], "start_line": 314}, "": {"executed_lines": [], "summary": {"covered_lines": 0, "num_statements": 36, "percent_covered": 0.0, "percent_covered_display": "0", "missing_lines": 36, "excluded_lines": 0, "percent_statements_covered": 0.0, "percent_statements_covered_display": "0"}, "missing_lines": [3, 4, 5, 7, 8, 9, 10, 12, 13, 23, 24, 30, 31, 32, 33, 35, 37, 43, 50, 51, 52, 55, 63, 99, 100, 176, 177, 259, 260, 301, 302, 313, 314, 318, 319, 320], "excluded_lines": [], "start_line": 1}}, "classes": {"": {"executed_lines": [], "summary": {"covered_lines": 0, "num_statements": 113, "percent_covered": 0.0, "percent_covered_display": "0", "missing_lines": 113, "excluded_lines": 0, "percent_statements_covered": 0.0, "percent_statements_covered_display": "0"}, "missing_lines": [3, 4, 5, 7, 8, 9, 10, 12, 13, 23, 24, 30, 31, 32, 33, 35, 37, 43, 50, 51, 52, 55, 57, 58, 59, 60, 63, 76, 77, 79, 80, 81, 82, 83, 84, 85, 86, 87, 91, 92, 93, 96, 99, 100, 107, 108, 109, 110, 113, 114, 117, 119, 121, 123, 124, 125, 126, 129, 132, 133, 134, 143, 144, 149, 150, 151, 152, 162, 165, 167, 176, 177, 184, 186, 187, 190, 194, 212, 215, 221, 222, 224, 225, 226, 233, 234, 242, 243, 244, 253, 259, 260, 265, 266, 268, 269, 270, 276, 277, 283, 284, 290, 291, 298, 301, 302, 304, 313, 314, 315, 318, 319, 320], "excluded_lines": [], "start_line": 1}}}, "services/ai_cleaning/models.py": {"executed_lines": [], "summary": {"covered_lines": 0, "num_statements": 46, "percent_covered": 0.0, "percent_covered_display": "0", "missing_lines": 46, "excluded_lines": 0, "percent_statements_covered": 0.0, "percent_statements_covered_display": "0"}, "missing_lines": [3, 4, 6, 9, 11, 12, 13, 14, 15, 16, 19, 21, 22, 23, 26, 28, 29, 30, 31, 32, 33, 36, 38, 39, 40, 41, 42, 45, 47, 48, 49, 50, 51, 52, 55, 57, 58, 61, 63, 64, 65, 66, 69, 71, 72, 73], "excluded_lines": [], "functions": {"": {"executed_lines": [], "summary": {"covered_lines": 0, "num_statements": 46, "percent_covered": 0.0, "percent_covered_display": "0", "missing_lines": 46, "excluded_lines": 0, "percent_statements_covered": 0.0, "percent_statements_covered_display": "0"}, "missing_lines": [3, 4, 6, 9, 11, 12, 13, 14, 15, 16, 19, 21, 22, 23, 26, 28, 29, 30, 31, 32, 33, 36, 38, 39, 40, 41, 42, 45, 47, 48, 49, 50, 51, 52, 55, 57, 58, 61, 63, 64, 65, 66, 69, 71, 72, 73], "excluded_lines": [], "start_line": 1}}, "classes": {"QualityIssueType": {"executed_lines": [], "summary": {"covered_lines": 0, "num_statements": 0, "percent_covered": 100.0, "percent_covered_display": "100", "missing_lines": 0, "excluded_lines": 0, "percent_statements_covered": 100.0, "percent_statements_covered_display": "100"}, "missing_lines": [], "excluded_lines": [], "start_line": 9}, "AnalyzeRequest": {"executed_lines": [], "summary": {"covered_lines": 0, "num_statements": 0, "percent_covered": 100.0, "percent_covered_display": "100", "missing_lines": 0, "excluded_lines": 0, "percent_statements_covered": 100.0, "percent_statements_covered_display": "100"}, "missing_lines": [], "excluded_lines": [], "start_line": 19}, "QualityIssue": {"executed_lines": [], "summary": {"covered_lines": 0, "num_statements": 0, "percent_covered": 100.0, "percent_covered_display": "100", "missing_lines": 0, "excluded_lines": 0, "percent_statements_covered": 100.0, "percent_statements_covered_display": "100"}, "missing_lines": [], "excluded_lines": [], "start_line": 26}, "DataQualityReport": {"executed_lines": [], "summary": {"covered_lines": 0, "num_statements": 0, "percent_covered": 100.0, "percent_covered_display": "100", "missing_lines": 0, "excluded_lines": 0, "percent_statements_covered": 100.0, "percent_statements_covered_display": "100"}, "missing_lines": [], "excluded_lines": [], "start_line": 36}, "CleaningRule": {"executed_lines": [], "summary": {"covered_lines": 0, "num_statements": 0, "percent_covered": 100.0, "percent_covered_display": "100", "missing_lines": 0, "excluded_lines": 0, "percent_statements_covered": 100.0, "percent_statements_covered_display": "100"}, "missing_lines": [], "excluded_lines": [], "start_line": 45}, "CleaningRecommendation": {"executed_lines": [], "summary": {"covered_lines": 0, "num_statements": 0, "percent_covered": 100.0, "percent_covered_display": "100", "missing_lines": 0, "excluded_lines": 0, "percent_statements_covered": 100.0, "percent_statements_covered_display": "100"}, "missing_lines": [], "excluded_lines": [], "start_line": 55}, "SeaTunnelTransformConfig": {"executed_lines": [], "summary": {"covered_lines": 0, "num_statements": 0, "percent_covered": 100.0, "percent_covered_display": "100", "missing_lines": 0, "excluded_lines": 0, "percent_statements_covered": 100.0, "percent_statements_covered_display": "100"}, "missing_lines": [], "excluded_lines": [], "start_line": 61}, "GenerateConfigRequest": {"executed_lines": [], "summary": {"covered_lines": 0, "num_statements": 0, "percent_covered": 100.0, "percent_covered_display": "100", "missing_lines": 0, "excluded_lines": 0, "percent_statements_covered": 100.0, "percent_statements_covered_display": "100"}, "missing_lines": [], "excluded_lines": [], "start_line": 69}, "": {"executed_lines": [], "summary": {"covered_lines": 0, "num_statements": 46, "percent_covered": 0.0, "percent_covered_display": "0", "missing_lines": 46, "excluded_lines": 0, "percent_statements_covered": 0.0, "percent_statements_covered_display": "0"}, "missing_lines": [3, 4, 6, 9, 11, 12, 13, 14, 15, 16, 19, 21, 22, 23, 26, 28, 29, 30, 31, 32, 33, 36, 38, 39, 40, 41, 42, 45, 47, 48, 49, 50, 51, 52, 55, 57, 58, 61, 63, 64, 65, 66, 69, 71, 72, 73], "excluded_lines": [], "start_line": 1}}}, "services/audit_log/__init__.py": {"executed_lines": [], "summary": {"covered_lines": 0, "num_statements": 0, "percent_covered": 100.0, "percent_covered_display": "100", "missing_lines": 0, "excluded_lines": 0, "percent_statements_covered": 100.0, "percent_statements_covered_display": "100"}, "missing_lines": [], "excluded_lines": [], "functions": {"": {"executed_lines": [], "summary": {"covered_lines": 0, "num_statements": 0, "percent_covered": 100.0, "percent_covered_display": "100", "missing_lines": 0, "excluded_lines": 0, "percent_statements_covered": 100.0, "percent_statements_covered_display": "100"}, "missing_lines": [], "excluded_lines": [], "start_line": 1}}, "classes": {"": {"executed_lines": [], "summary": {"covered_lines": 0, "num_statements": 0, "percent_covered": 100.0, "percent_covered_display": "100", "missing_lines": 0, "excluded_lines": 0, "percent_statements_covered": 100.0, "percent_statements_covered_display": "100"}, "missing_lines": [], "excluded_lines": [], "start_line": 1}}}, "services/audit_log/config.py": {"executed_lines": [], "summary": {"covered_lines": 0, "num_statements": 9, "percent_covered": 0.0, "percent_covered_display": "0", "missing_lines": 9, "excluded_lines": 0, "percent_statements_covered": 0.0, "percent_statements_covered_display": "0"}, "missing_lines": [6, 9, 14, 15, 18, 19, 20, 22, 25], "excluded_lines": [], "functions": {"": {"executed_lines": [], "summary": {"covered_lines": 0, "num_statements": 9, "percent_covered": 0.0, "percent_covered_display": "0", "missing_lines": 9, "excluded_lines": 0, "percent_statements_covered": 0.0, "percent_statements_covered_display": "0"}, "missing_lines": [6, 9, 14, 15, 18, 19, 20, 22, 25], "excluded_lines": [], "start_line": 1}}, "classes": {"Settings": {"executed_lines": [], "summary": {"covered_lines": 0, "num_statements": 0, "percent_covered": 100.0, "percent_covered_display": "100", "missing_lines": 0, "excluded_lines": 0, "percent_statements_covered": 100.0, "percent_statements_covered_display": "100"}, "missing_lines": [], "excluded_lines": [], "start_line": 9}, "": {"executed_lines": [], "summary": {"covered_lines": 0, "num_statements": 9, "percent_covered": 0.0, "percent_covered_display": "0", "missing_lines": 9, "excluded_lines": 0, "percent_statements_covered": 0.0, "percent_statements_covered_display": "0"}, "missing_lines": [6, 9, 14, 15, 18, 19, 20, 22, 25], "excluded_lines": [], "start_line": 1}}}, "services/audit_log/main.py": {"executed_lines": [], "summary": {"covered_lines": 0, "num_statements": 71, "percent_covered": 0.0, "percent_covered_display": "0", "missing_lines": 71, "excluded_lines": 0, "percent_statements_covered": 0.0, "percent_statements_covered_display": "0"}, "missing_lines": [6, 7, 8, 9, 10, 12, 13, 14, 15, 17, 18, 23, 24, 25, 26, 27, 28, 30, 36, 43, 44, 47, 49, 65, 67, 83, 84, 89, 90, 92, 93, 94, 96, 99, 100, 110, 111, 118, 121, 122, 128, 129, 130, 131, 132, 135, 136, 141, 142, 143, 146, 147, 153, 154, 160, 162, 163, 164, 165, 166, 167, 168, 169, 175, 176, 183, 184, 185, 188, 189, 190], "excluded_lines": [], "functions": {"_orm_to_pydantic": {"executed_lines": [], "summary": {"covered_lines": 0, "num_statements": 1, "percent_covered": 0.0, "percent_covered_display": "0", "missing_lines": 1, "excluded_lines": 0, "percent_statements_covered": 0.0, "percent_statements_covered_display": "0"}, "missing_lines": [49], "excluded_lines": [], "start_line": 47}, "_pydantic_to_orm": {"executed_lines": [], "summary": {"covered_lines": 0, "num_statements": 1, "percent_covered": 0.0, "percent_covered_display": "0", "missing_lines": 1, "excluded_lines": 0, "percent_statements_covered": 0.0, "percent_statements_covered_display": "0"}, "missing_lines": [67], "excluded_lines": [], "start_line": 65}, "record_event": {"executed_lines": [], "summary": {"covered_lines": 0, "num_statements": 6, "percent_covered": 0.0, "percent_covered_display": "0", "missing_lines": 6, "excluded_lines": 0, "percent_statements_covered": 0.0, "percent_statements_covered_display": "0"}, "missing_lines": [89, 90, 92, 93, 94, 96], "excluded_lines": [], "start_line": 84}, "query_logs": {"executed_lines": [], "summary": {"covered_lines": 0, "num_statements": 3, "percent_covered": 0.0, "percent_covered_display": "0", "missing_lines": 3, "excluded_lines": 0, "percent_statements_covered": 0.0, "percent_statements_covered_display": "0"}, "missing_lines": [110, 111, 118], "excluded_lines": [], "start_line": 100}, "get_log": {"executed_lines": [], "summary": {"covered_lines": 0, "num_statements": 5, "percent_covered": 0.0, "percent_covered_display": "0", "missing_lines": 5, "excluded_lines": 0, "percent_statements_covered": 0.0, "percent_statements_covered_display": "0"}, "missing_lines": [128, 129, 130, 131, 132], "excluded_lines": [], "start_line": 122}, "get_stats": {"executed_lines": [], "summary": {"covered_lines": 0, "num_statements": 3, "percent_covered": 0.0, "percent_covered_display": "0", "missing_lines": 3, "excluded_lines": 0, "percent_statements_covered": 0.0, "percent_statements_covered_display": "0"}, "missing_lines": [141, 142, 143], "excluded_lines": [], "start_line": 136}, "export_logs": {"executed_lines": [], "summary": {"covered_lines": 0, "num_statements": 13, "percent_covered": 0.0, "percent_covered_display": "0", "missing_lines": 13, "excluded_lines": 0, "percent_statements_covered": 0.0, "percent_statements_covered_display": "0"}, "missing_lines": [153, 154, 160, 162, 163, 164, 165, 166, 167, 168, 169, 175, 176], "excluded_lines": [], "start_line": 147}, "health_check": {"executed_lines": [], "summary": {"covered_lines": 0, "num_statements": 1, "percent_covered": 0.0, "percent_covered_display": "0", "missing_lines": 1, "excluded_lines": 0, "percent_statements_covered": 0.0, "percent_statements_covered_display": "0"}, "missing_lines": [185], "excluded_lines": [], "start_line": 184}, "": {"executed_lines": [], "summary": {"covered_lines": 0, "num_statements": 38, "percent_covered": 0.0, "percent_covered_display": "0", "missing_lines": 38, "excluded_lines": 0, "percent_statements_covered": 0.0, "percent_statements_covered_display": "0"}, "missing_lines": [6, 7, 8, 9, 10, 12, 13, 14, 15, 17, 18, 23, 24, 25, 26, 27, 28, 30, 36, 43, 44, 47, 65, 83, 84, 99, 100, 121, 122, 135, 136, 146, 147, 183, 184, 188, 189, 190], "excluded_lines": [], "start_line": 1}}, "classes": {"": {"executed_lines": [], "summary": {"covered_lines": 0, "num_statements": 71, "percent_covered": 0.0, "percent_covered_display": "0", "missing_lines": 71, "excluded_lines": 0, "percent_statements_covered": 0.0, "percent_statements_covered_display": "0"}, "missing_lines": [6, 7, 8, 9, 10, 12, 13, 14, 15, 17, 18, 23, 24, 25, 26, 27, 28, 30, 36, 43, 44, 47, 49, 65, 67, 83, 84, 89, 90, 92, 93, 94, 96, 99, 100, 110, 111, 118, 121, 122, 128, 129, 130, 131, 132, 135, 136, 141, 142, 143, 146, 147, 153, 154, 160, 162, 163, 164, 165, 166, 167, 168, 169, 175, 176, 183, 184, 185, 188, 189, 190], "excluded_lines": [], "start_line": 1}}}, "services/audit_log/models.py": {"executed_lines": [], "summary": {"covered_lines": 0, "num_statements": 57, "percent_covered": 0.0, "percent_covered_display": "0", "missing_lines": 57, "excluded_lines": 0, "percent_statements_covered": 0.0, "percent_statements_covered_display": "0"}, "missing_lines": [3, 4, 5, 7, 10, 11, 12, 13, 14, 15, 16, 17, 18, 19, 22, 23, 24, 25, 26, 27, 28, 29, 30, 31, 32, 33, 36, 38, 39, 40, 41, 42, 43, 44, 45, 46, 47, 48, 49, 52, 54, 55, 56, 57, 58, 59, 60, 63, 65, 66, 67, 68, 69, 70, 73, 75, 76], "excluded_lines": [], "functions": {"": {"executed_lines": [], "summary": {"covered_lines": 0, "num_statements": 57, "percent_covered": 0.0, "percent_covered_display": "0", "missing_lines": 57, "excluded_lines": 0, "percent_statements_covered": 0.0, "percent_statements_covered_display": "0"}, "missing_lines": [3, 4, 5, 7, 10, 11, 12, 13, 14, 15, 16, 17, 18, 19, 22, 23, 24, 25, 26, 27, 28, 29, 30, 31, 32, 33, 36, 38, 39, 40, 41, 42, 43, 44, 45, 46, 47, 48, 49, 52, 54, 55, 56, 57, 58, 59, 60, 63, 65, 66, 67, 68, 69, 70, 73, 75, 76], "excluded_lines": [], "start_line": 1}}, "classes": {"EventType": {"executed_lines": [], "summary": {"covered_lines": 0, "num_statements": 0, "percent_covered": 100.0, "percent_covered_display": "100", "missing_lines": 0, "excluded_lines": 0, "percent_statements_covered": 100.0, "percent_statements_covered_display": "100"}, "missing_lines": [], "excluded_lines": [], "start_line": 10}, "Subsystem": {"executed_lines": [], "summary": {"covered_lines": 0, "num_statements": 0, "percent_covered": 100.0, "percent_covered_display": "100", "missing_lines": 0, "excluded_lines": 0, "percent_statements_covered": 100.0, "percent_statements_covered_display": "100"}, "missing_lines": [], "excluded_lines": [], "start_line": 22}, "AuditEvent": {"executed_lines": [], "summary": {"covered_lines": 0, "num_statements": 0, "percent_covered": 100.0, "percent_covered_display": "100", "missing_lines": 0, "excluded_lines": 0, "percent_statements_covered": 100.0, "percent_statements_covered_display": "100"}, "missing_lines": [], "excluded_lines": [], "start_line": 36}, "AuditQuery": {"executed_lines": [], "summary": {"covered_lines": 0, "num_statements": 0, "percent_covered": 100.0, "percent_covered_display": "100", "missing_lines": 0, "excluded_lines": 0, "percent_statements_covered": 100.0, "percent_statements_covered_display": "100"}, "missing_lines": [], "excluded_lines": [], "start_line": 52}, "AuditStats": {"executed_lines": [], "summary": {"covered_lines": 0, "num_statements": 0, "percent_covered": 100.0, "percent_covered_display": "100", "missing_lines": 0, "excluded_lines": 0, "percent_statements_covered": 100.0, "percent_statements_covered_display": "100"}, "missing_lines": [], "excluded_lines": [], "start_line": 63}, "ExportRequest": {"executed_lines": [], "summary": {"covered_lines": 0, "num_statements": 0, "percent_covered": 100.0, "percent_covered_display": "100", "missing_lines": 0, "excluded_lines": 0, "percent_statements_covered": 100.0, "percent_statements_covered_display": "100"}, "missing_lines": [], "excluded_lines": [], "start_line": 73}, "": {"executed_lines": [], "summary": {"covered_lines": 0, "num_statements": 57, "percent_covered": 0.0, "percent_covered_display": "0", "missing_lines": 57, "excluded_lines": 0, "percent_statements_covered": 0.0, "percent_statements_covered_display": "0"}, "missing_lines": [3, 4, 5, 7, 10, 11, 12, 13, 14, 15, 16, 17, 18, 19, 22, 23, 24, 25, 26, 27, 28, 29, 30, 31, 32, 33, 36, 38, 39, 40, 41, 42, 43, 44, 45, 46, 47, 48, 49, 52, 54, 55, 56, 57, 58, 59, 60, 63, 65, 66, 67, 68, 69, 70, 73, 75, 76], "excluded_lines": [], "start_line": 1}}}, "services/common/__init__.py": {"executed_lines": [], "summary": {"covered_lines": 0, "num_statements": 0, "percent_covered": 100.0, "percent_covered_display": "100", "missing_lines": 0, "excluded_lines": 0, "percent_statements_covered": 100.0, "percent_statements_covered_display": "100"}, "missing_lines": [], "excluded_lines": [], "functions": {"": {"executed_lines": [], "summary": {"covered_lines": 0, "num_statements": 0, "percent_covered": 100.0, "percent_covered_display": "100", "missing_lines": 0, "excluded_lines": 0, "percent_statements_covered": 100.0, "percent_statements_covered_display": "100"}, "missing_lines": [], "excluded_lines": [], "start_line": 1}}, "classes": {"": {"executed_lines": [], "summary": {"covered_lines": 0, "num_statements": 0, "percent_covered": 100.0, "percent_covered_display": "100", "missing_lines": 0, "excluded_lines": 0, "percent_statements_covered": 100.0, "percent_statements_covered_display": "100"}, "missing_lines": [], "excluded_lines": [], "start_line": 1}}}, "services/common/api_response.py": {"executed_lines": [], "summary": {"covered_lines": 0, "num_statements": 71, "percent_covered": 0.0, "percent_covered_display": "0", "missing_lines": 71, "excluded_lines": 0, "percent_statements_covered": 0.0, "percent_statements_covered_display": "0"}, "missing_lines": [40, 41, 42, 44, 47, 64, 65, 66, 67, 70, 71, 72, 73, 76, 77, 78, 79, 82, 83, 84, 85, 88, 89, 90, 91, 94, 95, 96, 97, 100, 101, 102, 103, 104, 105, 106, 107, 110, 111, 112, 115, 118, 128, 129, 130, 131, 136, 150, 160, 161, 162, 163, 169, 172, 173, 174, 175, 176, 181, 196, 199, 214, 217, 236, 238, 252, 269, 278, 282, 328, 337], "excluded_lines": [], "functions": {"success": {"executed_lines": [], "summary": {"covered_lines": 0, "num_statements": 1, "percent_covered": 0.0, "percent_covered_display": "0", "missing_lines": 1, "excluded_lines": 0, "percent_statements_covered": 0.0, "percent_statements_covered_display": "0"}, "missing_lines": [196], "excluded_lines": [], "start_line": 181}, "error": {"executed_lines": [], "summary": {"covered_lines": 0, "num_statements": 1, "percent_covered": 0.0, "percent_covered_display": "0", "missing_lines": 1, "excluded_lines": 0, "percent_statements_covered": 0.0, "percent_statements_covered_display": "0"}, "missing_lines": [214], "excluded_lines": [], "start_line": 199}, "paginated": {"executed_lines": [], "summary": {"covered_lines": 0, "num_statements": 2, "percent_covered": 0.0, "percent_covered_display": "0", "missing_lines": 2, "excluded_lines": 0, "percent_statements_covered": 0.0, "percent_statements_covered_display": "0"}, "missing_lines": [236, 238], "excluded_lines": [], "start_line": 217}, "get_http_status": {"executed_lines": [], "summary": {"covered_lines": 0, "num_statements": 1, "percent_covered": 0.0, "percent_covered_display": "0", "missing_lines": 1, "excluded_lines": 0, "percent_statements_covered": 0.0, "percent_statements_covered_display": "0"}, "missing_lines": [278], "excluded_lines": [], "start_line": 269}, "get_error_message": {"executed_lines": [], "summary": {"covered_lines": 0, "num_statements": 1, "percent_covered": 0.0, "percent_covered_display": "0", "missing_lines": 1, "excluded_lines": 0, "percent_statements_covered": 0.0, "percent_statements_covered_display": "0"}, "missing_lines": [337], "excluded_lines": [], "start_line": 328}, "": {"executed_lines": [], "summary": {"covered_lines": 0, "num_statements": 65, "percent_covered": 0.0, "percent_covered_display": "0", "missing_lines": 65, "excluded_lines": 0, "percent_statements_covered": 0.0, "percent_statements_covered_display": "0"}, "missing_lines": [40, 41, 42, 44, 47, 64, 65, 66, 67, 70, 71, 72, 73, 76, 77, 78, 79, 82, 83, 84, 85, 88, 89, 90, 91, 94, 95, 96, 97, 100, 101, 102, 103, 104, 105, 106, 107, 110, 111, 112, 115, 118, 128, 129, 130, 131, 136, 150, 160, 161, 162, 163, 169, 172, 173, 174, 175, 176, 181, 199, 217, 252, 269, 282, 328], "excluded_lines": [], "start_line": 1}}, "classes": {"ErrorCode": {"executed_lines": [], "summary": {"covered_lines": 0, "num_statements": 0, "percent_covered": 100.0, "percent_covered_display": "100", "missing_lines": 0, "excluded_lines": 0, "percent_statements_covered": 100.0, "percent_statements_covered_display": "100"}, "missing_lines": [], "excluded_lines": [], "start_line": 47}, "ApiResponse": {"executed_lines": [], "summary": {"covered_lines": 0, "num_statements": 0, "percent_covered": 100.0, "percent_covered_display": "100", "missing_lines": 0, "excluded_lines": 0, "percent_statements_covered": 100.0, "percent_statements_covered_display": "100"}, "missing_lines": [], "excluded_lines": [], "start_line": 118}, "PaginatedResponse": {"executed_lines": [], "summary": {"covered_lines": 0, "num_statements": 0, "percent_covered": 100.0, "percent_covered_display": "100", "missing_lines": 0, "excluded_lines": 0, "percent_statements_covered": 100.0, "percent_statements_covered_display": "100"}, "missing_lines": [], "excluded_lines": [], "start_line": 150}, "PageData": {"executed_lines": [], "summary": {"covered_lines": 0, "num_statements": 0, "percent_covered": 100.0, "percent_covered_display": "100", "missing_lines": 0, "excluded_lines": 0, "percent_statements_covered": 100.0, "percent_statements_covered_display": "100"}, "missing_lines": [], "excluded_lines": [], "start_line": 169}, "": {"executed_lines": [], "summary": {"covered_lines": 0, "num_statements": 71, "percent_covered": 0.0, "percent_covered_display": "0", "missing_lines": 71, "excluded_lines": 0, "percent_statements_covered": 0.0, "percent_statements_covered_display": "0"}, "missing_lines": [40, 41, 42, 44, 47, 64, 65, 66, 67, 70, 71, 72, 73, 76, 77, 78, 79, 82, 83, 84, 85, 88, 89, 90, 91, 94, 95, 96, 97, 100, 101, 102, 103, 104, 105, 106, 107, 110, 111, 112, 115, 118, 128, 129, 130, 131, 136, 150, 160, 161, 162, 163, 169, 172, 173, 174, 175, 176, 181, 196, 199, 214, 217, 236, 238, 252, 269, 278, 282, 328, 337], "excluded_lines": [], "start_line": 1}}}, "services/common/auth.py": {"executed_lines": [3, 4, 6, 7, 8, 9, 12, 13, 14, 16, 18, 20, 23, 25, 26, 27, 28, 29, 31, 32, 37, 44, 45, 46, 53, 56, 58, 59, 60, 61, 66, 68, 69, 70, 71, 76, 79, 85, 86, 89, 90, 96, 97, 98, 102, 103, 109, 139, 151, 153, 155, 159, 160, 161, 163, 168, 170, 172, 176, 177, 180, 181, 184], "summary": {"covered_lines": 63, "num_statements": 87, "percent_covered": 72.41379310344827, "percent_covered_display": "72", "missing_lines": 24, "excluded_lines": 0, "percent_statements_covered": 72.41379310344827, "percent_statements_covered_display": "72"}, "missing_lines": [34, 62, 63, 72, 73, 80, 91, 120, 121, 122, 124, 131, 132, 136, 143, 144, 145, 146, 147, 148, 164, 165, 189, 190], "excluded_lines": [], "functions": {"TokenPayload.user_id": {"executed_lines": [], "summary": {"covered_lines": 0, "num_statements": 1, "percent_covered": 0.0, "percent_covered_display": "0", "missing_lines": 1, "excluded_lines": 0, "percent_statements_covered": 0.0, "percent_statements_covered_display": "0"}, "missing_lines": [34], "excluded_lines": [], "start_line": 32}, "create_token": {"executed_lines": [44, 45, 46, 53], "summary": {"covered_lines": 4, "num_statements": 4, "percent_covered": 100.0, "percent_covered_display": "100", "missing_lines": 0, "excluded_lines": 0, "percent_statements_covered": 100.0, "percent_statements_covered_display": "100"}, "missing_lines": [], "excluded_lines": [], "start_line": 37}, "_check_token_blacklist": {"executed_lines": [58, 59, 60, 61], "summary": {"covered_lines": 4, "num_statements": 6, "percent_covered": 66.66666666666667, "percent_covered_display": "67", "missing_lines": 2, "excluded_lines": 0, "percent_statements_covered": 66.66666666666667, "percent_statements_covered_display": "67"}, "missing_lines": [62, 63], "excluded_lines": [], "start_line": 56}, "_check_user_revoked": {"executed_lines": [68, 69, 70, 71], "summary": {"covered_lines": 4, "num_statements": 6, "percent_covered": 66.66666666666667, "percent_covered_display": "67", "missing_lines": 2, "excluded_lines": 0, "percent_statements_covered": 66.66666666666667, "percent_statements_covered_display": "67"}, "missing_lines": [72, 73], "excluded_lines": [], "start_line": 66}, "verify_token": {"executed_lines": [79, 85, 86, 89, 90, 96, 97, 98, 102, 103], "summary": {"covered_lines": 10, "num_statements": 12, "percent_covered": 83.33333333333333, "percent_covered_display": "83", "missing_lines": 2, "excluded_lines": 0, "percent_statements_covered": 83.33333333333333, "percent_statements_covered_display": "83"}, "missing_lines": [80, 91], "excluded_lines": [], "start_line": 76}, "get_current_user": {"executed_lines": [], "summary": {"covered_lines": 0, "num_statements": 7, "percent_covered": 0.0, "percent_covered_display": "0", "missing_lines": 7, "excluded_lines": 0, "percent_statements_covered": 0.0, "percent_statements_covered_display": "0"}, "missing_lines": [120, 121, 122, 124, 131, 132, 136], "excluded_lines": [], "start_line": 109}, "get_optional_user": {"executed_lines": [], "summary": {"covered_lines": 0, "num_statements": 6, "percent_covered": 0.0, "percent_covered_display": "0", "missing_lines": 6, "excluded_lines": 0, "percent_statements_covered": 0.0, "percent_statements_covered_display": "0"}, "missing_lines": [143, 144, 145, 146, 147, 148], "excluded_lines": [], "start_line": 139}, "can_refresh_token": {"executed_lines": [153, 155, 159, 160, 161, 163], "summary": {"covered_lines": 6, "num_statements": 8, "percent_covered": 75.0, "percent_covered_display": "75", "missing_lines": 2, "excluded_lines": 0, "percent_statements_covered": 75.0, "percent_statements_covered_display": "75"}, "missing_lines": [164, 165], "excluded_lines": [], "start_line": 151}, "refresh_token": {"executed_lines": [170, 172, 176, 177, 180, 181, 184], "summary": {"covered_lines": 7, "num_statements": 9, "percent_covered": 77.77777777777777, "percent_covered_display": "78", "missing_lines": 2, "excluded_lines": 0, "percent_statements_covered": 77.77777777777777, "percent_statements_covered_display": "78"}, "missing_lines": [189, 190], "excluded_lines": [], "start_line": 168}, "": {"executed_lines": [3, 4, 6, 7, 8, 9, 12, 13, 14, 16, 18, 20, 23, 25, 26, 27, 28, 29, 31, 32, 37, 56, 66, 76, 109, 139, 151, 168], "summary": {"covered_lines": 28, "num_statements": 28, "percent_covered": 100.0, "percent_covered_display": "100", "missing_lines": 0, "excluded_lines": 0, "percent_statements_covered": 100.0, "percent_statements_covered_display": "100"}, "missing_lines": [], "excluded_lines": [], "start_line": 1}}, "classes": {"TokenPayload": {"executed_lines": [], "summary": {"covered_lines": 0, "num_statements": 1, "percent_covered": 0.0, "percent_covered_display": "0", "missing_lines": 1, "excluded_lines": 0, "percent_statements_covered": 0.0, "percent_statements_covered_display": "0"}, "missing_lines": [34], "excluded_lines": [], "start_line": 23}, "": {"executed_lines": [3, 4, 6, 7, 8, 9, 12, 13, 14, 16, 18, 20, 23, 25, 26, 27, 28, 29, 31, 32, 37, 44, 45, 46, 53, 56, 58, 59, 60, 61, 66, 68, 69, 70, 71, 76, 79, 85, 86, 89, 90, 96, 97, 98, 102, 103, 109, 139, 151, 153, 155, 159, 160, 161, 163, 168, 170, 172, 176, 177, 180, 181, 184], "summary": {"covered_lines": 63, "num_statements": 86, "percent_covered": 73.25581395348837, "percent_covered_display": "73", "missing_lines": 23, "excluded_lines": 0, "percent_statements_covered": 73.25581395348837, "percent_statements_covered_display": "73"}, "missing_lines": [62, 63, 72, 73, 80, 91, 120, 121, 122, 124, 131, 132, 136, 143, 144, 145, 146, 147, 148, 164, 165, 189, 190], "excluded_lines": [], "start_line": 1}}}, "services/common/base_config.py": {"executed_lines": [], "summary": {"covered_lines": 0, "num_statements": 167, "percent_covered": 0.0, "percent_covered_display": "0", "missing_lines": 167, "excluded_lines": 0, "percent_statements_covered": 0.0, "percent_statements_covered_display": "0"}, "missing_lines": [6, 7, 9, 10, 11, 12, 13, 15, 16, 19, 29, 30, 31, 34, 39, 40, 41, 42, 47, 52, 53, 58, 62, 67, 68, 73, 74, 77, 78, 83, 86, 93, 98, 101, 102, 103, 104, 107, 108, 109, 110, 112, 113, 114, 115, 116, 117, 118, 119, 120, 123, 124, 125, 126, 127, 128, 130, 132, 134, 136, 138, 140, 142, 144, 146, 153, 155, 164, 167, 168, 169, 172, 173, 176, 177, 180, 181, 183, 186, 189, 190, 193, 194, 195, 198, 200, 203, 212, 217, 218, 219, 224, 225, 230, 231, 232, 233, 234, 235, 240, 241, 242, 244, 246, 248, 250, 252, 253, 254, 261, 263, 264, 265, 268, 274, 276, 277, 278, 281, 289, 290, 293, 295, 297, 300, 306, 308, 309, 311, 312, 314, 317, 326, 328, 330, 331, 332, 333, 334, 335, 336, 338, 340, 341, 347, 349, 352, 361, 388, 389, 392, 401, 402, 404, 405, 407, 408, 409, 410, 411, 413, 414, 415, 416, 417, 418, 420], "excluded_lines": [], "functions": {"BaseServiceConfig.is_production": {"executed_lines": [], "summary": {"covered_lines": 0, "num_statements": 1, "percent_covered": 0.0, "percent_covered_display": "0", "missing_lines": 1, "excluded_lines": 0, "percent_statements_covered": 0.0, "percent_statements_covered_display": "0"}, "missing_lines": [134], "excluded_lines": [], "start_line": 132}, "BaseServiceConfig.is_development": {"executed_lines": [], "summary": {"covered_lines": 0, "num_statements": 1, "percent_covered": 0.0, "percent_covered_display": "0", "missing_lines": 1, "excluded_lines": 0, "percent_statements_covered": 0.0, "percent_statements_covered_display": "0"}, "missing_lines": [138], "excluded_lines": [], "start_line": 136}, "BaseServiceConfig.is_test": {"executed_lines": [], "summary": {"covered_lines": 0, "num_statements": 1, "percent_covered": 0.0, "percent_covered_display": "0", "missing_lines": 1, "excluded_lines": 0, "percent_statements_covered": 0.0, "percent_statements_covered_display": "0"}, "missing_lines": [142], "excluded_lines": [], "start_line": 140}, "BaseServiceConfig.get_log_level": {"executed_lines": [], "summary": {"covered_lines": 0, "num_statements": 2, "percent_covered": 0.0, "percent_covered_display": "0", "missing_lines": 2, "excluded_lines": 0, "percent_statements_covered": 0.0, "percent_statements_covered_display": "0"}, "missing_lines": [146, 153], "excluded_lines": [], "start_line": 144}, "BaseServiceConfig.validate_security": {"executed_lines": [], "summary": {"covered_lines": 0, "num_statements": 11, "percent_covered": 0.0, "percent_covered_display": "0", "missing_lines": 11, "excluded_lines": 0, "percent_statements_covered": 0.0, "percent_statements_covered_display": "0"}, "missing_lines": [164, 167, 168, 169, 172, 173, 176, 177, 180, 181, 183], "excluded_lines": [], "start_line": 155}, "ServiceConfig.get_storage_path": {"executed_lines": [], "summary": {"covered_lines": 0, "num_statements": 1, "percent_covered": 0.0, "percent_covered_display": "0", "missing_lines": 1, "excluded_lines": 0, "percent_statements_covered": 0.0, "percent_statements_covered_display": "0"}, "missing_lines": [248], "excluded_lines": [], "start_line": 246}, "ServiceConfig.ensure_storage_dir": {"executed_lines": [], "summary": {"covered_lines": 0, "num_statements": 3, "percent_covered": 0.0, "percent_covered_display": "0", "missing_lines": 3, "excluded_lines": 0, "percent_statements_covered": 0.0, "percent_statements_covered_display": "0"}, "missing_lines": [252, 253, 254], "excluded_lines": [], "start_line": 250}, "validate_url": {"executed_lines": [], "summary": {"covered_lines": 0, "num_statements": 3, "percent_covered": 0.0, "percent_covered_display": "0", "missing_lines": 3, "excluded_lines": 0, "percent_statements_covered": 0.0, "percent_statements_covered_display": "0"}, "missing_lines": [263, 264, 265], "excluded_lines": [], "start_line": 261}, "validate_database_url": {"executed_lines": [], "summary": {"covered_lines": 0, "num_statements": 10, "percent_covered": 0.0, "percent_covered_display": "0", "missing_lines": 10, "excluded_lines": 0, "percent_statements_covered": 0.0, "percent_statements_covered_display": "0"}, "missing_lines": [274, 276, 277, 278, 281, 289, 290, 293, 295, 297], "excluded_lines": [], "start_line": 268}, "validate_redis_url": {"executed_lines": [], "summary": {"covered_lines": 0, "num_statements": 6, "percent_covered": 0.0, "percent_covered_display": "0", "missing_lines": 6, "excluded_lines": 0, "percent_statements_covered": 0.0, "percent_statements_covered_display": "0"}, "missing_lines": [306, 308, 309, 311, 312, 314], "excluded_lines": [], "start_line": 300}, "check_service_connectivity": {"executed_lines": [], "summary": {"covered_lines": 0, "num_statements": 6, "percent_covered": 0.0, "percent_covered_display": "0", "missing_lines": 6, "excluded_lines": 0, "percent_statements_covered": 0.0, "percent_statements_covered_display": "0"}, "missing_lines": [326, 328, 330, 338, 340, 349], "excluded_lines": [], "start_line": 317}, "check_service_connectivity.check_one": {"executed_lines": [], "summary": {"covered_lines": 0, "num_statements": 6, "percent_covered": 0.0, "percent_covered_display": "0", "missing_lines": 6, "excluded_lines": 0, "percent_statements_covered": 0.0, "percent_statements_covered_display": "0"}, "missing_lines": [331, 332, 333, 334, 335, 336], "excluded_lines": [], "start_line": 330}, "check_service_connectivity.check_all": {"executed_lines": [], "summary": {"covered_lines": 0, "num_statements": 2, "percent_covered": 0.0, "percent_covered_display": "0", "missing_lines": 2, "excluded_lines": 0, "percent_statements_covered": 0.0, "percent_statements_covered_display": "0"}, "missing_lines": [341, 347], "excluded_lines": [], "start_line": 340}, "get_service_config": {"executed_lines": [], "summary": {"covered_lines": 0, "num_statements": 3, "percent_covered": 0.0, "percent_covered_display": "0", "missing_lines": 3, "excluded_lines": 0, "percent_statements_covered": 0.0, "percent_statements_covered_display": "0"}, "missing_lines": [361, 388, 389], "excluded_lines": [], "start_line": 352}, "load_env_file": {"executed_lines": [], "summary": {"covered_lines": 0, "num_statements": 16, "percent_covered": 0.0, "percent_covered_display": "0", "missing_lines": 16, "excluded_lines": 0, "percent_statements_covered": 0.0, "percent_statements_covered_display": "0"}, "missing_lines": [401, 402, 404, 405, 407, 408, 409, 410, 411, 413, 414, 415, 416, 417, 418, 420], "excluded_lines": [], "start_line": 392}, "": {"executed_lines": [], "summary": {"covered_lines": 0, "num_statements": 95, "percent_covered": 0.0, "percent_covered_display": "0", "missing_lines": 95, "excluded_lines": 0, "percent_statements_covered": 0.0, "percent_statements_covered_display": "0"}, "missing_lines": [6, 7, 9, 10, 11, 12, 13, 15, 16, 19, 29, 30, 31, 34, 39, 40, 41, 42, 47, 52, 53, 58, 62, 67, 68, 73, 74, 77, 78, 83, 86, 93, 98, 101, 102, 103, 104, 107, 108, 109, 110, 112, 113, 114, 115, 116, 117, 118, 119, 120, 123, 124, 125, 126, 127, 128, 130, 132, 136, 140, 144, 155, 186, 189, 190, 193, 194, 195, 198, 200, 203, 212, 217, 218, 219, 224, 225, 230, 231, 232, 233, 234, 235, 240, 241, 242, 244, 246, 250, 261, 268, 300, 317, 352, 392], "excluded_lines": [], "start_line": 1}}, "classes": {"BaseServiceConfig": {"executed_lines": [], "summary": {"covered_lines": 0, "num_statements": 16, "percent_covered": 0.0, "percent_covered_display": "0", "missing_lines": 16, "excluded_lines": 0, "percent_statements_covered": 0.0, "percent_statements_covered_display": "0"}, "missing_lines": [134, 138, 142, 146, 153, 164, 167, 168, 169, 172, 173, 176, 177, 180, 181, 183], "excluded_lines": [], "start_line": 19}, "PortalConfig": {"executed_lines": [], "summary": {"covered_lines": 0, "num_statements": 0, "percent_covered": 100.0, "percent_covered_display": "100", "missing_lines": 0, "excluded_lines": 0, "percent_statements_covered": 100.0, "percent_statements_covered_display": "100"}, "missing_lines": [], "excluded_lines": [], "start_line": 186}, "ServiceConfig": {"executed_lines": [], "summary": {"covered_lines": 0, "num_statements": 4, "percent_covered": 0.0, "percent_covered_display": "0", "missing_lines": 4, "excluded_lines": 0, "percent_statements_covered": 0.0, "percent_statements_covered_display": "0"}, "missing_lines": [248, 252, 253, 254], "excluded_lines": [], "start_line": 203}, "": {"executed_lines": [], "summary": {"covered_lines": 0, "num_statements": 147, "percent_covered": 0.0, "percent_covered_display": "0", "missing_lines": 147, "excluded_lines": 0, "percent_statements_covered": 0.0, "percent_statements_covered_display": "0"}, "missing_lines": [6, 7, 9, 10, 11, 12, 13, 15, 16, 19, 29, 30, 31, 34, 39, 40, 41, 42, 47, 52, 53, 58, 62, 67, 68, 73, 74, 77, 78, 83, 86, 93, 98, 101, 102, 103, 104, 107, 108, 109, 110, 112, 113, 114, 115, 116, 117, 118, 119, 120, 123, 124, 125, 126, 127, 128, 130, 132, 136, 140, 144, 155, 186, 189, 190, 193, 194, 195, 198, 200, 203, 212, 217, 218, 219, 224, 225, 230, 231, 232, 233, 234, 235, 240, 241, 242, 244, 246, 250, 261, 263, 264, 265, 268, 274, 276, 277, 278, 281, 289, 290, 293, 295, 297, 300, 306, 308, 309, 311, 312, 314, 317, 326, 328, 330, 331, 332, 333, 334, 335, 336, 338, 340, 341, 347, 349, 352, 361, 388, 389, 392, 401, 402, 404, 405, 407, 408, 409, 410, 411, 413, 414, 415, 416, 417, 418, 420], "excluded_lines": [], "start_line": 1}}}, "services/common/config_center.py": {"executed_lines": [], "summary": {"covered_lines": 0, "num_statements": 344, "percent_covered": 0.0, "percent_covered_display": "0", "missing_lines": 344, "excluded_lines": 0, "percent_statements_covered": 0.0, "percent_statements_covered_display": "0"}, "missing_lines": [32, 33, 34, 35, 36, 37, 38, 39, 40, 41, 42, 44, 45, 47, 50, 56, 59, 60, 63, 76, 77, 78, 81, 82, 83, 84, 85, 86, 87, 90, 91, 92, 93, 94, 95, 96, 99, 100, 101, 102, 103, 104, 105, 106, 107, 110, 115, 124, 125, 126, 127, 130, 139, 140, 142, 143, 144, 145, 146, 147, 148, 149, 150, 153, 164, 181, 182, 183, 184, 185, 188, 189, 192, 193, 196, 197, 200, 201, 202, 205, 206, 208, 210, 211, 213, 214, 215, 216, 217, 219, 228, 229, 230, 232, 234, 235, 236, 237, 238, 239, 241, 242, 244, 246, 247, 249, 250, 251, 252, 253, 255, 256, 258, 260, 261, 263, 264, 265, 267, 273, 274, 275, 277, 278, 279, 281, 299, 302, 303, 304, 307, 308, 309, 311, 313, 317, 318, 319, 321, 322, 323, 324, 326, 327, 329, 330, 333, 334, 336, 338, 340, 341, 342, 343, 344, 345, 347, 355, 356, 358, 360, 361, 362, 365, 366, 369, 370, 371, 372, 373, 375, 377, 379, 380, 381, 382, 383, 385, 387, 388, 389, 390, 391, 393, 395, 396, 398, 400, 401, 402, 403, 404, 405, 406, 408, 426, 427, 428, 430, 433, 434, 436, 439, 440, 442, 443, 449, 451, 454, 455, 456, 458, 460, 462, 463, 464, 466, 467, 469, 470, 471, 473, 482, 483, 485, 487, 488, 492, 494, 495, 496, 497, 499, 500, 501, 503, 512, 513, 515, 517, 519, 521, 522, 523, 525, 531, 532, 533, 534, 536, 537, 539, 541, 552, 553, 554, 555, 557, 559, 564, 565, 567, 568, 573, 574, 576, 578, 579, 580, 581, 582, 584, 586, 588, 589, 590, 591, 593, 595, 596, 597, 598, 600, 607, 608, 611, 612, 614, 615, 617, 620, 621, 622, 623, 626, 629, 631, 632, 635, 637, 639, 640, 641, 642, 643, 644, 645, 646, 648, 650, 651, 652, 653, 655, 657, 658, 660, 662, 666, 667, 670, 678, 679, 680, 682, 684, 687, 691, 692, 694, 695, 696, 700, 710, 711, 712, 713, 714, 718, 720, 721, 724, 726, 727], "excluded_lines": [], "functions": {"_get_encryption_key": {"executed_lines": [], "summary": {"covered_lines": 0, "num_statements": 27, "percent_covered": 0.0, "percent_covered_display": "0", "missing_lines": 27, "excluded_lines": 0, "percent_statements_covered": 0.0, "percent_statements_covered_display": "0"}, "missing_lines": [76, 77, 78, 81, 82, 83, 84, 85, 86, 87, 90, 91, 92, 93, 94, 95, 96, 99, 100, 101, 102, 103, 104, 105, 106, 107, 110], "excluded_lines": [], "start_line": 63}, "encrypt_value": {"executed_lines": [], "summary": {"covered_lines": 0, "num_statements": 4, "percent_covered": 0.0, "percent_covered_display": "0", "missing_lines": 4, "excluded_lines": 0, "percent_statements_covered": 0.0, "percent_statements_covered_display": "0"}, "missing_lines": [124, 125, 126, 127], "excluded_lines": [], "start_line": 115}, "decrypt_value": {"executed_lines": [], "summary": {"covered_lines": 0, "num_statements": 11, "percent_covered": 0.0, "percent_covered_display": "0", "missing_lines": 11, "excluded_lines": 0, "percent_statements_covered": 0.0, "percent_statements_covered_display": "0"}, "missing_lines": [139, 140, 142, 143, 144, 145, 146, 147, 148, 149, 150], "excluded_lines": [], "start_line": 130}, "EtcdConfigCenter.__init__": {"executed_lines": [], "summary": {"covered_lines": 0, "num_statements": 17, "percent_covered": 0.0, "percent_covered_display": "0", "missing_lines": 17, "excluded_lines": 0, "percent_statements_covered": 0.0, "percent_statements_covered_display": "0"}, "missing_lines": [181, 182, 183, 184, 185, 188, 189, 192, 193, 196, 197, 200, 201, 202, 205, 206, 208], "excluded_lines": [], "start_line": 164}, "EtcdConfigCenter.client": {"executed_lines": [], "summary": {"covered_lines": 0, "num_statements": 5, "percent_covered": 0.0, "percent_covered_display": "0", "missing_lines": 5, "excluded_lines": 0, "percent_statements_covered": 0.0, "percent_statements_covered_display": "0"}, "missing_lines": [213, 214, 215, 216, 217], "excluded_lines": [], "start_line": 211}, "EtcdConfigCenter.is_available": {"executed_lines": [], "summary": {"covered_lines": 0, "num_statements": 12, "percent_covered": 0.0, "percent_covered_display": "0", "missing_lines": 12, "excluded_lines": 0, "percent_statements_covered": 0.0, "percent_statements_covered_display": "0"}, "missing_lines": [228, 229, 230, 232, 234, 235, 236, 237, 238, 239, 241, 242], "excluded_lines": [], "start_line": 219}, "EtcdConfigCenter._get_from_cache": {"executed_lines": [], "summary": {"covered_lines": 0, "num_statements": 9, "percent_covered": 0.0, "percent_covered_display": "0", "missing_lines": 9, "excluded_lines": 0, "percent_statements_covered": 0.0, "percent_statements_covered_display": "0"}, "missing_lines": [246, 247, 249, 250, 251, 252, 253, 255, 256], "excluded_lines": [], "start_line": 244}, "EtcdConfigCenter._set_cache": {"executed_lines": [], "summary": {"covered_lines": 0, "num_statements": 5, "percent_covered": 0.0, "percent_covered_display": "0", "missing_lines": 5, "excluded_lines": 0, "percent_statements_covered": 0.0, "percent_statements_covered_display": "0"}, "missing_lines": [260, 261, 263, 264, 265], "excluded_lines": [], "start_line": 258}, "EtcdConfigCenter._clear_cache": {"executed_lines": [], "summary": {"covered_lines": 0, "num_statements": 6, "percent_covered": 0.0, "percent_covered_display": "0", "missing_lines": 6, "excluded_lines": 0, "percent_statements_covered": 0.0, "percent_statements_covered_display": "0"}, "missing_lines": [273, 274, 275, 277, 278, 279], "excluded_lines": [], "start_line": 267}, "EtcdConfigCenter.get": {"executed_lines": [], "summary": {"covered_lines": 0, "num_statements": 23, "percent_covered": 0.0, "percent_covered_display": "0", "missing_lines": 23, "excluded_lines": 0, "percent_statements_covered": 0.0, "percent_statements_covered_display": "0"}, "missing_lines": [299, 302, 303, 304, 307, 308, 309, 311, 313, 317, 318, 319, 321, 322, 323, 324, 326, 327, 329, 330, 333, 334, 336], "excluded_lines": [], "start_line": 281}, "EtcdConfigCenter._decrypt_if_needed": {"executed_lines": [], "summary": {"covered_lines": 0, "num_statements": 6, "percent_covered": 0.0, "percent_covered_display": "0", "missing_lines": 6, "excluded_lines": 0, "percent_statements_covered": 0.0, "percent_statements_covered_display": "0"}, "missing_lines": [340, 341, 342, 343, 344, 345], "excluded_lines": [], "start_line": 338}, "EtcdConfigCenter._fallback_get": {"executed_lines": [], "summary": {"covered_lines": 0, "num_statements": 14, "percent_covered": 0.0, "percent_covered_display": "0", "missing_lines": 14, "excluded_lines": 0, "percent_statements_covered": 0.0, "percent_statements_covered_display": "0"}, "missing_lines": [355, 356, 358, 360, 361, 362, 365, 366, 369, 370, 371, 372, 373, 375], "excluded_lines": [], "start_line": 347}, "EtcdConfigCenter.get_int": {"executed_lines": [], "summary": {"covered_lines": 0, "num_statements": 5, "percent_covered": 0.0, "percent_covered_display": "0", "missing_lines": 5, "excluded_lines": 0, "percent_statements_covered": 0.0, "percent_statements_covered_display": "0"}, "missing_lines": [379, 380, 381, 382, 383], "excluded_lines": [], "start_line": 377}, "EtcdConfigCenter.get_float": {"executed_lines": [], "summary": {"covered_lines": 0, "num_statements": 5, "percent_covered": 0.0, "percent_covered_display": "0", "missing_lines": 5, "excluded_lines": 0, "percent_statements_covered": 0.0, "percent_statements_covered_display": "0"}, "missing_lines": [387, 388, 389, 390, 391], "excluded_lines": [], "start_line": 385}, "EtcdConfigCenter.get_bool": {"executed_lines": [], "summary": {"covered_lines": 0, "num_statements": 2, "percent_covered": 0.0, "percent_covered_display": "0", "missing_lines": 2, "excluded_lines": 0, "percent_statements_covered": 0.0, "percent_statements_covered_display": "0"}, "missing_lines": [395, 396], "excluded_lines": [], "start_line": 393}, "EtcdConfigCenter.get_json": {"executed_lines": [], "summary": {"covered_lines": 0, "num_statements": 7, "percent_covered": 0.0, "percent_covered_display": "0", "missing_lines": 7, "excluded_lines": 0, "percent_statements_covered": 0.0, "percent_statements_covered_display": "0"}, "missing_lines": [400, 401, 402, 403, 404, 405, 406], "excluded_lines": [], "start_line": 398}, "EtcdConfigCenter.put": {"executed_lines": [], "summary": {"covered_lines": 0, "num_statements": 26, "percent_covered": 0.0, "percent_covered_display": "0", "missing_lines": 26, "excluded_lines": 0, "percent_statements_covered": 0.0, "percent_statements_covered_display": "0"}, "missing_lines": [426, 427, 428, 430, 433, 434, 436, 439, 440, 442, 443, 449, 451, 454, 455, 456, 458, 460, 462, 463, 464, 466, 467, 469, 470, 471], "excluded_lines": [], "start_line": 408}, "EtcdConfigCenter.delete": {"executed_lines": [], "summary": {"covered_lines": 0, "num_statements": 13, "percent_covered": 0.0, "percent_covered_display": "0", "missing_lines": 13, "excluded_lines": 0, "percent_statements_covered": 0.0, "percent_statements_covered_display": "0"}, "missing_lines": [482, 483, 485, 487, 488, 492, 494, 495, 496, 497, 499, 500, 501], "excluded_lines": [], "start_line": 473}, "EtcdConfigCenter.list_keys": {"executed_lines": [], "summary": {"covered_lines": 0, "num_statements": 16, "percent_covered": 0.0, "percent_covered_display": "0", "missing_lines": 16, "excluded_lines": 0, "percent_statements_covered": 0.0, "percent_statements_covered_display": "0"}, "missing_lines": [512, 513, 515, 517, 519, 521, 522, 523, 525, 531, 532, 533, 534, 536, 537, 539], "excluded_lines": [], "start_line": 503}, "EtcdConfigCenter.register_callback": {"executed_lines": [], "summary": {"covered_lines": 0, "num_statements": 5, "percent_covered": 0.0, "percent_covered_display": "0", "missing_lines": 5, "excluded_lines": 0, "percent_statements_covered": 0.0, "percent_statements_covered_display": "0"}, "missing_lines": [552, 553, 554, 555, 557], "excluded_lines": [], "start_line": 541}, "EtcdConfigCenter.start_watch": {"executed_lines": [], "summary": {"covered_lines": 0, "num_statements": 6, "percent_covered": 0.0, "percent_covered_display": "0", "missing_lines": 6, "excluded_lines": 0, "percent_statements_covered": 0.0, "percent_statements_covered_display": "0"}, "missing_lines": [564, 565, 567, 568, 573, 574], "excluded_lines": [], "start_line": 559}, "EtcdConfigCenter.stop_watch": {"executed_lines": [], "summary": {"covered_lines": 0, "num_statements": 5, "percent_covered": 0.0, "percent_covered_display": "0", "missing_lines": 5, "excluded_lines": 0, "percent_statements_covered": 0.0, "percent_statements_covered_display": "0"}, "missing_lines": [578, 579, 580, 581, 582], "excluded_lines": [], "start_line": 576}, "EtcdConfigCenter._watch_loop": {"executed_lines": [], "summary": {"covered_lines": 0, "num_statements": 27, "percent_covered": 0.0, "percent_covered_display": "0", "missing_lines": 27, "excluded_lines": 0, "percent_statements_covered": 0.0, "percent_statements_covered_display": "0"}, "missing_lines": [586, 588, 589, 590, 591, 593, 595, 596, 597, 598, 600, 607, 608, 611, 612, 614, 615, 617, 620, 621, 622, 623, 626, 629, 631, 632, 635], "excluded_lines": [], "start_line": 584}, "EtcdConfigCenter._trigger_callbacks": {"executed_lines": [], "summary": {"covered_lines": 0, "num_statements": 8, "percent_covered": 0.0, "percent_covered_display": "0", "missing_lines": 8, "excluded_lines": 0, "percent_statements_covered": 0.0, "percent_statements_covered_display": "0"}, "missing_lines": [639, 640, 641, 642, 643, 644, 645, 646], "excluded_lines": [], "start_line": 637}, "EtcdConfigCenter.close": {"executed_lines": [], "summary": {"covered_lines": 0, "num_statements": 4, "percent_covered": 0.0, "percent_covered_display": "0", "missing_lines": 4, "excluded_lines": 0, "percent_statements_covered": 0.0, "percent_statements_covered_display": "0"}, "missing_lines": [650, 651, 652, 653], "excluded_lines": [], "start_line": 648}, "EtcdConfigCenter.__enter__": {"executed_lines": [], "summary": {"covered_lines": 0, "num_statements": 2, "percent_covered": 0.0, "percent_covered_display": "0", "missing_lines": 2, "excluded_lines": 0, "percent_statements_covered": 0.0, "percent_statements_covered_display": "0"}, "missing_lines": [657, 658], "excluded_lines": [], "start_line": 655}, "EtcdConfigCenter.__exit__": {"executed_lines": [], "summary": {"covered_lines": 0, "num_statements": 1, "percent_covered": 0.0, "percent_covered_display": "0", "missing_lines": 1, "excluded_lines": 0, "percent_statements_covered": 0.0, "percent_statements_covered_display": "0"}, "missing_lines": [662], "excluded_lines": [], "start_line": 660}, "get_config_center": {"executed_lines": [], "summary": {"covered_lines": 0, "num_statements": 5, "percent_covered": 0.0, "percent_covered_display": "0", "missing_lines": 5, "excluded_lines": 0, "percent_statements_covered": 0.0, "percent_statements_covered_display": "0"}, "missing_lines": [678, 679, 680, 682, 684], "excluded_lines": [], "start_line": 670}, "reset_config_center": {"executed_lines": [], "summary": {"covered_lines": 0, "num_statements": 5, "percent_covered": 0.0, "percent_covered_display": "0", "missing_lines": 5, "excluded_lines": 0, "percent_statements_covered": 0.0, "percent_statements_covered_display": "0"}, "missing_lines": [691, 692, 694, 695, 696], "excluded_lines": [], "start_line": 687}, "watch_callback": {"executed_lines": [], "summary": {"covered_lines": 0, "num_statements": 2, "percent_covered": 0.0, "percent_covered_display": "0", "missing_lines": 2, "excluded_lines": 0, "percent_statements_covered": 0.0, "percent_statements_covered_display": "0"}, "missing_lines": [710, 714], "excluded_lines": [], "start_line": 700}, "watch_callback.decorator": {"executed_lines": [], "summary": {"covered_lines": 0, "num_statements": 3, "percent_covered": 0.0, "percent_covered_display": "0", "missing_lines": 3, "excluded_lines": 0, "percent_statements_covered": 0.0, "percent_statements_covered_display": "0"}, "missing_lines": [711, 712, 713], "excluded_lines": [], "start_line": 710}, "get_config": {"executed_lines": [], "summary": {"covered_lines": 0, "num_statements": 2, "percent_covered": 0.0, "percent_covered_display": "0", "missing_lines": 2, "excluded_lines": 0, "percent_statements_covered": 0.0, "percent_statements_covered_display": "0"}, "missing_lines": [720, 721], "excluded_lines": [], "start_line": 718}, "set_config": {"executed_lines": [], "summary": {"covered_lines": 0, "num_statements": 2, "percent_covered": 0.0, "percent_covered_display": "0", "missing_lines": 2, "excluded_lines": 0, "percent_statements_covered": 0.0, "percent_statements_covered_display": "0"}, "missing_lines": [726, 727], "excluded_lines": [], "start_line": 724}, "": {"executed_lines": [], "summary": {"covered_lines": 0, "num_statements": 54, "percent_covered": 0.0, "percent_covered_display": "0", "missing_lines": 54, "excluded_lines": 0, "percent_statements_covered": 0.0, "percent_statements_covered_display": "0"}, "missing_lines": [32, 33, 34, 35, 36, 37, 38, 39, 40, 41, 42, 44, 45, 47, 50, 56, 59, 60, 63, 115, 130, 153, 164, 210, 211, 219, 244, 258, 267, 281, 338, 347, 377, 385, 393, 398, 408, 473, 503, 541, 559, 576, 584, 637, 648, 655, 660, 666, 667, 670, 687, 700, 718, 724], "excluded_lines": [], "start_line": 1}}, "classes": {"EtcdConfigCenter": {"executed_lines": [], "summary": {"covered_lines": 0, "num_statements": 229, "percent_covered": 0.0, "percent_covered_display": "0", "missing_lines": 229, "excluded_lines": 0, "percent_statements_covered": 0.0, "percent_statements_covered_display": "0"}, "missing_lines": [181, 182, 183, 184, 185, 188, 189, 192, 193, 196, 197, 200, 201, 202, 205, 206, 208, 213, 214, 215, 216, 217, 228, 229, 230, 232, 234, 235, 236, 237, 238, 239, 241, 242, 246, 247, 249, 250, 251, 252, 253, 255, 256, 260, 261, 263, 264, 265, 273, 274, 275, 277, 278, 279, 299, 302, 303, 304, 307, 308, 309, 311, 313, 317, 318, 319, 321, 322, 323, 324, 326, 327, 329, 330, 333, 334, 336, 340, 341, 342, 343, 344, 345, 355, 356, 358, 360, 361, 362, 365, 366, 369, 370, 371, 372, 373, 375, 379, 380, 381, 382, 383, 387, 388, 389, 390, 391, 395, 396, 400, 401, 402, 403, 404, 405, 406, 426, 427, 428, 430, 433, 434, 436, 439, 440, 442, 443, 449, 451, 454, 455, 456, 458, 460, 462, 463, 464, 466, 467, 469, 470, 471, 482, 483, 485, 487, 488, 492, 494, 495, 496, 497, 499, 500, 501, 512, 513, 515, 517, 519, 521, 522, 523, 525, 531, 532, 533, 534, 536, 537, 539, 552, 553, 554, 555, 557, 564, 565, 567, 568, 573, 574, 578, 579, 580, 581, 582, 586, 588, 589, 590, 591, 593, 595, 596, 597, 598, 600, 607, 608, 611, 612, 614, 615, 617, 620, 621, 622, 623, 626, 629, 631, 632, 635, 639, 640, 641, 642, 643, 644, 645, 646, 650, 651, 652, 653, 657, 658, 662], "excluded_lines": [], "start_line": 153}, "": {"executed_lines": [], "summary": {"covered_lines": 0, "num_statements": 115, "percent_covered": 0.0, "percent_covered_display": "0", "missing_lines": 115, "excluded_lines": 0, "percent_statements_covered": 0.0, "percent_statements_covered_display": "0"}, "missing_lines": [32, 33, 34, 35, 36, 37, 38, 39, 40, 41, 42, 44, 45, 47, 50, 56, 59, 60, 63, 76, 77, 78, 81, 82, 83, 84, 85, 86, 87, 90, 91, 92, 93, 94, 95, 96, 99, 100, 101, 102, 103, 104, 105, 106, 107, 110, 115, 124, 125, 126, 127, 130, 139, 140, 142, 143, 144, 145, 146, 147, 148, 149, 150, 153, 164, 210, 211, 219, 244, 258, 267, 281, 338, 347, 377, 385, 393, 398, 408, 473, 503, 541, 559, 576, 584, 637, 648, 655, 660, 666, 667, 670, 678, 679, 680, 682, 684, 687, 691, 692, 694, 695, 696, 700, 710, 711, 712, 713, 714, 718, 720, 721, 724, 726, 727], "excluded_lines": [], "start_line": 1}}}, "services/common/database.py": {"executed_lines": [], "summary": {"covered_lines": 0, "num_statements": 89, "percent_covered": 0.0, "percent_covered_display": "0", "missing_lines": 89, "excluded_lines": 0, "percent_statements_covered": 0.0, "percent_statements_covered_display": "0"}, "missing_lines": [3, 4, 5, 7, 8, 12, 15, 17, 20, 22, 25, 27, 30, 31, 33, 42, 43, 46, 49, 50, 53, 56, 57, 58, 61, 64, 65, 70, 73, 75, 76, 77, 78, 79, 80, 81, 82, 85, 86, 88, 89, 90, 91, 92, 93, 94, 95, 98, 101, 104, 118, 119, 120, 121, 122, 125, 140, 143, 146, 148, 149, 151, 153, 160, 166, 167, 168, 170, 171, 175, 176, 177, 178, 179, 181, 184, 194, 196, 198, 199, 201, 203, 204, 205, 207, 210, 216, 217, 219], "excluded_lines": [], "functions": {"get_database_url": {"executed_lines": [], "summary": {"covered_lines": 0, "num_statements": 1, "percent_covered": 0.0, "percent_covered_display": "0", "missing_lines": 1, "excluded_lines": 0, "percent_statements_covered": 0.0, "percent_statements_covered_display": "0"}, "missing_lines": [22], "excluded_lines": [], "start_line": 20}, "create_engine": {"executed_lines": [], "summary": {"covered_lines": 0, "num_statements": 4, "percent_covered": 0.0, "percent_covered_display": "0", "missing_lines": 4, "excluded_lines": 0, "percent_statements_covered": 0.0, "percent_statements_covered_display": "0"}, "missing_lines": [27, 30, 31, 33], "excluded_lines": [], "start_line": 25}, "reset_engine": {"executed_lines": [], "summary": {"covered_lines": 0, "num_statements": 2, "percent_covered": 0.0, "percent_covered_display": "0", "missing_lines": 2, "excluded_lines": 0, "percent_statements_covered": 0.0, "percent_statements_covered_display": "0"}, "missing_lines": [49, 50], "excluded_lines": [], "start_line": 46}, "get_engine": {"executed_lines": [], "summary": {"covered_lines": 0, "num_statements": 3, "percent_covered": 0.0, "percent_covered_display": "0", "missing_lines": 3, "excluded_lines": 0, "percent_statements_covered": 0.0, "percent_statements_covered_display": "0"}, "missing_lines": [56, 57, 58], "excluded_lines": [], "start_line": 53}, "get_session_factory": {"executed_lines": [], "summary": {"covered_lines": 0, "num_statements": 3, "percent_covered": 0.0, "percent_covered_display": "0", "missing_lines": 3, "excluded_lines": 0, "percent_statements_covered": 0.0, "percent_statements_covered_display": "0"}, "missing_lines": [64, 65, 70], "excluded_lines": [], "start_line": 61}, "get_db": {"executed_lines": [], "summary": {"covered_lines": 0, "num_statements": 8, "percent_covered": 0.0, "percent_covered_display": "0", "missing_lines": 8, "excluded_lines": 0, "percent_statements_covered": 0.0, "percent_statements_covered_display": "0"}, "missing_lines": [75, 76, 77, 78, 79, 80, 81, 82], "excluded_lines": [], "start_line": 73}, "get_db_context": {"executed_lines": [], "summary": {"covered_lines": 0, "num_statements": 8, "percent_covered": 0.0, "percent_covered_display": "0", "missing_lines": 8, "excluded_lines": 0, "percent_statements_covered": 0.0, "percent_statements_covered_display": "0"}, "missing_lines": [88, 89, 90, 91, 92, 93, 94, 95], "excluded_lines": [], "start_line": 86}, "validate_identifier": {"executed_lines": [], "summary": {"covered_lines": 0, "num_statements": 5, "percent_covered": 0.0, "percent_covered_display": "0", "missing_lines": 5, "excluded_lines": 0, "percent_statements_covered": 0.0, "percent_statements_covered_display": "0"}, "missing_lines": [118, 119, 120, 121, 122], "excluded_lines": [], "start_line": 104}, "validate_table_exists": {"executed_lines": [], "summary": {"covered_lines": 0, "num_statements": 19, "percent_covered": 0.0, "percent_covered_display": "0", "missing_lines": 19, "excluded_lines": 0, "percent_statements_covered": 0.0, "percent_statements_covered_display": "0"}, "missing_lines": [140, 143, 146, 148, 149, 151, 153, 160, 166, 167, 168, 170, 171, 175, 176, 177, 178, 179, 181], "excluded_lines": [], "start_line": 125}, "get_table_columns": {"executed_lines": [], "summary": {"covered_lines": 0, "num_statements": 13, "percent_covered": 0.0, "percent_covered_display": "0", "missing_lines": 13, "excluded_lines": 0, "percent_statements_covered": 0.0, "percent_statements_covered_display": "0"}, "missing_lines": [194, 196, 198, 199, 201, 203, 204, 205, 207, 210, 216, 217, 219], "excluded_lines": [], "start_line": 184}, "": {"executed_lines": [], "summary": {"covered_lines": 0, "num_statements": 23, "percent_covered": 0.0, "percent_covered_display": "0", "missing_lines": 23, "excluded_lines": 0, "percent_statements_covered": 0.0, "percent_statements_covered_display": "0"}, "missing_lines": [3, 4, 5, 7, 8, 12, 15, 17, 20, 25, 42, 43, 46, 53, 61, 73, 85, 86, 98, 101, 104, 125, 184], "excluded_lines": [], "start_line": 1}}, "classes": {"Base": {"executed_lines": [], "summary": {"covered_lines": 0, "num_statements": 0, "percent_covered": 100.0, "percent_covered_display": "100", "missing_lines": 0, "excluded_lines": 0, "percent_statements_covered": 100.0, "percent_statements_covered_display": "100"}, "missing_lines": [], "excluded_lines": [], "start_line": 15}, "": {"executed_lines": [], "summary": {"covered_lines": 0, "num_statements": 89, "percent_covered": 0.0, "percent_covered_display": "0", "missing_lines": 89, "excluded_lines": 0, "percent_statements_covered": 0.0, "percent_statements_covered_display": "0"}, "missing_lines": [3, 4, 5, 7, 8, 12, 15, 17, 20, 22, 25, 27, 30, 31, 33, 42, 43, 46, 49, 50, 53, 56, 57, 58, 61, 64, 65, 70, 73, 75, 76, 77, 78, 79, 80, 81, 82, 85, 86, 88, 89, 90, 91, 92, 93, 94, 95, 98, 101, 104, 118, 119, 120, 121, 122, 125, 140, 143, 146, 148, 149, 151, 153, 160, 166, 167, 168, 170, 171, 175, 176, 177, 178, 179, 181, 184, 194, 196, 198, 199, 201, 203, 204, 205, 207, 210, 216, 217, 219], "excluded_lines": [], "start_line": 1}}}, "services/common/email_client.py": {"executed_lines": [], "summary": {"covered_lines": 0, "num_statements": 60, "percent_covered": 0.0, "percent_covered_display": "0", "missing_lines": 60, "excluded_lines": 0, "percent_statements_covered": 0.0, "percent_statements_covered_display": "0"}, "missing_lines": [6, 7, 8, 9, 11, 13, 16, 19, 42, 43, 44, 45, 46, 47, 48, 49, 50, 52, 54, 56, 58, 60, 78, 79, 80, 82, 83, 84, 87, 88, 89, 90, 93, 94, 95, 98, 99, 101, 103, 109, 110, 112, 114, 115, 117, 118, 119, 121, 139, 142, 178, 193, 197, 200, 203, 204, 205, 208, 223, 224], "excluded_lines": [], "functions": {"EmailClient.__init__": {"executed_lines": [], "summary": {"covered_lines": 0, "num_statements": 9, "percent_covered": 0.0, "percent_covered_display": "0", "missing_lines": 9, "excluded_lines": 0, "percent_statements_covered": 0.0, "percent_statements_covered_display": "0"}, "missing_lines": [42, 43, 44, 45, 46, 47, 48, 49, 50], "excluded_lines": [], "start_line": 19}, "EmailClient.is_enabled": {"executed_lines": [], "summary": {"covered_lines": 0, "num_statements": 1, "percent_covered": 0.0, "percent_covered_display": "0", "missing_lines": 1, "excluded_lines": 0, "percent_statements_covered": 0.0, "percent_statements_covered_display": "0"}, "missing_lines": [54], "excluded_lines": [], "start_line": 52}, "EmailClient.is_configured": {"executed_lines": [], "summary": {"covered_lines": 0, "num_statements": 1, "percent_covered": 0.0, "percent_covered_display": "0", "missing_lines": 1, "excluded_lines": 0, "percent_statements_covered": 0.0, "percent_statements_covered_display": "0"}, "missing_lines": [58], "excluded_lines": [], "start_line": 56}, "EmailClient.send_email": {"executed_lines": [], "summary": {"covered_lines": 0, "num_statements": 25, "percent_covered": 0.0, "percent_covered_display": "0", "missing_lines": 25, "excluded_lines": 0, "percent_statements_covered": 0.0, "percent_statements_covered_display": "0"}, "missing_lines": [78, 79, 80, 82, 83, 84, 87, 88, 89, 90, 93, 94, 95, 98, 99, 101, 103, 109, 110, 112, 114, 115, 117, 118, 119], "excluded_lines": [], "start_line": 60}, "EmailClient.send_password_reset_code": {"executed_lines": [], "summary": {"covered_lines": 0, "num_statements": 4, "percent_covered": 0.0, "percent_covered_display": "0", "missing_lines": 4, "excluded_lines": 0, "percent_statements_covered": 0.0, "percent_statements_covered_display": "0"}, "missing_lines": [139, 142, 178, 193], "excluded_lines": [], "start_line": 121}, "get_email_client": {"executed_lines": [], "summary": {"covered_lines": 0, "num_statements": 3, "percent_covered": 0.0, "percent_covered_display": "0", "missing_lines": 3, "excluded_lines": 0, "percent_statements_covered": 0.0, "percent_statements_covered_display": "0"}, "missing_lines": [203, 204, 205], "excluded_lines": [], "start_line": 200}, "send_password_reset_email": {"executed_lines": [], "summary": {"covered_lines": 0, "num_statements": 2, "percent_covered": 0.0, "percent_covered_display": "0", "missing_lines": 2, "excluded_lines": 0, "percent_statements_covered": 0.0, "percent_statements_covered_display": "0"}, "missing_lines": [223, 224], "excluded_lines": [], "start_line": 208}, "": {"executed_lines": [], "summary": {"covered_lines": 0, "num_statements": 15, "percent_covered": 0.0, "percent_covered_display": "0", "missing_lines": 15, "excluded_lines": 0, "percent_statements_covered": 0.0, "percent_statements_covered_display": "0"}, "missing_lines": [6, 7, 8, 9, 11, 13, 16, 19, 52, 56, 60, 121, 197, 200, 208], "excluded_lines": [], "start_line": 1}}, "classes": {"EmailClient": {"executed_lines": [], "summary": {"covered_lines": 0, "num_statements": 40, "percent_covered": 0.0, "percent_covered_display": "0", "missing_lines": 40, "excluded_lines": 0, "percent_statements_covered": 0.0, "percent_statements_covered_display": "0"}, "missing_lines": [42, 43, 44, 45, 46, 47, 48, 49, 50, 54, 58, 78, 79, 80, 82, 83, 84, 87, 88, 89, 90, 93, 94, 95, 98, 99, 101, 103, 109, 110, 112, 114, 115, 117, 118, 119, 139, 142, 178, 193], "excluded_lines": [], "start_line": 16}, "": {"executed_lines": [], "summary": {"covered_lines": 0, "num_statements": 20, "percent_covered": 0.0, "percent_covered_display": "0", "missing_lines": 20, "excluded_lines": 0, "percent_statements_covered": 0.0, "percent_statements_covered_display": "0"}, "missing_lines": [6, 7, 8, 9, 11, 13, 16, 19, 52, 56, 60, 121, 197, 200, 203, 204, 205, 208, 223, 224], "excluded_lines": [], "start_line": 1}}}, "services/common/error_handler.py": {"executed_lines": [], "summary": {"covered_lines": 0, "num_statements": 106, "percent_covered": 0.0, "percent_covered_display": "0", "missing_lines": 106, "excluded_lines": 0, "percent_statements_covered": 0.0, "percent_statements_covered_display": "0"}, "missing_lines": [7, 8, 9, 10, 12, 13, 14, 15, 17, 19, 22, 32, 45, 46, 47, 49, 51, 52, 53, 54, 55, 57, 68, 71, 74, 75, 83, 84, 85, 87, 92, 99, 110, 120, 122, 123, 126, 128, 129, 130, 131, 132, 133, 134, 135, 136, 137, 139, 142, 145, 151, 152, 154, 158, 160, 161, 163, 167, 169, 170, 172, 176, 178, 179, 181, 185, 187, 188, 190, 194, 196, 197, 199, 203, 205, 206, 208, 212, 215, 221, 222, 224, 234, 235, 236, 237, 239, 240, 242, 243, 245, 247, 248, 250, 254, 258, 268, 270, 271, 272, 273, 274, 275, 276, 280, 282], "excluded_lines": [], "functions": {"UnifiedErrorMiddleware.__init__": {"executed_lines": [], "summary": {"covered_lines": 0, "num_statements": 3, "percent_covered": 0.0, "percent_covered_display": "0", "missing_lines": 3, "excluded_lines": 0, "percent_statements_covered": 0.0, "percent_statements_covered_display": "0"}, "missing_lines": [45, 46, 47], "excluded_lines": [], "start_line": 32}, "UnifiedErrorMiddleware.dispatch": {"executed_lines": [], "summary": {"covered_lines": 0, "num_statements": 5, "percent_covered": 0.0, "percent_covered_display": "0", "missing_lines": 5, "excluded_lines": 0, "percent_statements_covered": 0.0, "percent_statements_covered_display": "0"}, "missing_lines": [51, 52, 53, 54, 55], "excluded_lines": [], "start_line": 49}, "UnifiedErrorMiddleware._handle_exception": {"executed_lines": [], "summary": {"covered_lines": 0, "num_statements": 8, "percent_covered": 0.0, "percent_covered_display": "0", "missing_lines": 8, "excluded_lines": 0, "percent_statements_covered": 0.0, "percent_statements_covered_display": "0"}, "missing_lines": [68, 71, 74, 75, 83, 84, 85, 87], "excluded_lines": [], "start_line": 57}, "UnifiedErrorMiddleware._log_error": {"executed_lines": [], "summary": {"covered_lines": 0, "num_statements": 1, "percent_covered": 0.0, "percent_covered_display": "0", "missing_lines": 1, "excluded_lines": 0, "percent_statements_covered": 0.0, "percent_statements_covered_display": "0"}, "missing_lines": [99], "excluded_lines": [], "start_line": 92}, "UnifiedErrorMiddleware._parse_exception": {"executed_lines": [], "summary": {"covered_lines": 0, "num_statements": 16, "percent_covered": 0.0, "percent_covered_display": "0", "missing_lines": 16, "excluded_lines": 0, "percent_statements_covered": 0.0, "percent_statements_covered_display": "0"}, "missing_lines": [120, 122, 123, 126, 128, 129, 130, 131, 132, 133, 134, 135, 136, 137, 139, 142], "excluded_lines": [], "start_line": 110}, "ApiErrorHandler.not_found": {"executed_lines": [], "summary": {"covered_lines": 0, "num_statements": 2, "percent_covered": 0.0, "percent_covered_display": "0", "missing_lines": 2, "excluded_lines": 0, "percent_statements_covered": 0.0, "percent_statements_covered_display": "0"}, "missing_lines": [154, 158], "excluded_lines": [], "start_line": 152}, "ApiErrorHandler.unauthorized": {"executed_lines": [], "summary": {"covered_lines": 0, "num_statements": 2, "percent_covered": 0.0, "percent_covered_display": "0", "missing_lines": 2, "excluded_lines": 0, "percent_statements_covered": 0.0, "percent_statements_covered_display": "0"}, "missing_lines": [163, 167], "excluded_lines": [], "start_line": 161}, "ApiErrorHandler.forbidden": {"executed_lines": [], "summary": {"covered_lines": 0, "num_statements": 2, "percent_covered": 0.0, "percent_covered_display": "0", "missing_lines": 2, "excluded_lines": 0, "percent_statements_covered": 0.0, "percent_statements_covered_display": "0"}, "missing_lines": [172, 176], "excluded_lines": [], "start_line": 170}, "ApiErrorHandler.validation_error": {"executed_lines": [], "summary": {"covered_lines": 0, "num_statements": 2, "percent_covered": 0.0, "percent_covered_display": "0", "missing_lines": 2, "excluded_lines": 0, "percent_statements_covered": 0.0, "percent_statements_covered_display": "0"}, "missing_lines": [181, 185], "excluded_lines": [], "start_line": 179}, "ApiErrorHandler.internal_error": {"executed_lines": [], "summary": {"covered_lines": 0, "num_statements": 2, "percent_covered": 0.0, "percent_covered_display": "0", "missing_lines": 2, "excluded_lines": 0, "percent_statements_covered": 0.0, "percent_statements_covered_display": "0"}, "missing_lines": [190, 194], "excluded_lines": [], "start_line": 188}, "ApiErrorHandler.service_unavailable": {"executed_lines": [], "summary": {"covered_lines": 0, "num_statements": 2, "percent_covered": 0.0, "percent_covered_display": "0", "missing_lines": 2, "excluded_lines": 0, "percent_statements_covered": 0.0, "percent_statements_covered_display": "0"}, "missing_lines": [199, 203], "excluded_lines": [], "start_line": 197}, "ApiErrorHandler.gateway_timeout": {"executed_lines": [], "summary": {"covered_lines": 0, "num_statements": 2, "percent_covered": 0.0, "percent_covered_display": "0", "missing_lines": 2, "excluded_lines": 0, "percent_statements_covered": 0.0, "percent_statements_covered_display": "0"}, "missing_lines": [208, 212], "excluded_lines": [], "start_line": 206}, "ProxyErrorHandler.service_error": {"executed_lines": [], "summary": {"covered_lines": 0, "num_statements": 7, "percent_covered": 0.0, "percent_covered_display": "0", "missing_lines": 7, "excluded_lines": 0, "percent_statements_covered": 0.0, "percent_statements_covered_display": "0"}, "missing_lines": [224, 234, 235, 236, 237, 239, 240], "excluded_lines": [], "start_line": 222}, "ProxyErrorHandler.service_unavailable": {"executed_lines": [], "summary": {"covered_lines": 0, "num_statements": 1, "percent_covered": 0.0, "percent_covered_display": "0", "missing_lines": 1, "excluded_lines": 0, "percent_statements_covered": 0.0, "percent_statements_covered_display": "0"}, "missing_lines": [245], "excluded_lines": [], "start_line": 243}, "ProxyErrorHandler.connection_failed": {"executed_lines": [], "summary": {"covered_lines": 0, "num_statements": 2, "percent_covered": 0.0, "percent_covered_display": "0", "missing_lines": 2, "excluded_lines": 0, "percent_statements_covered": 0.0, "percent_statements_covered_display": "0"}, "missing_lines": [250, 254], "excluded_lines": [], "start_line": 248}, "handle_proxy_error": {"executed_lines": [], "summary": {"covered_lines": 0, "num_statements": 10, "percent_covered": 0.0, "percent_covered_display": "0", "missing_lines": 10, "excluded_lines": 0, "percent_statements_covered": 0.0, "percent_statements_covered_display": "0"}, "missing_lines": [268, 270, 271, 272, 273, 274, 275, 276, 280, 282], "excluded_lines": [], "start_line": 258}, "": {"executed_lines": [], "summary": {"covered_lines": 0, "num_statements": 39, "percent_covered": 0.0, "percent_covered_display": "0", "missing_lines": 39, "excluded_lines": 0, "percent_statements_covered": 0.0, "percent_statements_covered_display": "0"}, "missing_lines": [7, 8, 9, 10, 12, 13, 14, 15, 17, 19, 22, 32, 49, 57, 92, 110, 145, 151, 152, 160, 161, 169, 170, 178, 179, 187, 188, 196, 197, 205, 206, 215, 221, 222, 242, 243, 247, 248, 258], "excluded_lines": [], "start_line": 1}}, "classes": {"UnifiedErrorMiddleware": {"executed_lines": [], "summary": {"covered_lines": 0, "num_statements": 33, "percent_covered": 0.0, "percent_covered_display": "0", "missing_lines": 33, "excluded_lines": 0, "percent_statements_covered": 0.0, "percent_statements_covered_display": "0"}, "missing_lines": [45, 46, 47, 51, 52, 53, 54, 55, 68, 71, 74, 75, 83, 84, 85, 87, 99, 120, 122, 123, 126, 128, 129, 130, 131, 132, 133, 134, 135, 136, 137, 139, 142], "excluded_lines": [], "start_line": 22}, "ApiErrorHandler": {"executed_lines": [], "summary": {"covered_lines": 0, "num_statements": 14, "percent_covered": 0.0, "percent_covered_display": "0", "missing_lines": 14, "excluded_lines": 0, "percent_statements_covered": 0.0, "percent_statements_covered_display": "0"}, "missing_lines": [154, 158, 163, 167, 172, 176, 181, 185, 190, 194, 199, 203, 208, 212], "excluded_lines": [], "start_line": 145}, "ProxyErrorHandler": {"executed_lines": [], "summary": {"covered_lines": 0, "num_statements": 10, "percent_covered": 0.0, "percent_covered_display": "0", "missing_lines": 10, "excluded_lines": 0, "percent_statements_covered": 0.0, "percent_statements_covered_display": "0"}, "missing_lines": [224, 234, 235, 236, 237, 239, 240, 245,
[...]
6, 97, 153, 154, 203, 204, 239, 240, 300, 301, 331, 332, 386, 387, 427, 428, 468, 469], "excluded_lines": [], "start_line": 1}}, "classes": {"": {"executed_lines": [], "summary": {"covered_lines": 0, "num_statements": 170, "percent_covered": 0.0, "percent_covered_display": "0", "missing_lines": 170, "excluded_lines": 0, "percent_statements_covered": 0.0, "percent_statements_covered_display": "0"}, "missing_lines": [6, 7, 8, 9, 11, 12, 13, 15, 16, 17, 18, 27, 34, 36, 37, 43, 45, 46, 52, 54, 55, 56, 59, 61, 62, 63, 64, 65, 66, 69, 71, 72, 75, 77, 96, 97, 106, 109, 110, 111, 117, 118, 119, 120, 126, 127, 133, 134, 143, 144, 145, 147, 153, 154, 166, 169, 170, 173, 174, 175, 176, 177, 178, 181, 182, 185, 186, 188, 189, 192, 193, 195, 203, 204, 214, 215, 220, 221, 222, 228, 229, 234, 239, 240, 250, 251, 252, 258, 259, 260, 266, 267, 272, 273, 279, 280, 281, 282, 283, 284, 285, 286, 287, 289, 290, 295, 297, 300, 301, 310, 312, 313, 318, 319, 320, 325, 326, 328, 331, 332, 342, 344, 345, 350, 351, 352, 358, 359, 365, 366, 371, 381, 383, 386, 387, 396, 398, 399, 400, 406, 407, 412, 422, 424, 427, 428, 438, 440, 441, 442, 448, 449, 454, 455, 463, 465, 468, 469, 480, 482, 483, 488, 489, 490, 496, 497, 498, 503, 508, 510], "excluded_lines": [], "start_line": 1}}}, "services/sensitive_detect/__init__.py": {"executed_lines": [], "summary": {"covered_lines": 0, "num_statements": 0, "percent_covered": 100.0, "percent_covered_display": "100", "missing_lines": 0, "excluded_lines": 0, "percent_statements_covered": 100.0, "percent_statements_covered_display": "100"}, "missing_lines": [], "excluded_lines": [], "functions": {"": {"executed_lines": [], "summary": {"covered_lines": 0, "num_statements": 0, "percent_covered": 100.0, "percent_covered_display": "100", "missing_lines": 0, "excluded_lines": 0, "percent_statements_covered": 100.0, "percent_statements_covered_display": "100"}, "missing_lines": [], "excluded_lines": [], "start_line": 1}}, "classes": {"": {"executed_lines": [], "summary": {"covered_lines": 0, "num_statements": 0, "percent_covered": 100.0, "percent_covered_display": "100", "missing_lines": 0, "excluded_lines": 0, "percent_statements_covered": 100.0, "percent_statements_covered_display": "100"}, "missing_lines": [], "excluded_lines": [], "start_line": 1}}}, "services/sensitive_detect/config.py": {"executed_lines": [], "summary": {"covered_lines": 0, "num_statements": 9, "percent_covered": 0.0, "percent_covered_display": "0", "missing_lines": 9, "excluded_lines": 0, "percent_statements_covered": 0.0, "percent_statements_covered_display": "0"}, "missing_lines": [6, 9, 14, 15, 18, 19, 20, 22, 25], "excluded_lines": [], "functions": {"": {"executed_lines": [], "summary": {"covered_lines": 0, "num_statements": 9, "percent_covered": 0.0, "percent_covered_display": "0", "missing_lines": 9, "excluded_lines": 0, "percent_statements_covered": 0.0, "percent_statements_covered_display": "0"}, "missing_lines": [6, 9, 14, 15, 18, 19, 20, 22, 25], "excluded_lines": [], "start_line": 1}}, "classes": {"Settings": {"executed_lines": [], "summary": {"covered_lines": 0, "num_statements": 0, "percent_covered": 100.0, "percent_covered_display": "100", "missing_lines": 0, "excluded_lines": 0, "percent_statements_covered": 100.0, "percent_statements_covered_display": "100"}, "missing_lines": [], "excluded_lines": [], "start_line": 9}, "": {"executed_lines": [], "summary": {"covered_lines": 0, "num_statements": 9, "percent_covered": 0.0, "percent_covered_display": "0", "missing_lines": 9, "excluded_lines": 0, "percent_statements_covered": 0.0, "percent_statements_covered_display": "0"}, "missing_lines": [6, 9, 14, 15, 18, 19, 20, 22, 25], "excluded_lines": [], "start_line": 1}}}, "services/sensitive_detect/main.py": {"executed_lines": [], "summary": {"covered_lines": 0, "num_statements": 253, "percent_covered": 0.0, "percent_covered_display": "0", "missing_lines": 253, "excluded_lines": 0, "percent_statements_covered": 0.0, "percent_statements_covered_display": "0"}, "missing_lines": [6, 7, 8, 10, 11, 12, 13, 14, 15, 17, 18, 24, 25, 26, 27, 28, 29, 33, 34, 42, 44, 46, 52, 59, 60, 61, 64, 66, 76, 78, 88, 90, 101, 103, 113, 118, 129, 130, 133, 134, 141, 142, 143, 144, 147, 149, 151, 153, 154, 155, 156, 158, 159, 160, 161, 164, 165, 166, 167, 168, 171, 172, 176, 178, 179, 180, 181, 182, 183, 184, 185, 186, 187, 188, 190, 191, 192, 194, 196, 197, 199, 200, 210, 211, 212, 214, 216, 219, 229, 232, 233, 235, 246, 247, 252, 253, 268, 269, 270, 271, 272, 273, 276, 277, 282, 283, 284, 287, 288, 294, 295, 296, 297, 298, 301, 302, 308, 309, 310, 311, 312, 315, 316, 322, 323, 324, 325, 326, 329, 330, 337, 338, 339, 340, 341, 342, 343, 346, 347, 353, 354, 355, 356, 357, 358, 365, 367, 368, 369, 370, 373, 375, 376, 377, 382, 383, 396, 403, 404, 405, 406, 409, 411, 413, 415, 416, 417, 418, 420, 421, 422, 423, 425, 426, 427, 428, 429, 431, 432, 436, 438, 439, 440, 441, 442, 443, 444, 445, 446, 447, 448, 450, 451, 452, 454, 456, 457, 459, 460, 469, 470, 471, 473, 475, 476, 486, 487, 488, 490, 501, 502, 504, 506, 513, 515, 516, 517, 518, 519, 521, 522, 523, 525, 526, 527, 528, 529, 530, 531, 532, 533, 534, 536, 537, 538, 547, 548, 549, 559, 560, 562, 563, 564, 565, 566, 568, 575, 582, 583, 584, 587, 588, 589], "excluded_lines": [], "functions": {"_rule_orm_to_pydantic": {"executed_lines": [], "summary": {"covered_lines": 0, "num_statements": 1, "percent_covered": 0.0, "percent_covered_display": "0", "missing_lines": 1, "excluded_lines": 0, "percent_statements_covered": 0.0, "percent_statements_covered_display": "0"}, "missing_lines": [66], "excluded_lines": [], "start_line": 64}, "_rule_pydantic_to_orm": {"executed_lines": [], "summary": {"covered_lines": 0, "num_statements": 1, "percent_covered": 0.0, "percent_covered_display": "0", "missing_lines": 1, "excluded_lines": 0, "percent_statements_covered": 0.0, "percent_statements_covered_display": "0"}, "missing_lines": [78], "excluded_lines": [], "start_line": 76}, "_field_to_orm": {"executed_lines": [], "summary": {"covered_lines": 0, "num_statements": 1, "percent_covered": 0.0, "percent_covered_display": "0", "missing_lines": 1, "excluded_lines": 0, "percent_statements_covered": 0.0, "percent_statements_covered_display": "0"}, "missing_lines": [90], "excluded_lines": [], "start_line": 88}, "_field_orm_to_pydantic": {"executed_lines": [], "summary": {"covered_lines": 0, "num_statements": 1, "percent_covered": 0.0, "percent_covered_display": "0", "missing_lines": 1, "excluded_lines": 0, "percent_statements_covered": 0.0, "percent_statements_covered_display": "0"}, "missing_lines": [103], "excluded_lines": [], "start_line": 101}, "_report_orm_to_pydantic": {"executed_lines": [], "summary": {"covered_lines": 0, "num_statements": 1, "percent_covered": 0.0, "percent_covered_display": "0", "missing_lines": 1, "excluded_lines": 0, "percent_statements_covered": 0.0, "percent_statements_covered_display": "0"}, "missing_lines": [118], "excluded_lines": [], "start_line": 113}, "_level_order": {"executed_lines": [], "summary": {"covered_lines": 0, "num_statements": 1, "percent_covered": 0.0, "percent_covered_display": "0", "missing_lines": 1, "excluded_lines": 0, "percent_statements_covered": 0.0, "percent_statements_covered_display": "0"}, "missing_lines": [130], "excluded_lines": [], "start_line": 129}, "scan_table": {"executed_lines": [], "summary": {"covered_lines": 0, "num_statements": 52, "percent_covered": 0.0, "percent_covered_display": "0", "missing_lines": 52, "excluded_lines": 0, "percent_statements_covered": 0.0, "percent_statements_covered_display": "0"}, "missing_lines": [141, 142, 143, 144, 147, 149, 151, 153, 154, 155, 156, 158, 159, 160, 161, 164, 165, 166, 167, 168, 171, 172, 176, 178, 179, 180, 181, 182, 183, 184, 185, 186, 187, 188, 190, 191, 192, 194, 196, 197, 199, 200, 210, 211, 212, 214, 216, 219, 229, 232, 233, 235], "excluded_lines": [], "start_line": 134}, "classify_data": {"executed_lines": [], "summary": {"covered_lines": 0, "num_statements": 8, "percent_covered": 0.0, "percent_covered_display": "0", "missing_lines": 8, "excluded_lines": 0, "percent_statements_covered": 0.0, "percent_statements_covered_display": "0"}, "missing_lines": [252, 253, 268, 269, 270, 271, 272, 273], "excluded_lines": [], "start_line": 247}, "list_rules": {"executed_lines": [], "summary": {"covered_lines": 0, "num_statements": 3, "percent_covered": 0.0, "percent_covered_display": "0", "missing_lines": 3, "excluded_lines": 0, "percent_statements_covered": 0.0, "percent_statements_covered_display": "0"}, "missing_lines": [282, 283, 284], "excluded_lines": [], "start_line": 277}, "add_rule": {"executed_lines": [], "summary": {"covered_lines": 0, "num_statements": 5, "percent_covered": 0.0, "percent_covered_display": "0", "missing_lines": 5, "excluded_lines": 0, "percent_statements_covered": 0.0, "percent_statements_covered_display": "0"}, "missing_lines": [294, 295, 296, 297, 298], "excluded_lines": [], "start_line": 288}, "get_rule": {"executed_lines": [], "summary": {"covered_lines": 0, "num_statements": 5, "percent_covered": 0.0, "percent_covered_display": "0", "missing_lines": 5, "excluded_lines": 0, "percent_statements_covered": 0.0, "percent_statements_covered_display": "0"}, "missing_lines": [308, 309, 310, 311, 312], "excluded_lines": [], "start_line": 302}, "delete_rule": {"executed_lines": [], "summary": {"covered_lines": 0, "num_statements": 5, "percent_covered": 0.0, "percent_covered_display": "0", "missing_lines": 5, "excluded_lines": 0, "percent_statements_covered": 0.0, "percent_statements_covered_display": "0"}, "missing_lines": [322, 323, 324, 325, 326], "excluded_lines": [], "start_line": 316}, "list_reports": {"executed_lines": [], "summary": {"covered_lines": 0, "num_statements": 7, "percent_covered": 0.0, "percent_covered_display": "0", "missing_lines": 7, "excluded_lines": 0, "percent_statements_covered": 0.0, "percent_statements_covered_display": "0"}, "missing_lines": [337, 338, 339, 340, 341, 342, 343], "excluded_lines": [], "start_line": 330}, "get_report": {"executed_lines": [], "summary": {"covered_lines": 0, "num_statements": 6, "percent_covered": 0.0, "percent_covered_display": "0", "missing_lines": 6, "excluded_lines": 0, "percent_statements_covered": 0.0, "percent_statements_covered_display": "0"}, "missing_lines": [353, 354, 355, 356, 357, 358], "excluded_lines": [], "start_line": 347}, "scan_and_apply": {"executed_lines": [], "summary": {"covered_lines": 0, "num_statements": 91, "percent_covered": 0.0, "percent_covered_display": "0", "missing_lines": 91, "excluded_lines": 0, "percent_statements_covered": 0.0, "percent_statements_covered_display": "0"}, "missing_lines": [396, 403, 404, 405, 406, 409, 411, 413, 415, 416, 417, 418, 420, 421, 422, 423, 425, 426, 427, 428, 429, 431, 432, 436, 438, 439, 440, 441, 442, 443, 444, 445, 446, 447, 448, 450, 451, 452, 454, 456, 457, 459, 460, 469, 470, 471, 473, 475, 476, 486, 487, 488, 490, 501, 502, 504, 506, 513, 515, 516, 517, 518, 519, 521, 522, 523, 525, 526, 527, 528, 529, 530, 531, 532, 533, 534, 536, 537, 538, 547, 548, 549, 559, 560, 562, 563, 564, 565, 566, 568, 575], "excluded_lines": [], "start_line": 383}, "health_check": {"executed_lines": [], "summary": {"covered_lines": 0, "num_statements": 1, "percent_covered": 0.0, "percent_covered_display": "0", "missing_lines": 1, "excluded_lines": 0, "percent_statements_covered": 0.0, "percent_statements_covered_display": "0"}, "missing_lines": [584], "excluded_lines": [], "start_line": 583}, "": {"executed_lines": [], "summary": {"covered_lines": 0, "num_statements": 64, "percent_covered": 0.0, "percent_covered_display": "0", "missing_lines": 64, "excluded_lines": 0, "percent_statements_covered": 0.0, "percent_statements_covered_display": "0"}, "missing_lines": [6, 7, 8, 10, 11, 12, 13, 14, 15, 17, 18, 24, 25, 26, 27, 28, 29, 33, 34, 42, 44, 46, 52, 59, 60, 61, 64, 76, 88, 101, 113, 129, 133, 134, 246, 247, 276, 277, 287, 288, 301, 302, 315, 316, 329, 330, 346, 347, 365, 367, 368, 369, 370, 373, 375, 376, 377, 382, 383, 582, 583, 587, 588, 589], "excluded_lines": [], "start_line": 1}}, "classes": {"ScanAndApplyRequest": {"executed_lines": [], "summary": {"covered_lines": 0, "num_statements": 0, "percent_covered": 100.0, "percent_covered_display": "100", "missing_lines": 0, "excluded_lines": 0, "percent_statements_covered": 100.0, "percent_statements_covered_display": "100"}, "missing_lines": [], "excluded_lines": [], "start_line": 365}, "ScanAndApplyResponse": {"executed_lines": [], "summary": {"covered_lines": 0, "num_statements": 0, "percent_covered": 100.0, "percent_covered_display": "100", "missing_lines": 0, "excluded_lines": 0, "percent_statements_covered": 100.0, "percent_statements_covered_display": "100"}, "missing_lines": [], "excluded_lines": [], "start_line": 373}, "": {"executed_lines": [], "summary": {"covered_lines": 0, "num_statements": 253, "percent_covered": 0.0, "percent_covered_display": "0", "missing_lines": 253, "excluded_lines": 0, "percent_statements_covered": 0.0, "percent_statements_covered_display": "0"}, "missing_lines": [6, 7, 8, 10, 11, 12, 13, 14, 15, 17, 18, 24, 25, 26, 27, 28, 29, 33, 34, 42, 44, 46, 52, 59, 60, 61, 64, 66, 76, 78, 88, 90, 101, 103, 113, 118, 129, 130, 133, 134, 141, 142, 143, 144, 147, 149, 151, 153, 154, 155, 156, 158, 159, 160, 161, 164, 165, 166, 167, 168, 171, 172, 176, 178, 179, 180, 181, 182, 183, 184, 185, 186, 187, 188, 190, 191, 192, 194, 196, 197, 199, 200, 210, 211, 212, 214, 216, 219, 229, 232, 233, 235, 246, 247, 252, 253, 268, 269, 270, 271, 272, 273, 276, 277, 282, 283, 284, 287, 288, 294, 295, 296, 297, 298, 301, 302, 308, 309, 310, 311, 312, 315, 316, 322, 323, 324, 325, 326, 329, 330, 337, 338, 339, 340, 341, 342, 343, 346, 347, 353, 354, 355, 356, 357, 358, 365, 367, 368, 369, 370, 373, 375, 376, 377, 382, 383, 396, 403, 404, 405, 406, 409, 411, 413, 415, 416, 417, 418, 420, 421, 422, 423, 425, 426, 427, 428, 429, 431, 432, 436, 438, 439, 440, 441, 442, 443, 444, 445, 446, 447, 448, 450, 451, 452, 454, 456, 457, 459, 460, 469, 470, 471, 473, 475, 476, 486, 487, 488, 490, 501, 502, 504, 506, 513, 515, 516, 517, 518, 519, 521, 522, 523, 525, 526, 527, 528, 529, 530, 531, 532, 533, 534, 536, 537, 538, 547, 548, 549, 559, 560, 562, 563, 564, 565, 566, 568, 575, 582, 583, 584, 587, 588, 589], "excluded_lines": [], "start_line": 1}}}, "services/sensitive_detect/models.py": {"executed_lines": [], "summary": {"covered_lines": 0, "num_statements": 38, "percent_covered": 0.0, "percent_covered_display": "0", "missing_lines": 38, "excluded_lines": 0, "percent_statements_covered": 0.0, "percent_statements_covered_display": "0"}, "missing_lines": [3, 4, 5, 7, 10, 11, 12, 13, 14, 17, 19, 20, 21, 24, 26, 27, 28, 29, 30, 31, 34, 36, 37, 38, 39, 40, 41, 42, 45, 47, 48, 49, 50, 51, 52, 55, 57, 58], "excluded_lines": [], "functions": {"": {"executed_lines": [], "summary": {"covered_lines": 0, "num_statements": 38, "percent_covered": 0.0, "percent_covered_display": "0", "missing_lines": 38, "excluded_lines": 0, "percent_statements_covered": 0.0, "percent_statements_covered_display": "0"}, "missing_lines": [3, 4, 5, 7, 10, 11, 12, 13, 14, 17, 19, 20, 21, 24, 26, 27, 28, 29, 30, 31, 34, 36, 37, 38, 39, 40, 41, 42, 45, 47, 48, 49, 50, 51, 52, 55, 57, 58], "excluded_lines": [], "start_line": 1}}, "classes": {"SensitivityLevel": {"executed_lines": [], "summary": {"covered_lines": 0, "num_statements": 0, "percent_covered": 100.0, "percent_covered_display": "100", "missing_lines": 0, "excluded_lines": 0, "percent_statements_covered": 100.0, "percent_statements_covered_display": "100"}, "missing_lines": [], "excluded_lines": [], "start_line": 10}, "ScanRequest": {"executed_lines": [], "summary": {"covered_lines": 0, "num_statements": 0, "percent_covered": 100.0, "percent_covered_display": "100", "missing_lines": 0, "excluded_lines": 0, "percent_statements_covered": 100.0, "percent_statements_covered_display": "100"}, "missing_lines": [], "excluded_lines": [], "start_line": 17}, "SensitiveField": {"executed_lines": [], "summary": {"covered_lines": 0, "num_statements": 0, "percent_covered": 100.0, "percent_covered_display": "100", "missing_lines": 0, "excluded_lines": 0, "percent_statements_covered": 100.0, "percent_statements_covered_display": "100"}, "missing_lines": [], "excluded_lines": [], "start_line": 24}, "ScanReport": {"executed_lines": [], "summary": {"covered_lines": 0, "num_statements": 0, "percent_covered": 100.0, "percent_covered_display": "100", "missing_lines": 0, "excluded_lines": 0, "percent_statements_covered": 100.0, "percent_statements_covered_display": "100"}, "missing_lines": [], "excluded_lines": [], "start_line": 34}, "DetectionRule": {"executed_lines": [], "summary": {"covered_lines": 0, "num_statements": 0, "percent_covered": 100.0, "percent_covered_display": "100", "missing_lines": 0, "excluded_lines": 0, "percent_statements_covered": 100.0, "percent_statements_covered_display": "100"}, "missing_lines": [], "excluded_lines": [], "start_line": 45}, "ClassifyRequest": {"executed_lines": [], "summary": {"covered_lines": 0, "num_statements": 0, "percent_covered": 100.0, "percent_covered_display": "100", "missing_lines": 0, "excluded_lines": 0, "percent_statements_covered": 100.0, "percent_statements_covered_display": "100"}, "missing_lines": [], "excluded_lines": [], "start_line": 55}, "": {"executed_lines": [], "summary": {"covered_lines": 0, "num_statements": 38, "percent_covered": 0.0, "percent_covered_display": "0", "missing_lines": 38, "excluded_lines": 0, "percent_statements_covered": 0.0, "percent_statements_covered_display": "0"}, "missing_lines": [3, 4, 5, 7, 10, 11, 12, 13, 14, 17, 19, 20, 21, 24, 26, 27, 28, 29, 30, 31, 34, 36, 37, 38, 39, 40, 41, 42, 45, 47, 48, 49, 50, 51, 52, 55, 57, 58], "excluded_lines": [], "start_line": 1}}}, "services/sensitive_detect/patterns.py": {"executed_lines": [], "summary": {"covered_lines": 0, "num_statements": 16, "percent_covered": 0.0, "percent_covered_display": "0", "missing_lines": 16, "excluded_lines": 0, "percent_statements_covered": 0.0, "percent_statements_covered_display": "0"}, "missing_lines": [3, 7, 74, 82, 84, 85, 86, 87, 93, 96, 98, 99, 100, 101, 102, 103], "excluded_lines": [], "functions": {"detect_by_pattern": {"executed_lines": [], "summary": {"covered_lines": 0, "num_statements": 5, "percent_covered": 0.0, "percent_covered_display": "0", "missing_lines": 5, "excluded_lines": 0, "percent_statements_covered": 0.0, "percent_statements_covered_display": "0"}, "missing_lines": [84, 85, 86, 87, 93], "excluded_lines": [], "start_line": 82}, "detect_by_field_name": {"executed_lines": [], "summary": {"covered_lines": 0, "num_statements": 6, "percent_covered": 0.0, "percent_covered_display": "0", "missing_lines": 6, "excluded_lines": 0, "percent_statements_covered": 0.0, "percent_statements_covered_display": "0"}, "missing_lines": [98, 99, 100, 101, 102, 103], "excluded_lines": [], "start_line": 96}, "": {"executed_lines": [], "summary": {"covered_lines": 0, "num_statements": 5, "percent_covered": 0.0, "percent_covered_display": "0", "missing_lines": 5, "excluded_lines": 0, "percent_statements_covered": 0.0, "percent_statements_covered_display": "0"}, "missing_lines": [3, 7, 74, 82, 96], "excluded_lines": [], "start_line": 1}}, "classes": {"": {"executed_lines": [], "summary": {"covered_lines": 0, "num_statements": 16, "percent_covered": 0.0, "percent_covered_display": "0", "missing_lines": 16, "excluded_lines": 0, "percent_statements_covered": 0.0, "percent_statements_covered_display": "0"}, "missing_lines": [3, 7, 74, 82, 84, 85, 86, 87, 93, 96, 98, 99, 100, 101, 102, 103], "excluded_lines": [], "start_line": 1}}}}, "totals": {"covered_lines": 191, "num_statements": 7641, "percent_covered": 2.499672817694019, "percent_covered_display": "2", "missing_lines": 7450, "excluded_lines": 3, "percent_statements_covered": 2.499672817694019, "percent_statements_covered_display": "2"}}