{"meta": {"format": 3, "version": "7.13.2", "timestamp": "2026-02-02T17:31:25.499223", "branch_coverage": false, "show_contexts": false}, "files": {"services/ai_cleaning/__init__.py": {"executed_lines": [], "summary": {"covered_lines": 0, "num_statements": 0, "percent_covered": 100.0, "percent_covered_display": "100", "missing_lines": 0, "excluded_lines": 0, "percent_statements_covered": 100.0, "percent_statements_covered_display": "100"}, "missing_lines": [], "excluded_lines": [], "functions": {"": {"executed_lines": [], "summary": {"covered_lines": 0, "num_statements": 0, "percent_covered": 100.0, "percent_covered_display": "100", "missing_lines": 0, "excluded_lines": 0, "percent_statements_covered": 100.0, "percent_statements_covered_display": "100"}, "missing_lines": [], "excluded_lines": [], "start_line": 1}}, "classes": {"": {"executed_lines": [], "summary": {"covered_lines": 0, "num_statements": 0, "percent_covered": 100.0, "percent_covered_display": "100", "missing_lines": 0, "excluded_lines": 0, "percent_statements_covered": 100.0, "percent_statements_covered_display": "100"}, "missing_lines": [], "excluded_lines": [], "start_line": 1}}}, "services/ai_cleaning/config.py": {"executed_lines": [6, 9, 14, 15, 18, 19, 20, 22, 25], "summary": {"covered_lines": 9, "num_statements": 9, "percent_covered": 100.0, "percent_covered_display": "100", "missing_lines": 0, "excluded_lines": 0, "percent_statements_covered": 100.0, "percent_statements_covered_display": "100"}, "missing_lines": [], "excluded_lines": [], "functions": {"": {"executed_lines": [6, 9, 14, 15, 18, 19, 20, 22, 25], "summary": {"covered_lines": 9, "num_statements": 9, "percent_covered": 100.0, "percent_covered_display": "100", "missing_lines": 0, "excluded_lines": 0, "percent_statements_covered": 100.0, "percent_statements_covered_display": "100"}, "missing_lines": [], "excluded_lines": [], "start_line": 1}}, "classes": {"Settings": {"executed_lines": [], "summary": {"covered_lines": 0, "num_statements": 0, "percent_covered": 100.0, "percent_covered_display": "100", "missing_lines": 0, "excluded_lines": 0, "percent_statements_covered": 100.0, "percent_statements_covered_display": "100"}, "missing_lines": [], "excluded_lines": [], "start_line": 9}, "": {"executed_lines": [6, 9, 14, 15, 18, 19, 20, 22, 25], "summary": {"covered_lines": 9, "num_statements": 9, "percent_covered": 100.0, "percent_covered_display": "100", "missing_lines": 0, "excluded_lines": 0, "percent_statements_covered": 100.0, "percent_statements_covered_display": "100"}, "missing_lines": [], "excluded_lines": [], "start_line": 1}}}, "services/ai_cleaning/main.py": {"executed_lines": [3, 4, 5, 7, 8, 9, 10, 12, 13, 14, 15, 16, 17, 18, 19, 30, 32, 38, 45, 46, 47, 50, 52, 53, 54, 55, 58, 71, 72, 74, 75, 76, 77, 78, 79, 80, 81, 82, 86, 94, 95, 102, 103, 104, 105, 108, 157, 171, 172, 179, 185, 254, 255, 260, 261, 263, 264, 265, 271, 272, 278, 279, 285, 286, 293, 296, 297, 299, 308, 309, 310, 313], "summary": {"covered_lines": 72, "num_statements": 113, "percent_covered": 63.716814159292035, "percent_covered_display": "64", "missing_lines": 41, "excluded_lines": 0, "percent_statements_covered": 63.716814159292035, "percent_statements_covered_display": "64"}, "missing_lines": [87, 88, 91, 109, 112, 114, 116, 118, 119, 120, 121, 124, 127, 128, 129, 138, 139, 144, 145, 146, 147, 160, 162, 181, 182, 189, 207, 210, 216, 217, 219, 220, 221, 228, 229, 237, 238, 239, 248, 314, 315], "excluded_lines": [], "functions": {"_call_llm_service": {"executed_lines": [52, 53, 54, 55], "summary": {"covered_lines": 4, "num_statements": 4, "percent_covered": 100.0, "percent_covered_display": "100", "missing_lines": 0, "excluded_lines": 0, "percent_statements_covered": 100.0, "percent_statements_covered_display": "100"}, "missing_lines": [], "excluded_lines": [], "start_line": 50}, "_parse_llm_json_response": {"executed_lines": [71, 72, 74, 75, 76, 77, 78, 79, 80, 81, 82, 86], "summary": {"covered_lines": 12, "num_statements": 15, "percent_covered": 80.0, "percent_covered_display": "80", "missing_lines": 3, "excluded_lines": 0, "percent_statements_covered": 80.0, "percent_statements_covered_display": "80"}, "missing_lines": [87, 88, 91], "excluded_lines": [], "start_line": 58}, "analyze_table": {"executed_lines": [102, 103, 104, 105, 108, 157], "summary": {"covered_lines": 6, "num_statements": 26, "percent_covered": 23.076923076923077, "percent_covered_display": "23", "missing_lines": 20, "excluded_lines": 0, "percent_statements_covered": 23.076923076923077, "percent_statements_covered_display": "23"}, "missing_lines": [109, 112, 114, 116, 118, 119, 120, 121, 124, 127, 128, 129, 138, 139, 144, 145, 146, 147, 160, 162], "excluded_lines": [], "start_line": 95}, "recommend_rules": {"executed_lines": [179, 185], "summary": {"covered_lines": 2, "num_statements": 18, "percent_covered": 11.11111111111111, "percent_covered_display": "11", "missing_lines": 16, "excluded_lines": 0, "percent_statements_covered": 11.11111111111111, "percent_statements_covered_display": "11"}, "missing_lines": [181, 182, 189, 207, 210, 216, 217, 219, 220, 221, 228, 229, 237, 238, 239, 248], "excluded_lines": [], "start_line": 172}, "generate_seatunnel_config": {"executed_lines": [260, 261, 263, 264, 265, 271, 272, 278, 279, 285, 286, 293], "summary": {"covered_lines": 12, "num_statements": 12, "percent_covered": 100.0, "percent_covered_display": "100", "missing_lines": 0, "excluded_lines": 0, "percent_statements_covered": 100.0, "percent_statements_covered_display": "100"}, "missing_lines": [], "excluded_lines": [], "start_line": 255}, "list_rule_templates": {"executed_lines": [299], "summary": {"covered_lines": 1, "num_statements": 1, "percent_covered": 100.0, "percent_covered_display": "100", "missing_lines": 0, "excluded_lines": 0, "percent_statements_covered": 100.0, "percent_statements_covered_display": "100"}, "missing_lines": [], "excluded_lines": [], "start_line": 297}, "health_check": {"executed_lines": [310], "summary": {"covered_lines": 1, "num_statements": 1, "percent_covered": 100.0, "percent_covered_display": "100", "missing_lines": 0, "excluded_lines": 0, "percent_statements_covered": 100.0, "percent_statements_covered_display": "100"}, "missing_lines": [], "excluded_lines": [], "start_line": 309}, "": {"executed_lines": [3, 4, 5, 7, 8, 9, 10, 12, 13, 14, 15, 16, 17, 18, 19, 30, 32, 38, 45, 46, 47, 50, 58, 94, 95, 171, 172, 254, 255, 296, 297, 308, 309, 313], "summary": {"covered_lines": 34, "num_statements": 36, "percent_covered": 94.44444444444444, "percent_covered_display": "94", "missing_lines": 2, "excluded_lines": 0, "percent_statements_covered": 94.44444444444444, "percent_statements_covered_display": "94"}, "missing_lines": [314, 315], "excluded_lines": [], "start_line": 1}}, "classes": {"": {"executed_lines": [3, 4, 5, 7, 8, 9, 10, 12, 13, 14, 15, 16, 17, 18, 19, 30, 32, 38, 45, 46, 47, 50, 52, 53, 54, 55, 58, 71, 72, 74, 75, 76, 77, 78, 79, 80, 81, 82, 86, 94, 95, 102, 103, 104, 105, 108, 157, 171, 172, 179, 185, 254, 255, 260, 261, 263, 264, 265, 271, 272, 278, 279, 285, 286, 293, 296, 297, 299, 308, 309, 310, 313], "summary": {"covered_lines": 72, "num_statements": 113, "percent_covered": 63.716814159292035, "percent_covered_display": "64", "missing_lines": 41, "excluded_lines": 0, "percent_statements_covered": 63.716814159292035, "percent_statements_covered_display": "64"}, "missing_lines": [87, 88, 91, 109, 112, 114, 116, 118, 119, 120, 121, 124, 127, 128, 129, 138, 139, 144, 145, 146, 147, 160, 162, 181, 182, 189, 207, 210, 216, 217, 219, 220, 221, 228, 229, 237, 238, 239, 248, 314, 315], "excluded_lines": [], "start_line": 1}}}, "services/ai_cleaning/models.py": {"executed_lines": [3, 4, 6, 9, 11, 12, 13, 14, 15, 16, 19, 21, 22, 23, 26, 28, 29, 30, 31, 32, 33, 36, 38, 39, 40, 41, 42, 45, 47, 48, 49, 50, 51, 52, 55, 57, 58, 61, 63, 64, 65, 66, 69, 71, 72, 73], "summary": {"covered_lines": 46, "num_statements": 46, "percent_covered": 100.0, "percent_covered_display": "100", "missing_lines": 0, "excluded_lines": 0, "percent_statements_covered": 100.0, "percent_statements_covered_display": "100"}, "missing_lines": [], "excluded_lines": [], "functions": {"": {"executed_lines": [3, 4, 6, 9, 11, 12, 13, 14, 15, 16, 19, 21, 22, 23, 26, 28, 29, 30, 31, 32, 33, 36, 38, 39, 40, 41, 42, 45, 47, 48, 49, 50, 51, 52, 55, 57, 58, 61, 63, 64, 65, 66, 69, 71, 72, 73], "summary": {"covered_lines": 46, "num_statements": 46, "percent_covered": 100.0, "percent_covered_display": "100", "missing_lines": 0, "excluded_lines": 0, "percent_statements_covered": 100.0, "percent_statements_covered_display": "100"}, "missing_lines": [], "excluded_lines": [], "start_line": 1}}, "classes": {"QualityIssueType": {"executed_lines": [], "summary": {"covered_lines": 0, "num_statements": 0, "percent_covered": 100.0, "percent_covered_display": "100", "missing_lines": 0, "excluded_lines": 0, "percent_statements_covered": 100.0, "percent_statements_covered_display": "100"}, "missing_lines": [], "excluded_lines": [], "start_line": 9}, "AnalyzeRequest": {"executed_lines": [], "summary": {"covered_lines": 0, "num_statements": 0, "percent_covered": 100.0, "percent_covered_display": "100", "missing_lines": 0, "excluded_lines": 0, "percent_statements_covered": 100.0, "percent_statements_covered_display": "100"}, "missing_lines": [], "excluded_lines": [], "start_line": 19}, "QualityIssue": {"executed_lines": [], "summary": {"covered_lines": 0, "num_statements": 0, "percent_covered": 100.0, "percent_covered_display": "100", "missing_lines": 0, "excluded_lines": 0, "percent_statements_covered": 100.0, "percent_statements_covered_display": "100"}, "missing_lines": [], "excluded_lines": [], "start_line": 26}, "DataQualityReport": {"executed_lines": [], "summary": {"covered_lines": 0, "num_statements": 0, "percent_covered": 100.0, "percent_covered_display": "100", "missing_lines": 0, "excluded_lines": 0, "percent_statements_covered": 100.0, "percent_statements_covered_display": "100"}, "missing_lines": [], "excluded_lines": [], "start_line": 36}, "CleaningRule": {"executed_lines": [], "summary": {"covered_lines": 0, "num_statements": 0, "percent_covered": 100.0, "percent_covered_display": "100", "missing_lines": 0, "excluded_lines": 0, "percent_statements_covered": 100.0, "percent_statements_covered_display": "100"}, "missing_lines": [], "excluded_lines": [], "start_line": 45}, "CleaningRecommendation": {"executed_lines": [], "summary": {"covered_lines": 0, "num_statements": 0, "percent_covered": 100.0, "percent_covered_display": "100", "missing_lines": 0, "excluded_lines": 0, "percent_statements_covered": 100.0, "percent_statements_covered_display": "100"}, "missing_lines": [], "excluded_lines": [], "start_line": 55}, "SeaTunnelTransformConfig": {"executed_lines": [], "summary": {"covered_lines": 0, "num_statements": 0, "percent_covered": 100.0, "percent_covered_display": "100", "missing_lines": 0, "excluded_lines": 0, "percent_statements_covered": 100.0, "percent_statements_covered_display": "100"}, "missing_lines": [], "excluded_lines": [], "start_line": 61}, "GenerateConfigRequest": {"executed_lines": [], "summary": {"covered_lines": 0, "num_statements": 0, "percent_covered": 100.0, "percent_covered_display": "100", "missing_lines": 0, "excluded_lines": 0, "percent_statements_covered": 100.0, "percent_statements_covered_display": "100"}, "missing_lines": [], "excluded_lines": [], "start_line": 69}, "": {"executed_lines": [3, 4, 6, 9, 11, 12, 13, 14, 15, 16, 19, 21, 22, 23, 26, 28, 29, 30, 31, 32, 33, 36, 38, 39, 40, 41, 42, 45, 47, 48, 49, 50, 51, 52, 55, 57, 58, 61, 63, 64, 65, 66, 69, 71, 72, 73], "summary": {"covered_lines": 46, "num_statements": 46, "percent_covered": 100.0, "percent_covered_display": "100", "missing_lines": 0, "excluded_lines": 0, "percent_statements_covered": 100.0, "percent_statements_covered_display": "100"}, "missing_lines": [], "excluded_lines": [], "start_line": 1}}}, "services/audit_log/__init__.py": {"executed_lines": [], "summary": {"covered_lines": 0, "num_statements": 0, "percent_covered": 100.0, "percent_covered_display": "100", "missing_lines": 0, "excluded_lines": 0, "percent_statements_covered": 100.0, "percent_statements_covered_display": "100"}, "missing_lines": [], "excluded_lines": [], "functions": {"": {"executed_lines": [], "summary": {"covered_lines": 0, "num_statements": 0, "percent_covered": 100.0, "percent_covered_display": "100", "missing_lines": 0, "excluded_lines": 0, "percent_statements_covered": 100.0, "percent_statements_covered_display": "100"}, "missing_lines": [], "excluded_lines": [], "start_line": 1}}, "classes": {"": {"executed_lines": [], "summary": {"covered_lines": 0, "num_statements": 0, "percent_covered": 100.0, "percent_covered_display": "100", "missing_lines": 0, "excluded_lines": 0, "percent_statements_covered": 100.0, "percent_statements_covered_display": "100"}, "missing_lines": [], "excluded_lines": [], "start_line": 1}}}, "services/audit_log/config.py": {"executed_lines": [6, 9, 14, 15, 18, 19, 20, 22, 25], "summary": {"covered_lines": 9, "num_statements": 9, "percent_covered": 100.0, "percent_covered_display": "100", "missing_lines": 0, "excluded_lines": 0, "percent_statements_covered": 100.0, "percent_statements_covered_display": "100"}, "missing_lines": [], "excluded_lines": [], "functions": {"": {"executed_lines": [6, 9, 14, 15, 18, 19, 20, 22, 25], "summary": {"covered_lines": 9, "num_statements": 9, "percent_covered": 100.0, "percent_covered_display": "100", "missing_lines": 0, "excluded_lines": 0, "percent_statements_covered": 100.0, "percent_statements_covered_display": "100"}, "missing_lines": [], "excluded_lines": [], "start_line": 1}}, "classes": {"Settings": {"executed_lines": [], "summary": {"covered_lines": 0, "num_statements": 0, "percent_covered": 100.0, "percent_covered_display": "100", "missing_lines": 0, "excluded_lines": 0, "percent_statements_covered": 100.0, "percent_statements_covered_display": "100"}, "missing_lines": [], "excluded_lines": [], "start_line": 9}, "": {"executed_lines": [6, 9, 14, 15, 18, 19, 20, 22, 25], "summary": {"covered_lines": 9, "num_statements": 9, "percent_covered": 100.0, "percent_covered_display": "100", "missing_lines": 0, "excluded_lines": 0, "percent_statements_covered": 100.0, "percent_statements_covered_display": "100"}, "missing_lines": [], "excluded_lines": [], "start_line": 1}}}, "services/audit_log/main.py": {"executed_lines": [6, 7, 8, 9, 10, 11, 13, 14, 15, 16, 18, 19, 20, 21, 22, 23, 24, 25, 32, 38, 45, 46, 49, 51, 67, 69, 85, 86, 91, 92, 94, 95, 96, 98, 101, 102, 112, 113, 120, 123, 124, 130, 131, 132, 133, 134, 137, 138, 143, 144, 145, 148, 149, 155, 156, 162, 164, 165, 166, 167, 168, 169, 170, 171, 177, 178, 185, 186, 187, 190], "summary": {"covered_lines": 70, "num_statements": 72, "percent_covered": 97.22222222222223, "percent_covered_display": "97", "missing_lines": 2, "excluded_lines": 0, "percent_statements_covered": 97.22222222222223, "percent_statements_covered_display": "97"}, "missing_lines": [191, 192], "excluded_lines": [], "functions": {"_orm_to_pydantic": {"executed_lines": [51], "summary": {"covered_lines": 1, "num_statements": 1, "percent_covered": 100.0, "percent_covered_display": "100", "missing_lines": 0, "excluded_lines": 0, "percent_statements_covered": 100.0, "percent_statements_covered_display": "100"}, "missing_lines": [], "excluded_lines": [], "start_line": 49}, "_pydantic_to_orm": {"executed_lines": [69], "summary": {"covered_lines": 1, "num_statements": 1, "percent_covered": 100.0, "percent_covered_display": "100", "missing_lines": 0, "excluded_lines": 0, "percent_statements_covered": 100.0, "percent_statements_covered_display": "100"}, "missing_lines": [], "excluded_lines": [], "start_line": 67}, "record_event": {"executed_lines": [91, 92, 94, 95, 96, 98], "summary": {"covered_lines": 6, "num_statements": 6, "percent_covered": 100.0, "percent_covered_display": "100", "missing_lines": 0, "excluded_lines": 0, "percent_statements_covered": 100.0, "percent_statements_covered_display": "100"}, "missing_lines": [], "excluded_lines": [], "start_line": 86}, "query_logs": {"executed_lines": [112, 113, 120], "summary": {"covered_lines": 3, "num_statements": 3, "percent_covered": 100.0, "percent_covered_display": "100", "missing_lines": 0, "excluded_lines": 0, "percent_statements_covered": 100.0, "percent_statements_covered_display": "100"}, "missing_lines": [], "excluded_lines": [], "start_line": 102}, "get_log": {"executed_lines": [130, 131, 132, 133, 134], "summary": {"covered_lines": 5, "num_statements": 5, "percent_covered": 100.0, "percent_covered_display": "100", "missing_lines": 0, "excluded_lines": 0, "percent_statements_covered": 100.0, "percent_statements_covered_display": "100"}, "missing_lines": [], "excluded_lines": [], "start_line": 124}, "get_stats": {"executed_lines": [143, 144, 145], "summary": {"covered_lines": 3, "num_statements": 3, "percent_covered": 100.0, "percent_covered_display": "100", "missing_lines": 0, "excluded_lines": 0, "percent_statements_covered": 100.0, "percent_statements_covered_display": "100"}, "missing_lines": [], "excluded_lines": [], "start_line": 138}, "export_logs": {"executed_lines": [155, 156, 162, 164, 165, 166, 167, 168, 169, 170, 171, 177, 178], "summary": {"covered_lines": 13, "num_statements": 13, "percent_covered": 100.0, "percent_covered_display": "100", "missing_lines": 0, "excluded_lines": 0, "percent_statements_covered": 100.0, "percent_statements_covered_display": "100"}, "missing_lines": [], "excluded_lines": [], "start_line": 149}, "health_check": {"executed_lines": [187], "summary": {"covered_lines": 1, "num_statements": 1, "percent_covered": 100.0, "percent_covered_display": "100", "missing_lines": 0, "excluded_lines": 0, "percent_statements_covered": 100.0, "percent_statements_covered_display": "100"}, "missing_lines": [], "excluded_lines": [], "start_line": 186}, "": {"executed_lines": [6, 7, 8, 9, 10, 11, 13, 14, 15, 16, 18, 19, 20, 21, 22, 23, 24, 25, 32, 38, 45, 46, 49, 67, 85, 86, 101, 102, 123, 124, 137, 138, 148, 149, 185, 186, 190], "summary": {"covered_lines": 37, "num_statements": 39, "percent_covered": 94.87179487179488, "percent_covered_display": "95", "missing_lines": 2, "excluded_lines": 0, "percent_statements_covered": 94.87179487179488, "percent_statements_covered_display": "95"}, "missing_lines": [191, 192], "excluded_lines": [], "start_line": 1}}, "classes": {"": {"executed_lines": [6, 7, 8, 9, 10, 11, 13, 14, 15, 16, 18, 19, 20, 21, 22, 23, 24, 25, 32, 38, 45, 46, 49, 51, 67, 69, 85, 86, 91, 92, 94, 95, 96, 98, 101, 102, 112, 113, 120, 123, 124, 130, 131, 132, 133, 134, 137, 138, 143, 144, 145, 148, 149, 155, 156, 162, 164, 165, 166, 167, 168, 169, 170, 171, 177, 178, 185, 186, 187, 190], "summary": {"covered_lines": 70, "num_statements": 72, "percent_covered": 97.22222222222223, "percent_covered_display": "97", "missing_lines": 2, "excluded_lines": 0, "percent_statements_covered": 97.22222222222223, "percent_statements_covered_display": "97"}, "missing_lines": [191, 192], "excluded_lines": [], "start_line": 1}}}, "services/audit_log/models.py": {"executed_lines": [3, 4, 5, 7, 10, 11, 12, 13, 14, 15, 16, 17, 18, 19, 22, 23, 24, 25, 26, 27, 28, 29, 30, 31, 32, 33, 36, 38, 39, 40, 41, 42, 43, 44, 45, 46, 47, 48, 49, 52, 54, 55, 56, 57, 58, 59, 60, 63, 65, 66, 67, 68, 69, 70, 73, 75, 76], "summary": {"covered_lines": 57, "num_statements": 57, "percent_covered": 100.0, "percent_covered_display": "100", "missing_lines": 0, "excluded_lines": 0, "percent_statements_covered": 100.0, "percent_statements_covered_display": "100"}, "missing_lines": [], "excluded_lines": [], "functions": {"": {"executed_lines": [3, 4, 5, 7, 10, 11, 12, 13, 14, 15, 16, 17, 18, 19, 22, 23, 24, 25, 26, 27, 28, 29, 30, 31, 32, 33, 36, 38, 39, 40, 41, 42, 43, 44, 45, 46, 47, 48, 49, 52, 54, 55, 56, 57, 58, 59, 60, 63, 65, 66, 67, 68, 69, 70, 73, 75, 76], "summary": {"covered_lines": 57, "num_statements": 57, "percent_covered": 100.0, "percent_covered_display": "100", "missing_lines": 0, "excluded_lines": 0, "percent_statements_covered": 100.0, "percent_statements_covered_display": "100"}, "missing_lines": [], "excluded_lines": [], "start_line": 1}}, "classes": {"EventType": {"executed_lines": [], "summary": {"covered_lines": 0, "num_statements": 0, "percent_covered": 100.0, "percent_covered_display": "100", "missing_lines": 0, "excluded_lines": 0, "percent_statements_covered": 100.0, "percent_statements_covered_display": "100"}, "missing_lines": [], "excluded_lines": [], "start_line": 10}, "Subsystem": {"executed_lines": [], "summary": {"covered_lines": 0, "num_statements": 0, "percent_covered": 100.0, "percent_covered_display": "100", "missing_lines": 0, "excluded_lines": 0, "percent_statements_covered": 100.0, "percent_statements_covered_display": "100"}, "missing_lines": [], "excluded_lines": [], "start_line": 22}, "AuditEvent": {"executed_lines": [], "summary": {"covered_lines": 0, "num_statements": 0, "percent_covered": 100.0, "percent_covered_display": "100", "missing_lines": 0, "excluded_lines": 0, "percent_statements_covered": 100.0, "percent_statements_covered_display": "100"}, "missing_lines": [], "excluded_lines": [], "start_line": 36}, "AuditQuery": {"executed_lines": [], "summary": {"covered_lines": 0, "num_statements": 0, "percent_covered": 100.0, "percent_covered_display": "100", "missing_lines": 0, "excluded_lines": 0, "percent_statements_covered": 100.0, "percent_statements_covered_display": "100"}, "missing_lines": [], "excluded_lines": [], "start_line": 52}, "AuditStats": {"executed_lines": [], "summary": {"covered_lines": 0, "num_statements": 0, "percent_covered": 100.0, "percent_covered_display": "100", "missing_lines": 0, "excluded_lines": 0, "percent_statements_covered": 100.0, "percent_statements_covered_display": "100"}, "missing_lines": [], "excluded_lines": [], "start_line": 63}, "ExportRequest": {"executed_lines": [], "summary": {"covered_lines": 0, "num_statements": 0, "percent_covered": 100.0, "percent_covered_display": "100", "missing_lines": 0, "excluded_lines": 0, "percent_statements_covered": 100.0, "percent_statements_covered_display": "100"}, "missing_lines": [], "excluded_lines": [], "start_line": 73}, "": {"executed_lines": [3, 4, 5, 7, 10, 11, 12, 13, 14, 15, 16, 17, 18, 19, 22, 23, 24, 25, 26, 27, 28, 29, 30, 31, 32, 33, 36, 38, 39, 40, 41, 42, 43, 44, 45, 46, 47, 48, 49, 52, 54, 55, 56, 57, 58, 59, 60, 63, 65, 66, 67, 68, 69, 70, 73, 75, 76], "summary": {"covered_lines": 57, "num_statements": 57, "percent_covered": 100.0, "percent_covered_display": "100", "missing_lines": 0, "excluded_lines": 0, "percent_statements_covered": 100.0, "percent_statements_covered_display": "100"}, "missing_lines": [], "excluded_lines": [], "start_line": 1}}}, "services/common/__init__.py": {"executed_lines": [], "summary": {"covered_lines": 0, "num_statements": 0, "percent_covered": 100.0, "percent_covered_display": "100", "missing_lines": 0, "excluded_lines": 0, "percent_statements_covered": 100.0, "percent_statements_covered_display": "100"}, "missing_lines": [], "excluded_lines": [], "functions": {"": {"executed_lines": [], "summary": {"covered_lines": 0, "num_statements": 0, "percent_covered": 100.0, "percent_covered_display": "100", "missing_lines": 0, "excluded_lines": 0, "percent_statements_covered": 100.0, "percent_statements_covered_display": "100"}, "missing_lines": [], "excluded_lines": [], "start_line": 1}}, "classes": {"": {"executed_lines": [], "summary": {"covered_lines": 0, "num_statements": 0, "percent_covered": 100.0, "percent_covered_display": "100", "missing_lines": 0, "excluded_lines": 0, "percent_statements_covered": 100.0, "percent_statements_covered_display": "100"}, "missing_lines": [], "excluded_lines": [], "start_line": 1}}}, "services/common/api_response.py": {"executed_lines": [40, 41, 42, 44, 47, 64, 65, 66, 67, 70, 71, 72, 73, 76, 77, 78, 79, 82, 83, 84, 85, 88, 89, 90, 91, 94, 95, 96, 97, 100, 101, 102, 103, 104, 105, 106, 109, 110, 111, 114, 117, 127, 128, 129, 130, 135, 149, 159, 160, 161, 162, 168, 171, 172, 173, 174, 175, 180, 195, 198, 213, 216, 235, 237, 251, 268, 277, 281, 326, 335], "summary": {"covered_lines": 70, "num_statements": 70, "percent_covered": 100.0, "percent_covered_display": "100", "missing_lines": 0, "excluded_lines": 0, "percent_statements_covered": 100.0, "percent_statements_covered_display": "100"}, "missing_lines": [], "excluded_lines": [], "functions": {"success": {"executed_lines": [195], "summary": {"covered_lines": 1, "num_statements": 1, "percent_covered": 100.0, "percent_covered_display": "100", "missing_lines": 0, "excluded_lines": 0, "percent_statements_covered": 100.0, "percent_statements_covered_display": "100"}, "missing_lines": [], "excluded_lines": [], "start_line": 180}, "error": {"executed_lines": [213], "summary": {"covered_lines": 1, "num_statements": 1, "percent_covered": 100.0, "percent_covered_display": "100", "missing_lines": 0, "excluded_lines": 0, "percent_statements_covered": 100.0, "percent_statements_covered_display": "100"}, "missing_lines": [], "excluded_lines": [], "start_line": 198}, "paginated": {"executed_lines": [235, 237], "summary": {"covered_lines": 2, "num_statements": 2, "percent_covered": 100.0, "percent_covered_display": "100", "missing_lines": 0, "excluded_lines": 0, "percent_statements_covered": 100.0, "percent_statements_covered_display": "100"}, "missing_lines": [], "excluded_lines": [], "start_line": 216}, "get_http_status": {"executed_lines": [277], "summary": {"covered_lines": 1, "num_statements": 1, "percent_covered": 100.0, "percent_covered_display": "100", "missing_lines": 0, "excluded_lines": 0, "percent_statements_covered": 100.0, "percent_statements_covered_display": "100"}, "missing_lines": [], "excluded_lines": [], "start_line": 268}, "get_error_message": {"executed_lines": [335], "summary": {"covered_lines": 1, "num_statements": 1, "percent_covered": 100.0, "percent_covered_display": "100", "missing_lines": 0, "excluded_lines": 0, "percent_statements_covered": 100.0, "percent_statements_covered_display": "100"}, "missing_lines": [], "excluded_lines": [], "start_line": 326}, "": {"executed_lines": [40, 41, 42, 44, 47, 64, 65, 66, 67, 70, 71, 72, 73, 76, 77, 78, 79, 82, 83, 84, 85, 88, 89, 90, 91, 94, 95, 96, 97, 100, 101, 102, 103, 104, 105, 106, 109, 110, 111, 114, 117, 127, 128, 129, 130, 135, 149, 159, 160, 161, 162, 168, 171, 172, 173, 174, 175, 180, 198, 216, 251, 268, 281, 326], "summary": {"covered_lines": 64, "num_statements": 64, "percent_covered": 100.0, "percent_covered_display": "100", "missing_lines": 0, "excluded_lines": 0, "percent_statements_covered": 100.0, "percent_statements_covered_display": "100"}, "missing_lines": [], "excluded_lines": [], "start_line": 1}}, "classes": {"ErrorCode": {"executed_lines": [], "summary": {"covered_lines": 0, "num_statements": 0, "percent_covered": 100.0, "percent_covered_display": "100", "missing_lines": 0, "excluded_lines": 0, "percent_statements_covered": 100.0, "percent_statements_covered_display": "100"}, "missing_lines": [], "excluded_lines": [], "start_line": 47}, "ApiResponse": {"executed_lines": [], "summary": {"covered_lines": 0, "num_statements": 0, "percent_covered": 100.0, "percent_covered_display": "100", "missing_lines": 0, "excluded_lines": 0, "percent_statements_covered": 100.0, "percent_statements_covered_display": "100"}, "missing_lines": [], "excluded_lines": [], "start_line": 117}, "PaginatedResponse": {"executed_lines": [], "summary": {"covered_lines": 0, "num_statements": 0, "percent_covered": 100.0, "percent_covered_display": "100", "missing_lines": 0, "excluded_lines": 0, "percent_statements_covered": 100.0, "percent_statements_covered_display": "100"}, "missing_lines": [], "excluded_lines": [], "start_line": 149}, "PageData": {"executed_lines": [], "summary": {"covered_lines": 0, "num_statements": 0, "percent_covered": 100.0, "percent_covered_display": "100", "missing_lines": 0, "excluded_lines": 0, "percent_statements_covered": 100.0, "percent_statements_covered_display": "100"}, "missing_lines": [], "excluded_lines": [], "start_line": 168}, "": {"executed_lines": [40, 41, 42, 44, 47, 64, 65, 66, 67, 70, 71, 72, 73, 76, 77, 78, 79, 82, 83, 84, 85, 88, 89, 90, 91, 94, 95, 96, 97, 100, 101, 102, 103, 104, 105, 106, 109, 110, 111, 114, 117, 127, 128, 129, 130, 135, 149, 159, 160, 161, 162, 168, 171, 172, 173, 174, 175, 180, 195, 198, 213, 216, 235, 237, 251, 268, 277, 281, 326, 335], "summary": {"covered_lines": 70, "num_statements": 70, "percent_covered": 100.0, "percent_covered_display": "100", "missing_lines": 0, "excluded_lines": 0, "percent_statements_covered": 100.0, "percent_statements_covered_display": "100"}, "missing_lines": [], "excluded_lines": [], "start_line": 1}}}, "services/common/auth.py": {"executed_lines": [3, 4, 5, 7, 8, 9, 10, 13, 14, 15, 17, 19, 21, 24, 26, 27, 28, 29, 30, 32, 33, 35, 38, 45, 46, 47, 54, 57, 59, 60, 61, 62, 67, 69, 70, 71, 72, 77, 80, 86, 87, 90, 91, 97, 98, 99, 103, 104, 110, 121, 122, 123, 132, 133, 137, 140, 152, 169], "summary": {"covered_lines": 58, "num_statements": 88, "percent_covered": 65.9090909090909, "percent_covered_display": "66", "missing_lines": 30, "excluded_lines": 0, "percent_statements_covered": 65.9090909090909, "percent_statements_covered_display": "66"}, "missing_lines": [63, 64, 73, 74, 81, 92, 125, 144, 145, 146, 147, 148, 149, 154, 156, 160, 161, 162, 164, 165, 166, 171, 173, 177, 178, 181, 182, 185, 190, 191], "excluded_lines": [], "functions": {"TokenPayload.user_id": {"executed_lines": [35], "summary": {"covered_lines": 1, "num_statements": 1, "percent_covered": 100.0, "percent_covered_display": "100", "missing_lines": 0, "excluded_lines": 0, "percent_statements_covered": 100.0, "percent_statements_covered_display": "100"}, "missing_lines": [], "excluded_lines": [], "start_line": 33}, "create_token": {"executed_lines": [45, 46, 47, 54], "summary": {"covered_lines": 4, "num_statements": 4, "percent_covered": 100.0, "percent_covered_display": "100", "missing_lines": 0, "excluded_lines": 0, "percent_statements_covered": 100.0, "percent_statements_covered_display": "100"}, "missing_lines": [], "excluded_lines": [], "start_line": 38}, "_check_token_blacklist": {"executed_lines": [59, 60, 61, 62], "summary": {"covered_lines": 4, "num_statements": 6, "percent_covered": 66.66666666666667, "percent_covered_display": "67", "missing_lines": 2, "excluded_lines": 0, "percent_statements_covered": 66.66666666666667, "percent_statements_covered_display": "67"}, "missing_lines": [63, 64], "excluded_lines": [], "start_line": 57}, "_check_user_revoked": {"executed_lines": [69, 70, 71, 72], "summary": {"covered_lines": 4, "num_statements": 6, "percent_covered": 66.66666666666667, "percent_covered_display": "67", "missing_lines": 2, "excluded_lines": 0, "percent_statements_covered": 66.66666666666667, "percent_statements_covered_display": "67"}, "missing_lines": [73, 74], "excluded_lines": [], "start_line": 67}, "verify_token": {"executed_lines": [80, 86, 87, 90, 91, 97, 98, 99, 103, 104], "summary": {"covered_lines": 10, "num_statements": 12, "percent_covered": 83.33333333333333, "percent_covered_display": "83", "missing_lines": 2, "excluded_lines": 0, "percent_statements_covered": 83.33333333333333, "percent_statements_covered_display": "83"}, "missing_lines": [81, 92], "excluded_lines": [], "start_line": 77}, "get_current_user": {"executed_lines": [121, 122, 123, 132, 133, 137], "summary": {"covered_lines": 6, "num_statements": 7, "percent_covered": 85.71428571428571, "percent_covered_display": "86", "missing_lines": 1, "excluded_lines": 0, "percent_statements_covered": 85.71428571428571, "percent_statements_covered_display": "86"}, "missing_lines": [125], "excluded_lines": [], "start_line": 110}, "get_optional_user": {"executed_lines": [], "summary": {"covered_lines": 0, "num_statements": 6, "percent_covered": 0.0, "percent_covered_display": "0", "missing_lines": 6, "excluded_lines": 0, "percent_statements_covered": 0.0, "percent_statements_covered_display": "0"}, "missing_lines": [144, 145, 146, 147, 148, 149], "excluded_lines": [], "start_line": 140}, "can_refresh_token": {"executed_lines": [], "summary": {"covered_lines": 0, "num_statements": 8, "percent_covered": 0.0, "percent_covered_display": "0", "missing_lines": 8, "excluded_lines": 0, "percent_statements_covered": 0.0, "percent_statements_covered_display": "0"}, "missing_lines": [154, 156, 160, 161, 162, 164, 165, 166], "excluded_lines": [], "start_line": 152}, "refresh_token": {"executed_lines": [], "summary": {"covered_lines": 0, "num_statements": 9, "percent_covered": 0.0, "percent_covered_display": "0", "missing_lines": 9, "excluded_lines": 0, "percent_statements_covered": 0.0, "percent_statements_covered_display": "0"}, "missing_lines": [171, 173, 177, 178, 181, 182, 185, 190, 191], "excluded_lines": [], "start_line": 169}, "": {"executed_lines": [3, 4, 5, 7, 8, 9, 10, 13, 14, 15, 17, 19, 21, 24, 26, 27, 28, 29, 30, 32, 33, 38, 57, 67, 77, 110, 140, 152, 169], "summary": {"covered_lines": 29, "num_statements": 29, "percent_covered": 100.0, "percent_covered_display": "100", "missing_lines": 0, "excluded_lines": 0, "percent_statements_covered": 100.0, "percent_statements_covered_display": "100"}, "missing_lines": [], "excluded_lines": [], "start_line": 1}}, "classes": {"TokenPayload": {"executed_lines": [35], "summary": {"covered_lines": 1, "num_statements": 1, "percent_covered": 100.0, "percent_covered_display": "100", "missing_lines": 0, "excluded_lines": 0, "percent_statements_covered": 100.0, "percent_statements_covered_display": "100"}, "missing_lines": [], "excluded_lines": [], "start_line": 24}, "": {"executed_lines": [3, 4, 5, 7, 8, 9, 10, 13, 14, 15, 17, 19, 21, 24, 26, 27, 28, 29, 30, 32, 33, 38, 45, 46, 47, 54, 57, 59, 60, 61, 62, 67, 69, 70, 71, 72, 77, 80, 86, 87, 90, 91, 97, 98, 99, 103, 104, 110, 121, 122, 123, 132, 133, 137, 140, 152, 169], "summary": {"covered_lines": 57, "num_statements": 87, "percent_covered": 65.51724137931035, "percent_covered_display": "66", "missing_lines": 30, "excluded_lines": 0, "percent_statements_covered": 65.51724137931035, "percent_statements_covered_display": "66"}, "missing_lines": [63, 64, 73, 74, 81, 92, 125, 144, 145, 146, 147, 148, 149, 154, 156, 160, 161, 162, 164, 165, 166, 171, 173, 177, 178, 181, 182, 185, 190, 191], "excluded_lines": [], "start_line": 1}}}, "services/common/base_config.py": {"executed_lines": [6, 7, 8, 10, 11, 12, 20, 30, 31, 32, 35, 40, 41, 42, 43, 48, 53, 54, 59, 63, 68, 69, 74, 75, 78, 79, 84, 87, 94, 99, 100, 101, 102, 103, 104, 105, 106, 107, 108, 109, 110, 111, 112, 115, 116, 117, 118, 119, 120, 122, 124, 128, 130, 132, 136, 147, 178, 181, 182, 185, 186, 187, 190, 192, 195, 204, 209, 210, 211, 216, 217, 222, 223, 224, 225, 226, 227, 232, 233, 234, 236, 238, 242, 253, 260, 292, 309, 343, 383], "summary": {"covered_lines": 89, "num_statements": 164, "percent_covered": 54.26829268292683, "percent_covered_display": "54", "missing_lines": 75, "excluded_lines": 0, "percent_statements_covered": 54.26829268292683, "percent_statements_covered_display": "54"}, "missing_lines": [13, 14, 16, 17, 126, 134, 138, 145, 156, 159, 160, 161, 164, 165, 168, 169, 172, 173, 175, 240, 244, 245, 246, 255, 256, 257, 266, 268, 269, 270, 273, 281, 282, 285, 287, 289, 298, 300, 301, 303, 304, 306, 318, 319, 321, 322, 323, 324, 325, 326, 327, 329, 331, 332, 338, 340, 352, 379, 380, 392, 393, 395, 396, 398, 399, 400, 401, 402, 404, 405, 406, 407, 408, 409, 411], "excluded_lines": [], "functions": {"BaseServiceConfig.is_production": {"executed_lines": [], "summary": {"covered_lines": 0, "num_statements": 1, "percent_covered": 0.0, "percent_covered_display": "0", "missing_lines": 1, "excluded_lines": 0, "percent_statements_covered": 0.0, "percent_statements_covered_display": "0"}, "missing_lines": [126], "excluded_lines": [], "start_line": 124}, "BaseServiceConfig.is_development": {"executed_lines": [130], "summary": {"covered_lines": 1, "num_statements": 1, "percent_covered": 100.0, "percent_covered_display": "100", "missing_lines": 0, "excluded_lines": 0, "percent_statements_covered": 100.0, "percent_statements_covered_display": "100"}, "missing_lines": [], "excluded_lines": [], "start_line": 128}, "BaseServiceConfig.is_test": {"executed_lines": [], "summary": {"covered_lines": 0, "num_statements": 1, "percent_covered": 0.0, "percent_covered_display": "0", "missing_lines": 1, "excluded_lines": 0, "percent_statements_covered": 0.0, "percent_statements_covered_display": "0"}, "missing_lines": [134], "excluded_lines": [], "start_line": 132}, "BaseServiceConfig.get_log_level": {"executed_lines": [], "summary": {"covered_lines": 0, "num_statements": 2, "percent_covered": 0.0, "percent_covered_display": "0", "missing_lines": 2, "excluded_lines": 0, "percent_statements_covered": 0.0, "percent_statements_covered_display": "0"}, "missing_lines": [138, 145], "excluded_lines": [], "start_line": 136}, "BaseServiceConfig.validate_security": {"executed_lines": [], "summary": {"covered_lines": 0, "num_statements": 11, "percent_covered": 0.0, "percent_covered_display": "0", "missing_lines": 11, "excluded_lines": 0, "percent_statements_covered": 0.0, "percent_statements_covered_display": "0"}, "missing_lines": [156, 159, 160, 161, 164, 165, 168, 169, 172, 173, 175], "excluded_lines": [], "start_line": 147}, "ServiceConfig.get_storage_path": {"executed_lines": [], "summary": {"covered_lines": 0, "num_statements": 1, "percent_covered": 0.0, "percent_covered_display": "0", "missing_lines": 1, "excluded_lines": 0, "percent_statements_covered": 0.0, "percent_statements_covered_display": "0"}, "missing_lines": [240], "excluded_lines": [], "start_line": 238}, "ServiceConfig.ensure_storage_dir": {"executed_lines": [], "summary": {"covered_lines": 0, "num_statements": 3, "percent_covered": 0.0, "percent_covered_display": "0", "missing_lines": 3, "excluded_lines": 0, "percent_statements_covered": 0.0, "percent_statements_covered_display": "0"}, "missing_lines": [244, 245, 246], "excluded_lines": [], "start_line": 242}, "validate_url": {"executed_lines": [], "summary": {"covered_lines": 0, "num_statements": 3, "percent_covered": 0.0, "percent_covered_display": "0", "missing_lines": 3, "excluded_lines": 0, "percent_statements_covered": 0.0, "percent_statements_covered_display": "0"}, "missing_lines": [255, 256, 257], "excluded_lines": [], "start_line": 253}, "validate_database_url": {"executed_lines": [], "summary": {"covered_lines": 0, "num_statements": 10, "percent_covered": 0.0, "percent_covered_display": "0", "missing_lines": 10, "excluded_lines": 0, "percent_statements_covered": 0.0, "percent_statements_covered_display": "0"}, "missing_lines": [266, 268, 269, 270, 273, 281, 282, 285, 287, 289], "excluded_lines": [], "start_line": 260}, "validate_redis_url": {"executed_lines": [], "summary": {"covered_lines": 0, "num_statements": 6, "percent_covered": 0.0, "percent_covered_display": "0", "missing_lines": 6, "excluded_lines": 0, "percent_statements_covered": 0.0, "percent_statements_covered_display": "0"}, "missing_lines": [298, 300, 301, 303, 304, 306], "excluded_lines": [], "start_line": 292}, "check_service_connectivity": {"executed_lines": [], "summary": {"covered_lines": 0, "num_statements": 6, "percent_covered": 0.0, "percent_covered_display": "0", "missing_lines": 6, "excluded_lines": 0, "percent_statements_covered": 0.0, "percent_statements_covered_display": "0"}, "missing_lines": [318, 319, 321, 329, 331, 340], "excluded_lines": [], "start_line": 309}, "check_service_connectivity.check_one": {"executed_lines": [], "summary": {"covered_lines": 0, "num_statements": 6, "percent_covered": 0.0, "percent_covered_display": "0", "missing_lines": 6, "excluded_lines": 0, "percent_statements_covered": 0.0, "percent_statements_covered_display": "0"}, "missing_lines": [322, 323, 324, 325, 326, 327], "excluded_lines": [], "start_line": 321}, "check_service_connectivity.check_all": {"executed_lines": [], "summary": {"covered_lines": 0, "num_statements": 2, "percent_covered": 0.0, "percent_covered_display": "0", "missing_lines": 2, "excluded_lines": 0, "percent_statements_covered": 0.0, "percent_statements_covered_display": "0"}, "missing_lines": [332, 338], "excluded_lines": [], "start_line": 331}, "get_service_config": {"executed_lines": [], "summary": {"covered_lines": 0, "num_statements": 3, "percent_covered": 0.0, "percent_covered_display": "0", "missing_lines": 3, "excluded_lines": 0, "percent_statements_covered": 0.0, "percent_statements_covered_display": "0"}, "missing_lines": [352, 379, 380], "excluded_lines": [], "start_line": 343}, "load_env_file": {"executed_lines": [], "summary": {"covered_lines": 0, "num_statements": 16, "percent_covered": 0.0, "percent_covered_display": "0", "missing_lines": 16, "excluded_lines": 0, "percent_statements_covered": 0.0, "percent_statements_covered_display": "0"}, "missing_lines": [392, 393, 395, 396, 398, 399, 400, 401, 402, 404, 405, 406, 407, 408, 409, 411], "excluded_lines": [], "start_line": 383}, "": {"executed_lines": [6, 7, 8, 10, 11, 12, 20, 30, 31, 32, 35, 40, 41, 42, 43, 48, 53, 54, 59, 63, 68, 69, 74, 75, 78, 79, 84, 87, 94, 99, 100, 101, 102, 103, 104, 105, 106, 107, 108, 109, 110, 111, 112, 115, 116, 117, 118, 119, 120, 122, 124, 128, 132, 136, 147, 178, 181, 182, 185, 186, 187, 190, 192, 195, 204, 209, 210, 211, 216, 217, 222, 223, 224, 225, 226, 227, 232, 233, 234, 236, 238, 242, 253, 260, 292, 309, 343, 383], "summary": {"covered_lines": 88, "num_statements": 92, "percent_covered": 95.65217391304348, "percent_covered_display": "96", "missing_lines": 4, "excluded_lines": 0, "percent_statements_covered": 95.65217391304348, "percent_statements_covered_display": "96"}, "missing_lines": [13, 14, 16, 17], "excluded_lines": [], "start_line": 1}}, "classes": {"BaseServiceConfig": {"executed_lines": [130], "summary": {"covered_lines": 1, "num_statements": 16, "percent_covered": 6.25, "percent_covered_display": "6", "missing_lines": 15, "excluded_lines": 0, "percent_statements_covered": 6.25, "percent_statements_covered_display": "6"}, "missing_lines": [126, 134, 138, 145, 156, 159, 160, 161, 164, 165, 168, 169, 172, 173, 175], "excluded_lines": [], "start_line": 20}, "PortalConfig": {"executed_lines": [], "summary": {"covered_lines": 0, "num_statements": 0, "percent_covered": 100.0, "percent_covered_display": "100", "missing_lines": 0, "excluded_lines": 0, "percent_statements_covered": 100.0, "percent_statements_covered_display": "100"}, "missing_lines": [], "excluded_lines": [], "start_line": 178}, "ServiceConfig": {"executed_lines": [], "summary": {"covered_lines": 0, "num_statements": 4, "percent_covered": 0.0, "percent_covered_display": "0", "missing_lines": 4, "excluded_lines": 0, "percent_statements_covered": 0.0, "percent_statements_covered_display": "0"}, "missing_lines": [240, 244, 245, 246], "excluded_lines": [], "start_line": 195}, "": {"executed_lines": [6, 7, 8, 10, 11, 12, 20, 30, 31, 32, 35, 40, 41, 42, 43, 48, 53, 54, 59, 63, 68, 69, 74, 75, 78, 79, 84, 87, 94, 99, 100, 101, 102, 103, 104, 105, 106, 107, 108, 109, 110, 111, 112, 115, 116, 117, 118, 119, 120, 122, 124, 128, 132, 136, 147, 178, 181, 182, 185, 186, 187, 190, 192, 195, 204, 209, 210, 211, 216, 217, 222, 223, 224, 225, 226, 227, 232, 233, 234, 236, 238, 242, 253, 260, 292, 309, 343, 383], "summary": {"covered_lines": 88, "num_statements": 144, "percent_covered": 61.111111111111114, "percent_covered_display": "61", "missing_lines": 56, "excluded_lines": 0, "percent_statements_covered": 61.111111111111114, "percent_statements_covered_display": "61"}, "missing_lines": [13, 14, 16, 17, 255, 256, 257, 266, 268, 269, 270, 273, 281, 282, 285, 287, 289, 298, 300, 301, 303, 304, 306, 318, 319, 321, 322, 323, 324, 325, 326, 327, 329, 331, 332, 338, 340, 352, 379, 380, 392, 393, 395, 396, 398, 399, 400, 401, 402, 404, 405, 406, 407, 408, 409, 411], "excluded_lines": [], "start_line": 1}}}, "services/common/config_center.py": {"executed_lines": [32, 33, 34, 35, 36, 37, 38, 39, 40, 41, 42, 43], "summary": {"covered_lines": 12, "num_statements": 346, "percent_covered": 3.468208092485549, "percent_covered_display": "3", "missing_lines": 334, "excluded_lines": 0, "percent_statements_covered": 3.468208092485549, "percent_statements_covered_display": "3"}, "missing_lines": [44, 45, 47, 49, 52, 58, 61, 62, 65, 78, 79, 80, 83, 84, 85, 86, 87, 88, 89, 92, 93, 94, 95, 96, 97, 98, 101, 102, 103, 104, 105, 106, 107, 108, 109, 112, 117, 126, 127, 128, 129, 132, 141, 142, 144, 145, 146, 147, 148, 149, 150, 151, 152, 155, 166, 183, 184, 185, 186, 187, 190, 191, 194, 195, 198, 199, 202, 203, 204, 207, 208, 210, 212, 213, 215, 216, 217, 218, 219, 221, 230, 231, 232, 234, 236, 237, 238, 239, 240, 241, 243, 244, 246, 248, 249, 251, 252, 253, 254, 255, 257, 258, 260, 262, 263, 265, 266, 267, 269, 275, 276, 277, 279, 280, 281, 283, 301, 304, 305, 306, 309, 310, 311, 313, 315, 319, 320, 321, 323, 324, 325, 326, 328, 329, 331, 332, 335, 336, 338, 340, 342, 343, 344, 345, 346, 347, 349, 357, 358, 360, 362, 363, 364, 367, 368, 371, 372, 373, 374, 375, 377, 379, 381, 382, 383, 384, 385, 387, 389, 390, 391, 392, 393, 395, 397, 398, 400, 402, 403, 404, 405, 406, 407, 408, 410, 428, 429, 430, 432, 435, 436, 438, 441, 442, 444, 445, 451, 453, 456, 457, 458, 460, 462, 464, 465, 466, 468, 469, 471, 472, 473, 475, 484, 485, 487, 489, 490, 494, 496, 497, 498, 499, 501, 502, 503, 505, 514, 515, 517, 519, 521, 523, 524, 525, 527, 533, 534, 535, 536, 538, 539, 541, 543, 554, 555, 556, 557, 559, 561, 566, 567, 569, 570, 575, 576, 578, 580, 581, 582, 583, 584, 586, 588, 590, 591, 592, 593, 595, 597, 598, 599, 600, 602, 609, 610, 613, 614, 616, 617, 619, 622, 623, 624, 625, 628, 631, 633, 634, 637, 639, 641, 642, 643, 644, 645, 646, 647, 648, 650, 652, 653, 654, 655, 657, 659, 660, 662, 664, 668, 669, 672, 680, 681, 682, 684, 686, 689, 693, 694, 696, 697, 698, 702, 712, 713, 714, 715, 716, 720, 722, 723, 726, 728, 729], "excluded_lines": [], "functions": {"_get_encryption_key": {"executed_lines": [], "summary": {"covered_lines": 0, "num_statements": 27, "percent_covered": 0.0, "percent_covered_display": "0", "missing_lines": 27, "excluded_lines": 0, "percent_statements_covered": 0.0, "percent_statements_covered_display": "0"}, "missing_lines": [78, 79, 80, 83, 84, 85, 86, 87, 88, 89, 92, 93, 94, 95, 96, 97, 98, 101, 102, 103, 104, 105, 106, 107, 108, 109, 112], "excluded_lines": [], "start_line": 65}, "encrypt_value": {"executed_lines": [], "summary": {"covered_lines": 0, "num_statements": 4, "percent_covered": 0.0, "percent_covered_display": "0", "missing_lines": 4, "excluded_lines": 0, "percent_statements_covered": 0.0, "percent_statements_covered_display": "0"}, "missing_lines": [126, 127, 128, 129], "excluded_lines": [], "start_line": 117}, "decrypt_value": {"executed_lines": [], "summary": {"covered_lines": 0, "num_statements": 11, "percent_covered": 0.0, "percent_covered_display": "0", "missing_lines": 11, "excluded_lines": 0, "percent_statements_covered": 0.0, "percent_statements_covered_display": "0"}, "missing_lines": [141, 142, 144, 145, 146, 147, 148, 149, 150, 151, 152], "excluded_lines": [], "start_line": 132}, "EtcdConfigCenter.__init__": {"executed_lines": [], "summary": {"covered_lines": 0, "num_statements": 17, "percent_covered": 0.0, "percent_covered_display": "0", "missing_lines": 17, "excluded_lines": 0, "percent_statements_covered": 0.0, "percent_statements_covered_display": "0"}, "missing_lines": [183, 184, 185, 186, 187, 190, 191, 194, 195, 198, 199, 202, 203, 204, 207, 208, 210], "excluded_lines": [], "start_line": 166}, "EtcdConfigCenter.client": {"executed_lines": [], "summary": {"covered_lines": 0, "num_statements": 5, "percent_covered": 0.0, "percent_covered_display": "0", "missing_lines": 5, "excluded_lines": 0, "percent_statements_covered": 0.0, "percent_statements_covered_display": "0"}, "missing_lines": [215, 216, 217, 218, 219], "excluded_lines": [], "start_line": 213}, "EtcdConfigCenter.is_available": {"executed_lines": [], "summary": {"covered_lines": 0, "num_statements": 12, "percent_covered": 0.0, "percent_covered_display": "0", "missing_lines": 12, "excluded_lines": 0, "percent_statements_covered": 0.0, "percent_statements_covered_display": "0"}, "missing_lines": [230, 231, 232, 234, 236, 237, 238, 239, 240, 241, 243, 244], "excluded_lines": [], "start_line": 221}, "EtcdConfigCenter._get_from_cache": {"executed_lines": [], "summary": {"covered_lines": 0, "num_statements": 9, "percent_covered": 0.0, "percent_covered_display": "0", "missing_lines": 9, "excluded_lines": 0, "percent_statements_covered": 0.0, "percent_statements_covered_display": "0"}, "missing_lines": [248, 249, 251, 252, 253, 254, 255, 257, 258], "excluded_lines": [], "start_line": 246}, "EtcdConfigCenter._set_cache": {"executed_lines": [], "summary": {"covered_lines": 0, "num_statements": 5, "percent_covered": 0.0, "percent_covered_display": "0", "missing_lines": 5, "excluded_lines": 0, "percent_statements_covered": 0.0, "percent_statements_covered_display": "0"}, "missing_lines": [262, 263, 265, 266, 267], "excluded_lines": [], "start_line": 260}, "EtcdConfigCenter._clear_cache": {"executed_lines": [], "summary": {"covered_lines": 0, "num_statements": 6, "percent_covered": 0.0, "percent_covered_display": "0", "missing_lines": 6, "excluded_lines": 0, "percent_statements_covered": 0.0, "percent_statements_covered_display": "0"}, "missing_lines": [275, 276, 277, 279, 280, 281], "excluded_lines": [], "start_line": 269}, "EtcdConfigCenter.get": {"executed_lines": [], "summary": {"covered_lines": 0, "num_statements": 23, "percent_covered": 0.0, "percent_covered_display": "0", "missing_lines": 23, "excluded_lines": 0, "percent_statements_covered": 0.0, "percent_statements_covered_display": "0"}, "missing_lines": [301, 304, 305, 306, 309, 310, 311, 313, 315, 319, 320, 321, 323, 324, 325, 326, 328, 329, 331, 332, 335, 336, 338], "excluded_lines": [], "start_line": 283}, "EtcdConfigCenter._decrypt_if_needed": {"executed_lines": [], "summary": {"covered_lines": 0, "num_statements": 6, "percent_covered": 0.0, "percent_covered_display": "0", "missing_lines": 6, "excluded_lines": 0, "percent_statements_covered": 0.0, "percent_statements_covered_display": "0"}, "missing_lines": [342, 343, 344, 345, 346, 347], "excluded_lines": [], "start_line": 340}, "EtcdConfigCenter._fallback_get": {"executed_lines": [], "summary": {"covered_lines": 0, "num_statements": 14, "percent_covered": 0.0, "percent_covered_display": "0", "missing_lines": 14, "excluded_lines": 0, "percent_statements_covered": 0.0, "percent_statements_covered_display": "0"}, "missing_lines": [357, 358, 360, 362, 363, 364, 367, 368, 371, 372, 373, 374, 375, 377], "excluded_lines": [], "start_line": 349}, "EtcdConfigCenter.get_int": {"executed_lines": [], "summary": {"covered_lines": 0, "num_statements": 5, "percent_covered": 0.0, "percent_covered_display": "0", "missing_lines": 5, "excluded_lines": 0, "percent_statements_covered": 0.0, "percent_statements_covered_display": "0"}, "missing_lines": [381, 382, 383, 384, 385], "excluded_lines": [], "start_line": 379}, "EtcdConfigCenter.get_float": {"executed_lines": [], "summary": {"covered_lines": 0, "num_statements": 5, "percent_covered": 0.0, "percent_covered_display": "0", "missing_lines": 5, "excluded_lines": 0, "percent_statements_covered": 0.0, "percent_statements_covered_display": "0"}, "missing_lines": [389, 390, 391, 392, 393], "excluded_lines": [], "start_line": 387}, "EtcdConfigCenter.get_bool": {"executed_lines": [], "summary": {"covered_lines": 0, "num_statements": 2, "percent_covered": 0.0, "percent_covered_display": "0", "missing_lines": 2, "excluded_lines": 0, "percent_statements_covered": 0.0, "percent_statements_covered_display": "0"}, "missing_lines": [397, 398], "excluded_lines": [], "start_line": 395}, "EtcdConfigCenter.get_json": {"executed_lines": [], "summary": {"covered_lines": 0, "num_statements": 7, "percent_covered": 0.0, "percent_covered_display": "0", "missing_lines": 7, "excluded_lines": 0, "percent_statements_covered": 0.0, "percent_statements_covered_display": "0"}, "missing_lines": [402, 403, 404, 405, 406, 407, 408], "excluded_lines": [], "start_line": 400}, "EtcdConfigCenter.put": {"executed_lines": [], "summary": {"covered_lines": 0, "num_statements": 26, "percent_covered": 0.0, "percent_covered_display": "0", "missing_lines": 26, "excluded_lines": 0, "percent_statements_covered": 0.0, "percent_statements_covered_display": "0"}, "missing_lines": [428, 429, 430, 432, 435, 436, 438, 441, 442, 444, 445, 451, 453, 456, 457, 458, 460, 462, 464, 465, 466, 468, 469, 471, 472, 473], "excluded_lines": [], "start_line": 410}, "EtcdConfigCenter.delete": {"executed_lines": [], "summary": {"covered_lines": 0, "num_statements": 13, "percent_covered": 0.0, "percent_covered_display": "0", "missing_lines": 13, "excluded_lines": 0, "percent_statements_covered": 0.0, "percent_statements_covered_display": "0"}, "missing_lines": [484, 485, 487, 489, 490, 494, 496, 497, 498, 499, 501, 502, 503], "excluded_lines": [], "start_line": 475}, "EtcdConfigCenter.list_keys": {"executed_lines": [], "summary": {"covered_lines": 0, "num_statements": 16, "percent_covered": 0.0, "percent_covered_display": "0", "missing_lines": 16, "excluded_lines": 0, "percent_statements_covered": 0.0, "percent_statements_covered_display": "0"}, "missing_lines": [514, 515, 517, 519, 521, 523, 524, 525, 527, 533, 534, 535, 536, 538, 539, 541], "excluded_lines": [], "start_line": 505}, "EtcdConfigCenter.register_callback": {"executed_lines": [], "summary": {"covered_lines": 0, "num_statements": 5, "percent_covered": 0.0, "percent_covered_display": "0", "missing_lines": 5, "excluded_lines": 0, "percent_statements_covered": 0.0, "percent_statements_covered_display": "0"}, "missing_lines": [554, 555, 556, 557, 559], "excluded_lines": [], "start_line": 543}, "EtcdConfigCenter.start_watch": {"executed_lines": [], "summary": {"covered_lines": 0, "num_statements": 6, "percent_covered": 0.0, "percent_covered_display": "0", "missing_lines": 6, "excluded_lines": 0, "percent_statements_covered": 0.0, "percent_statements_covered_display": "0"}, "missing_lines": [566, 567, 569, 570, 575, 576], "excluded_lines": [], "start_line": 561}, "EtcdConfigCenter.stop_watch": {"executed_lines": [], "summary": {"covered_lines": 0, "num_statements": 5, "percent_covered": 0.0, "percent_covered_display": "0", "missing_lines": 5, "excluded_lines": 0, "percent_statements_covered": 0.0, "percent_statements_covered_display": "0"}, "missing_lines": [580, 581, 582, 583, 584], "excluded_lines": [], "start_line": 578}, "EtcdConfigCenter._watch_loop": {"executed_lines": [], "summary": {"covered_lines": 0, "num_statements": 27, "percent_covered": 0.0, "percent_covered_display": "0", "missing_lines": 27, "excluded_lines": 0, "percent_statements_covered": 0.0, "percent_statements_covered_display": "0"}, "missing_lines": [588, 590, 591, 592, 593, 595, 597, 598, 599, 600, 602, 609, 610, 613, 614, 616, 617, 619, 622, 623, 624, 625, 628, 631, 633, 634, 637], "excluded_lines": [], "start_line": 586}, "EtcdConfigCenter._trigger_callbacks": {"executed_lines": [], "summary": {"covered_lines": 0, "num_statements": 8, "percent_covered": 0.0, "percent_covered_display": "0", "missing_lines": 8, "excluded_lines": 0, "percent_statements_covered": 0.0, "percent_statements_covered_display": "0"}, "missing_lines": [641, 642, 643, 644, 645, 646, 647, 648], "excluded_lines": [], "start_line": 639}, "EtcdConfigCenter.close": {"executed_lines": [], "summary": {"covered_lines": 0, "num_statements": 4, "percent_covered": 0.0, "percent_covered_display": "0", "missing_lines": 4, "excluded_lines": 0, "percent_statements_covered": 0.0, "percent_statements_covered_display": "0"}, "missing_lines": [652, 653, 654, 655], "excluded_lines": [], "start_line": 650}, "EtcdConfigCenter.__enter__": {"executed_lines": [], "summary": {"covered_lines": 0, "num_statements": 2, "percent_covered": 0.0, "percent_covered_display": "0", "missing_lines": 2, "excluded_lines": 0, "percent_statements_covered": 0.0, "percent_statements_covered_display": "0"}, "missing_lines": [659, 660], "excluded_lines": [], "start_line": 657}, "EtcdConfigCenter.__exit__": {"executed_lines": [], "summary": {"covered_lines": 0, "num_statements": 1, "percent_covered": 0.0, "percent_covered_display": "0", "missing_lines": 1, "excluded_lines": 0, "percent_statements_covered": 0.0, "percent_statements_covered_display": "0"}, "missing_lines": [664], "excluded_lines": [], "start_line": 662}, "get_config_center": {"executed_lines": [], "summary": {"covered_lines": 0, "num_statements": 5, "percent_covered": 0.0, "percent_covered_display": "0", "missing_lines": 5, "excluded_lines": 0, "percent_statements_covered": 0.0, "percent_statements_covered_display": "0"}, "missing_lines": [680, 681, 682, 684, 686], "excluded_lines": [], "start_line": 672}, "reset_config_center": {"executed_lines": [], "summary": {"covered_lines": 0, "num_statements": 5, "percent_covered": 0.0, "percent_covered_display": "0", "missing_lines": 5, "excluded_lines": 0, "percent_statements_covered": 0.0, "percent_statements_covered_display": "0"}, "missing_lines": [693, 694, 696, 697, 698], "excluded_lines": [], "start_line": 689}, "watch_callback": {"executed_lines": [], "summary": {"covered_lines": 0, "num_statements": 2, "percent_covered": 0.0, "percent_covered_display": "0", "missing_lines": 2, "excluded_lines": 0, "percent_statements_covered": 0.0, "percent_statements_covered_display": "0"}, "missing_lines": [712, 716], "excluded_lines": [], "start_line": 702}, "watch_callback.decorator": {"executed_lines": [], "summary": {"covered_lines": 0, "num_statements": 3, "percent_covered": 0.0, "percent_covered_display": "0", "missing_lines": 3, "excluded_lines": 0, "percent_statements_covered": 0.0, "percent_statements_covered_display": "0"}, "missing_lines": [713, 714, 715], "excluded_lines": [], "start_line": 712}, "get_config": {"executed_lines": [], "summary": {"covered_lines": 0, "num_statements": 2, "percent_covered": 0.0, "percent_covered_display": "0", "missing_lines": 2, "excluded_lines": 0, "percent_statements_covered": 0.0, "percent_statements_covered_display": "0"}, "missing_lines": [722, 723], "excluded_lines": [], "start_line": 720}, "set_config": {"executed_lines": [], "summary": {"covered_lines": 0, "num_statements": 2, "percent_covered": 0.0, "percent_covered_display": "0", "missing_lines": 2, "excluded_lines": 0, "percent_statements_covered": 0.0, "percent_statements_covered_display": "0"}, "missing_lines": [728, 729], "excluded_lines": [], "start_line": 726}, "": {"executed_lines": [32, 33, 34, 35, 36, 37, 38, 39, 40, 41, 42, 43], "summary": {"covered_lines": 12, "num_statements": 56, "percent_covered": 21.428571428571427, "percent_covered_display": "21", "missing_lines": 44, "excluded_lines": 0, "percent_statements_covered": 21.428571428571427, "percent_statements_covered_display": "21"}, "missing_lines": [44, 45, 47, 49, 52, 58, 61, 62, 65, 117, 132, 155, 166, 212, 213, 221, 246, 260, 269, 283, 340, 349, 379, 387, 395, 400, 410, 475, 505, 543, 561, 578, 586, 639, 650, 657, 662, 668, 669, 672, 689, 702, 720, 726], "excluded_lines": [], "start_line": 1}}, "classes": {"EtcdConfigCenter": {"executed_lines": [], "summary": {"covered_lines": 0, "num_statements": 229, "percent_covered": 0.0, "percent_covered_display": "0", "missing_lines": 229, "excluded_lines": 0, "percent_statements_covered": 0.0, "percent_statements_covered_display": "0"}, "missing_lines": [183, 184, 185, 186, 187, 190, 191, 194, 195, 198, 199, 202, 203, 204, 207, 208, 210, 215, 216, 217, 218, 219, 230, 231, 232, 234, 236, 237, 238, 239, 240, 241, 243, 244, 248, 249, 251, 252, 253, 254, 255, 257, 258, 262, 263, 265, 266, 267, 275, 276, 277, 279, 280, 281, 301, 304, 305, 306, 309, 310, 311, 313, 315, 319, 320, 321, 323, 324, 325, 326, 328, 329, 331, 332, 335, 336, 338, 342, 343, 344, 345, 346, 347, 357, 358, 360, 362, 363, 364, 367, 368, 371, 372, 373, 374, 375, 377, 381, 382, 383, 384, 385, 389, 390, 391, 392, 393, 397, 398, 402, 403, 404, 405, 406, 407, 408, 428, 429, 430, 432, 435, 436, 438, 441, 442, 444, 445, 451, 453, 456, 457, 458, 460, 462, 464, 465, 466, 468, 469, 471, 472, 473, 484, 485, 487, 489, 490, 494, 496, 497, 498, 499, 501, 502, 503, 514, 515, 517, 519, 521, 523, 524, 525, 527, 533, 534, 535, 536, 538, 539, 541, 554, 555, 556, 557, 559, 566, 567, 569, 570, 575, 576, 580, 581, 582, 583, 584, 588, 590, 591, 592, 593, 595, 597, 598, 599, 600, 602, 609, 610, 613, 614, 616, 617, 619, 622, 623, 624, 625, 628, 631, 633, 634, 637, 641, 642, 643, 644, 645, 646, 647, 648, 652, 653, 654, 655, 659, 660, 664], "excluded_lines": [], "start_line": 155}, "": {"executed_lines": [32, 33, 34, 35, 36, 37, 38, 39, 40, 41, 42, 43], "summary": {"covered_lines": 12, "num_statements": 117, "percent_covered": 10.256410256410257, "percent_covered_display": "10", "missing_lines": 105, "excluded_lines": 0, "percent_statements_covered": 10.256410256410257, "percent_statements_covered_display": "10"}, "missing_lines": [44, 45, 47, 49, 52, 58, 61, 62, 65, 78, 79, 80, 83, 84, 85, 86, 87, 88, 89, 92, 93, 94, 95, 96, 97, 98, 101, 102, 103, 104, 105, 106, 107, 108, 109, 112, 117, 126, 127, 128, 129, 132, 141, 142, 144, 145, 146, 147, 148, 149, 150, 151, 152, 155, 166, 212, 213, 221, 246, 260, 269, 283, 340, 349, 379, 387, 395, 400, 410, 475, 505, 543, 561, 578, 586, 639, 650, 657, 662, 668, 669, 672, 680, 681, 682, 684, 686, 689, 693, 694, 696, 697, 698, 702, 712, 713, 714, 715, 716, 720, 722, 723, 726, 728, 729], "excluded_lines": [], "start_line": 1}}}, "services/common/database.py": {"executed_lines": [3, 4, 5, 7, 8, 13, 16, 18, 21, 23, 26, 28, 31, 32, 34, 43, 44, 47, 50, 51, 54, 57, 58, 59, 62, 65, 66, 71, 74, 76, 77, 78, 79, 80, 81, 82, 83, 86, 87, 89, 90, 91, 92, 93, 99, 102, 105, 119, 120, 121, 122, 123, 126, 141, 144, 147, 149, 150, 152, 154, 161, 167, 168, 169, 171, 182, 185, 195, 197, 199, 200, 202, 204, 205, 206, 208, 211, 217, 218, 220], "summary": {"covered_lines": 80, "num_statements": 89, "percent_covered": 89.88764044943821, "percent_covered_display": "90", "missing_lines": 9, "excluded_lines": 0, "percent_statements_covered": 89.88764044943821, "percent_statements_covered_display": "90"}, "missing_lines": [94, 95, 96, 172, 176, 177, 178, 179, 180], "excluded_lines": [], "functions": {"get_database_url": {"executed_lines": [23], "summary": {"covered_lines": 1, "num_statements": 1, "percent_covered": 100.0, "percent_covered_display": "100", "missing_lines": 0, "excluded_lines": 0, "percent_statements_covered": 100.0, "percent_statements_covered_display": "100"}, "missing_lines": [], "excluded_lines": [], "start_line": 21}, "create_engine": {"executed_lines": [28, 31, 32, 34], "summary": {"covered_lines": 4, "num_statements": 4, "percent_covered": 100.0, "percent_covered_display": "100", "missing_lines": 0, "excluded_lines": 0, "percent_statements_covered": 100.0, "percent_statements_covered_display": "100"}, "missing_lines": [], "excluded_lines": [], "start_line": 26}, "reset_engine": {"executed_lines": [50, 51], "summary": {"covered_lines": 2, "num_statements": 2, "percent_covered": 100.0, "percent_covered_display": "100", "missing_lines": 0, "excluded_lines": 0, "percent_statements_covered": 100.0, "percent_statements_covered_display": "100"}, "missing_lines": [], "excluded_lines": [], "start_line": 47}, "get_engine": {"executed_lines": [57, 58, 59], "summary": {"covered_lines": 3, "num_statements": 3, "percent_covered": 100.0, "percent_covered_display": "100", "missing_lines": 0, "excluded_lines": 0, "percent_statements_covered": 100.0, "percent_statements_covered_display": "100"}, "missing_lines": [], "excluded_lines": [], "start_line": 54}, "get_session_factory": {"executed_lines": [65, 66, 71], "summary": {"covered_lines": 3, "num_statements": 3, "percent_covered": 100.0, "percent_covered_display": "100", "missing_lines": 0, "excluded_lines": 0, "percent_statements_covered": 100.0, "percent_statements_covered_display": "100"}, "missing_lines": [], "excluded_lines": [], "start_line": 62}, "get_db": {"executed_lines": [76, 77, 78, 79, 80, 81, 82, 83], "summary": {"covered_lines": 8, "num_statements": 8, "percent_covered": 100.0, "percent_covered_display": "100", "missing_lines": 0, "excluded_lines": 0, "percent_statements_covered": 100.0, "percent_statements_covered_display": "100"}, "missing_lines": [], "excluded_lines": [], "start_line": 74}, "get_db_context": {"executed_lines": [89, 90, 91, 92, 93], "summary": {"covered_lines": 5, "num_statements": 8, "percent_covered": 62.5, "percent_covered_display": "62", "missing_lines": 3, "excluded_lines": 0, "percent_statements_covered": 62.5, "percent_statements_covered_display": "62"}, "missing_lines": [94, 95, 96], "excluded_lines": [], "start_line": 87}, "validate_identifier": {"executed_lines": [119, 120, 121, 122, 123], "summary": {"covered_lines": 5, "num_statements": 5, "percent_covered": 100.0, "percent_covered_display": "100", "missing_lines": 0, "excluded_lines": 0, "percent_statements_covered": 100.0, "percent_statements_covered_display": "100"}, "missing_lines": [], "excluded_lines": [], "start_line": 105}, "validate_table_exists": {"executed_lines": [141, 144, 147, 149, 150, 152, 154, 161, 167, 168, 169, 171, 182], "summary": {"covered_lines": 13, "num_statements": 19, "percent_covered": 68.42105263157895, "percent_covered_display": "68", "missing_lines": 6, "excluded_lines": 0, "percent_statements_covered": 68.42105263157895, "percent_statements_covered_display": "68"}, "missing_lines": [172, 176, 177, 178, 179, 180], "excluded_lines": [], "start_line": 126}, "get_table_columns": {"executed_lines": [195, 197, 199, 200, 202, 204, 205, 206, 208, 211, 217, 218, 220], "summary": {"covered_lines": 13, "num_statements": 13, "percent_covered": 100.0, "percent_covered_display": "100", "missing_lines": 0, "excluded_lines": 0, "percent_statements_covered": 100.0, "percent_statements_covered_display": "100"}, "missing_lines": [], "excluded_lines": [], "start_line": 185}, "": {"executed_lines": [3, 4, 5, 7, 8, 13, 16, 18, 21, 26, 43, 44, 47, 54, 62, 74, 86, 87, 99, 102, 105, 126, 185], "summary": {"covered_lines": 23, "num_statements": 23, "percent_covered": 100.0, "percent_covered_display": "100", "missing_lines": 0, "excluded_lines": 0, "percent_statements_covered": 100.0, "percent_statements_covered_display": "100"}, "missing_lines": [], "excluded_lines": [], "start_line": 1}}, "classes": {"Base": {"executed_lines": [], "summary": {"covered_lines": 0, "num_statements": 0, "percent_covered": 100.0, "percent_covered_display": "100", "missing_lines": 0, "excluded_lines": 0, "percent_statements_covered": 100.0, "percent_statements_covered_display": "100"}, "missing_lines": [], "excluded_lines": [], "start_line": 16}, "": {"executed_lines": [3, 4, 5, 7, 8, 13, 16, 18, 21, 23, 26, 28, 31, 32, 34, 43, 44, 47, 50, 51, 54, 57, 58, 59, 62, 65, 66, 71, 74, 76, 77, 78, 79, 80, 81, 82, 83, 86, 87, 89, 90, 91, 92, 93, 99, 102, 105, 119, 120, 121, 122, 123, 126, 141, 144, 147, 149, 150, 152, 154, 161, 167, 168, 169, 171, 182, 185, 195, 197, 199, 200, 202, 204, 205, 206, 208, 211, 217, 218, 220], "summary": {"covered_lines": 80, "num_statements": 89, "percent_covered": 89.88764044943821, "percent_covered_display": "90", "missing_lines": 9, "excluded_lines": 0, "percent_statements_covered": 89.88764044943821, "percent_statements_covered_display": "90"}, "missing_lines": [94, 95, 96, 172, 176, 177, 178, 179, 180], "excluded_lines": [], "start_line": 1}}}, "services/common/email_client.py": {"executed_lines": [], "summary": {"covered_lines": 0, "num_statements": 61, "percent_covered": 0.0, "percent_covered_display": "0", "missing_lines": 61, "excluded_lines": 0, "percent_statements_covered": 0.0, "percent_statements_covered_display": "0"}, "missing_lines": [6, 7, 8, 9, 10, 12, 14, 17, 20, 43, 44, 45, 46, 47, 48, 49, 50, 51, 53, 55, 57, 59, 61, 79, 80, 81, 83, 84, 85, 88, 89, 90, 91, 94, 95, 96, 99, 100, 102, 104, 110, 111, 113, 115, 116, 118, 119, 120, 122, 140, 143, 179, 194, 198, 201, 204, 205, 206, 209, 224, 225], "excluded_lines": [], "functions": {"EmailClient.__init__": {"executed_lines": [], "summary": {"covered_lines": 0, "num_statements": 9, "percent_covered": 0.0, "percent_covered_display": "0", "missing_lines": 9, "excluded_lines": 0, "percent_statements_covered": 0.0, "percent_statements_covered_display": "0"}, "missing_lines": [43, 44, 45, 46, 47, 48, 49, 50, 51], "excluded_lines": [], "start_line": 20}, "EmailClient.is_enabled": {"executed_lines": [], "summary": {"covered_lines": 0, "num_statements": 1, "percent_covered": 0.0, "percent_covered_display": "0", "missing_lines": 1, "excluded_lines": 0, "percent_statements_covered": 0.0, "percent_statements_covered_display": "0"}, "missing_lines": [55], "excluded_lines": [], "start_line": 53}, "EmailClient.is_configured": {"executed_lines": [], "summary": {"covered_lines": 0, "num_statements": 1, "percent_covered": 0.0, "percent_covered_display": "0", "missing_lines": 1, "excluded_lines": 0, "percent_statements_covered": 0.0, "percent_statements_covered_display": "0"}, "missing_lines": [59], "excluded_lines": [], "start_line": 57}, "EmailClient.send_email": {"executed_lines": [], "summary": {"covered_lines": 0, "num_statements": 25, "percent_covered": 0.0, "percent_covered_display": "0", "missing_lines": 25, "excluded_lines": 0, "percent_statements_covered": 0.0, "percent_statements_covered_display": "0"}, "missing_lines": [79, 80, 81, 83, 84, 85, 88, 89, 90, 91, 94, 95, 96, 99, 100, 102, 104, 110, 111, 113, 115, 116, 118, 119, 120], "excluded_lines": [], "start_line": 61}, "EmailClient.send_password_reset_code": {"executed_lines": [], "summary": {"covered_lines": 0, "num_statements": 4, "percent_covered": 0.0, "percent_covered_display": "0", "missing_lines": 4, "excluded_lines": 0, "percent_statements_covered": 0.0, "percent_statements_covered_display": "0"}, "missing_lines": [140, 143, 179, 194], "excluded_lines": [], "start_line": 122}, "get_email_client": {"executed_lines": [], "summary": {"covered_lines": 0, "num_statements": 3, "percent_covered": 0.0, "percent_covered_display": "0", "missing_lines": 3, "excluded_lines": 0, "percent_statements_covered": 0.0, "percent_statements_covered_display": "0"}, "missing_lines": [204, 205, 206], "excluded_lines": [], "start_line": 201}, "send_password_reset_email": {"executed_lines": [], "summary": {"covered_lines": 0, "num_statements": 2, "percent_covered": 0.0, "percent_covered_display": "0", "missing_lines": 2, "excluded_lines": 0, "percent_statements_covered": 0.0, "percent_statements_covered_display": "0"}, "missing_lines": [224, 225], "excluded_lines": [], "start_line": 209}, "": {"executed_lines": [], "summary": {"covered_lines": 0, "num_statements": 16, "percent_covered": 0.0, "percent_covered_display": "0", "missing_lines": 16, "excluded_lines": 0, "percent_statements_covered": 0.0, "percent_statements_covered_display": "0"}, "missing_lines": [6, 7, 8, 9, 10, 12, 14, 17, 20, 53, 57, 61, 122, 198, 201, 209], "excluded_lines": [], "start_line": 1}}, "classes": {"EmailClient": {"executed_lines": [], "summary": {"covered_lines": 0, "num_statements": 40, "percent_covered": 0.0, "percent_covered_display": "0", "missing_lines": 40, "excluded_lines": 0, "percent_statements_covered": 0.0, "percent_statements_covered_display": "0"}, "missing_lines": [43, 44, 45, 46, 47, 48, 49, 50, 51, 55, 59, 79, 80, 81, 83, 84, 85, 88, 89, 90, 91, 94, 95, 96, 99, 100, 102, 104, 110, 111, 113, 115, 116, 118, 119, 120, 140, 143, 179, 194], "excluded_lines": [], "start_line": 17}, "": {"executed_lines": [], "summary": {"covered_lines": 0, "num_statements": 21, "percent_covered": 0.0, "percent_covered_display": "0", "missing_lines": 21, "excluded_lines": 0, "percent_statements_covered": 0.0, "percent_statements_covered_display": "0"}, "missing_lines": [6, 7, 8, 9, 10, 12, 14, 17, 20, 53, 57, 61, 122, 198, 201, 204, 205, 206, 209, 224, 225], "excluded_lines": [], "start_line": 1}}}, "services/common/error_handler.py": {"executed_lines": [7, 8, 9, 10, 12, 13, 14, 15, 17, 19, 22, 32, 45, 46, 47, 49, 51, 52, 53, 54, 55, 57, 68, 71, 74, 75, 83, 84, 85, 87, 92, 99, 110, 120, 122, 123, 126, 128, 129, 130, 131, 132, 133, 134, 135, 136, 137, 139, 142, 145, 151, 152, 154, 158, 160, 161, 163, 167, 169, 170, 172, 176, 178, 179, 181, 185, 187, 188, 190, 194, 196, 197, 199, 203, 205, 206, 208, 212, 215, 221, 222, 224, 234, 235, 236, 237, 239, 240, 242, 243, 245, 247, 248, 250, 254, 258, 268, 270, 271, 272, 273, 274, 275, 276, 280, 282], "summary": {"covered_lines": 106, "num_statements": 106, "percent_covered": 100.0, "percent_covered_display": "100", "missing_lines": 0, "excluded_lines": 0, "percent_statements_covered": 100.0, "percent_statements_covered_display": "100"}, "missing_lines": [], "excluded_lines": [], "functions": {"UnifiedErrorMiddleware.__init__": {"executed_lines": [45, 46, 47], "summary": {"covered_lines": 3, "num_statements": 3, "percent_covered": 100.0, "percent_covered_display": "100", "missing_lines": 0, "excluded_lines": 0, "percent_statements_covered": 100.0, "percent_statements_covered_display": "100"}, "missing_lines": [], "excluded_lines": [], "start_line": 32}, "UnifiedErrorMiddleware.dispatch": {"executed_lines": [51, 52, 53, 54, 55], "summary": {"covered_lines": 5, "num_statements": 5, "percent_covered": 100.0, "percent_covered_display": "100", "missing_lines": 0, "excluded_lines": 0, "percent_statements_covered": 100.0, "percent_statements_covered_display": "100"}, "missing_lines": [], "excluded_lines": [], "start_line": 49}, "UnifiedErrorMiddleware._handle_exception": {"executed_lines": [68, 71, 74, 75, 83, 84, 85, 87], "summary": {"covered_lines": 8, "num_statements": 8, "percent_covered": 100.0, "percent_covered_display": "100", "missing_lines": 0, "excluded_lines": 0, "percent_statements_covered": 100.0, "percent_statements_covered_display": "100"}, "missing_lines": [], "excluded_lines": [], "start_line": 57}, "UnifiedErrorMiddleware._log_error": {"executed_lines": [99], "summary": {"covered_lines": 1, "num_statements": 1, "percent_covered": 100.0, "percent_covered_display": "100", "missing_lines": 0, "excluded_lines": 0, "percent_statements_covered": 100.0, "percent_statements_covered_display": "100"}, "missing_lines": [], "excluded_lines": [], "start_line": 92}, "UnifiedErrorMiddleware._parse_exception": {"executed_lines": [120, 122, 123, 126, 128, 129, 130, 131, 132, 133, 134, 135, 136, 137, 139, 142], "summary": {"covered_lines": 16, "num_statements": 16, "percent_covered": 100.0, "percent_covered_display": "100", "missing_lines": 0, "excluded_lines": 0, "percent_statements_covered": 100.0, "percent_statements_covered_display": "100"}, "missing_lines": [], "excluded_lines": [], "start_line": 110}, "ApiErrorHandler.not_found": {"executed_lines": [154, 158], "summary": {"covered_lines": 2, "num_statements": 2, "percent_covered": 100.0, "percent_covered_display": "100", "missing_lines": 0, "excluded_lines": 0, "percent_statements_covered": 100.0, "percent_statements_covered_display": "100"}, "missing_lines": [], "excluded_lines": [], "start_line": 152}, "ApiErrorHandler.unauthorized": {"executed_lines": [163, 167], "summary": {"covered_lines": 2, "num_statements": 2, "percent_covered": 100.0, "percent_covered_display": "100", "missing_lines": 0, "excluded_lines": 0, "percent_statements_covered": 100.0, "percent_statements_covered_display": "100"}, "missing_lines": [], "excluded_lines": [], "start_line": 161}, "ApiErrorHandler.forbidden": {"executed_lines": [172, 176], "summary": {"covered_lines": 2, "num_statements": 2, "percent_covered": 100.0, "percent_covered_display": "100", "missing_lines": 0, "excluded_lines": 0, "percent_statements_covered": 100.0, "percent_statements_covered_display": "100"}, "missing_lines": [], "excluded_lines": [], "start_line": 170}, "ApiErrorHandler.validation_error": {"executed_lines": [181, 185], "summary": {"covered_lines": 2, "num_statements": 2, "percent_covered": 100.0, "percent_covered_display": "100", "missing_lines": 0, "excluded_lines": 0, "percent_statements_covered": 100.0, "percent_statements_covered_display": "100"}, "missing_lines": [], "excluded_lines": [], "start_line": 179}, "ApiErrorHandler.internal_error": {"executed_lines": [190, 194], "summary": {"covered_lines": 2, "num_statements": 2, "percent_covered": 100.0, "percent_covered_display": "100", "missing_lines": 0, "excluded_lines": 0, "percent_statements_covered": 100.0, "percent_statements_covered_display": "100"}, "missing_lines": [], "excluded_lines": [], "start_line": 188}, "ApiErrorHandler.service_unavailable": {"executed_lines": [199, 203], "summary": {"covered_lines": 2, "num_statements": 2, "percent_covered": 100.0, "percent_covered_display": "100", "missing_lines": 0, "excluded_lines": 0, "percent_statements_covered": 100.0, "percent_statements_covered_display": "100"}, "missing_lines": [], "excluded_lines": [], "start_line": 197}, "ApiErrorHandler.gateway_timeout": {"executed_lines": [208, 212], "summary": {"covered_lines": 2, "num_statements": 2, "percent_covered": 100.0, "percent_covered_display": "100", "missing_lines": 0, "excluded_lines": 0, "percent_statements_covered": 100.0, "percent_statements_covered_display": "100"}, "missing_lines": [], "excluded_lines": [], "start_line": 206}, "ProxyErrorHandler.service_error": {"executed_lines": [224, 234, 235, 236, 237, 239, 240], "summary": {"covered_lines": 7, "num_statements": 7, "percent_covered": 100.0, "percent_covered_display": "100", "missing_lines": 0, "excluded_lines": 0, "percent_statements_covered": 100.0, "percent_statements_covered_display": "100"}, "missing_lines": [], "excluded_lines": [], "start_line": 222}, "ProxyErrorHandler.service_unavailable": {"executed_lines": [245], "summary": {"covered_lines": 1, "num_statements": 1, "percent_covered": 100.0, "percent_covered_display": "100", "missing_lines": 0, "excluded_lines": 0, "percent_statements_covered": 100.0, "percent_statements_covered_display": "100"}, "missing_lines": [], "excluded_lines": [], "start_line": 243}, "ProxyErrorHandler.connection_failed": {"executed_lines": [250, 254], "summary": {"covered_lines": 2, "num_statements": 2, "percent_covered": 100.0, "percent_covered_display": "100", "missing_lines": 0, "excluded_lines": 0, "percent_statements_covered": 100.0, "percent_statements_covered_display": "100"}, "missing_lines": [], "excluded_lines": [], "start_line": 248}, "handle_proxy_error": {"executed_lines": [268, 270, 271, 272, 273, 274, 275, 276, 280, 282], "summary": {"covered_lines": 10, "num_statements": 10, "percent_covered": 100.0, "percent_covered_display": "100", "missing_lines": 0, "excluded_lines": 0, "percent_statements_covered": 100.0, "percent_statements_covered_display": "100"}, "missing_lines": [], "excluded_lines": [], "start_line": 258}, "": {"executed_lines": [7, 8, 9, 10, 12, 13, 14, 15, 17, 19, 22, 32, 49, 57, 92, 110, 145, 151, 152, 160, 161, 169, 170, 178, 179, 187, 188, 196, 197, 205, 206, 215, 221, 222, 242, 243, 247, 248, 258], "summary": {"covered_lines": 39, "num_statements": 39, "percent_covered": 100.0, "percent_covered_display": "100", "missing_lines": 0, "excluded_lines": 0, "percent_statements_covered": 100.0, "percent_statements_covered_display": "100"}, "missing_lines": [], "excluded_lines": [], "start_line": 1}}, "classes": {"UnifiedErrorMiddleware": {"executed_lines": [45, 46, 47, 51, 52, 53, 54, 55, 68, 71, 74, 75, 83, 84, 85, 87, 99, 120, 122, 123, 126, 128, 129, 130, 131, 132, 133, 134, 135, 136, 137, 139, 142], "summary": {"covered_lines": 33, "num_stat
[...]
35, 136, 145, 146, 147, 149, 155, 156, 168, 171, 172, 175, 176, 177, 178, 179, 180, 183, 184, 187, 188, 190, 191, 194, 195, 197, 205, 206, 216, 222, 223, 224, 230, 236, 241, 242, 252, 253, 254, 260, 261, 268, 274, 281, 282, 283, 284, 285, 286, 288, 291, 292, 297, 299, 302, 303, 312, 314, 320, 321, 322, 327, 328, 330, 333, 334, 344, 346, 347, 352, 353, 354, 360, 367, 373, 383, 385, 388, 389, 398, 400, 429, 430, 440, 442, 470, 471, 482, 484, 490], "summary": {"covered_lines": 135, "num_statements": 171, "percent_covered": 78.94736842105263, "percent_covered_display": "79", "missing_lines": 36, "excluded_lines": 0, "percent_statements_covered": 78.94736842105263, "percent_statements_covered_display": "79"}, "missing_lines": [122, 129, 217, 231, 262, 269, 275, 287, 289, 315, 361, 368, 401, 402, 408, 409, 414, 424, 426, 443, 444, 450, 451, 456, 457, 465, 467, 485, 491, 492, 498, 499, 500, 505, 510, 512], "excluded_lines": [], "start_line": 1}}}, "services/sensitive_detect/__init__.py": {"executed_lines": [], "summary": {"covered_lines": 0, "num_statements": 0, "percent_covered": 100.0, "percent_covered_display": "100", "missing_lines": 0, "excluded_lines": 0, "percent_statements_covered": 100.0, "percent_statements_covered_display": "100"}, "missing_lines": [], "excluded_lines": [], "functions": {"": {"executed_lines": [], "summary": {"covered_lines": 0, "num_statements": 0, "percent_covered": 100.0, "percent_covered_display": "100", "missing_lines": 0, "excluded_lines": 0, "percent_statements_covered": 100.0, "percent_statements_covered_display": "100"}, "missing_lines": [], "excluded_lines": [], "start_line": 1}}, "classes": {"": {"executed_lines": [], "summary": {"covered_lines": 0, "num_statements": 0, "percent_covered": 100.0, "percent_covered_display": "100", "missing_lines": 0, "excluded_lines": 0, "percent_statements_covered": 100.0, "percent_statements_covered_display": "100"}, "missing_lines": [], "excluded_lines": [], "start_line": 1}}}, "services/sensitive_detect/config.py": {"executed_lines": [6, 9, 14, 15, 18, 19, 20, 22, 25], "summary": {"covered_lines": 9, "num_statements": 9, "percent_covered": 100.0, "percent_covered_display": "100", "missing_lines": 0, "excluded_lines": 0, "percent_statements_covered": 100.0, "percent_statements_covered_display": "100"}, "missing_lines": [], "excluded_lines": [], "functions": {"": {"executed_lines": [6, 9, 14, 15, 18, 19, 20, 22, 25], "summary": {"covered_lines": 9, "num_statements": 9, "percent_covered": 100.0, "percent_covered_display": "100", "missing_lines": 0, "excluded_lines": 0, "percent_statements_covered": 100.0, "percent_statements_covered_display": "100"}, "missing_lines": [], "excluded_lines": [], "start_line": 1}}, "classes": {"Settings": {"executed_lines": [], "summary": {"covered_lines": 0, "num_statements": 0, "percent_covered": 100.0, "percent_covered_display": "100", "missing_lines": 0, "excluded_lines": 0, "percent_statements_covered": 100.0, "percent_statements_covered_display": "100"}, "missing_lines": [], "excluded_lines": [], "start_line": 9}, "": {"executed_lines": [6, 9, 14, 15, 18, 19, 20, 22, 25], "summary": {"covered_lines": 9, "num_statements": 9, "percent_covered": 100.0, "percent_covered_display": "100", "missing_lines": 0, "excluded_lines": 0, "percent_statements_covered": 100.0, "percent_statements_covered_display": "100"}, "missing_lines": [], "excluded_lines": [], "start_line": 1}}}, "services/sensitive_detect/main.py": {"executed_lines": [6, 7, 8, 9, 11, 12, 13, 14, 15, 16, 18, 19, 20, 21, 22, 23, 24, 25, 29, 30, 38, 40, 42, 48, 55, 56, 57, 60, 62, 72, 74, 84, 86, 97, 99, 109, 114, 125, 126, 129, 130, 137, 138, 145, 207, 225, 242, 243, 248, 249, 264, 265, 267, 268, 269, 272, 273, 278, 279, 280, 283, 284, 290, 291, 292, 293, 294, 297, 298, 304, 305, 306, 307, 308, 311, 312, 318, 319, 320, 321, 322, 325, 326, 333, 334, 335, 336, 337, 338, 339, 342, 343, 349, 350, 351, 352, 353, 354, 361, 363, 364, 365, 366, 369, 371, 372, 373, 378, 379, 578, 579, 580, 583], "summary": {"covered_lines": 113, "num_statements": 254, "percent_covered": 44.488188976377955, "percent_covered_display": "44", "missing_lines": 141, "excluded_lines": 0, "percent_statements_covered": 44.488188976377955, "percent_statements_covered_display": "44"}, "missing_lines": [139, 140, 143, 147, 149, 150, 151, 152, 154, 155, 156, 157, 160, 161, 162, 163, 164, 167, 168, 172, 174, 175, 176, 177, 178, 179, 180, 181, 182, 183, 184, 186, 187, 188, 190, 192, 193, 195, 196, 206, 208, 210, 212, 215, 228, 229, 231, 266, 392, 399, 400, 401, 402, 405, 407, 409, 411, 412, 413, 414, 416, 417, 418, 419, 421, 422, 423, 424, 425, 427, 428, 432, 434, 435, 436, 437, 438, 439, 440, 441, 442, 443, 444, 446, 447, 448, 450, 452, 453, 455, 456, 465, 466, 467, 469, 471, 472, 482, 483, 484, 486, 497, 498, 500, 502, 509, 511, 512, 513, 514, 515, 517, 518, 519, 521, 522, 523, 524, 525, 526, 527, 528, 529, 530, 532, 533, 534, 543, 544, 545, 555, 556, 558, 559, 560, 561, 562, 564, 571, 584, 585], "excluded_lines": [], "functions": {"_rule_orm_to_pydantic": {"executed_lines": [62], "summary": {"covered_lines": 1, "num_statements": 1, "percent_covered": 100.0, "percent_covered_display": "100", "missing_lines": 0, "excluded_lines": 0, "percent_statements_covered": 100.0, "percent_statements_covered_display": "100"}, "missing_lines": [], "excluded_lines": [], "start_line": 60}, "_rule_pydantic_to_orm": {"executed_lines": [74], "summary": {"covered_lines": 1, "num_statements": 1, "percent_covered": 100.0, "percent_covered_display": "100", "missing_lines": 0, "excluded_lines": 0, "percent_statements_covered": 100.0, "percent_statements_covered_display": "100"}, "missing_lines": [], "excluded_lines": [], "start_line": 72}, "_field_to_orm": {"executed_lines": [86], "summary": {"covered_lines": 1, "num_statements": 1, "percent_covered": 100.0, "percent_covered_display": "100", "missing_lines": 0, "excluded_lines": 0, "percent_statements_covered": 100.0, "percent_statements_covered_display": "100"}, "missing_lines": [], "excluded_lines": [], "start_line": 84}, "_field_orm_to_pydantic": {"executed_lines": [99], "summary": {"covered_lines": 1, "num_statements": 1, "percent_covered": 100.0, "percent_covered_display": "100", "missing_lines": 0, "excluded_lines": 0, "percent_statements_covered": 100.0, "percent_statements_covered_display": "100"}, "missing_lines": [], "excluded_lines": [], "start_line": 97}, "_report_orm_to_pydantic": {"executed_lines": [114], "summary": {"covered_lines": 1, "num_statements": 1, "percent_covered": 100.0, "percent_covered_display": "100", "missing_lines": 0, "excluded_lines": 0, "percent_statements_covered": 100.0, "percent_statements_covered_display": "100"}, "missing_lines": [], "excluded_lines": [], "start_line": 109}, "_level_order": {"executed_lines": [126], "summary": {"covered_lines": 1, "num_statements": 1, "percent_covered": 100.0, "percent_covered_display": "100", "missing_lines": 0, "excluded_lines": 0, "percent_statements_covered": 100.0, "percent_statements_covered_display": "100"}, "missing_lines": [], "excluded_lines": [], "start_line": 125}, "scan_table": {"executed_lines": [137, 138, 145, 207, 225], "summary": {"covered_lines": 5, "num_statements": 52, "percent_covered": 9.615384615384615, "percent_covered_display": "10", "missing_lines": 47, "excluded_lines": 0, "percent_statements_covered": 9.615384615384615, "percent_statements_covered_display": "10"}, "missing_lines": [139, 140, 143, 147, 149, 150, 151, 152, 154, 155, 156, 157, 160, 161, 162, 163, 164, 167, 168, 172, 174, 175, 176, 177, 178, 179, 180, 181, 182, 183, 184, 186, 187, 188, 190, 192, 193, 195, 196, 206, 208, 210, 212, 215, 228, 229, 231], "excluded_lines": [], "start_line": 130}, "classify_data": {"executed_lines": [248, 249, 264, 265, 267, 268, 269], "summary": {"covered_lines": 7, "num_statements": 8, "percent_covered": 87.5, "percent_covered_display": "88", "missing_lines": 1, "excluded_lines": 0, "percent_statements_covered": 87.5, "percent_statements_covered_display": "88"}, "missing_lines": [266], "excluded_lines": [], "start_line": 243}, "list_rules": {"executed_lines": [278, 279, 280], "summary": {"covered_lines": 3, "num_statements": 3, "percent_covered": 100.0, "percent_covered_display": "100", "missing_lines": 0, "excluded_lines": 0, "percent_statements_covered": 100.0, "percent_statements_covered_display": "100"}, "missing_lines": [], "excluded_lines": [], "start_line": 273}, "add_rule": {"executed_lines": [290, 291, 292, 293, 294], "summary": {"covered_lines": 5, "num_statements": 5, "percent_covered": 100.0, "percent_covered_display": "100", "missing_lines": 0, "excluded_lines": 0, "percent_statements_covered": 100.0, "percent_statements_covered_display": "100"}, "missing_lines": [], "excluded_lines": [], "start_line": 284}, "get_rule": {"executed_lines": [304, 305, 306, 307, 308], "summary": {"covered_lines": 5, "num_statements": 5, "percent_covered": 100.0, "percent_covered_display": "100", "missing_lines": 0, "excluded_lines": 0, "percent_statements_covered": 100.0, "percent_statements_covered_display": "100"}, "missing_lines": [], "excluded_lines": [], "start_line": 298}, "delete_rule": {"executed_lines": [318, 319, 320, 321, 322], "summary": {"covered_lines": 5, "num_statements": 5, "percent_covered": 100.0, "percent_covered_display": "100", "missing_lines": 0, "excluded_lines": 0, "percent_statements_covered": 100.0, "percent_statements_covered_display": "100"}, "missing_lines": [], "excluded_lines": [], "start_line": 312}, "list_reports": {"executed_lines": [333, 334, 335, 336, 337, 338, 339], "summary": {"covered_lines": 7, "num_statements": 7, "percent_covered": 100.0, "percent_covered_display": "100", "missing_lines": 0, "excluded_lines": 0, "percent_statements_covered": 100.0, "percent_statements_covered_display": "100"}, "missing_lines": [], "excluded_lines": [], "start_line": 326}, "get_report": {"executed_lines": [349, 350, 351, 352, 353, 354], "summary": {"covered_lines": 6, "num_statements": 6, "percent_covered": 100.0, "percent_covered_display": "100", "missing_lines": 0, "excluded_lines": 0, "percent_statements_covered": 100.0, "percent_statements_covered_display": "100"}, "missing_lines": [], "excluded_lines": [], "start_line": 343}, "scan_and_apply": {"executed_lines": [], "summary": {"covered_lines": 0, "num_statements": 91, "percent_covered": 0.0, "percent_covered_display": "0", "missing_lines": 91, "excluded_lines": 0, "percent_statements_covered": 0.0, "percent_statements_covered_display": "0"}, "missing_lines": [392, 399, 400, 401, 402, 405, 407, 409, 411, 412, 413, 414, 416, 417, 418, 419, 421, 422, 423, 424, 425, 427, 428, 432, 434, 435, 436, 437, 438, 439, 440, 441, 442, 443, 444, 446, 447, 448, 450, 452, 453, 455, 456, 465, 466, 467, 469, 471, 472, 482, 483, 484, 486, 497, 498, 500, 502, 509, 511, 512, 513, 514, 515, 517, 518, 519, 521, 522, 523, 524, 525, 526, 527, 528, 529, 530, 532, 533, 534, 543, 544, 545, 555, 556, 558, 559, 560, 561, 562, 564, 571], "excluded_lines": [], "start_line": 379}, "health_check": {"executed_lines": [580], "summary": {"covered_lines": 1, "num_statements": 1, "percent_covered": 100.0, "percent_covered_display": "100", "missing_lines": 0, "excluded_lines": 0, "percent_statements_covered": 100.0, "percent_statements_covered_display": "100"}, "missing_lines": [], "excluded_lines": [], "start_line": 579}, "": {"executed_lines": [6, 7, 8, 9, 11, 12, 13, 14, 15, 16, 18, 19, 20, 21, 22, 23, 24, 25, 29, 30, 38, 40, 42, 48, 55, 56, 57, 60, 72, 84, 97, 109, 125, 129, 130, 242, 243, 272, 273, 283, 284, 297, 298, 311, 312, 325, 326, 342, 343, 361, 363, 364, 365, 366, 369, 371, 372, 373, 378, 379, 578, 579, 583], "summary": {"covered_lines": 63, "num_statements": 65, "percent_covered": 96.92307692307692, "percent_covered_display": "97", "missing_lines": 2, "excluded_lines": 0, "percent_statements_covered": 96.92307692307692, "percent_statements_covered_display": "97"}, "missing_lines": [584, 585], "excluded_lines": [], "start_line": 1}}, "classes": {"ScanAndApplyRequest": {"executed_lines": [], "summary": {"covered_lines": 0, "num_statements": 0, "percent_covered": 100.0, "percent_covered_display": "100", "missing_lines": 0, "excluded_lines": 0, "percent_statements_covered": 100.0, "percent_statements_covered_display": "100"}, "missing_lines": [], "excluded_lines": [], "start_line": 361}, "ScanAndApplyResponse": {"executed_lines": [], "summary": {"covered_lines": 0, "num_statements": 0, "percent_covered": 100.0, "percent_covered_display": "100", "missing_lines": 0, "excluded_lines": 0, "percent_statements_covered": 100.0, "percent_statements_covered_display": "100"}, "missing_lines": [], "excluded_lines": [], "start_line": 369}, "": {"executed_lines": [6, 7, 8, 9, 11, 12, 13, 14, 15, 16, 18, 19, 20, 21, 22, 23, 24, 25, 29, 30, 38, 40, 42, 48, 55, 56, 57, 60, 62, 72, 74, 84, 86, 97, 99, 109, 114, 125, 126, 129, 130, 137, 138, 145, 207, 225, 242, 243, 248, 249, 264, 265, 267, 268, 269, 272, 273, 278, 279, 280, 283, 284, 290, 291, 292, 293, 294, 297, 298, 304, 305, 306, 307, 308, 311, 312, 318, 319, 320, 321, 322, 325, 326, 333, 334, 335, 336, 337, 338, 339, 342, 343, 349, 350, 351, 352, 353, 354, 361, 363, 364, 365, 366, 369, 371, 372, 373, 378, 379, 578, 579, 580, 583], "summary": {"covered_lines": 113, "num_statements": 254, "percent_covered": 44.488188976377955, "percent_covered_display": "44", "missing_lines": 141, "excluded_lines": 0, "percent_statements_covered": 44.488188976377955, "percent_statements_covered_display": "44"}, "missing_lines": [139, 140, 143, 147, 149, 150, 151, 152, 154, 155, 156, 157, 160, 161, 162, 163, 164, 167, 168, 172, 174, 175, 176, 177, 178, 179, 180, 181, 182, 183, 184, 186, 187, 188, 190, 192, 193, 195, 196, 206, 208, 210, 212, 215, 228, 229, 231, 266, 392, 399, 400, 401, 402, 405, 407, 409, 411, 412, 413, 414, 416, 417, 418, 419, 421, 422, 423, 424, 425, 427, 428, 432, 434, 435, 436, 437, 438, 439, 440, 441, 442, 443, 444, 446, 447, 448, 450, 452, 453, 455, 456, 465, 466, 467, 469, 471, 472, 482, 483, 484, 486, 497, 498, 500, 502, 509, 511, 512, 513, 514, 515, 517, 518, 519, 521, 522, 523, 524, 525, 526, 527, 528, 529, 530, 532, 533, 534, 543, 544, 545, 555, 556, 558, 559, 560, 561, 562, 564, 571, 584, 585], "excluded_lines": [], "start_line": 1}}}, "services/sensitive_detect/models.py": {"executed_lines": [3, 4, 5, 7, 10, 11, 12, 13, 14, 17, 19, 20, 21, 24, 26, 27, 28, 29, 30, 31, 34, 36, 37, 38, 39, 40, 41, 42, 45, 47, 48, 49, 50, 51, 52, 55, 57, 58], "summary": {"covered_lines": 38, "num_statements": 38, "percent_covered": 100.0, "percent_covered_display": "100", "missing_lines": 0, "excluded_lines": 0, "percent_statements_covered": 100.0, "percent_statements_covered_display": "100"}, "missing_lines": [], "excluded_lines": [], "functions": {"": {"executed_lines": [3, 4, 5, 7, 10, 11, 12, 13, 14, 17, 19, 20, 21, 24, 26, 27, 28, 29, 30, 31, 34, 36, 37, 38, 39, 40, 41, 42, 45, 47, 48, 49, 50, 51, 52, 55, 57, 58], "summary": {"covered_lines": 38, "num_statements": 38, "percent_covered": 100.0, "percent_covered_display": "100", "missing_lines": 0, "excluded_lines": 0, "percent_statements_covered": 100.0, "percent_statements_covered_display": "100"}, "missing_lines": [], "excluded_lines": [], "start_line": 1}}, "classes": {"SensitivityLevel": {"executed_lines": [], "summary": {"covered_lines": 0, "num_statements": 0, "percent_covered": 100.0, "percent_covered_display": "100", "missing_lines": 0, "excluded_lines": 0, "percent_statements_covered": 100.0, "percent_statements_covered_display": "100"}, "missing_lines": [], "excluded_lines": [], "start_line": 10}, "ScanRequest": {"executed_lines": [], "summary": {"covered_lines": 0, "num_statements": 0, "percent_covered": 100.0, "percent_covered_display": "100", "missing_lines": 0, "excluded_lines": 0, "percent_statements_covered": 100.0, "percent_statements_covered_display": "100"}, "missing_lines": [], "excluded_lines": [], "start_line": 17}, "SensitiveField": {"executed_lines": [], "summary": {"covered_lines": 0, "num_statements": 0, "percent_covered": 100.0, "percent_covered_display": "100", "missing_lines": 0, "excluded_lines": 0, "percent_statements_covered": 100.0, "percent_statements_covered_display": "100"}, "missing_lines": [], "excluded_lines": [], "start_line": 24}, "ScanReport": {"executed_lines": [], "summary": {"covered_lines": 0, "num_statements": 0, "percent_covered": 100.0, "percent_covered_display": "100", "missing_lines": 0, "excluded_lines": 0, "percent_statements_covered": 100.0, "percent_statements_covered_display": "100"}, "missing_lines": [], "excluded_lines": [], "start_line": 34}, "DetectionRule": {"executed_lines": [], "summary": {"covered_lines": 0, "num_statements": 0, "percent_covered": 100.0, "percent_covered_display": "100", "missing_lines": 0, "excluded_lines": 0, "percent_statements_covered": 100.0, "percent_statements_covered_display": "100"}, "missing_lines": [], "excluded_lines": [], "start_line": 45}, "ClassifyRequest": {"executed_lines": [], "summary": {"covered_lines": 0, "num_statements": 0, "percent_covered": 100.0, "percent_covered_display": "100", "missing_lines": 0, "excluded_lines": 0, "percent_statements_covered": 100.0, "percent_statements_covered_display": "100"}, "missing_lines": [], "excluded_lines": [], "start_line": 55}, "": {"executed_lines": [3, 4, 5, 7, 10, 11, 12, 13, 14, 17, 19, 20, 21, 24, 26, 27, 28, 29, 30, 31, 34, 36, 37, 38, 39, 40, 41, 42, 45, 47, 48, 49, 50, 51, 52, 55, 57, 58], "summary": {"covered_lines": 38, "num_statements": 38, "percent_covered": 100.0, "percent_covered_display": "100", "missing_lines": 0, "excluded_lines": 0, "percent_statements_covered": 100.0, "percent_statements_covered_display": "100"}, "missing_lines": [], "excluded_lines": [], "start_line": 1}}}, "services/sensitive_detect/patterns.py": {"executed_lines": [3, 7, 74, 82, 84, 85, 86, 87, 93, 96, 98, 99, 100, 101, 102, 103], "summary": {"covered_lines": 16, "num_statements": 16, "percent_covered": 100.0, "percent_covered_display": "100", "missing_lines": 0, "excluded_lines": 0, "percent_statements_covered": 100.0, "percent_statements_covered_display": "100"}, "missing_lines": [], "excluded_lines": [], "functions": {"detect_by_pattern": {"executed_lines": [84, 85, 86, 87, 93], "summary": {"covered_lines": 5, "num_statements": 5, "percent_covered": 100.0, "percent_covered_display": "100", "missing_lines": 0, "excluded_lines": 0, "percent_statements_covered": 100.0, "percent_statements_covered_display": "100"}, "missing_lines": [], "excluded_lines": [], "start_line": 82}, "detect_by_field_name": {"executed_lines": [98, 99, 100, 101, 102, 103], "summary": {"covered_lines": 6, "num_statements": 6, "percent_covered": 100.0, "percent_covered_display": "100", "missing_lines": 0, "excluded_lines": 0, "percent_statements_covered": 100.0, "percent_statements_covered_display": "100"}, "missing_lines": [], "excluded_lines": [], "start_line": 96}, "": {"executed_lines": [3, 7, 74, 82, 96], "summary": {"covered_lines": 5, "num_statements": 5, "percent_covered": 100.0, "percent_covered_display": "100", "missing_lines": 0, "excluded_lines": 0, "percent_statements_covered": 100.0, "percent_statements_covered_display": "100"}, "missing_lines": [], "excluded_lines": [], "start_line": 1}}, "classes": {"": {"executed_lines": [3, 7, 74, 82, 84, 85, 86, 87, 93, 96, 98, 99, 100, 101, 102, 103], "summary": {"covered_lines": 16, "num_statements": 16, "percent_covered": 100.0, "percent_covered_display": "100", "missing_lines": 0, "excluded_lines": 0, "percent_statements_covered": 100.0, "percent_statements_covered_display": "100"}, "missing_lines": [], "excluded_lines": [], "start_line": 1}}}}, "totals": {"covered_lines": 5088, "num_statements": 7487, "percent_covered": 67.9577935087485, "percent_covered_display": "68", "missing_lines": 2399, "excluded_lines": 3, "percent_statements_covered": 67.9577935087485, "percent_statements_covered_display": "68"}}