{"/Users/iannil/Code/zproducts/one-data-studio-lite/web/src/api/audit.ts": {"path":"/Users/iannil/Code/zproducts/one-data-studio-lite/web/src/api/audit.ts","statementMap":{"0":{"start":{"line":13,"column":23},"end":{"line":16,"column":null}},"1":{"start":{"line":14,"column":19},"end":{"line":14,"column":null}},"2":{"start":{"line":15,"column":2},"end":{"line":15,"column":null}},"3":{"start":{"line":19,"column":22},"end":{"line":22,"column":null}},"4":{"start":{"line":20,"column":19},"end":{"line":20,"column":null}},"5":{"start":{"line":21,"column":2},"end":{"line":21,"column":null}},"6":{"start":{"line":25,"column":24},"end":{"line":28,"column":null}},"7":{"start":{"line":26,"column":19},"end":{"line":26,"column":null}},"8":{"start":{"line":27,"column":2},"end":{"line":27,"column":null}},"9":{"start":{"line":31,"column":26},"end":{"line":41,"column":null}},"10":{"start":{"line":35,"column":19},"end":{"line":39,"column":null}},"11":{"start":{"line":40,"column":2},"end":{"line":40,"column":null}}},"fnMap":{"0":{"name":"(anonymous_0)","decl":{"start":{"line":13,"column":23},"end":{"line":13,"column":30}},"loc":{"start":{"line":13,"column":87},"end":{"line":16,"column":null}},"line":13},"1":{"name":"(anonymous_1)","decl":{"start":{"line":19,"column":22},"end":{"line":19,"column":29}},"loc":{"start":{"line":19,"column":68},"end":{"line":22,"column":null}},"line":19},"2":{"name":"(anonymous_2)","decl":{"start":{"line":25,"column":24},"end":{"line":25,"column":57}},"loc":{"start":{"line":25,"column":57},"end":{"line":28,"column":null}},"line":25},"3":{"name":"(anonymous_3)","decl":{"start":{"line":31,"column":26},"end":{"line":31,"column":null}},"loc":{"start":{"line":34,"column":20},"end":{"line":41,"column":null}},"line":34}},"branchMap":{"0":{"loc":{"start":{"line":13,"column":30},"end":{"line":13,"column":87}},"type":"default-arg","locations":[{"start":{"line":13,"column":57},"end":{"line":13,"column":87}}],"line":13},"1":{"loc":{"start":{"line":33,"column":2},"end":{"line":33,"column":null}},"type":"default-arg","locations":[{"start":{"line":33,"column":28},"end":{"line":33,"column":null}}],"line":33}},"s":{"0":1,"1":9,"2":9,"3":1,"4":3,"5":3,"6":1,"7":3,"8":3,"9":1,"10":4,"11":4},"f":{"0":9,"1":3,"2":3,"3":4},"b":{"0":[9],"1":[4]},"meta":{"lastBranch":2,"lastFunction":4,"lastStatement":12,"seen":{"s:13:23:16:Infinity":0,"f:13:23:13:30":0,"b:13:57:13:87":0,"s:14:19:14:Infinity":1,"s:15:2:15:Infinity":2,"s:19:22:22:Infinity":3,"f:19:22:19:29":1,"s:20:19:20:Infinity":4,"s:21:2:21:Infinity":5,"s:25:24:28:Infinity":6,"f:25:24:25:57":2,"s:26:19:26:Infinity":7,"s:27:2:27:Infinity":8,"s:31:26:41:Infinity":9,"f:31:26:31:Infinity":3,"b:33:28:33:Infinity":1,"s:35:19:39:Infinity":10,"s:40:2:40:Infinity":11}}}
,"/Users/iannil/Code/zproducts/one-data-studio-lite/web/src/api/auth.ts": {"path":"/Users/iannil/Code/zproducts/one-data-studio-lite/web/src/api/auth.ts","statementMap":{"0":{"start":{"line":83,"column":21},"end":{"line":89,"column":null}},"1":{"start":{"line":84,"column":19},"end":{"line":87,"column":null}},"2":{"start":{"line":88,"column":2},"end":{"line":88,"column":null}},"3":{"start":{"line":92,"column":22},"end":{"line":94,"column":null}},"4":{"start":{"line":93,"column":2},"end":{"line":93,"column":null}},"5":{"start":{"line":97,"column":28},"end":{"line":100,"column":null}},"6":{"start":{"line":98,"column":19},"end":{"line":98,"column":null}},"7":{"start":{"line":99,"column":2},"end":{"line":99,"column":null}},"8":{"start":{"line":103,"column":29},"end":{"line":106,"column":null}},"9":{"start":{"line":104,"column":19},"end":{"line":104,"column":null}},"10":{"start":{"line":105,"column":2},"end":{"line":105,"column":null}},"11":{"start":{"line":109,"column":27},"end":{"line":112,"column":null}},"12":{"start":{"line":110,"column":19},"end":{"line":110,"column":null}},"13":{"start":{"line":111,"column":2},"end":{"line":111,"column":null}},"14":{"start":{"line":115,"column":27},"end":{"line":118,"column":null}},"15":{"start":{"line":116,"column":19},"end":{"line":116,"column":null}},"16":{"start":{"line":117,"column":2},"end":{"line":117,"column":null}},"17":{"start":{"line":125,"column":37},"end":{"line":128,"column":null}},"18":{"start":{"line":126,"column":19},"end":{"line":126,"column":null}},"19":{"start":{"line":127,"column":2},"end":{"line":127,"column":null}},"20":{"start":{"line":131,"column":31},"end":{"line":134,"column":null}},"21":{"start":{"line":132,"column":19},"end":{"line":132,"column":null}},"22":{"start":{"line":133,"column":2},"end":{"line":133,"column":null}},"23":{"start":{"line":137,"column":29},"end":{"line":140,"column":null}},"24":{"start":{"line":138,"column":19},"end":{"line":138,"column":null}},"25":{"start":{"line":139,"column":2},"end":{"line":139,"column":null}},"26":{"start":{"line":143,"column":30},"end":{"line":146,"column":null}},"27":{"start":{"line":144,"column":19},"end":{"line":144,"column":null}},"28":{"start":{"line":145,"column":2},"end":{"line":145,"column":null}},"29":{"start":{"line":153,"column":29},"end":{"line":156,"column":null}},"30":{"start":{"line":154,"column":19},"end":{"line":154,"column":null}},"31":{"start":{"line":155,"column":2},"end":{"line":155,"column":null}},"32":{"start":{"line":159,"column":27},"end":{"line":162,"column":null}},"33":{"start":{"line":160,"column":19},"end":{"line":160,"column":null}},"34":{"start":{"line":161,"column":2},"end":{"line":161,"column":null}},"35":{"start":{"line":165,"column":30},"end":{"line":168,"column":null}},"36":{"start":{"line":166,"column":19},"end":{"line":166,"column":null}},"37":{"start":{"line":167,"column":2},"end":{"line":167,"column":null}},"38":{"start":{"line":171,"column":29},"end":{"line":184,"column":null}},"39":{"start":{"line":182,"column":19},"end":{"line":182,"column":null}},"40":{"start":{"line":183,"column":2},"end":{"line":183,"column":null}}},"fnMap":{"0":{"name":"(anonymous_0)","decl":{"start":{"line":83,"column":21},"end":{"line":83,"column":28}},"loc":{"start":{"line":83,"column":91},"end":{"line":89,"column":null}},"line":83},"1":{"name":"(anonymous_1)","decl":{"start":{"line":92,"column":22},"end":{"line":92,"column":49}},"loc":{"start":{"line":92,"column":49},"end":{"line":94,"column":null}},"line":92},"2":{"name":"(anonymous_2)","decl":{"start":{"line":97,"column":28},"end":{"line":97,"column":71}},"loc":{"start":{"line":97,"column":71},"end":{"line":100,"column":null}},"line":97},"3":{"name":"(anonymous_3)","decl":{"start":{"line":103,"column":29},"end":{"line":103,"column":75}},"loc":{"start":{"line":103,"column":75},"end":{"line":106,"column":null}},"line":103},"4":{"name":"(anonymous_4)","decl":{"start":{"line":109,"column":27},"end":{"line":109,"column":66}},"loc":{"start":{"line":109,"column":66},"end":{"line":112,"column":null}},"line":109},"5":{"name":"(anonymous_5)","decl":{"start":{"line":115,"column":27},"end":{"line":115,"column":87}},"loc":{"start":{"line":115,"column":87},"end":{"line":118,"column":null}},"line":115},"6":{"name":"(anonymous_6)","decl":{"start":{"line":125,"column":37},"end":{"line":125,"column":44}},"loc":{"start":{"line":125,"column":110},"end":{"line":128,"column":null}},"line":125},"7":{"name":"(anonymous_7)","decl":{"start":{"line":131,"column":31},"end":{"line":131,"column":38}},"loc":{"start":{"line":131,"column":134},"end":{"line":134,"column":null}},"line":131},"8":{"name":"(anonymous_8)","decl":{"start":{"line":137,"column":29},"end":{"line":137,"column":36}},"loc":{"start":{"line":137,"column":138},"end":{"line":140,"column":null}},"line":137},"9":{"name":"(anonymous_9)","decl":{"start":{"line":143,"column":30},"end":{"line":143,"column":37}},"loc":{"start":{"line":143,"column":132},"end":{"line":146,"column":null}},"line":143},"10":{"name":"(anonymous_10)","decl":{"start":{"line":153,"column":29},"end":{"line":153,"column":63}},"loc":{"start":{"line":153,"column":63},"end":{"line":156,"column":null}},"line":153},"11":{"name":"(anonymous_11)","decl":{"start":{"line":159,"column":27},"end":{"line":159,"column":85}},"loc":{"start":{"line":159,"column":85},"end":{"line":162,"column":null}},"line":159},"12":{"name":"(anonymous_12)","decl":{"start":{"line":165,"column":30},"end":{"line":165,"column":77}},"loc":{"start":{"line":165,"column":77},"end":{"line":168,"column":null}},"line":165},"13":{"name":"(anonymous_13)","decl":{"start":{"line":171,"column":29},"end":{"line":171,"column":null}},"loc":{"start":{"line":181,"column":6},"end":{"line":184,"column":null}},"line":181}},"branchMap":{},"s":{"0":1,"1":7,"2":3,"3":1,"4":2,"5":1,"6":3,"7":3,"8":1,"9":5,"10":5,"11":1,"12":3,"13":2,"14":1,"15":2,"16":2,"17":1,"18":0,"19":0,"20":1,"21":0,"22":0,"23":1,"24":0,"25":0,"26":1,"27":0,"28":0,"29":1,"30":2,"31":2,"32":1,"33":2,"34":2,"35":1,"36":2,"37":2,"38":1,"39":3,"40":3},"f":{"0":7,"1":2,"2":3,"3":5,"4":3,"5":2,"6":0,"7":0,"8":0,"9":0,"10":2,"11":2,"12":2,"13":3},"b":{},"meta":{"lastBranch":0,"lastFunction":14,"lastStatement":41,"seen":{"s:83:21:89:Infinity":0,"f:83:21:83:28":0,"s:84:19:87:Infinity":1,"s:88:2:88:Infinity":2,"s:92:22:94:Infinity":3,"f:92:22:92:49":1,"s:93:2:93:Infinity":4,"s:97:28:100:Infinity":5,"f:97:28:97:71":2,"s:98:19:98:Infinity":6,"s:99:2:99:Infinity":7,"s:103:29:106:Infinity":8,"f:103:29:103:75":3,"s:104:19:104:Infinity":9,"s:105:2:105:Infinity":10,"s:109:27:112:Infinity":11,"f:109:27:109:66":4,"s:110:19:110:Infinity":12,"s:111:2:111:Infinity":13,"s:115:27:118:Infinity":14,"f:115:27:115:87":5,"s:116:19:116:Infinity":15,"s:117:2:117:Infinity":16,"s:125:37:128:Infinity":17,"f:125:37:125:44":6,"s:126:19:126:Infinity":18,"s:127:2:127:Infinity":19,"s:131:31:134:Infinity":20,"f:131:31:131:38":7,"s:132:19:132:Infinity":21,"s:133:2:133:Infinity":22,"s:137:29:140:Infinity":23,"f:137:29:137:36":8,"s:138:19:138:Infinity":24,"s:139:2:139:Infinity":25,"s:143:30:146:Infinity":26,"f:143:30:143:37":9,"s:144:19:144:Infinity":27,"s:145:2:145:Infinity":28,"s:153:29:156:Infinity":29,"f:153:29:153:63":10,"s:154:19:154:Infinity":30,"s:155:2:155:Infinity":31,"s:159:27:162:Infinity":32,"f:159:27:159:85":11,"s:160:19:160:Infinity":33,"s:161:2:161:Infinity":34,"s:165:30:168:Infinity":35,"f:165:30:165:77":12,"s:166:19:166:Infinity":36,"s:167:2:167:Infinity":37,"s:171:29:184:Infinity":38,"f:171:29:171:Infinity":13,"s:182:19:182:Infinity":39,"s:183:2:183:Infinity":40}}}
,"/Users/iannil/Code/zproducts/one-data-studio-lite/web/src/api/cleaning.ts": {"path":"/Users/iannil/Code/zproducts/one-data-studio-lite/web/src/api/cleaning.ts","statementMap":{"0":{"start":{"line":81,"column":15},"end":{"line":84,"column":null}},"1":{"start":{"line":85,"column":2},"end":{"line":85,"column":null}},"2":{"start":{"line":92,"column":15},"end":{"line":95,"column":null}},"3":{"start":{"line":96,"column":2},"end":{"line":96,"column":null}},"4":{"start":{"line":101,"column":15},"end":{"line":103,"column":null}},"5":{"start":{"line":104,"column":2},"end":{"line":104,"column":null}},"6":{"start":{"line":111,"column":15},"end":{"line":114,"column":null}},"7":{"start":{"line":115,"column":2},"end":{"line":115,"column":null}},"8":{"start":{"line":124,"column":15},"end":{"line":124,"column":null}},"9":{"start":{"line":125,"column":2},"end":{"line":125,"column":null}},"10":{"start":{"line":130,"column":15},"end":{"line":130,"column":null}},"11":{"start":{"line":131,"column":2},"end":{"line":131,"column":null}},"12":{"start":{"line":136,"column":15},"end":{"line":136,"column":null}},"13":{"start":{"line":137,"column":2},"end":{"line":137,"column":null}},"14":{"start":{"line":142,"column":15},"end":{"line":142,"column":null}},"15":{"start":{"line":143,"column":2},"end":{"line":143,"column":null}}},"fnMap":{"0":{"name":"analyzeQualityV1","decl":{"start":{"line":78,"column":22},"end":{"line":78,"column":null}},"loc":{"start":{"line":80,"column":46},"end":{"line":86,"column":null}},"line":80},"1":{"name":"recommendRulesV1","decl":{"start":{"line":89,"column":22},"end":{"line":89,"column":null}},"loc":{"start":{"line":91,"column":46},"end":{"line":97,"column":null}},"line":91},"2":{"name":"getCleaningRulesV1","decl":{"start":{"line":100,"column":22},"end":{"line":100,"column":81}},"loc":{"start":{"line":100,"column":81},"end":{"line":105,"column":null}},"line":100},"3":{"name":"generateConfigV1","decl":{"start":{"line":108,"column":22},"end":{"line":108,"column":null}},"loc":{"start":{"line":110,"column":46},"end":{"line":116,"column":null}},"line":110},"4":{"name":"analyzeQuality","decl":{"start":{"line":123,"column":22},"end":{"line":123,"column":37}},"loc":{"start":{"line":123,"column":68},"end":{"line":126,"column":null}},"line":123},"5":{"name":"recommendRules","decl":{"start":{"line":129,"column":22},"end":{"line":129,"column":37}},"loc":{"start":{"line":129,"column":68},"end":{"line":132,"column":null}},"line":129},"6":{"name":"getCleaningRules","decl":{"start":{"line":135,"column":22},"end":{"line":135,"column":41}},"loc":{"start":{"line":135,"column":41},"end":{"line":138,"column":null}},"line":135},"7":{"name":"generateConfig","decl":{"start":{"line":141,"column":22},"end":{"line":141,"column":37}},"loc":{"start":{"line":141,"column":68},"end":{"line":144,"column":null}},"line":141}},"branchMap":{},"s":{"0":7,"1":7,"2":3,"3":3,"4":1,"5":1,"6":4,"7":4,"8":1,"9":1,"10":1,"11":1,"12":1,"13":1,"14":1,"15":1},"f":{"0":7,"1":3,"2":1,"3":4,"4":1,"5":1,"6":1,"7":1},"b":{},"meta":{"lastBranch":0,"lastFunction":8,"lastStatement":16,"seen":{"f:78:22:78:Infinity":0,"s:81:15:84:Infinity":0,"s:85:2:85:Infinity":1,"f:89:22:89:Infinity":1,"s:92:15:95:Infinity":2,"s:96:2:96:Infinity":3,"f:100:22:100:81":2,"s:101:15:103:Infinity":4,"s:104:2:104:Infinity":5,"f:108:22:108:Infinity":3,"s:111:15:114:Infinity":6,"s:115:2:115:Infinity":7,"f:123:22:123:37":4,"s:124:15:124:Infinity":8,"s:125:2:125:Infinity":9,"f:129:22:129:37":5,"s:130:15:130:Infinity":10,"s:131:2:131:Infinity":11,"f:135:22:135:41":6,"s:136:15:136:Infinity":12,"s:137:2:137:Infinity":13,"f:141:22:141:37":7,"s:142:15:142:Infinity":14,"s:143:2:143:Infinity":15}}}
,"/Users/iannil/Code/zproducts/one-data-studio-lite/web/src/api/client.ts": {"path":"/Users/iannil/Code/zproducts/one-data-studio-lite/web/src/api/client.ts","statementMap":{"0":{"start":{"line":6,"column":28},"end":{"line":6,"column":null}},"1":{"start":{"line":8,"column":15},"end":{"line":15,"column":null}},"2":{"start":{"line":19,"column":15},"end":{"line":19,"column":null}},"3":{"start":{"line":20,"column":2},"end":{"line":22,"column":null}},"4":{"start":{"line":21,"column":4},"end":{"line":21,"column":null}},"5":{"start":{"line":23,"column":2},"end":{"line":23,"column":null}},"6":{"start":{"line":27,"column":19},"end":{"line":27,"column":null}},"7":{"start":{"line":28,"column":54},"end":{"line":28,"column":null}},"8":{"start":{"line":30,"column":30},"end":{"line":32,"column":null}},"9":{"start":{"line":31,"column":2},"end":{"line":31,"column":null}},"10":{"start":{"line":34,"column":25},"end":{"line":37,"column":null}},"11":{"start":{"line":35,"column":2},"end":{"line":35,"column":null}},"12":{"start":{"line":35,"column":37},"end":{"line":35,"column":46}},"13":{"start":{"line":36,"column":2},"end":{"line":36,"column":null}},"14":{"start":{"line":40,"column":28},"end":{"line":59,"column":null}},"15":{"start":{"line":41,"column":2},"end":{"line":58,"column":null}},"16":{"start":{"line":42,"column":21},"end":{"line":51,"column":null}},"17":{"start":{"line":52,"column":4},"end":{"line":54,"column":null}},"18":{"start":{"line":53,"column":6},"end":{"line":53,"column":null}},"19":{"start":{"line":55,"column":4},"end":{"line":55,"column":null}},"20":{"start":{"line":57,"column":4},"end":{"line":57,"column":null}},"21":{"start":{"line":62,"column":0},"end":{"line":95,"column":null}},"22":{"start":{"line":64,"column":10},"end":{"line":64,"column":null}},"23":{"start":{"line":65,"column":4},"end":{"line":91,"column":null}},"24":{"start":{"line":66,"column":6},"end":{"line":66,"column":null}},"25":{"start":{"line":69,"column":18},"end":{"line":69,"column":null}},"26":{"start":{"line":70,"column":6},"end":{"line":90,"column":null}},"27":{"start":{"line":71,"column":8},"end":{"line":89,"column":null}},"28":{"start":{"line":72,"column":10},"end":{"line":72,"column":null}},"29":{"start":{"line":73,"column":27},"end":{"line":73,"column":null}},"30":{"start":{"line":74,"column":10},"end":{"line":74,"column":null}},"31":{"start":{"line":76,"column":10},"end":{"line":80,"column":null}},"32":{"start":{"line":77,"column":12},"end":{"line":77,"column":null}},"33":{"start":{"line":78,"column":12},"end":{"line":78,"column":null}},"34":{"start":{"line":79,"column":12},"end":{"line":79,"column":null}},"35":{"start":{"line":83,"column":10},"end":{"line":88,"column":null}},"36":{"start":{"line":84,"column":12},"end":{"line":87,"column":null}},"37":{"start":{"line":85,"column":14},"end":{"line":85,"column":null}},"38":{"start":{"line":86,"column":14},"end":{"line":86,"column":null}},"39":{"start":{"line":92,"column":4},"end":{"line":92,"column":null}},"40":{"start":{"line":94,"column":13},"end":{"line":94,"column":null}},"41":{"start":{"line":98,"column":0},"end":{"line":114,"column":null}},"42":{"start":{"line":99,"column":16},"end":{"line":99,"column":null}},"43":{"start":{"line":103,"column":4},"end":{"line":111,"column":null}},"44":{"start":{"line":104,"column":18},"end":{"line":104,"column":null}},"45":{"start":{"line":106,"column":6},"end":{"line":109,"column":null}},"46":{"start":{"line":107,"column":8},"end":{"line":107,"column":null}},"47":{"start":{"line":108,"column":8},"end":{"line":108,"column":null}},"48":{"start":{"line":112,"column":4},"end":{"line":112,"column":null}}},"fnMap":{"0":{"name":"getResponseData","decl":{"start":{"line":18,"column":22},"end":{"line":18,"column":41}},"loc":{"start":{"line":18,"column":88},"end":{"line":24,"column":null}},"line":18},"1":{"name":"(anonymous_1)","decl":{"start":{"line":30,"column":30},"end":{"line":30,"column":31}},"loc":{"start":{"line":30,"column":63},"end":{"line":32,"column":null}},"line":30},"2":{"name":"(anonymous_2)","decl":{"start":{"line":34,"column":25},"end":{"line":34,"column":26}},"loc":{"start":{"line":34,"column":44},"end":{"line":37,"column":null}},"line":34},"3":{"name":"(anonymous_3)","decl":{"start":{"line":35,"column":29},"end":{"line":35,"column":30}},"loc":{"start":{"line":35,"column":37},"end":{"line":35,"column":46}},"line":35},"4":{"name":"(anonymous_4)","decl":{"start":{"line":40,"column":28},"end":{"line":40,"column":64}},"loc":{"start":{"line":40,"column":64},"end":{"line":59,"column":null}},"line":40},"5":{"name":"(anonymous_5)","decl":{"start":{"line":63,"column":2},"end":{"line":63,"column":9}},"loc":{"start":{"line":63,"column":48},"end":{"line":93,"column":null}},"line":63},"6":{"name":"(anonymous_6)","decl":{"start":{"line":83,"column":29},"end":{"line":83,"column":30}},"loc":{"start":{"line":83,"column":42},"end":{"line":88,"column":11}},"line":83},"7":{"name":"(anonymous_7)","decl":{"start":{"line":84,"column":34},"end":{"line":84,"column":35}},"loc":{"start":{"line":84,"column":56},"end":{"line":87,"column":13}},"line":84},"8":{"name":"(anonymous_8)","decl":{"start":{"line":94,"column":2},"end":{"line":94,"column":3}},"loc":{"start":{"line":94,"column":13},"end":{"line":94,"column":null}},"line":94},"9":{"name":"(anonymous_9)","decl":{"start":{"line":99,"column":2},"end":{"line":99,"column":3}},"loc":{"start":{"line":99,"column":16},"end":{"line":99,"column":null}},"line":99},"10":{"name":"(anonymous_10)","decl":{"start":{"line":100,"column":2},"end":{"line":100,"column":3}},"loc":{"start":{"line":100,"column":25},"end":{"line":113,"column":null}},"line":100}},"branchMap":{"0":{"loc":{"start":{"line":6,"column":28},"end":{"line":6,"column":null}},"type":"binary-expr","locations":[{"start":{"line":6,"column":28},"end":{"line":6,"column":65}},{"start":{"line":6,"column":65},"end":{"line":6,"column":null}}],"line":6},"1":{"loc":{"start":{"line":20,"column":2},"end":{"line":22,"column":null}},"type":"if","locations":[{"start":{"line":20,"column":2},"end":{"line":22,"column":null}},{"start":{},"end":{}}],"line":20},"2":{"loc":{"start":{"line":20,"column":6},"end":{"line":20,"column":54}},"type":"binary-expr","locations":[{"start":{"line":20,"column":6},"end":{"line":20,"column":29}},{"start":{"line":20,"column":29},"end":{"line":20,"column":54}}],"line":20},"3":{"loc":{"start":{"line":23,"column":18},"end":{"line":23,"column":40}},"type":"binary-expr","locations":[{"start":{"line":23,"column":18},"end":{"line":23,"column":34}},{"start":{"line":23,"column":34},"end":{"line":23,"column":40}}],"line":23},"4":{"loc":{"start":{"line":43,"column":9},"end":{"line":43,"column":69}},"type":"binary-expr","locations":[{"start":{"line":43,"column":9},"end":{"line":43,"column":46}},{"start":{"line":43,"column":46},"end":{"line":43,"column":69}}],"line":43},"5":{"loc":{"start":{"line":52,"column":4},"end":{"line":54,"column":null}},"type":"if","locations":[{"start":{"line":52,"column":4},"end":{"line":54,"column":null}},{"start":{},"end":{}}],"line":52},"6":{"loc":{"start":{"line":52,"column":8},"end":{"line":52,"column":54}},"type":"binary-expr","locations":[{"start":{"line":52,"column":8},"end":{"line":52,"column":33}},{"start":{"line":52,"column":33},"end":{"line":52,"column":54}}],"line":52},"7":{"loc":{"start":{"line":65,"column":4},"end":{"line":91,"column":null}},"type":"if","locations":[{"start":{"line":65,"column":4},"end":{"line":91,"column":null}},{"start":{},"end":{}}],"line":65},"8":{"loc":{"start":{"line":65,"column":8},"end":{"line":65,"column":33}},"type":"binary-expr","locations":[{"start":{"line":65,"column":8},"end":{"line":65,"column":17}},{"start":{"line":65,"column":17},"end":{"line":65,"column":33}}],"line":65},"9":{"loc":{"start":{"line":69,"column":18},"end":{"line":69,"column":null}},"type":"binary-expr","locations":[{"start":{"line":69,"column":18},"end":{"line":69,"column":32}},{"start":{"line":69,"column":32},"end":{"line":69,"column":null}}],"line":69},"10":{"loc":{"start":{"line":70,"column":6},"end":{"line":90,"column":null}},"type":"if","locations":[{"start":{"line":70,"column":6},"end":{"line":90,"column":null}},{"start":{},"end":{}}],"line":70},"11":{"loc":{"start":{"line":70,"column":10},"end":{"line":70,"column":101}},"type":"binary-expr","locations":[{"start":{"line":70,"column":10},"end":{"line":70,"column":44}},{"start":{"line":70,"column":44},"end":{"line":70,"column":76}},{"start":{"line":70,"column":71},"end":{"line":70,"column":101}}],"line":70},"12":{"loc":{"start":{"line":71,"column":8},"end":{"line":89,"column":null}},"type":"if","locations":[{"start":{"line":71,"column":8},"end":{"line":89,"column":null}},{"start":{"line":81,"column":15},"end":{"line":89,"column":null}}],"line":71},"13":{"loc":{"start":{"line":76,"column":10},"end":{"line":80,"column":null}},"type":"if","locations":[{"start":{"line":76,"column":10},"end":{"line":80,"column":null}},{"start":{},"end":{}}],"line":76},"14":{"loc":{"start":{"line":103,"column":4},"end":{"line":111,"column":null}},"type":"if","locations":[{"start":{"line":103,"column":4},"end":{"line":111,"column":null}},{"start":{},"end":{}}],"line":103},"15":{"loc":{"start":{"line":104,"column":18},"end":{"line":104,"column":null}},"type":"binary-expr","locations":[{"start":{"line":104,"column":18},"end":{"line":104,"column":39}},{"start":{"line":104,"column":39},"end":{"line":104,"column":null}}],"line":104},"16":{"loc":{"start":{"line":106,"column":6},"end":{"line":109,"column":null}},"type":"if","locations":[{"start":{"line":106,"column":6},"end":{"line":109,"column":null}},{"start":{},"end":{}}],"line":106},"17":{"loc":{"start":{"line":106,"column":10},"end":{"line":106,"column":64}},"type":"binary-expr","locations":[{"start":{"line":106,"column":10},"end":{"line":106,"column":37}},{"start":{"line":106,"column":37},"end":{"line":106,"column":64}}],"line":106}},"s":{"0":2,"1":2,"2":0,"3":0,"4":0,"5":0,"6":2,"7":2,"8":2,"9":0,"10":2,"11":0,"12":0,"13":0,"14":2,"15":0,"16":0,"17":0,"18":0,"19":0,"20":0,"21":2,"22":2,"23":2,"24":0,"25":0,"26":0,"27":0,"28":0,"29":0,"30":0,"31":0,"32":0,"33":0,"34":0,"35":0,"36":0,"37":0,"38":0,"39":2,"40":0,"41":2,"42":0,"43":0,"44":0,"45":0,"46":0,"47":0,"48":0},"f":{"0":0,"1":0,"2":0,"3":0,"4":0,"5":2,"6":0,"7":0,"8":0,"9":0,"10":0},"b":{"0":[2,2],"1":[0,0],"2":[0,0],"3":[0,0],"4":[0,0],"5":[0,0],"6":[0,0],"7":[0,2],"8":[2,0],"9":[0,0],"10":[0,0],"11":[0,0,0],"12":[0,0],"13":[0,0],"14":[0,0],"15":[0,0],"16":[0,0],"17":[0,0]},"meta":{"lastBranch":18,"lastFunction":11,"lastStatement":49,"seen":{"s:6:28:6:Infinity":0,"b:6:28:6:65:6:65:6:Infinity":0,"s:8:15:15:Infinity":1,"f:18:22:18:41":0,"s:19:15:19:Infinity":2,"b:20:2:22:Infinity:undefined:undefined:undefined:undefined":1,"s:20:2:22:Infinity":3,"b:20:6:20:29:20:29:20:54":2,"s:21:4:21:Infinity":4,"s:23:2:23:Infinity":5,"b:23:18:23:34:23:34:23:40":3,"s:27:19:27:Infinity":6,"s:28:54:28:Infinity":7,"s:30:30:32:Infinity":8,"f:30:30:30:31":1,"s:31:2:31:Infinity":9,"s:34:25:37:Infinity":10,"f:34:25:34:26":2,"s:35:2:35:Infinity":11,"f:35:29:35:30":3,"s:35:37:35:46":12,"s:36:2:36:Infinity":13,"s:40:28:59:Infinity":14,"f:40:28:40:64":4,"s:41:2:58:Infinity":15,"s:42:21:51:Infinity":16,"b:43:9:43:46:43:46:43:69":4,"b:52:4:54:Infinity:undefined:undefined:undefined:undefined":5,"s:52:4:54:Infinity":17,"b:52:8:52:33:52:33:52:54":6,"s:53:6:53:Infinity":18,"s:55:4:55:Infinity":19,"s:57:4:57:Infinity":20,"s:62:0:95:Infinity":21,"f:63:2:63:9":5,"s:64:10:64:Infinity":22,"b:65:4:91:Infinity:undefined:undefined:undefined:undefined":7,"s:65:4:91:Infinity":23,"b:65:8:65:17:65:17:65:33":8,"s:66:6:66:Infinity":24,"s:69:18:69:Infinity":25,"b:69:18:69:32:69:32:69:Infinity":9,"b:70:6:90:Infinity:undefined:undefined:undefined:undefined":10,"s:70:6:90:Infinity":26,"b:70:10:70:44:70:44:70:76:70:71:70:101":11,"b:71:8:89:Infinity:81:15:89:Infinity":12,"s:71:8:89:Infinity":27,"s:72:10:72:Infinity":28,"s:73:27:73:Infinity":29,"s:74:10:74:Infinity":30,"b:76:10:80:Infinity:undefined:undefined:undefined:undefined":13,"s:76:10:80:Infinity":31,"s:77:12:77:Infinity":32,"s:78:12:78:Infinity":33,"s:79:12:79:Infinity":34,"s:83:10:88:Infinity":35,"f:83:29:83:30":6,"s:84:12:87:Infinity":36,"f:84:34:84:35":7,"s:85:14:85:Infinity":37,"s:86:14:86:Infinity":38,"s:92:4:92:Infinity":39,"f:94:2:94:3":8,"s:94:13:94:Infinity":40,"s:98:0:114:Infinity":41,"f:99:2:99:3":9,"s:99:16:99:Infinity":42,"f:100:2:100:3":10,"b:103:4:111:Infinity:undefined:undefined:undefined:undefined":14,"s:103:4:111:Infinity":43,"s:104:18:104:Infinity":44,"b:104:18:104:39:104:39:104:Infinity":15,"b:106:6:109:Infinity:undefined:undefined:undefined:undefined":16,"s:106:6:109:Infinity":45,"b:106:10:106:37:106:37:106:64":17,"s:107:8:107:Infinity":46,"s:108:8:108:Infinity":47,"s:112:4:112:Infinity":48}}}
,"/Users/iannil/Code/zproducts/one-data-studio-lite/web/src/api/cubestudio.ts": {"path":"/Users/iannil/Code/zproducts/one-data-studio-lite/web/src/api/cubestudio.ts","statementMap":{"0":{"start":{"line":162,"column":15},"end":{"line":162,"column":null}},"1":{"start":{"line":163,"column":2},"end":{"line":163,"column":null}},"2":{"start":{"line":168,"column":15},"end":{"line":168,"column":null}},"3":{"start":{"line":169,"column":2},"end":{"line":169,"column":null}},"4":{"start":{"line":174,"column":15},"end":{"line":177,"column":null}},"5":{"start":{"line":178,"column":2},"end":{"line":178,"column":null}},"6":{"start":{"line":183,"column":15},"end":{"line":183,"column":null}},"7":{"start":{"line":184,"column":2},"end":{"line":184,"column":null}},"8":{"start":{"line":193,"column":15},"end":{"line":193,"column":null}},"9":{"start":{"line":194,"column":2},"end":{"line":194,"column":null}},"10":{"start":{"line":199,"column":15},"end":{"line":202,"column":null}},"11":{"start":{"line":203,"column":2},"end":{"line":203,"column":null}},"12":{"start":{"line":208,"column":15},"end":{"line":211,"column":null}},"13":{"start":{"line":212,"column":2},"end":{"line":212,"column":null}},"14":{"start":{"line":221,"column":15},"end":{"line":226,"column":null}},"15":{"start":{"line":229,"column":2},"end":{"line":237,"column":null}},"16":{"start":{"line":230,"column":17},"end":{"line":230,"column":null}},"17":{"start":{"line":231,"column":4},"end":{"line":233,"column":null}},"18":{"start":{"line":232,"column":6},"end":{"line":232,"column":null}},"19":{"start":{"line":234,"column":4},"end":{"line":236,"column":null}},"20":{"start":{"line":235,"column":6},"end":{"line":235,"column":null}},"21":{"start":{"line":238,"column":2},"end":{"line":238,"column":null}},"22":{"start":{"line":247,"column":15},"end":{"line":247,"column":null}},"23":{"start":{"line":248,"column":2},"end":{"line":248,"column":null}},"24":{"start":{"line":253,"column":15},"end":{"line":253,"column":null}},"25":{"start":{"line":254,"column":2},"end":{"line":254,"column":null}},"26":{"start":{"line":259,"column":15},"end":{"line":259,"column":null}},"27":{"start":{"line":260,"column":2},"end":{"line":260,"column":null}},"28":{"start":{"line":269,"column":15},"end":{"line":269,"column":null}},"29":{"start":{"line":270,"column":2},"end":{"line":270,"column":null}},"30":{"start":{"line":275,"column":15},"end":{"line":275,"column":null}},"31":{"start":{"line":276,"column":2},"end":{"line":276,"column":null}},"32":{"start":{"line":285,"column":15},"end":{"line":285,"column":null}},"33":{"start":{"line":286,"column":2},"end":{"line":286,"column":null}},"34":{"start":{"line":291,"column":15},"end":{"line":291,"column":null}},"35":{"start":{"line":292,"column":2},"end":{"line":292,"column":null}},"36":{"start":{"line":297,"column":15},"end":{"line":297,"column":null}},"37":{"start":{"line":298,"column":2},"end":{"line":298,"column":null}},"38":{"start":{"line":307,"column":15},"end":{"line":307,"column":null}},"39":{"start":{"line":308,"column":2},"end":{"line":308,"column":null}},"40":{"start":{"line":313,"column":15},"end":{"line":313,"column":null}},"41":{"start":{"line":314,"column":2},"end":{"line":314,"column":null}},"42":{"start":{"line":319,"column":15},"end":{"line":319,"column":null}},"43":{"start":{"line":320,"column":2},"end":{"line":320,"column":null}}},"fnMap":{"0":{"name":"getPipelinesV1","decl":{"start":{"line":161,"column":22},"end":{"line":161,"column":37}},"loc":{"start":{"line":161,"column":92},"end":{"line":164,"column":null}},"line":161},"1":{"name":"getPipelineV1","decl":{"start":{"line":167,"column":22},"end":{"line":167,"column":36}},"loc":{"start":{"line":167,"column":80},"end":{"line":170,"column":null}},"line":167},"2":{"name":"runPipelineV1","decl":{"start":{"line":173,"column":22},"end":{"line":173,"column":36}},"loc":{"start":{"line":173,"column":117},"end":{"line":179,"column":null}},"line":173},"3":{"name":"deletePipelineV1","decl":{"start":{"line":182,"column":22},"end":{"line":182,"column":39}},"loc":{"start":{"line":182,"column":94},"end":{"line":185,"column":null}},"line":182},"4":{"name":"listModelsV1","decl":{"start":{"line":192,"column":22},"end":{"line":192,"column":79}},"loc":{"start":{"line":192,"column":79},"end":{"line":195,"column":null}},"line":192},"5":{"name":"modelInferenceV1","decl":{"start":{"line":198,"column":22},"end":{"line":198,"column":39}},"loc":{"start":{"line":198,"column":117},"end":{"line":204,"column":null}},"line":198},"6":{"name":"chatCompletionV1","decl":{"start":{"line":207,"column":22},"end":{"line":207,"column":39}},"loc":{"start":{"line":207,"column":117},"end":{"line":213,"column":null}},"line":207},"7":{"name":"quickChat","decl":{"start":{"line":216,"column":22},"end":{"line":216,"column":null}},"loc":{"start":{"line":220,"column":19},"end":{"line":239,"column":null}},"line":220},"8":{"name":"listDataSourcesV1","decl":{"start":{"line":246,"column":22},"end":{"line":246,"column":96}},"loc":{"start":{"line":246,"column":96},"end":{"line":249,"column":null}},"line":246},"9":{"name":"createDataSourceV1","decl":{"start":{"line":252,"column":22},"end":{"line":252,"column":41}},"loc":{"start":{"line":252,"column":108},"end":{"line":255,"column":null}},"line":252},"10":{"name":"listDatasetsV1","decl":{"start":{"line":258,"column":22},"end":{"line":258,"column":37}},"loc":{"start":{"line":258,"column":105},"end":{"line":261,"column":null}},"line":258},"11":{"name":"listNotebooksV1","decl":{"start":{"line":268,"column":22},"end":{"line":268,"column":38}},"loc":{"start":{"line":268,"column":103},"end":{"line":271,"column":null}},"line":268},"12":{"name":"createNotebookV1","decl":{"start":{"line":274,"column":22},"end":{"line":274,"column":39}},"loc":{"start":{"line":274,"column":102},"end":{"line":277,"column":null}},"line":274},"13":{"name":"getMetricsV1","decl":{"start":{"line":284,"column":22},"end":{"line":284,"column":76}},"loc":{"start":{"line":284,"column":76},"end":{"line":287,"column":null}},"line":284},"14":{"name":"listAlertsV1","decl":{"start":{"line":290,"column":22},"end":{"line":290,"column":75}},"loc":{"start":{"line":290,"column":75},"end":{"line":293,"column":null}},"line":290},"15":{"name":"getServicesStatusV1","decl":{"start":{"line":296,"column":22},"end":{"line":296,"column":90}},"loc":{"start":{"line":296,"column":90},"end":{"line":299,"column":null}},"line":296},"16":{"name":"getPipelines","decl":{"start":{"line":306,"column":22},"end":{"line":306,"column":35}},"loc":{"start":{"line":306,"column":56},"end":{"line":309,"column":null}},"line":306},"17":{"name":"getPipeline","decl":{"start":{"line":312,"column":22},"end":{"line":312,"column":34}},"loc":{"start":{"line":312,"column":46},"end":{"line":315,"column":null}},"line":312},"18":{"name":"runPipeline","decl":{"start":{"line":318,"column":22},"end":{"line":318,"column":34}},"loc":{"start":{"line":318,"column":46},"end":{"line":321,"column":null}},"line":318}},"branchMap":{"0":{"loc":{"start":{"line":176,"column":4},"end":{"line":176,"column":null}},"type":"binary-expr","locations":[{"start":{"line":176,"column":4},"end":{"line":176,"column":14}},{"start":{"line":176,"column":14},"end":{"line":176,"column":null}}],"line":176},"1":{"loc":{"start":{"line":218,"column":2},"end":{"line":218,"column":null}},"type":"default-arg","locations":[{"start":{"line":218,"column":18},"end":{"line":218,"column":null}}],"line":218},"2":{"loc":{"start":{"line":219,"column":2},"end":{"line":219,"column":null}},"type":"default-arg","locations":[{"start":{"line":219,"column":22},"end":{"line":219,"column":null}}],"line":219},"3":{"loc":{"start":{"line":229,"column":2},"end":{"line":237,"column":null}},"type":"if","locations":[{"start":{"line":229,"column":2},"end":{"line":237,"column":null}},{"start":{},"end":{}}],"line":229},"4":{"loc":{"start":{"line":229,"column":6},"end":{"line":229,"column":40}},"type":"binary-expr","locations":[{"start":{"line":229,"column":6},"end":{"line":229,"column":29}},{"start":{"line":229,"column":29},"end":{"line":229,"column":40}}],"line":229},"5":{"loc":{"start":{"line":231,"column":4},"end":{"line":233,"column":null}},"type":"if","locations":[{"start":{"line":231,"column":4},"end":{"line":233,"column":null}},{"start":{},"end":{}}],"line":231},"6":{"loc":{"start":{"line":231,"column":8},"end":{"line":231,"column":68}},"type":"binary-expr","locations":[{"start":{"line":231,"column":8},"end":{"line":231,"column":36}},{"start":{"line":231,"column":36},"end":{"line":231,"column":68}}],"line":231},"7":{"loc":{"start":{"line":234,"column":4},"end":{"line":236,"column":null}},"type":"if","locations":[{"start":{"line":234,"column":4},"end":{"line":236,"column":null}},{"start":{},"end":{}}],"line":234},"8":{"loc":{"start":{"line":234,"column":8},"end":{"line":234,"column":67}},"type":"binary-expr","locations":[{"start":{"line":234,"column":8},"end":{"line":234,"column":36}},{"start":{"line":234,"column":36},"end":{"line":234,"column":67}}],"line":234},"9":{"loc":{"start":{"line":238,"column":18},"end":{"line":238,"column":42}},"type":"binary-expr","locations":[{"start":{"line":238,"column":18},"end":{"line":238,"column":34}},{"start":{"line":238,"column":34},"end":{"line":238,"column":42}}],"line":238},"10":{"loc":{"start":{"line":268,"column":38},"end":{"line":268,"column":103}},"type":"default-arg","locations":[{"start":{"line":268,"column":53},"end":{"line":268,"column":103}}],"line":268}},"s":{"0":3,"1":3,"2":1,"3":1,"4":2,"5":2,"6":1,"7":1,"8":1,"9":1,"10":2,"11":2,"12":4,"13":4,"14":3,"15":3,"16":2,"17":2,"18":2,"19":0,"20":0,"21":1,"22":1,"23":1,"24":1,"25":1,"26":1,"27":1,"28":3,"29":3,"30":1,"31":1,"32":1,"33":1,"34":1,"35":1,"36":1,"37":1,"38":0,"39":0,"40":0,"41":0,"42":0,"43":0},"f":{"0":3,"1":1,"2":2,"3":1,"4":1,"5":2,"6":4,"7":3,"8":1,"9":1,"10":1,"11":3,"12":1,"13":1,"14":1,"15":1,"16":0,"17":0,"18":0},"b":{"0":[2,1],"1":[3],"2":[3],"3":[2,1],"4":[3,2],"5":[2,0],"6":[2,2],"7":[0,0],"8":[0,0],"9":[1,0],"10":[3]},"meta":{"lastBranch":11,"lastFunction":19,"lastStatement":44,"seen":{"f:161:22:161:37":0,"s:162:15:162:Infinity":0,"s:163:2:163:Infinity":1,"f:167:22:167:36":1,"s:168:15:168:Infinity":2,"s:169:2:169:Infinity":3,"f:173:22:173:36":2,"s:174:15:177:Infinity":4,"b:176:4:176:14:176:14:176:Infinity":0,"s:178:2:178:Infinity":5,"f:182:22:182:39":3,"s:183:15:183:Infinity":6,"s:184:2:184:Infinity":7,"f:192:22:192:79":4,"s:193:15:193:Infinity":8,"s:194:2:194:Infinity":9,"f:198:22:198:39":5,"s:199:15:202:Infinity":10,"s:203:2:203:Infinity":11,"f:207:22:207:39":6,"s:208:15:211:Infinity":12,"s:212:2:212:Infinity":13,"f:216:22:216:Infinity":7,"b:218:18:218:Infinity":1,"b:219:22:219:Infinity":2,"s:221:15:226:Infinity":14,"b:229:2:237:Infinity:undefined:undefined:undefined:undefined":3,"s:229:2:237:Infinity":15,"b:229:6:229:29:229:29:229:40":4,"s:230:17:230:Infinity":16,"b:231:4:233:Infinity:undefined:undefined:undefined:undefined":5,"s:231:4:233:Infinity":17,"b:231:8:231:36:231:36:231:68":6,"s:232:6:232:Infinity":18,"b:234:4:236:Infinity:undefined:undefined:undefined:undefined":7,"s:234:4:236:Infinity":19,"b:234:8:234:36:234:36:234:67":8,"s:235:6:235:Infinity":20,"s:238:2:238:Infinity":21,"b:238:18:238:34:238:34:238:42":9,"f:246:22:246:96":8,"s:247:15:247:Infinity":22,"s:248:2:248:Infinity":23,"f:252:22:252:41":9,"s:253:15:253:Infinity":24,"s:254:2:254:Infinity":25,"f:258:22:258:37":10,"s:259:15:259:Infinity":26,"s:260:2:260:Infinity":27,"f:268:22:268:38":11,"b:268:53:268:103":10,"s:269:15:269:Infinity":28,"s:270:2:270:Infinity":29,"f:274:22:274:39":12,"s:275:15:275:Infinity":30,"s:276:2:276:Infinity":31,"f:284:22:284:76":13,"s:285:15:285:Infinity":32,"s:286:2:286:Infinity":33,"f:290:22:290:75":14,"s:291:15:291:Infinity":34,"s:292:2:292:Infinity":35,"f:296:22:296:90":15,"s:297:15:297:Infinity":36,"s:298:2:298:Infinity":37,"f:306:22:306:35":16,"s:307:15:307:Infinity":38,"s:308:2:308:Infinity":39,"f:312:22:312:34":17,"s:313:15:313:Infinity":40,"s:314:2:314:Infinity":41,"f:318:22:318:34":18,"s:319:15:319:Infinity":42,"s:320:2:320:Infinity":43}}}
,"/Users/iannil/Code/zproducts/one-data-studio-lite/web/src/api/data-api.ts": {"path":"/Users/iannil/Code/zproducts/one-data-studio-lite/web/src/api/data-api.ts","statementMap":{"0":{"start":{"line":74,"column":15},"end":{"line":77,"column":null}},"1":{"start":{"line":78,"column":2},"end":{"line":78,"column":null}},"2":{"start":{"line":83,"column":15},"end":{"line":85,"column":null}},"3":{"start":{"line":86,"column":2},"end":{"line":86,"column":null}},"4":{"start":{"line":91,"column":15},"end":{"line":93,"column":null}},"5":{"start":{"line":94,"column":2},"end":{"line":94,"column":null}},"6":{"start":{"line":102,"column":15},"end":{"line":105,"column":null}},"7":{"start":{"line":106,"column":2},"end":{"line":106,"column":null}},"8":{"start":{"line":111,"column":15},"end":{"line":113,"column":null}},"9":{"start":{"line":114,"column":2},"end":{"line":114,"column":null}},"10":{"start":{"line":119,"column":15},"end":{"line":121,"column":null}},"11":{"start":{"line":122,"column":2},"end":{"line":122,"column":null}},"12":{"start":{"line":131,"column":15},"end":{"line":131,"column":null}},"13":{"start":{"line":132,"column":2},"end":{"line":132,"column":null}},"14":{"start":{"line":137,"column":15},"end":{"line":137,"column":null}},"15":{"start":{"line":138,"column":2},"end":{"line":138,"column":null}},"16":{"start":{"line":143,"column":15},"end":{"line":143,"column":null}},"17":{"start":{"line":144,"column":2},"end":{"line":144,"column":null}},"18":{"start":{"line":149,"column":15},"end":{"line":149,"column":null}},"19":{"start":{"line":150,"column":2},"end":{"line":150,"column":null}},"20":{"start":{"line":155,"column":15},"end":{"line":155,"column":null}},"21":{"start":{"line":156,"column":2},"end":{"line":156,"column":null}},"22":{"start":{"line":161,"column":15},"end":{"line":161,"column":null}},"23":{"start":{"line":162,"column":2},"end":{"line":162,"column":null}}},"fnMap":{"0":{"name":"searchAssetsV1","decl":{"start":{"line":71,"column":22},"end":{"line":71,"column":null}},"loc":{"start":{"line":73,"column":37},"end":{"line":79,"column":null}},"line":73},"1":{"name":"getAssetDetailV1","decl":{"start":{"line":82,"column":22},"end":{"line":82,"column":39}},"loc":{"start":{"line":82,"column":84},"end":{"line":87,"column":null}},"line":82},"2":{"name":"getDatasetSchemaV1","decl":{"start":{"line":90,"column":22},"end":{"line":90,"column":41}},"loc":{"start":{"line":90,"column":90},"end":{"line":95,"column":null}},"line":90},"3":{"name":"queryDatasetV1","decl":{"start":{"line":98,"column":22},"end":{"line":98,"column":null}},"loc":{"start":{"line":101,"column":37},"end":{"line":107,"column":null}},"line":101},"4":{"name":"subscribeDatasetV1","decl":{"start":{"line":110,"column":22},"end":{"line":110,"column":41}},"loc":{"start":{"line":110,"column":89},"end":{"line":115,"column":null}},"line":110},"5":{"name":"getSubscriptionsV1","decl":{"start":{"line":118,"column":22},"end":{"line":118,"column":81}},"loc":{"start":{"line":118,"column":81},"end":{"line":123,"column":null}},"line":118},"6":{"name":"searchAssets","decl":{"start":{"line":130,"column":22},"end":{"line":130,"column":35}},"loc":{"start":{"line":130,"column":64},"end":{"line":133,"column":null}},"line":130},"7":{"name":"getAssetDetail","decl":{"start":{"line":136,"column":22},"end":{"line":136,"column":37}},"loc":{"start":{"line":136,"column":49},"end":{"line":139,"column":null}},"line":136},"8":{"name":"getDatasetSchema","decl":{"start":{"line":142,"column":22},"end":{"line":142,"column":39}},"loc":{"start":{"line":142,"column":51},"end":{"line":145,"column":null}},"line":142},"9":{"name":"queryDataset","decl":{"start":{"line":148,"column":22},"end":{"line":148,"column":35}},"loc":{"start":{"line":148,"column":89},"end":{"line":151,"column":null}},"line":148},"10":{"name":"subscribeDataset","decl":{"start":{"line":154,"column":22},"end":{"line":154,"column":39}},"loc":{"start":{"line":154,"column":51},"end":{"line":157,"column":null}},"line":154},"11":{"name":"getSubscriptions","decl":{"start":{"line":160,"column":22},"end":{"line":160,"column":41}},"loc":{"start":{"line":160,"column":41},"end":{"line":163,"column":null}},"line":160}},"branchMap":{},"s":{"0":6,"1":6,"2":2,"3":2,"4":2,"5":2,"6":3,"7":3,"8":2,"9":2,"10":1,"11":1,"12":1,"13":1,"14":1,"15":1,"16":1,"17":1,"18":1,"19":1,"20":1,"21":1,"22":1,"23":1},"f":{"0":6,"1":2,"2":2,"3":3,"4":2,"5":1,"6":1,"7":1,"8":1,"9":1,"10":1,"11":1},"b":{},"meta":{"lastBranch":0,"lastFunction":12,"lastStatement":24,"seen":{"f:71:22:71:Infinity":0,"s:74:15:77:Infinity":0,"s:78:2:78:Infinity":1,"f:82:22:82:39":1,"s:83:15:85:Infinity":2,"s:86:2:86:Infinity":3,"f:90:22:90:41":2,"s:91:15:93:Infinity":4,"s:94:2:94:Infinity":5,"f:98:22:98:Infinity":3,"s:102:15:105:Infinity":6,"s:106:2:106:Infinity":7,"f:110:22:110:41":4,"s:111:15:113:Infinity":8,"s:114:2:114:Infinity":9,"f:118:22:118:81":5,"s:119:15:121:Infinity":10,"s:122:2:122:Infinity":11,"f:130:22:130:35":6,"s:131:15:131:Infinity":12,"s:132:2:132:Infinity":13,"f:136:22:136:37":7,"s:137:15:137:Infinity":14,"s:138:2:138:Infinity":15,"f:142:22:142:39":8,"s:143:15:143:Infinity":16,"s:144:2:144:Infinity":17,"f:148:22:148:35":9,"s:149:15:149:Infinity":18,"s:150:2:150:Infinity":19,"f:154:22:154:39":10,"s:155:15:155:Infinity":20,"s:156:2:156:Infinity":21,"f:160:22:160:41":11,"s:161:15:161:Infinity":22,"s:162:2:162:Infinity":23}}}
,"/Users/iannil/Code/zproducts/one-data-studio-lite/web/src/api/dolphinscheduler.ts": {"path":"/Users/iannil/Code/zproducts/one-data-studio-lite/web/src/api/dolphinscheduler.ts","statementMap":{"0":{"start":{"line":67,"column":15},"end":{"line":69,"column":null}},"1":{"start":{"line":70,"column":2},"end":{"line":70,"column":null}},"2":{"start":{"line":78,"column":15},"end":{"line":81,"column":null}},"3":{"start":{"line":82,"column":2},"end":{"line":82,"column":null}},"4":{"start":{"line":90,"column":15},"end":{"line":95,"column":null}},"5":{"start":{"line":96,"column":2},"end":{"line":96,"column":null}},"6":{"start":{"line":105,"column":15},"end":{"line":111,"column":null}},"7":{"start":{"line":112,"column":2},"end":{"line":112,"column":null}},"8":{"start":{"line":120,"column":15},"end":{"line":123,"column":null}},"9":{"start":{"line":124,"column":2},"end":{"line":124,"column":null}},"10":{"start":{"line":132,"column":15},"end":{"line":134,"column":null}},"11":{"start":{"line":135,"column":2},"end":{"line":135,"column":null}},"12":{"start":{"line":144,"column":15},"end":{"line":146,"column":null}},"13":{"start":{"line":147,"column":2},"end":{"line":147,"column":null}},"14":{"start":{"line":152,"column":15},"end":{"line":152,"column":null}},"15":{"start":{"line":153,"column":2},"end":{"line":153,"column":null}},"16":{"start":{"line":158,"column":15},"end":{"line":160,"column":null}},"17":{"start":{"line":161,"column":2},"end":{"line":161,"column":null}},"18":{"start":{"line":170,"column":15},"end":{"line":172,"column":null}},"19":{"start":{"line":173,"column":2},"end":{"line":173,"column":null}},"20":{"start":{"line":178,"column":15},"end":{"line":178,"column":null}},"21":{"start":{"line":179,"column":2},"end":{"line":179,"column":null}},"22":{"start":{"line":184,"column":15},"end":{"line":184,"column":null}},"23":{"start":{"line":185,"column":2},"end":{"line":185,"column":null}}},"fnMap":{"0":{"name":"getProjectsV1","decl":{"start":{"line":66,"column":22},"end":{"line":66,"column":71}},"loc":{"start":{"line":66,"column":71},"end":{"line":71,"column":null}},"line":66},"1":{"name":"getProcessDefinitionsV1","decl":{"start":{"line":74,"column":22},"end":{"line":74,"column":null}},"loc":{"start":{"line":77,"column":45},"end":{"line":83,"column":null}},"line":77},"2":{"name":"getSchedulesV1","decl":{"start":{"line":86,"column":22},"end":{"line":86,"column":null}},"loc":{"start":{"line":89,"column":36},"end":{"line":97,"column":null}},"line":89},"3":{"name":"updateScheduleStateV1","decl":{"start":{"line":100,"column":22},"end":{"line":100,"column":null}},"loc":{"start":{"line":104,"column":46},"end":{"line":113,"column":null}},"line":104},"4":{"name":"getTaskInstancesV1","decl":{"start":{"line":116,"column":22},"end":{"line":116,"column":null}},"loc":{"start":{"line":119,"column":40},"end":{"line":125,"column":null}},"line":119},"5":{"name":"getTaskLogV1","decl":{"start":{"line":128,"column":22},"end":{"line":128,"column":null}},"loc":{"start":{"line":131,"column":33},"end":{"line":136,"column":null}},"line":131},"6":{"name":"getProjects","decl":{"start":{"line":143,"column":22},"end":{"line":143,"column":36}},"loc":{"start":{"line":143,"column":36},"end":{"line":148,"column":null}},"line":143},"7":{"name":"getProcessDefinitions","decl":{"start":{"line":151,"column":22},"end":{"line":151,"column":44}},"loc":{"start":{"line":151,"column":86},"end":{"line":154,"column":null}},"line":151},"8":{"name":"getSchedules","decl":{"start":{"line":157,"column":22},"end":{"line":157,"column":35}},"loc":{"start":{"line":157,"column":88},"end":{"line":162,"column":null}},"line":157},"9":{"name":"updateScheduleState","decl":{"start":{"line":165,"column":22},"end":{"line":165,"column":null}},"loc":{"start":{"line":169,"column":2},"end":{"line":174,"column":null}},"line":169},"10":{"name":"getTaskInstances","decl":{"start":{"line":177,"column":22},"end":{"line":177,"column":39}},"loc":{"start":{"line":177,"column":106},"end":{"line":180,"column":null}},"line":177},"11":{"name":"getTaskLog","decl":{"start":{"line":183,"column":22},"end":{"line":183,"column":33}},"loc":{"start":{"line":183,"column":78},"end":{"line":186,"column":null}},"line":183}},"branchMap":{"0":{"loc":{"start":{"line":93,"column":14},"end":{"line":93,"column":null}},"type":"cond-expr","locations":[{"start":{"line":93,"column":38},"end":{"line":93,"column":66}},{"start":{"line":93,"column":66},"end":{"line":93,"column":null}}],"line":93},"1":{"loc":{"start":{"line":159,"column":12},"end":{"line":159,"column":null}},"type":"cond-expr","locations":[{"start":{"line":159,"column":36},"end":{"line":159,"column":64}},{"start":{"line":159,"column":64},"end":{"line":159,"column":null}}],"line":159}},"s":{"0":3,"1":3,"2":5,"3":5,"4":3,"5":3,"6":2,"7":2,"8":2,"9":2,"10":1,"11":1,"12":1,"13":1,"14":1,"15":1,"16":1,"17":1,"18":1,"19":1,"20":1,"21":1,"22":1,"23":1},"f":{"0":3,"1":5,"2":3,"3":2,"4":2,"5":1,"6":1,"7":1,"8":1,"9":1,"10":1,"11":1},"b":{"0":[1,2],"1":[0,1]},"meta":{"lastBranch":2,"lastFunction":12,"lastStatement":24,"seen":{"f:66:22:66:71":0,"s:67:15:69:Infinity":0,"s:70:2:70:Infinity":1,"f:74:22:74:Infinity":1,"s:78:15:81:Infinity":2,"s:82:2:82:Infinity":3,"f:86:22:86:Infinity":2,"s:90:15:95:Infinity":4,"b:93:38:93:66:93:66:93:Infinity":0,"s:96:2:96:Infinity":5,"f:100:22:100:Infinity":3,"s:105:15:111:Infinity":6,"s:112:2:112:Infinity":7,"f:116:22:116:Infinity":4,"s:120:15:123:Infinity":8,"s:124:2:124:Infinity":9,"f:128:22:128:Infinity":5,"s:132:15:134:Infinity":10,"s:135:2:135:Infinity":11,"f:143:22:143:36":6,"s:144:15:146:Infinity":12,"s:147:2:147:Infinity":13,"f:151:22:151:44":7,"s:152:15:152:Infinity":14,"s:153:2:153:Infinity":15,"f:157:22:157:35":8,"s:158:15:160:Infinity":16,"b:159:36:159:64:159:64:159:Infinity":1,"s:161:2:161:Infinity":17,"f:165:22:165:Infinity":9,"s:170:15:172:Infinity":18,"s:173:2:173:Infinity":19,"f:177:22:177:39":10,"s:178:15:178:Infinity":20,"s:179:2:179:Infinity":21,"f:183:22:183:33":11,"s:184:15:184:Infinity":22,"s:185:2:185:Infinity":23}}}
,"/Users/iannil/Code/zproducts/one-data-studio-lite/web/src/api/hop.ts": {"path":"/Users/iannil/Code/zproducts/one-data-studio-lite/web/src/api/hop.ts","statementMap":{"0":{"start":{"line":77,"column":15},"end":{"line":77,"column":null}},"1":{"start":{"line":78,"column":2},"end":{"line":78,"column":null}},"2":{"start":{"line":85,"column":15},"end":{"line":85,"column":null}},"3":{"start":{"line":86,"column":2},"end":{"line":86,"column":null}},"4":{"start":{"line":96,"column":15},"end":{"line":99,"column":null}},"5":{"start":{"line":100,"column":2},"end":{"line":100,"column":null}},"6":{"start":{"line":110,"column":15},"end":{"line":112,"column":null}},"7":{"start":{"line":113,"column":2},"end":{"line":113,"column":null}},"8":{"start":{"line":123,"column":15},"end":{"line":125,"column":null}},"9":{"start":{"line":126,"column":2},"end":{"line":126,"column":null}},"10":{"start":{"line":140,"column":15},"end":{"line":140,"column":null}},"11":{"start":{"line":141,"column":2},"end":{"line":141,"column":null}},"12":{"start":{"line":148,"column":15},"end":{"line":148,"column":null}},"13":{"start":{"line":149,"column":2},"end":{"line":149,"column":null}},"14":{"start":{"line":159,"column":15},"end":{"line":162,"column":null}},"15":{"start":{"line":163,"column":2},"end":{"line":163,"column":null}},"16":{"start":{"line":173,"column":15},"end":{"line":175,"column":null}},"17":{"start":{"line":176,"column":2},"end":{"line":176,"column":null}},"18":{"start":{"line":186,"column":15},"end":{"line":188,"column":null}},"19":{"start":{"line":189,"column":2},"end":{"line":189,"column":null}},"20":{"start":{"line":200,"column":15},"end":{"line":200,"column":null}},"21":{"start":{"line":201,"column":2},"end":{"line":201,"column":null}},"22":{"start":{"line":208,"column":15},"end":{"line":208,"column":null}},"23":{"start":{"line":209,"column":2},"end":{"line":209,"column":null}},"24":{"start":{"line":218,"column":15},"end":{"line":218,"column":null}},"25":{"start":{"line":219,"column":2},"end":{"line":219,"column":null}},"26":{"start":{"line":235,"column":17},"end":{"line":235,"column":null}},"27":{"start":{"line":236,"column":2},"end":{"line":238,"column":null}},"28":{"start":{"line":237,"column":4},"end":{"line":237,"column":null}},"29":{"start":{"line":240,"column":22},"end":{"line":240,"column":null}},"30":{"start":{"line":241,"column":20},"end":{"line":241,"column":null}},"31":{"start":{"line":243,"column":2},"end":{"line":249,"column":null}},"32":{"start":{"line":244,"column":19},"end":{"line":244,"column":null}},"33":{"start":{"line":245,"column":4},"end":{"line":247,"column":null}},"34":{"start":{"line":246,"column":6},"end":{"line":246,"column":null}},"35":{"start":{"line":248,"column":4},"end":{"line":248,"column":null}},"36":{"start":{"line":248,"column":35},"end":{"line":248,"column":68}},"37":{"start":{"line":251,"column":2},"end":{"line":251,"column":null}},"38":{"start":{"line":263,"column":17},"end":{"line":263,"column":null}},"39":{"start":{"line":264,"column":2},"end":{"line":266,"column":null}},"40":{"start":{"line":265,"column":4},"end":{"line":265,"column":null}},"41":{"start":{"line":268,"column":22},"end":{"line":268,"column":null}},"42":{"start":{"line":269,"column":20},"end":{"line":269,"column":null}},"43":{"start":{"line":271,"column":2},"end":{"line":277,"column":null}},"44":{"start":{"line":272,"column":19},"end":{"line":272,"column":null}},"45":{"start":{"line":273,"column":4},"end":{"line":275,"column":null}},"46":{"start":{"line":274,"column":6},"end":{"line":274,"column":null}},"47":{"start":{"line":276,"column":4},"end":{"line":276,"column":null}},"48":{"start":{"line":276,"column":35},"end":{"line":276,"column":68}},"49":{"start":{"line":279,"column":2},"end":{"line":279,"column":null}}},"fnMap":{"0":{"name":"listWorkflows","decl":{"start":{"line":73,"column":22},"end":{"line":73,"column":null}},"loc":{"start":{"line":76,"column":3},"end":{"line":79,"column":null}},"line":76},"1":{"name":"getWorkflow","decl":{"start":{"line":84,"column":22},"end":{"line":84,"column":34}},"loc":{"start":{"line":84,"column":71},"end":{"line":87,"column":null}},"line":84},"2":{"name":"runWorkflow","decl":{"start":{"line":92,"column":22},"end":{"line":92,"column":null}},"loc":{"start":{"line":95,"column":24},"end":{"line":101,"column":null}},"line":95},"3":{"name":"getWorkflowStatus","decl":{"start":{"line":106,"column":22},"end":{"line":106,"column":null}},"loc":{"start":{"line":109,"column":28},"end":{"line":114,"column":null}},"line":109},"4":{"name":"stopWorkflow","decl":{"start":{"line":119,"column":22},"end":{"line":119,"column":null}},"loc":{"start":{"line":122,"column":50},"end":{"line":127,"column":null}},"line":122},"5":{"name":"listPipelines","decl":{"start":{"line":136,"column":22},"end":{"line":136,"column":null}},"loc":{"start":{"line":139,"column":3},"end":{"line":142,"column":null}},"line":139},"6":{"name":"getPipeline","decl":{"start":{"line":147,"column":22},"end":{"line":147,"column":34}},"loc":{"start":{"line":147,"column":71},"end":{"line":150,"column":null}},"line":147},"7":{"name":"runPipeline","decl":{"start":{"line":155,"column":22},"end":{"line":155,"column":null}},"loc":{"start":{"line":158,"column":24},"end":{"line":164,"column":null}},"line":158},"8":{"name":"getPipelineStatus","decl":{"start":{"line":169,"column":22},"end":{"line":169,"column":null}},"loc":{"start":{"line":172,"column":28},"end":{"line":177,"column":null}},"line":172},"9":{"name":"stopPipeline","decl":{"start":{"line":182,"column":22},"end":{"line":182,"column":null}},"loc":{"start":{"line":185,"column":50},"end":{"line":190,"column":null}},"line":185},"10":{"name":"getServerStatus","decl":{"start":{"line":199,"column":22},"end":{"line":199,"column":61}},"loc":{"start":{"line":199,"column":61},"end":{"line":202,"column":null}},"line":199},"11":{"name":"getServerInfo","decl":{"start":{"line":207,"column":22},"end":{"line":207,"column":59}},"loc":{"start":{"line":207,"column":59},"end":{"line":210,"column":null}},"line":207},"12":{"name":"listRunConfigurations","decl":{"start":{"line":215,"column":22},"end":{"line":215,"column":null}},"loc":{"start":{"line":217,"column":3},"end":{"line":220,"column":null}},"line":217},"13":{"name":"runWorkflowAndWait","decl":{"start":{"line":229,"column":22},"end":{"line":229,"column":null}},"loc":{"start":{"line":234,"column":28},"end":{"line":252,"column":null}},"line":234},"14":{"name":"(anonymous_14)","decl":{"start":{"line":248,"column":22},"end":{"line":248,"column":23}},"loc":{"start":{"line":248,"column":35},"end":{"line":248,"column":68}},"line":248},"15":{"name":"runPipelineAndWait","decl":{"start":{"line":257,"column":22},"end":{"line":257,"column":null}},"loc":{"start":{"line":262,"column":28},"end":{"line":280,"column":null}},"line":262},"16":{"name":"(anonymous_16)","decl":{"start":{"line":276,"column":22},"end":{"line":276,"column":23}},"loc":{"start":{"line":276,"column":35},"end":{"line":276,"column":68}},"line":276}},"branchMap":{"0":{"loc":{"start":{"line":98,"column":4},"end":{"line":98,"column":null}},"type":"binary-expr","locations":[{"start":{"line":98,"column":4},"end":{"line":98,"column":15}},{"start":{"line":98,"column":15},"end":{"line":98,"column":null}}],"line":98},"1":{"loc":{"start":{"line":161,"column":4},"end":{"line":161,"column":null}},"type":"binary-expr","locations":[{"start":{"line":161,"column":4},"end":{"line":161,"column":15}},{"start":{"line":161,"column":15},"end":{"line":161,"column":null}}],"line":161},"2":{"loc":{"start":{"line":232,"column":2},"end":{"line":232,"column":null}},"type":"default-arg","locations":[{"start":{"line":232,"column":17},"end":{"line":232,"column":null}}],"line":232},"3":{"loc":{"start":{"line":233,"column":2},"end":{"line":233,"column":null}},"type":"default-arg","locations":[{"start":{"line":233,"column":12},"end":{"line":233,"column":null}}],"line":233},"4":{"loc":{"start":{"line":236,"column":2},"end":{"line":238,"column":null}},"type":"if","locations":[{"start":{"line":236,"column":2},"end":{"line":238,"column":null}},{"start":{},"end":{}}],"line":236},"5":{"loc":{"start":{"line":236,"column":6},"end":{"line":236,"column":47}},"type":"binary-expr","locations":[{"start":{"line":236,"column":6},"end":{"line":236,"column":25}},{"start":{"line":236,"column":25},"end":{"line":236,"column":47}}],"line":236},"6":{"loc":{"start":{"line":237,"column":20},"end":{"line":237,"column":47}},"type":"binary-expr","locations":[{"start":{"line":237,"column":20},"end":{"line":237,"column":38}},{"start":{"line":237,"column":38},"end":{"line":237,"column":47}}],"line":237},"7":{"loc":{"start":{"line":245,"column":4},"end":{"line":247,"column":null}},"type":"if","locations":[{"start":{"line":245,"column":4},"end":{"line":247,"column":null}},{"start":{},"end":{}}],"line":245},"8":{"loc":{"start":{"line":245,"column":8},"end":{"line":245,"column":98}},"type":"binary-expr","locations":[{"start":{"line":245,"column":8},"end":{"line":245,"column":40}},{"start":{"line":245,"column":40},"end":{"line":245,"column":71}},{"start":{"line":245,"column":71},"end":{"line":245,"column":98}}],"line":245},"9":{"loc":{"start":{"line":260,"column":2},"end":{"line":260,"column":null}},"type":"default-arg","locations":[{"start":{"line":260,"column":17},"end":{"line":260,"column":null}}],"line":260},"10":{"loc":{"start":{"line":261,"column":2},"end":{"line":261,"column":null}},"type":"default-arg","locations":[{"start":{"line":261,"column":12},"end":{"line":261,"column":null}}],"line":261},"11":{"loc":{"start":{"line":264,"column":2},"end":{"line":266,"column":null}},"type":"if","locations":[{"start":{"line":264,"column":2},"end":{"line":266,"column":null}},{"start":{},"end":{}}],"line":264},"12":{"loc":{"start":{"line":264,"column":6},"end":{"line":264,"column":47}},"type":"binary-expr","locations":[{"start":{"line":264,"column":6},"end":{"line":264,"column":25}},{"start":{"line":264,"column":25},"end":{"line":264,"column":47}}],"line":264},"13":{"loc":{"start":{"line":265,"column":20},"end":{"line":265,"column":46}},"type":"binary-expr","locations":[{"start":{"line":265,"column":20},"end":{"line":265,"column":38}},{"start":{"line":265,"column":38},"end":{"line":265,"column":46}}],"line":265},"14":{"loc":{"start":{"line":273,"column":4},"end":{"line":275,"column":null}},"type":"if","locations":[{"start":{"line":273,"column":4},"end":{"line":275,"column":null}},{"start":{},"end":{}}],"line":273},"15":{"loc":{"start":{"line":273,"column":8},"end":{"line":273,"column":98}},"type":"binary-expr","locations":[{"start":{"line":273,"column":8},"end":{"line":273,"column":40}},{"start":{"line":273,"column":40},"end":{"line":273,"column":71}},{"start":{"line":273,"column":71},"end":{"line":273,"column":98}}],"line":273}},"s":{"0":4,"1":4,"2":3,"3":3,"4":10,"5":10,"6":17,"7":17,"8":1,"9":1,"10":1,"11":1,"12":1,"13":1,"14":6,"15":6,"16":14,"17":14,"18":1,"19":1,"20":1,"21":1,"22":1,"23":1,"24":1,"25":1,"26":6,"27":6,"28":2,"29":4,"30":4,"31":4,"32":13,"33":13,"34":3,"35":10,"36":10,"37":1,"38":5,"39":5,"40":1,"41":4,"42":4,"43":4,"44":13,"45":13,"46":3,"47":10,"48":10,"49":1},"f":{"0":4,"1":3,"2":10,"3":17,"4":1,"5":1,"6":1,"7":6,"8":14,"9":1,"10":1,"11":1,"12":1,"13":6,"14":10,"15":5,"16":10},"b":{"0":[10,9],"1":[6,5],"2":[6],"3":[6],"4":[2,4],"5":[6,5],"6":[2,0],"7":[3,10],"8":[13,12,11],"9":[5],"10":[5],"11":[1,4],"12":[5,4],"13":[1,0],"14":[3,10],"15":[13,11,10]},"meta":{"lastBranch":16,"lastFunction":17,"lastStatement":50,"seen":{"f:73:22:73:Infinity":0,"s:77:15:77:Infinity":0,"s:78:2:78:Infinity":1,"f:84:22:84:34":1,"s:85:15:85:Infinity":2,"s:86:2:86:Infinity":3,"f:92:22:92:Infinity":2,"s:96:15:99:Infinity":4,"b:98:4:98:15:98:15:98:Infinity":0,"s:100:2:100:Infinity":5,"f:106:22:106:Infinity":3,"s:110:15:112:Infinity":6,"s:113:2:113:Infinity":7,"f:119:22:119:Infinity":4,"s:123:15:125:Infinity":8,"s:126:2:126:Infinity":9,"f:136:22:136:Infinity":5,"s:140:15:140:Infinity":10,"s:141:2:141:Infinity":11,"f:147:22:147:34":6,"s:148:15:148:Infinity":12,"s:149:2:149:Infinity":13,"f:155:22:155:Infinity":7,"s:159:15:162:Infinity":14,"b:161:4:161:15:161:15:161:Infinity":1,"s:163:2:163:Infinity":15,"f:169:22:169:Infinity":8,"s:173:15:175:Infinity":16,"s:176:2:176:Infinity":17,"f:182:22:182:Infinity":9,"s:186:15:188:Infinity":18,"s:189:2:189:Infinity":19,"f:199:22:199:61":10,"s:200:15:200:Infinity":20,"s:201:2:201:Infinity":21,"f:207:22:207:59":11,"s:208:15:208:Infinity":22,"s:209:2:209:Infinity":23,"f:215:22:215:Infinity":12,"s:218:15:218:Infinity":24,"s:219:2:219:Infinity":25,"f:229:22:229:Infinity":13,"b:232:17:232:Infinity":2,"b:233:12:233:Infinity":3,"s:235:17:235:Infinity":26,"b:236:2:238:Infinity:undefined:undefined:undefined:undefined":4,"s:236:2:238:Infinity":27,"b:236:6:236:25:236:25:236:47":5,"s:237:4:237:Infinity":28,"b:237:20:237:38:237:38:237:47":6,"s:240:22:240:Infinity":29,"s:241:20:241:Infinity":30,"s:243:2:249:Infinity":31,"s:244:19:244:Infinity":32,"b:245:4:247:Infinity:undefined:undefined:undefined:undefined":7,"s:245:4:247:Infinity":33,"b:245:8:245:40:245:40:245:71:245:71:245:98":8,"s:246:6:246:Infinity":34,"s:248:4:248:Infinity":35,"f:248:22:248:23":14,"s:248:35:248:68":36,"s:251:2:251:Infinity":37,"f:257:22:257:Infinity":15,"b:260:17:260:Infinity":9,"b:261:12:261:Infinity":10,"s:263:17:263:Infinity":38,"b:264:2:266:Infinity:undefined:undefined:undefined:undefined":11,"s:264:2:266:Infinity":39,"b:264:6:264:25:264:25:264:47":12,"s:265:4:265:Infinity":40,"b:265:20:265:38:265:38:265:46":13,"s:268:22:268:Infinity":41,"s:269:20:269:Infinity":42,"s:271:2:277:Infinity":43,"s:272:19:272:Infinity":44,"b:273:4:275:Infinity:undefined:undefined:undefined:undefined":14,"s:273:4:275:Infinity":45,"b:273:8:273:40:273:40:273:71:273:71:273:98":15,"s:274:6:274:Infinity":46,"s:276:4:276:Infinity":47,"f:276:22:276:23":16,"s:276:35:276:68":48,"s:279:2:279:Infinity":49}}}
,"/Users/iannil/Code/zproducts/one-data-studio-lite/web/src/api/metadata-sync.ts": {"path":"/Users/iannil/Code/zproducts/one-data-studio-lite/web/src/api/metadata-sync.ts","statementMap":{"0":{"start":{"line":65,"column":15},"end":{"line":65,"column":null}},"1":{"start":{"line":66,"column":2},"end":{"line":66,"column":null}},"2":{"start":{"line":74,"column":15},"end":{"line":76,"column":null}},"3":{"start":{"line":77,"column":2},"end":{"line":77,"column":null}},"4":{"start":{"line":85,"column":15},"end":{"line":88,"column":null}},"5":{"start":{"line":89,"column":2},"end":{"line":89,"column":null}},"6":{"start":{"line":101,"column":15},"end":{"line":104,"column":null}},"7":{"start":{"line":105,"column":2},"end":{"line":105,"column":null}},"8":{"start":{"line":113,"column":15},"end":{"line":115,"column":null}},"9":{"start":{"line":116,"column":2},"end":{"line":116,"column":null}},"10":{"start":{"line":123,"column":15},"end":{"line":123,"column":null}},"11":{"start":{"line":124,"column":2},"end":{"line":124,"column":null}},"12":{"start":{"line":132,"column":15},"end":{"line":135,"column":null}},"13":{"start":{"line":136,"column":2},"end":{"line":136,"column":null}},"14":{"start":{"line":147,"column":15},"end":{"line":147,"column":null}},"15":{"start":{"line":148,"column":2},"end":{"line":148,"column":null}},"16":{"start":{"line":156,"column":15},"end":{"line":158,"column":null}},"17":{"start":{"line":159,"column":2},"end":{"line":159,"column":null}},"18":{"start":{"line":167,"column":15},"end":{"line":170,"column":null}},"19":{"start":{"line":171,"column":2},"end":{"line":171,"column":null}},"20":{"start":{"line":183,"column":15},"end":{"line":186,"column":null}},"21":{"start":{"line":187,"column":2},"end":{"line":187,"column":null}},"22":{"start":{"line":195,"column":15},"end":{"line":197,"column":null}},"23":{"start":{"line":198,"column":2},"end":{"line":198,"column":null}},"24":{"start":{"line":205,"column":15},"end":{"line":205,"column":null}},"25":{"start":{"line":206,"column":2},"end":{"line":206,"column":null}},"26":{"start":{"line":214,"column":15},"end":{"line":217,"column":null}},"27":{"start":{"line":218,"column":2},"end":{"line":218,"column":null}},"28":{"start":{"line":234,"column":2},"end":{"line":242,"column":null}},"29":{"start":{"line":254,"column":2},"end":{"line":262,"column":null}},"30":{"start":{"line":274,"column":2},"end":{"line":282,"column":null}},"31":{"start":{"line":292,"column":2},"end":{"line":292,"column":null}}},"fnMap":{"0":{"name":"getMappingsV1","decl":{"start":{"line":64,"column":22},"end":{"line":64,"column":74}},"loc":{"start":{"line":64,"column":74},"end":{"line":67,"column":null}},"line":64},"1":{"name":"getMappingV1","decl":{"start":{"line":73,"column":22},"end":{"line":73,"column":35}},"loc":{"start":{"line":73,"column":88},"end":{"line":78,"column":null}},"line":73},"2":{"name":"createMappingV1","decl":{"start":{"line":84,"column":22},"end":{"line":84,"column":38}},"loc":{"start":{"line":84,"column":105},"end":{"line":90,"column":null}},"line":84},"3":{"name":"updateMappingV1","decl":{"start":{"line":97,"column":22},"end":{"line":97,"column":null}},"loc":{"start":{"line":100,"column":36},"end":{"line":106,"column":null}},"line":100},"4":{"name":"deleteMappingV1","decl":{"start":{"line":112,"column":22},"end":{"line":112,"column":38}},"loc":{"start":{"line":112,"column":100},"end":{"line":117,"column":null}},"line":112},"5":{"name":"triggerSyncV1","decl":{"start":{"line":122,"column":22},"end":{"line":122,"column":72}},"loc":{"start":{"line":122,"column":72},"end":{"line":125,"column":null}},"line":122},"6":{"name":"sendMetadataEventV1","decl":{"start":{"line":131,"column":22},"end":{"line":131,"column":42}},"loc":{"start":{"line":131,"column":104},"end":{"line":137,"column":null}},"line":131},"7":{"name":"getMappings","decl":{"start":{"line":146,"column":22},"end":{"line":146,"column":59}},"loc":{"start":{"line":146,"column":59},"end":{"line":149,"column":null}},"line":146},"8":{"name":"getMapping","decl":{"start":{"line":155,"column":22},"end":{"line":155,"column":33}},"loc":{"start":{"line":155,"column":73},"end":{"line":160,"column":null}},"line":155},"9":{"name":"createMapping","decl":{"start":{"line":166,"column":22},"end":{"line":166,"column":36}},"loc":{"start":{"line":166,"column":90},"end":{"line":172,"column":null}},"line":166},"10":{"name":"updateMapping","decl":{"start":{"line":179,"column":22},"end":{"line":179,"column":null}},"loc":{"start":{"line":182,"column":23},"end":{"line":188,"column":null}},"line":182},"11":{"name":"deleteMapping","decl":{"start":{"line":194,"column":22},"end":{"line":194,"column":36}},"loc":{"start":{"line":194,"column":85},"end":{"line":199,"column":null}},"line":194},"12":{"name":"triggerSync","decl":{"start":{"line":204,"column":22},"end":{"line":204,"column":57}},"loc":{"start":{"line":204,"column":57},"end":{"line":207,"column":null}},"line":204},"13":{"name":"sendMetadataEvent","decl":{"start":{"line":213,"column":22},"end":{"line":213,"column":40}},"loc":{"start":{"line":213,"column":89},"end":{"line":219,"column":null}},"line":213},"14":{"name":"createDolphinSchedulerMapping","decl":{"start":{"line":228,"column":22},"end":{"line":228,"column":null}},"loc":{"start":{"line":233,"column":23},"end":{"line":243,"column":null}},"line":233},"15":{"name":"createSeaTunnelMapping","decl":{"start":{"line":248,"column":22},"end":{"line":248,"column":null}},"loc":{"start":{"line":253,"column":23},"end":{"line":263,"column":null}},"line":253},"16":{"name":"createHopMapping","decl":{"start":{"line":268,"column":22},"end":{"line":268,"column":null}},"loc":{"start":{"line":273,"column":23},"end":{"line":283,"column":null}},"line":273},"17":{"name":"toggleMapping","decl":{"start":{"line":288,"column":22},"end":{"line":288,"column":null}},"loc":{"start":{"line":291,"column":23},"end":{"line":293,"column":null}},"line":291}},"branchMap":{"0":{"loc":{"start":{"line":231,"column":2},"end":{"line":231,"column":null}},"type":"default-arg","locations":[{"start":{"line":231,"column":28},"end":{"line":231,"column":null}}],"line":231},"1":{"loc":{"start":{"line":251,"column":2},"end":{"line":251,"column":null}},"type":"default-arg","locations":[{"start":{"line":251,"column":28},"end":{"line":251,"column":null}}],"line":251},"2":{"loc":{"start":{"line":271,"column":2},"end":{"line":271,"column":null}},"type":"default-arg","locations":[{"start":{"line":271,"column":28},"end":{"line":271,"column":null}}],"line":271}},"s":{"0":2,"1":2,"2":2,"3":2,"4":2,"5":2,"6":1,"7":1,"8":1,"9":1,"10":2,"11":2,"12":3,"13":3,"14":1,"15":1,"16":1,"17":1,"18":5,"19":5,"20":3,"21":3,"22":1,"23":1,"24":1,"25":1,"26":1,"27":1,"28":2,"29":1,"30":1,"31":2},"f":{"0":2,"1":2,"2":2,"3":1,"4":1,"5":2,"6":3,"7":1,"8":1,"9":5,"10":3,"11":1,"12":1,"13":1,"14":2,"15":1,"16":1,"17":2},"b":{"0":[2],"1":[1],"2":[1]},"meta":{"lastBranch":3,"lastFunction":18,"lastStatement":32,"seen":{"f:64:22:64:74":0,"s:65:15:65:Infinity":0,"s:66:2:66:Infinity":1,"f:73:22:73:35":1,"s:74:15:76:Infinity":2,"s:77:2:77:Infinity":3,"f:84:22:84:38":2,"s:85:15:88:Infinity":4,"s:89:2:89:Infinity":5,"f:97:22:97:Infinity":3,"s:101:15:104:Infinity":6,"s:105:2:105:Infinity":7,"f:112:22:112:38":4,"s:113:15:115:Infinity":8,"s:116:2:116:Infinity":9,"f:122:22:122:72":5,"s:123:15:123:Infinity":10,"s:124:2:124:Infinity":11,"f:131:22:131:42":6,"s:132:15:135:Infinity":12,"s:136:2:136:Infinity":13,"f:146:22:146:59":7,"s:147:15:147:Infinity":14,"s:148:2:148:Infinity":15,"f:155:22:155:33":8,"s:156:15:158:Infinity":16,"s:159:2:159:Infinity":17,"f:166:22:166:36":9,"s:167:15:170:Infinity":18,"s:171:2:171:Infinity":19,"f:179:22:179:Infinity":10,"s:183:15:186:Infinity":20,"s:187:2:187:Infinity":21,"f:194:22:194:36":11,"s:195:15:197:Infinity":22,"s:198:2:198:Infinity":23,"f:204:22:204:57":12,"s:205:15:205:Infinity":24,"s:206:2:206:Infinity":25,"f:213:22:213:40":13,"s:214:15:217:Infinity":26,"s:218:2:218:Infinity":27,"f:228:22:228:Infinity":14,"b:231:28:231:Infinity":0,"s:234:2:242:Infinity":28,"f:248:22:248:Infinity":15,"b:251:28:251:Infinity":1,"s:254:2:262:Infinity":29,"f:268:22:268:Infinity":16,"b:271:28:271:Infinity":2,"s:274:2:282:Infinity":30,"f:288:22:288:Infinity":17,"s:292:2:292:Infinity":31}}}
,"/Users/iannil/Code/zproducts/one-data-studio-lite/web/src/api/metadata.ts": {"path":"/Users/iannil/Code/zproducts/one-data-studio-lite/web/src/api/metadata.ts","statementMap":{"0":{"start":{"line":116,"column":15},"end":{"line":123,"column":null}},"1":{"start":{"line":124,"column":2},"end":{"line":124,"column":null}},"2":{"start":{"line":133,"column":15},"end":{"line":135,"column":null}},"3":{"start":{"line":136,"column":2},"end":{"line":136,"column":null}},"4":{"start":{"line":145,"column":15},"end":{"line":147,"column":null}},"5":{"start":{"line":148,"column":2},"end":{"line":148,"column":null}},"6":{"start":{"line":157,"column":15},"end":{"line":159,"column":null}},"7":{"start":{"line":160,"column":2},"end":{"line":160,"column":null}},"8":{"start":{"line":169,"column":15},"end":{"line":171,"column":null}},"9":{"start":{"line":172,"column":2},"end":{"line":172,"column":null}},"10":{"start":{"line":184,"column":15},"end":{"line":191,"column":null}},"11":{"start":{"line":193,"column":22},"end":{"line":193,"column":null}},"12":{"start":{"line":194,"column":2},"end":{"line":194,"column":null}},"13":{"start":{"line":202,"column":15},"end":{"line":204,"column":null}},"14":{"start":{"line":206,"column":22},"end":{"line":206,"column":null}},"15":{"start":{"line":207,"column":2},"end":{"line":207,"column":null}},"16":{"start":{"line":215,"column":15},"end":{"line":217,"column":null}},"17":{"start":{"line":219,"column":22},"end":{"line":219,"column":null}},"18":{"start":{"line":220,"column":2},"end":{"line":220,"column":null}},"19":{"start":{"line":228,"column":15},"end":{"line":230,"column":null}},"20":{"start":{"line":232,"column":22},"end":{"line":232,"column":null}},"21":{"start":{"line":233,"column":2},"end":{"line":233,"column":null}},"22":{"start":{"line":241,"column":15},"end":{"line":243,"column":null}},"23":{"start":{"line":245,"column":22},"end":{"line":245,"column":null}},"24":{"start":{"line":246,"column":2},"end":{"line":246,"column":null}}},"fnMap":{"0":{"name":"searchEntitiesV1","decl":{"start":{"line":115,"column":22},"end":{"line":115,"column":39}},"loc":{"start":{"line":115,"column":98},"end":{"line":125,"column":null}},"line":115},"1":{"name":"getEntityAspectV1","decl":{"start":{"line":132,"column":22},"end":{"line":132,"column":40}},"loc":{"start":{"line":132,"column":105},"end":{"line":137,"column":null}},"line":132},"2":{"name":"getLineageV1","decl":{"start":{"line":144,"column":22},"end":{"line":144,"column":35}},"loc":{"start":{"line":144,"column":95},"end":{"line":149,"column":null}},"line":144},"3":{"name":"searchTagsV1","decl":{"start":{"line":156,"column":22},"end":{"line":156,"column":35}},"loc":{"start":{"line":156,"column":88},"end":{"line":161,"column":null}},"line":156},"4":{"name":"createTagV1","decl":{"start":{"line":168,"column":22},"end":{"line":168,"column":34}},"loc":{"start":{"line":168,"column":108},"end":{"line":173,"column":null}},"line":168},"5":{"name":"searchEntities","decl":{"start":{"line":183,"column":22},"end":{"line":183,"column":37}},"loc":{"start":{"line":183,"column":83},"end":{"line":195,"column":null}},"line":183},"6":{"name":"getEntityAspect","decl":{"start":{"line":201,"column":22},"end":{"line":201,"column":38}},"loc":{"start":{"line":201,"column":90},"end":{"line":208,"column":null}},"line":201},"7":{"name":"getLineage","decl":{"start":{"line":214,"column":22},"end":{"line":214,"column":33}},"loc":{"start":{"line":214,"column":106},"end":{"line":221,"column":null}},"line":214},"8":{"name":"searchTags","decl":{"start":{"line":227,"column":22},"end":{"line":227,"column":33}},"loc":{"start":{"line":227,"column":73},"end":{"line":234,"column":null}},"line":227},"9":{"name":"createTag","decl":{"start":{"line":240,"column":22},"end":{"line":240,"column":32}},"loc":{"start":{"line":240,"column":93},"end":{"line":247,"column":null}},"line":240}},"branchMap":{"0":{"loc":{"start":{"line":119,"column":13},"end":{"line":119,"column":null}},"type":"binary-expr","locations":[{"start":{"line":119,"column":13},"end":{"line":119,"column":29}},{"start":{"line":119,"column":29},"end":{"line":119,"column":null}}],"line":119},"1":{"loc":{"start":{"line":120,"column":13},"end":{"line":120,"column":null}},"type":"binary-expr","locations":[{"start":{"line":120,"column":13},"end":{"line":120,"column":29}},{"start":{"line":120,"column":29},"end":{"line":120,"column":null}}],"line":120},"2":{"loc":{"start":{"line":121,"column":13},"end":{"line":121,"column":null}},"type":"binary-expr","locations":[{"start":{"line":121,"column":13},"end":{"line":121,"column":29}},{"start":{"line":121,"column":29},"end":{"line":121,"column":null}}],"line":121},"3":{"loc":{"start":{"line":158,"column":21},"end":{"line":158,"column":34}},"type":"binary-expr","locations":[{"start":{"line":158,"column":21},"end":{"line":158,"column":30}},{"start":{"line":158,"column":30},"end":{"line":158,"column":34}}],"line":158},"4":{"loc":{"start":{"line":170,"column":33},"end":{"line":170,"column":51}},"type":"binary-expr","locations":[{"start":{"line":170,"column":33},"end":{"line":170,"column":48}},{"start":{"line":170,"column":48},"end":{"line":170,"column":51}}],"line":170},"5":{"loc":{"start":{"line":187,"column":13},"end":{"line":187,"column":null}},"type":"binary-expr","locations":[{"start":{"line":187,"column":13},"end":{"line":187,"column":29}},{"start":{"line":187,"column":29},"end":{"line":187,"column":null}}],"line":187},"6":{"loc":{"start":{"line":188,"column":13},"end":{"line":188,"column":null}},"type":"binary-expr","locations":[{"start":{"line":188,"column":13},"end":{"line":188,"column":29}},{"start":{"line":188,"column":29},"end":{"line":188,"column":null}}],"line":188},"7":{"loc":{"start":{"line":189,"column":13},"end":{"line":189,"column":null}},"type":"binary-expr","locations":[{"start":{"line":189,"column":13},"end":{"line":189,"column":29}},{"start":{"line":189,"column":29},"end":{"line":189,"column":null}}],"line":189},"8":{"loc":{"start":{"line":194,"column":10},"end":{"line":194,"column":null}},"type":"binary-expr","locations":[{"start":{"line":194,"column":10},"end":{"line":194,"column":30}},{"start":{"line":194,"column":30},"end":{"line":194,"column":null}}],"line":194},"9":{"loc":{"start":{"line":207,"column":10},"end":{"line":207,"column":null}},"type":"binary-expr","locations":[{"start":{"line":207,"column":10},"end":{"line":207,"column":30}},{"start":{"line":207,"column":30},"end":{"line":207,"column":null}}],"line":207},"10":{"loc":{"start":{"line":220,"column":10},"end":{"line":220,"column":null}},"type":"binary-expr","locations":[{"start":{"line":220,"column":10},"end":{"line":220,"column":30}},{"start":{"line":220,"column":30},"end":{"line":220,"column":null}}],"line":220},"11":{"loc":{"start":{"line":229,"column":21},"end":{"line":229,"column":34}},"type":"binary-expr","locations":[{"start":{"line":229,"column":21},"end":{"line":229,"column":30}},{"start":{"line":229,"column":30},"end":{"line":229,"column":34}}],"line":229},"12":{"loc":{"start":{"line":233,"column":10},"end":{"line":233,"column":null}},"type":"binary-expr","locations":[{"start":{"line":233,"column":10},"end":{"line":233,"column":30}},{"start":{"line":233,"column":30},"end":{"line":233,"column":null}}],"line":233},"13":{"loc":{"start":{"line":242,"column":33},"end":{"line":242,"column":51}},"type":"binary-expr","locations":[{"start":{"line":242,"column":33},"end":{"line":242,"column":48}},{"start":{"line":242,"column":48},"end":{"line":242,"column":51}}],"line":242},"14":{"loc":{"start":{"line":246,"column":10},"end":{"line":246,"column":null}},"type":"binary-expr","locations":[{"start":{"line":246,"column":10},"end":{"line":246,"column":30}}
[...]
,"column":22},"end":{"line":298,"column":46}},{"start":{"line":298,"column":46},"end":{"line":298,"column":null}}],"line":298},"11":{"loc":{"start":{"line":299,"column":11},"end":{"line":299,"column":null}},"type":"binary-expr","locations":[{"start":{"line":299,"column":11},"end":{"line":299,"column":26}},{"start":{"line":299,"column":26},"end":{"line":299,"column":41}},{"start":{"line":299,"column":41},"end":{"line":299,"column":null}}],"line":299},"12":{"loc":{"start":{"line":327,"column":32},"end":{"line":327,"column":null}},"type":"cond-expr","locations":[{"start":{"line":327,"column":42},"end":{"line":327,"column":71}},{"start":{"line":327,"column":71},"end":{"line":327,"column":null}}],"line":327},"13":{"loc":{"start":{"line":360,"column":11},"end":{"line":379,"column":null}},"type":"binary-expr","locations":[{"start":{"line":360,"column":11},"end":{"line":360,"column":null}},{"start":{"line":361,"column":12},"end":{"line":379,"column":null}}],"line":360},"14":{"loc":{"start":{"line":381,"column":11},"end":{"line":388,"column":null}},"type":"binary-expr","locations":[{"start":{"line":381,"column":11},"end":{"line":381,"column":null}},{"start":{"line":382,"column":12},"end":{"line":388,"column":null}}],"line":381},"15":{"loc":{"start":{"line":390,"column":11},"end":{"line":397,"column":null}},"type":"binary-expr","locations":[{"start":{"line":390,"column":11},"end":{"line":390,"column":null}},{"start":{"line":391,"column":12},"end":{"line":397,"column":null}}],"line":390},"16":{"loc":{"start":{"line":399,"column":11},"end":{"line":407,"column":null}},"type":"binary-expr","locations":[{"start":{"line":399,"column":11},"end":{"line":399,"column":null}},{"start":{"line":400,"column":12},"end":{"line":407,"column":null}}],"line":399},"17":{"loc":{"start":{"line":498,"column":39},"end":{"line":498,"column":80}},"type":"cond-expr","locations":[{"start":{"line":498,"column":58},"end":{"line":498,"column":70}},{"start":{"line":498,"column":70},"end":{"line":498,"column":80}}],"line":498},"18":{"loc":{"start":{"line":560,"column":11},"end":{"line":566,"column":null}},"type":"binary-expr","locations":[{"start":{"line":560,"column":11},"end":{"line":560,"column":null}},{"start":{"line":561,"column":12},"end":{"line":566,"column":null}}],"line":560},"19":{"loc":{"start":{"line":644,"column":29},"end":{"line":644,"column":null}},"type":"binary-expr","locations":[{"start":{"line":644,"column":29},"end":{"line":644,"column":66}},{"start":{"line":644,"column":66},"end":{"line":644,"column":null}}],"line":644},"20":{"loc":{"start":{"line":645,"column":32},"end":{"line":645,"column":null}},"type":"cond-expr","locations":[{"start":{"line":645,"column":49},"end":{"line":645,"column":65}},{"start":{"line":645,"column":65},"end":{"line":645,"column":null}}],"line":645},"21":{"loc":{"start":{"line":650,"column":20},"end":{"line":652,"column":null}},"type":"cond-expr","locations":[{"start":{"line":651,"column":24},"end":{"line":651,"column":null}},{"start":{"line":652,"column":24},"end":{"line":652,"column":null}}],"line":650},"22":{"loc":{"start":{"line":730,"column":9},"end":{"line":829,"column":null}},"type":"binary-expr","locations":[{"start":{"line":730,"column":9},"end":{"line":730,"column":null}},{"start":{"line":731,"column":10},"end":{"line":829,"column":null}}],"line":730},"23":{"loc":{"start":{"line":759,"column":30},"end":{"line":759,"column":null}},"type":"cond-expr","locations":[{"start":{"line":759,"column":61},"end":{"line":759,"column":72}},{"start":{"line":759,"column":72},"end":{"line":759,"column":null}}],"line":759},"24":{"loc":{"start":{"line":760,"column":21},"end":{"line":760,"column":null}},"type":"cond-expr","locations":[{"start":{"line":760,"column":52},"end":{"line":760,"column":102}},{"start":{"line":760,"column":102},"end":{"line":760,"column":null}}],"line":760},"25":{"loc":{"start":{"line":790,"column":19},"end":{"line":790,"column":null}},"type":"binary-expr","locations":[{"start":{"line":790,"column":19},"end":{"line":790,"column":46}},{"start":{"line":790,"column":46},"end":{"line":790,"column":null}}],"line":790},"26":{"loc":{"start":{"line":793,"column":19},"end":{"line":793,"column":null}},"type":"binary-expr","locations":[{"start":{"line":793,"column":19},"end":{"line":793,"column":49}},{"start":{"line":793,"column":49},"end":{"line":793,"column":null}}],"line":793},"27":{"loc":{"start":{"line":795,"column":17},"end":{"line":798,"column":null}},"type":"binary-expr","locations":[{"start":{"line":795,"column":17},"end":{"line":795,"column":null}},{"start":{"line":796,"column":18},"end":{"line":798,"column":null}}],"line":795},"28":{"loc":{"start":{"line":803,"column":13},"end":{"line":827,"column":null}},"type":"binary-expr","locations":[{"start":{"line":803,"column":13},"end":{"line":803,"column":null}},{"start":{"line":804,"column":14},"end":{"line":827,"column":null}}],"line":803}},"s":{"0":1,"1":1,"2":1,"3":1,"4":1,"5":10,"6":10,"7":10,"8":10,"9":10,"10":10,"11":10,"12":10,"13":10,"14":10,"15":10,"16":10,"17":0,"18":0,"19":0,"20":10,"21":0,"22":0,"23":10,"24":0,"25":0,"26":0,"27":0,"28":0,"29":0,"30":0,"31":0,"32":10,"33":0,"34":0,"35":0,"36":0,"37":10,"38":0,"39":0,"40":0,"41":10,"42":0,"43":0,"44":0,"45":0,"46":0,"47":0,"48":0,"49":0,"50":10,"51":0,"52":0,"53":0,"54":0,"55":10,"56":0,"57":0,"58":0,"59":0,"60":10,"61":0,"62":0,"63":0,"64":0,"65":10,"66":0,"67":10,"68":55,"69":55,"70":55,"71":10,"72":55,"73":55,"74":55,"75":10,"76":60,"77":60,"78":60,"79":60,"80":10,"81":60,"82":10,"83":60,"84":10,"85":60,"86":10,"87":55,"88":55,"89":55,"90":55,"91":55,"92":55,"93":0,"94":0,"95":0,"96":0,"97":0,"98":0,"99":10,"100":1,"101":55,"102":90,"103":60,"104":10,"105":10,"106":0,"107":0,"108":0,"109":0,"110":0,"111":0,"112":0,"113":0,"114":0,"115":0,"116":0,"117":0},"f":{"0":10,"1":0,"2":0,"3":0,"4":0,"5":0,"6":0,"7":0,"8":0,"9":0,"10":0,"11":0,"12":0,"13":0,"14":0,"15":0,"16":0,"17":0,"18":0,"19":0,"20":0,"21":0,"22":0,"23":55,"24":55,"25":60,"26":60,"27":60,"28":60,"29":55,"30":55,"31":55,"32":55,"33":55,"34":55,"35":0,"36":0,"37":0,"38":0,"39":0,"40":0,"41":1,"42":55,"43":90,"44":60,"45":10,"46":0,"47":0,"48":0,"49":0,"50":0,"51":0,"52":0},"b":{"0":[0,0],"1":[0,0],"2":[0,0],"3":[0,0],"4":[0,0],"5":[0,0],"6":[0,0],"7":[0,0],"8":[60,6,5,5],"9":[60,0],"10":[60,0],"11":[60,55,55],"12":[37,18],"13":[55,9],"14":[55,9],"15":[55,9],"16":[55,18],"17":[10,0],"18":[10,0],"19":[0,0],"20":[0,0],"21":[0,0],"22":[10,0],"23":[0,0],"24":[0,0],"25":[0,0],"26":[0,0],"27":[0,0],"28":[0,0]},"meta":{"lastBranch":29,"lastFunction":53,"lastStatement":118,"seen":{"s:37:24:37:Infinity":0,"s:38:21:38:Infinity":1,"s:61:33:147:Infinity":2,"s:149:21:152:Infinity":3,"s:154:27:834:Infinity":4,"f:154:27:154:33":0,"s:155:30:155:Infinity":5,"s:156:48:156:Infinity":6,"s:157:52:157:Infinity":7,"s:158:50:158:Infinity":8,"s:159:42:159:Infinity":9,"s:160:46:160:Infinity":10,"s:161:34:161:Infinity":11,"s:162:38:162:Infinity":12,"s:163:34:163:Infinity":13,"s:164:22:164:Infinity":14,"s:165:23:165:Infinity":15,"s:167:22:171:Infinity":16,"f:167:22:167:28":1,"s:168:4:168:Infinity":17,"s:169:4:169:Infinity":18,"s:170:4:170:Infinity":19,"s:173:21:176:Infinity":20,"f:173:21:173:22":2,"s:174:4:174:Infinity":21,"s:175:4:175:Infinity":22,"s:178:28:202:Infinity":23,"f:178:28:178:34":3,"s:179:4:201:Infinity":24,"f:179:36:179:37":4,"s:180:21:180:Infinity":25,"b:180:21:180:38:180:38:180:Infinity":0,"s:181:24:181:Infinity":26,"b:181:48:181:64:181:64:181:Infinity":1,"s:182:26:182:Infinity":27,"s:184:34:197:Infinity":28,"s:198:6:198:Infinity":29,"s:199:6:199:Infinity":30,"s:200:6:200:Infinity":31,"s:204:24:213:Infinity":32,"f:204:24:204:25":5,"s:205:4:211:Infinity":33,"f:205:16:205:17":6,"s:206:6:210:Infinity":34,"f:206:15:206:16":7,"s:207:8:209:Infinity":35,"b:208:12:208:Infinity:209:12:209:Infinity":2,"s:212:4:212:Infinity":36,"s:215:30:219:Infinity":37,"f:215:30:215:31":8,"s:216:4:216:Infinity":38,"s:217:4:217:Infinity":39,"s:218:4:218:Infinity":40,"s:221:29:236:Infinity":41,"f:221:29:221:35":9,"s:222:4:235:Infinity":42,"f:222:37:222:38":10,"b:223:6:234:Infinity:undefined:undefined:undefined:undefined":3,"s:223:6:234:Infinity":43,"s:224:8:230:Infinity":44,"f:224:20:224:21":11,"s:225:10:229:Infinity":45,"f:225:19:225:20":12,"s:226:12:228:Infinity":46,"b:227:16:227:Infinity:228:16:228:Infinity":4,"s:231:8:231:Infinity":47,"s:232:8:232:Infinity":48,"s:233:8:233:Infinity":49,"s:238:29:245:Infinity":50,"f:238:29:238:30":13,"s:239:4:243:Infinity":51,"f:239:16:239:17":14,"s:240:6:242:Infinity":52,"f:240:15:240:16":15,"s:241:8:241:Infinity":53,"b:241:30:241:72:241:72:241:Infinity":5,"s:244:4:244:Infinity":54,"s:247:25:254:Infinity":55,"f:247:25:247:26":16,"s:248:4:252:Infinity":56,"f:248:16:248:17":17,"s:249:6:251:Infinity":57,"f:249:15:249:16":18,"s:250:8:250:Infinity":58,"b:250:30:250:71:250:71:250:Infinity":6,"s:253:4:253:Infinity":59,"s:256:23:263:Infinity":60,"f:256:23:256:24":19,"s:257:4:261:Infinity":61,"f:257:16:257:17":20,"s:258:6:260:Infinity":62,"f:258:15:258:16":21,"s:259:8:259:Infinity":63,"b:259:22:259:63:259:63:259:Infinity":7,"s:262:4:262:Infinity":64,"s:265:23:267:Infinity":65,"f:265:23:265:29":22,"s:266:4:266:Infinity":66,"s:269:23:280:Infinity":67,"f:269:23:269:24":23,"s:270:19:277:Infinity":68,"s:278:28:278:Infinity":69,"s:279:4:279:Infinity":70,"s:282:21:289:Infinity":71,"f:282:21:282:22":24,"s:283:19:286:Infinity":72,"s:287:28:287:Infinity":73,"s:288:4:288:Infinity":74,"s:291:27:300:Infinity":75,"f:291:43:291:44":25,"s:293:6:296:Infinity":76,"b:293:6:293:Infinity:294:6:294:Infinity:295:6:295:Infinity:296:6:296:Infinity":8,"s:297:24:297:Infinity":77,"b:297:24:297:50:297:50:297:Infinity":9,"s:298:22:298:Infinity":78,"b:298:22:298:46:298:46:298:Infinity":10,"s:299:4:299:Infinity":79,"b:299:11:299:26:299:26:299:41:299:41:299:Infinity":11,"s:302:22:302:Infinity":80,"f:302:38:302:39":26,"s:302:50:302:71":81,"s:303:23:303:Infinity":82,"f:303:39:303:40":27,"s:303:46:303:68":83,"s:304:25:304:Infinity":84,"f:304:41:304:42":28,"s:304:48:304:72":85,"s:306:18:412:Infinity":86,"f:313:14:313:15":29,"s:313:37:313:Infinity":87,"f:320:14:320:15":30,"s:320:34:320:Infinity":88,"f:327:14:327:15":31,"s:327:32:327:Infinity":89,"b:327:42:327:71:327:71:327:Infinity":12,"f:334:14:334:15":32,"s:334:34:334:Infinity":90,"f:342:14:342:15":33,"s:342:41:342:Infinity":91,"f:350:14:350:15":34,"s:351:8:409:Infinity":92,"f:356:21:356:27":35,"s:356:27:356:Infinity":93,"b:360:11:360:Infinity:361:12:379:Infinity":13,"f:366:25:366:31":36,"s:366:31:366:Infinity":94,"f:375:25:375:31":37,"s:375:31:375:Infinity":95,"b:381:11:381:Infinity:382:12:388:Infinity":14,"f:385:23:385:29":38,"s:385:29:385:Infinity":96,"b:390:11:390:Infinity:391:12:397:Infinity":15,"f:394:23:394:29":39,"s:394:29:394:Infinity":97,"b:399:11:399:Infinity:400:12:407:Infinity":16,"f:404:23:404:29":40,"s:404:29:404:Infinity":98,"s:414:19:571:Infinity":99,"f:437:24:437:25":41,"s:437:31:437:Infinity":100,"f:467:45:467:46":42,"s:467:53:467:73":101,"b:498:58:498:70:498:70:498:80":17,"f:552:36:552:37":43,"s:552:45:552:66":102,"f:554:22:554:23":44,"s:554:29:554:51":103,"f:555:19:555:20":45,"s:555:27:555:47":104,"b:560:11:560:Infinity:561:12:566:Infinity":18,"s:573:2:832:Infinity":105,"f:592:18:592:24":46,"s:592:24:592:Infinity":106,"f:641:43:641:44":47,"s:641:59:641:Infinity":107,"f:642:13:642:19":48,"s:643:27:643:Infinity":108,"s:644:29:644:Infinity":109,"b:644:29:644:66:644:66:644:Infinity":19,"s:645:32:645:Infinity":110,"b:645:49:645:65:645:65:645:Infinity":20,"s:646:14:656:Infinity":111,"b:651:24:651:Infinity:652:24:652:Infinity":21,"f:707:18:707:24":49,"s:707:24:707:Infinity":112,"f:728:17:728:23":50,"s:728:23:728:Infinity":113,"b:730:9:730:Infinity:731:10:829:Infinity":22,"b:759:61:759:72:759:72:759:Infinity":23,"b:760:52:760:102:760:102:760:Infinity":24,"b:790:19:790:46:790:46:790:Infinity":25,"b:793:19:793:49:793:49:793:Infinity":26,"b:795:17:795:Infinity:796:18:798:Infinity":27,"b:803:13:803:Infinity:804:14:827:Infinity":28,"f:809:29:809:35":51,"s:810:22:810:Infinity":114,"s:811:22:811:Infinity":115,"f:819:29:819:35":52,"s:820:22:820:Infinity":116,"s:821:22:821:Infinity":117}}}
,"/Users/iannil/Code/zproducts/one-data-studio-lite/web/src/utils/token.ts": {"path":"/Users/iannil/Code/zproducts/one-data-studio-lite/web/src/utils/token.ts","statementMap":{"0":{"start":{"line":13,"column":18},"end":{"line":13,"column":null}},"1":{"start":{"line":14,"column":17},"end":{"line":14,"column":null}},"2":{"start":{"line":16,"column":24},"end":{"line":18,"column":null}},"3":{"start":{"line":17,"column":2},"end":{"line":17,"column":null}},"4":{"start":{"line":20,"column":24},"end":{"line":22,"column":null}},"5":{"start":{"line":21,"column":2},"end":{"line":21,"column":null}},"6":{"start":{"line":24,"column":27},"end":{"line":27,"column":null}},"7":{"start":{"line":25,"column":2},"end":{"line":25,"column":null}},"8":{"start":{"line":26,"column":2},"end":{"line":26,"column":null}},"9":{"start":{"line":29,"column":23},"end":{"line":32,"column":null}},"10":{"start":{"line":30,"column":15},"end":{"line":30,"column":null}},"11":{"start":{"line":31,"column":2},"end":{"line":31,"column":null}},"12":{"start":{"line":34,"column":23},"end":{"line":36,"column":null}},"13":{"start":{"line":35,"column":2},"end":{"line":35,"column":null}},"14":{"start":{"line":39,"column":34},"end":{"line":50,"column":null}},"15":{"start":{"line":40,"column":2},"end":{"line":49,"column":null}},"16":{"start":{"line":41,"column":20},"end":{"line":41,"column":null}},"17":{"start":{"line":42,"column":20},"end":{"line":42,"column":null}},"18":{"start":{"line":43,"column":4},"end":{"line":45,"column":null}},"19":{"start":{"line":44,"column":6},"end":{"line":44,"column":null}},"20":{"start":{"line":46,"column":4},"end":{"line":46,"column":null}},"21":{"start":{"line":48,"column":4},"end":{"line":48,"column":null}},"22":{"start":{"line":53,"column":35},"end":{"line":63,"column":null}},"23":{"start":{"line":54,"column":16},"end":{"line":54,"column":null}},"24":{"start":{"line":55,"column":2},"end":{"line":55,"column":null}},"25":{"start":{"line":55,"column":14},"end":{"line":55,"column":null}},"26":{"start":{"line":57,"column":21},"end":{"line":57,"column":null}},"27":{"start":{"line":58,"column":2},"end":{"line":58,"column":null}},"28":{"start":{"line":58,"column":19},"end":{"line":58,"column":null}},"29":{"start":{"line":60,"column":14},"end":{"line":60,"column":null}},"30":{"start":{"line":61,"column":22},"end":{"line":61,"column":null}},"31":{"start":{"line":62,"column":2},"end":{"line":62,"column":null}},"32":{"start":{"line":66,"column":30},"end":{"line":74,"column":null}},"33":{"start":{"line":67,"column":16},"end":{"line":67,"column":null}},"34":{"start":{"line":68,"column":2},"end":{"line":68,"column":null}},"35":{"start":{"line":68,"column":14},"end":{"line":68,"column":null}},"36":{"start":{"line":70,"column":21},"end":{"line":70,"column":null}},"37":{"start":{"line":71,"column":2},"end":{"line":71,"column":null}},"38":{"start":{"line":71,"column":19},"end":{"line":71,"column":null}},"39":{"start":{"line":73,"column":2},"end":{"line":73,"column":null}}},"fnMap":{"0":{"name":"(anonymous_0)","decl":{"start":{"line":16,"column":24},"end":{"line":16,"column":45}},"loc":{"start":{"line":16,"column":45},"end":{"line":18,"column":null}},"line":16},"1":{"name":"(anonymous_1)","decl":{"start":{"line":20,"column":24},"end":{"line":20,"column":25}},"loc":{"start":{"line":20,"column":49},"end":{"line":22,"column":null}},"line":20},"2":{"name":"(anonymous_2)","decl":{"start":{"line":24,"column":27},"end":{"line":24,"column":39}},"loc":{"start":{"line":24,"column":39},"end":{"line":27,"column":null}},"line":24},"3":{"name":"(anonymous_3)","decl":{"start":{"line":29,"column":23},"end":{"line":29,"column":41}},"loc":{"start":{"line":29,"column":41},"end":{"line":32,"column":null}},"line":29},"4":{"name":"(anonymous_4)","decl":{"start":{"line":34,"column":23},"end":{"line":34,"column":24}},"loc":{"start":{"line":34,"column":44},"end":{"line":36,"column":null}},"line":34},"5":{"name":"(anonymous_5)","decl":{"start":{"line":39,"column":34},"end":{"line":39,"column":35}},"loc":{"start":{"line":39,"column":66},"end":{"line":50,"column":null}},"line":39},"6":{"name":"(anonymous_6)","decl":{"start":{"line":53,"column":35},"end":{"line":53,"column":36}},"loc":{"start":{"line":53,"column":79},"end":{"line":63,"column":null}},"line":53},"7":{"name":"(anonymous_7)","decl":{"start":{"line":66,"column":30},"end":{"line":66,"column":45}},"loc":{"start":{"line":66,"column":45},"end":{"line":74,"column":null}},"line":66}},"branchMap":{"0":{"loc":{"start":{"line":31,"column":9},"end":{"line":31,"column":null}},"type":"cond-expr","locations":[{"start":{"line":31,"column":16},"end":{"line":31,"column":35}},{"start":{"line":31,"column":35},"end":{"line":31,"column":null}}],"line":31},"1":{"loc":{"start":{"line":43,"column":4},"end":{"line":45,"column":null}},"type":"if","locations":[{"start":{"line":43,"column":4},"end":{"line":45,"column":null}},{"start":{},"end":{}}],"line":43},"2":{"loc":{"start":{"line":53,"column":36},"end":{"line":53,"column":79}},"type":"default-arg","locations":[{"start":{"line":53,"column":63},"end":{"line":53,"column":79}}],"line":53},"3":{"loc":{"start":{"line":55,"column":2},"end":{"line":55,"column":null}},"type":"if","locations":[{"start":{"line":55,"column":2},"end":{"line":55,"column":null}},{"start":{},"end":{}}],"line":55},"4":{"loc":{"start":{"line":58,"column":2},"end":{"line":58,"column":null}},"type":"if","locations":[{"start":{"line":58,"column":2},"end":{"line":58,"column":null}},{"start":{},"end":{}}],"line":58},"5":{"loc":{"start":{"line":68,"column":2},"end":{"line":68,"column":null}},"type":"if","locations":[{"start":{"line":68,"column":2},"end":{"line":68,"column":null}},{"start":{},"end":{}}],"line":68},"6":{"loc":{"start":{"line":71,"column":2},"end":{"line":71,"column":null}},"type":"if","locations":[{"start":{"line":71,"column":2},"end":{"line":71,"column":null}},{"start":{},"end":{}}],"line":71}},"s":{"0":5,"1":5,"2":5,"3":31,"4":5,"5":20,"6":5,"7":3,"8":3,"9":5,"10":7,"11":7,"12":5,"13":4,"14":5,"15":29,"16":29,"17":29,"18":29,"19":18,"20":3,"21":8,"22":5,"23":11,"24":11,"25":1,"26":10,"27":10,"28":2,"29":8,"30":8,"31":8,"32":5,"33":12,"34":12,"35":4,"36":8,"37":8,"38":2,"39":6},"f":{"0":31,"1":20,"2":3,"3":7,"4":4,"5":29,"6":11,"7":12},"b":{"0":[4,3],"1":[18,11],"2":[11],"3":[1,10],"4":[2,8],"5":[4,8],"6":[2,6]},"meta":{"lastBranch":7,"lastFunction":8,"lastStatement":40,"seen":{"s:13:18:13:Infinity":0,"s:14:17:14:Infinity":1,"s:16:24:18:Infinity":2,"f:16:24:16:45":0,"s:17:2:17:Infinity":3,"s:20:24:22:Infinity":4,"f:20:24:20:25":1,"s:21:2:21:Infinity":5,"s:24:27:27:Infinity":6,"f:24:27:24:39":2,"s:25:2:25:Infinity":7,"s:26:2:26:Infinity":8,"s:29:23:32:Infinity":9,"f:29:23:29:41":3,"s:30:15:30:Infinity":10,"s:31:2:31:Infinity":11,"b:31:16:31:35:31:35:31:Infinity":0,"s:34:23:36:Infinity":12,"f:34:23:34:24":4,"s:35:2:35:Infinity":13,"s:39:34:50:Infinity":14,"f:39:34:39:35":5,"s:40:2:49:Infinity":15,"s:41:20:41:Infinity":16,"s:42:20:42:Infinity":17,"b:43:4:45:Infinity:undefined:undefined:undefined:undefined":1,"s:43:4:45:Infinity":18,"s:44:6:44:Infinity":19,"s:46:4:46:Infinity":20,"s:48:4:48:Infinity":21,"s:53:35:63:Infinity":22,"f:53:35:53:36":6,"b:53:63:53:79":2,"s:54:16:54:Infinity":23,"b:55:2:55:Infinity:undefined:undefined:undefined:undefined":3,"s:55:2:55:Infinity":24,"s:55:14:55:Infinity":25,"s:57:21:57:Infinity":26,"b:58:2:58:Infinity:undefined:undefined:undefined:undefined":4,"s:58:2:58:Infinity":27,"s:58:19:58:Infinity":28,"s:60:14:60:Infinity":29,"s:61:22:61:Infinity":30,"s:62:2:62:Infinity":31,"s:66:30:74:Infinity":32,"f:66:30:66:45":7,"s:67:16:67:Infinity":33,"b:68:2:68:Infinity:undefined:undefined:undefined:undefined":5,"s:68:2:68:Infinity":34,"s:68:14:68:Infinity":35,"s:70:21:70:Infinity":36,"b:71:2:71:Infinity:undefined:undefined:undefined:undefined":6,"s:71:2:71:Infinity":37,"s:71:19:71:Infinity":38,"s:73:2:73:Infinity":39}}}
}
