TN:
SF:src/api/audit.ts
FN:13,(anonymous_0)
FN:19,(anonymous_1)
FN:25,(anonymous_2)
FN:31,(anonymous_3)
FNF:4
FNH:4
FNDA:9,(anonymous_0)
FNDA:3,(anonymous_1)
FNDA:3,(anonymous_2)
FNDA:4,(anonymous_3)
DA:13,1
DA:14,9
DA:15,9
DA:19,1
DA:20,3
DA:21,3
DA:25,1
DA:26,3
DA:27,3
DA:31,1
DA:35,4
DA:40,4
LF:12
LH:12
BRDA:13,0,0,9
BRDA:33,1,0,4
BRF:2
BRH:2
end_of_record
TN:
SF:src/api/auth.ts
FN:83,(anonymous_0)
FN:92,(anonymous_1)
FN:97,(anonymous_2)
FN:103,(anonymous_3)
FN:109,(anonymous_4)
FN:115,(anonymous_5)
FN:125,(anonymous_6)
FN:131,(anonymous_7)
FN:137,(anonymous_8)
FN:143,(anonymous_9)
FN:153,(anonymous_10)
FN:159,(anonymous_11)
FN:165,(anonymous_12)
FN:171,(anonymous_13)
FNF:14
FNH:10
FNDA:7,(anonymous_0)
FNDA:2,(anonymous_1)
FNDA:3,(anonymous_2)
FNDA:5,(anonymous_3)
FNDA:3,(anonymous_4)
FNDA:2,(anonymous_5)
FNDA:0,(anonymous_6)
FNDA:0,(anonymous_7)
FNDA:0,(anonymous_8)
FNDA:0,(anonymous_9)
FNDA:2,(anonymous_10)
FNDA:2,(anonymous_11)
FNDA:2,(anonymous_12)
FNDA:3,(anonymous_13)
DA:83,1
DA:84,7
DA:88,3
DA:92,1
DA:93,2
DA:97,1
DA:98,3
DA:99,3
DA:103,1
DA:104,5
DA:105,5
DA:109,1
DA:110,3
DA:111,2
DA:115,1
DA:116,2
DA:117,2
DA:125,1
DA:126,0
DA:127,0
DA:131,1
DA:132,0
DA:133,0
DA:137,1
DA:138,0
DA:139,0
DA:143,1
DA:144,0
DA:145,0
DA:153,1
DA:154,2
DA:155,2
DA:159,1
DA:160,2
DA:161,2
DA:165,1
DA:166,2
DA:167,2
DA:171,1
DA:182,3
DA:183,3
LF:41
LH:33
BRF:0
BRH:0
end_of_record
TN:
SF:src/api/cleaning.ts
FN:78,analyzeQualityV1
FN:89,recommendRulesV1
FN:100,getCleaningRulesV1
FN:108,generateConfigV1
FN:123,analyzeQuality
FN:129,recommendRules
FN:135,getCleaningRules
FN:141,generateConfig
FNF:8
FNH:8
FNDA:7,analyzeQualityV1
FNDA:3,recommendRulesV1
FNDA:1,getCleaningRulesV1
FNDA:4,generateConfigV1
FNDA:1,analyzeQuality
FNDA:1,recommendRules
FNDA:1,getCleaningRules
FNDA:1,generateConfig
DA:81,7
DA:85,7
DA:92,3
DA:96,3
DA:101,1
DA:104,1
DA:111,4
DA:115,4
DA:124,1
DA:125,1
DA:130,1
DA:131,1
DA:136,1
DA:137,1
DA:142,1
DA:143,1
LF:16
LH:16
BRF:0
BRH:0
end_of_record
TN:
SF:src/api/client.ts
FN:18,getResponseData
FN:30,(anonymous_1)
FN:34,(anonymous_2)
FN:35,(anonymous_3)
FN:40,(anonymous_4)
FN:63,(anonymous_5)
FN:83,(anonymous_6)
FN:84,(anonymous_7)
FN:94,(anonymous_8)
FN:99,(anonymous_9)
FN:100,(anonymous_10)
FNF:11
FNH:1
FNDA:0,getResponseData
FNDA:0,(anonymous_1)
FNDA:0,(anonymous_2)
FNDA:0,(anonymous_3)
FNDA:0,(anonymous_4)
FNDA:2,(anonymous_5)
FNDA:0,(anonymous_6)
FNDA:0,(anonymous_7)
FNDA:0,(anonymous_8)
FNDA:0,(anonymous_9)
FNDA:0,(anonymous_10)
DA:6,2
DA:8,2
DA:19,0
DA:20,0
DA:21,0
DA:23,0
DA:27,2
DA:28,2
DA:30,2
DA:31,0
DA:34,2
DA:35,0
DA:36,0
DA:40,2
DA:41,0
DA:42,0
DA:52,0
DA:53,0
DA:55,0
DA:57,0
DA:62,2
DA:64,2
DA:65,2
DA:66,0
DA:69,0
DA:70,0
DA:71,0
DA:72,0
DA:73,0
DA:74,0
DA:76,0
DA:77,0
DA:78,0
DA:79,0
DA:83,0
DA:84,0
DA:85,0
DA:86,0
DA:92,2
DA:94,0
DA:98,2
DA:99,0
DA:103,0
DA:104,0
DA:106,0
DA:107,0
DA:108,0
DA:112,0
LF:48
LH:12
BRDA:6,0,0,2
BRDA:6,0,1,2
BRDA:20,1,0,0
BRDA:20,1,1,0
BRDA:20,2,0,0
BRDA:20,2,1,0
BRDA:23,3,0,0
BRDA:23,3,1,0
BRDA:43,4,0,0
BRDA:43,4,1,0
BRDA:52,5,0,0
BRDA:52,5,1,0
BRDA:52,6,0,0
BRDA:52,6,1,0
BRDA:65,7,0,0
BRDA:65,7,1,2
BRDA:65,8,0,2
BRDA:65,8,1,0
BRDA:69,9,0,0
BRDA:69,9,1,0
BRDA:70,10,0,0
BRDA:70,10,1,0
BRDA:70,11,0,0
BRDA:70,11,1,0
BRDA:70,11,2,0
BRDA:71,12,0,0
BRDA:71,12,1,0
BRDA:76,13,0,0
BRDA:76,13,1,0
BRDA:103,14,0,0
BRDA:103,14,1,0
BRDA:104,15,0,0
BRDA:104,15,1,0
BRDA:106,16,0,0
BRDA:106,16,1,0
BRDA:106,17,0,0
BRDA:106,17,1,0
BRF:37
BRH:4
end_of_record
TN:
SF:src/api/cubestudio.ts
FN:161,getPipelinesV1
FN:167,getPipelineV1
FN:173,runPipelineV1
FN:182,deletePipelineV1
FN:192,listModelsV1
FN:198,modelInferenceV1
FN:207,chatCompletionV1
FN:216,quickChat
FN:246,listDataSourcesV1
FN:252,createDataSourceV1
FN:258,listDatasetsV1
FN:268,listNotebooksV1
FN:274,createNotebookV1
FN:284,getMetricsV1
FN:290,listAlertsV1
FN:296,getServicesStatusV1
FN:306,getPipelines
FN:312,getPipeline
FN:318,runPipeline
FNF:19
FNH:16
FNDA:3,getPipelinesV1
FNDA:1,getPipelineV1
FNDA:2,runPipelineV1
FNDA:1,deletePipelineV1
FNDA:1,listModelsV1
FNDA:2,modelInferenceV1
FNDA:4,chatCompletionV1
FNDA:3,quickChat
FNDA:1,listDataSourcesV1
FNDA:1,createDataSourceV1
FNDA:1,listDatasetsV1
FNDA:3,listNotebooksV1
FNDA:1,createNotebookV1
FNDA:1,getMetricsV1
FNDA:1,listAlertsV1
FNDA:1,getServicesStatusV1
FNDA:0,getPipelines
FNDA:0,getPipeline
FNDA:0,runPipeline
DA:162,3
DA:163,3
DA:168,1
DA:169,1
DA:174,2
DA:178,2
DA:183,1
DA:184,1
DA:193,1
DA:194,1
DA:199,2
DA:203,2
DA:208,4
DA:212,4
DA:221,3
DA:229,3
DA:230,2
DA:231,2
DA:232,2
DA:234,0
DA:235,0
DA:238,1
DA:247,1
DA:248,1
DA:253,1
DA:254,1
DA:259,1
DA:260,1
DA:269,3
DA:270,3
DA:275,1
DA:276,1
DA:285,1
DA:286,1
DA:291,1
DA:292,1
DA:297,1
DA:298,1
DA:307,0
DA:308,0
DA:313,0
DA:314,0
DA:319,0
DA:320,0
LF:44
LH:36
BRDA:176,0,0,2
BRDA:176,0,1,1
BRDA:218,1,0,3
BRDA:219,2,0,3
BRDA:229,3,0,2
BRDA:229,3,1,1
BRDA:229,4,0,3
BRDA:229,4,1,2
BRDA:231,5,0,2
BRDA:231,5,1,0
BRDA:231,6,0,2
BRDA:231,6,1,2
BRDA:234,7,0,0
BRDA:234,7,1,0
BRDA:234,8,0,0
BRDA:234,8,1,0
BRDA:238,9,0,1
BRDA:238,9,1,0
BRDA:268,10,0,3
BRF:19
BRH:13
end_of_record
TN:
SF:src/api/data-api.ts
FN:71,searchAssetsV1
FN:82,getAssetDetailV1
FN:90,getDatasetSchemaV1
FN:98,queryDatasetV1
FN:110,subscribeDatasetV1
FN:118,getSubscriptionsV1
FN:130,searchAssets
FN:136,getAssetDetail
FN:142,getDatasetSchema
FN:148,queryDataset
FN:154,subscribeDataset
FN:160,getSubscriptions
FNF:12
FNH:12
FNDA:6,searchAssetsV1
FNDA:2,getAssetDetailV1
FNDA:2,getDatasetSchemaV1
FNDA:3,queryDatasetV1
FNDA:2,subscribeDatasetV1
FNDA:1,getSubscriptionsV1
FNDA:1,searchAssets
FNDA:1,getAssetDetail
FNDA:1,getDatasetSchema
FNDA:1,queryDataset
FNDA:1,subscribeDataset
FNDA:1,getSubscriptions
DA:74,6
DA:78,6
DA:83,2
DA:86,2
DA:91,2
DA:94,2
DA:102,3
DA:106,3
DA:111,2
DA:114,2
DA:119,1
DA:122,1
DA:131,1
DA:132,1
DA:137,1
DA:138,1
DA:143,1
DA:144,1
DA:149,1
DA:150,1
DA:155,1
DA:156,1
DA:161,1
DA:162,1
LF:24
LH:24
BRF:0
BRH:0
end_of_record
TN:
SF:src/api/dolphinscheduler.ts
FN:66,getProjectsV1
FN:74,getProcessDefinitionsV1
FN:86,getSchedulesV1
FN:100,updateScheduleStateV1
FN:116,getTaskInstancesV1
FN:128,getTaskLogV1
FN:143,getProjects
FN:151,getProcessDefinitions
FN:157,getSchedules
FN:165,updateScheduleState
FN:177,getTaskInstances
FN:183,getTaskLog
FNF:12
FNH:12
FNDA:3,getProjectsV1
FNDA:5,getProcessDefinitionsV1
FNDA:3,getSchedulesV1
FNDA:2,updateScheduleStateV1
FNDA:2,getTaskInstancesV1
FNDA:1,getTaskLogV1
FNDA:1,getProjects
FNDA:1,getProcessDefinitions
FNDA:1,getSchedules
FNDA:1,updateScheduleState
FNDA:1,getTaskInstances
FNDA:1,getTaskLog
DA:67,3
DA:70,3
DA:78,5
DA:82,5
DA:90,3
DA:96,3
DA:105,2
DA:112,2
DA:120,2
DA:124,2
DA:132,1
DA:135,1
DA:144,1
DA:147,1
DA:152,1
DA:153,1
DA:158,1
DA:161,1
DA:170,1
DA:173,1
DA:178,1
DA:179,1
DA:184,1
DA:185,1
LF:24
LH:24
BRDA:93,0,0,1
BRDA:93,0,1,2
BRDA:159,1,0,0
BRDA:159,1,1,1
BRF:4
BRH:3
end_of_record
TN:
SF:src/api/hop.ts
FN:73,listWorkflows
FN:84,getWorkflow
FN:92,runWorkflow
FN:106,getWorkflowStatus
FN:119,stopWorkflow
FN:136,listPipelines
FN:147,getPipeline
FN:155,runPipeline
FN:169,getPipelineStatus
FN:182,stopPipeline
FN:199,getServerStatus
FN:207,getServerInfo
FN:215,listRunConfigurations
FN:229,runWorkflowAndWait
FN:248,(anonymous_14)
FN:257,runPipelineAndWait
FN:276,(anonymous_16)
FNF:17
FNH:17
FNDA:4,listWorkflows
FNDA:3,getWorkflow
FNDA:10,runWorkflow
FNDA:17,getWorkflowStatus
FNDA:1,stopWorkflow
FNDA:1,listPipelines
FNDA:1,getPipeline
FNDA:6,runPipeline
FNDA:14,getPipelineStatus
FNDA:1,stopPipeline
FNDA:1,getServerStatus
FNDA:1,getServerInfo
FNDA:1,listRunConfigurations
FNDA:6,runWorkflowAndWait
FNDA:10,(anonymous_14)
FNDA:5,runPipelineAndWait
FNDA:10,(anonymous_16)
DA:77,4
DA:78,4
DA:85,3
DA:86,3
DA:96,10
DA:100,10
DA:110,17
DA:113,17
DA:123,1
DA:126,1
DA:140,1
DA:141,1
DA:148,1
DA:149,1
DA:159,6
DA:163,6
DA:173,14
DA:176,14
DA:186,1
DA:189,1
DA:200,1
DA:201,1
DA:208,1
DA:209,1
DA:218,1
DA:219,1
DA:235,6
DA:236,6
DA:237,2
DA:240,4
DA:241,4
DA:243,4
DA:244,13
DA:245,13
DA:246,3
DA:248,10
DA:251,1
DA:263,5
DA:264,5
DA:265,1
DA:268,4
DA:269,4
DA:271,4
DA:272,13
DA:273,13
DA:274,3
DA:276,10
DA:279,1
LF:48
LH:48
BRDA:98,0,0,10
BRDA:98,0,1,9
BRDA:161,1,0,6
BRDA:161,1,1,5
BRDA:232,2,0,6
BRDA:233,3,0,6
BRDA:236,4,0,2
BRDA:236,4,1,4
BRDA:236,5,0,6
BRDA:236,5,1,5
BRDA:237,6,0,2
BRDA:237,6,1,0
BRDA:245,7,0,3
BRDA:245,7,1,10
BRDA:245,8,0,13
BRDA:245,8,1,12
BRDA:245,8,2,11
BRDA:260,9,0,5
BRDA:261,10,0,5
BRDA:264,11,0,1
BRDA:264,11,1,4
BRDA:264,12,0,5
BRDA:264,12,1,4
BRDA:265,13,0,1
BRDA:265,13,1,0
BRDA:273,14,0,3
BRDA:273,14,1,10
BRDA:273,15,0,13
BRDA:273,15,1,11
BRDA:273,15,2,10
BRF:30
BRH:28
end_of_record
TN:
SF:src/api/metadata-sync.ts
FN:64,getMappingsV1
FN:73,getMappingV1
FN:84,createMappingV1
FN:97,updateMappingV1
FN:112,deleteMappingV1
FN:122,triggerSyncV1
FN:131,sendMetadataEventV1
FN:146,getMappings
FN:155,getMapping
FN:166,createMapping
FN:179,updateMapping
FN:194,deleteMapping
FN:204,triggerSync
FN:213,sendMetadataEvent
FN:228,createDolphinSchedulerMapping
FN:248,createSeaTunnelMapping
FN:268,createHopMapping
FN:288,toggleMapping
FNF:18
FNH:18
FNDA:2,getMappingsV1
FNDA:2,getMappingV1
FNDA:2,createMappingV1
FNDA:1,updateMappingV1
FNDA:1,deleteMappingV1
FNDA:2,triggerSyncV1
FNDA:3,sendMetadataEventV1
FNDA:1,getMappings
FNDA:1,getMapping
FNDA:5,createMapping
FNDA:3,updateMapping
FNDA:1,deleteMapping
FNDA:1,triggerSync
FNDA:1,sendMetadataEvent
FNDA:2,createDolphinSchedulerMapping
FNDA:1,createSeaTunnelMapping
FNDA:1,createHopMapping
FNDA:2,toggleMapping
DA:65,2
DA:66,2
DA:74,2
DA:77,2
DA:85,2
DA:89,2
DA:101,1
DA:105,1
DA:113,1
DA:116,1
DA:123,2
DA:124,2
DA:132,3
DA:136,3
DA:147,1
DA:148,1
DA:156,1
DA:159,1
DA:167,5
DA:171,5
DA:183,3
DA:187,3
DA:195,1
DA:198,1
DA:205,1
DA:206,1
DA:214,1
DA:218,1
DA:234,2
DA:254,1
DA:274,1
DA:292,2
LF:32
LH:32
BRDA:231,0,0,2
BRDA:251,1,0,1
BRDA:271,2,0,1
BRF:3
BRH:3
end_of_record
TN:
SF:src/api/metadata.ts
FN:115,searchEntitiesV1
FN:132,getEntityAspectV1
FN:144,getLineageV1
FN:156,searchTagsV1
FN:168,createTagV1
FN:183,searchEntities
FN:201,getEntityAspect
FN:214,getLineage
FN:227,searchTags
FN:240,createTag
FNF:10
FNH:10
FNDA:7,searchEntitiesV1
FNDA:3,getEntityAspectV1
FNDA:3,getLineageV1
FNDA:2,searchTagsV1
FNDA:2,createTagV1
FNDA:1,searchEntities
FNDA:1,getEntityAspect
FNDA:3,getLineage
FNDA:1,searchTags
FNDA:1,createTag
DA:116,7
DA:124,7
DA:133,3
DA:136,3
DA:145,3
DA:148,3
DA:157,2
DA:160,2
DA:169,2
DA:172,2
DA:184,1
DA:193,1
DA:194,1
DA:202,1
DA:206,1
DA:207,1
DA:215,3
DA:219,1
DA:220,1
DA:228,1
DA:232,1
DA:233,1
DA:241,1
DA:245,1
DA:246,1
LF:25
LH:25
BRDA:119,0,0,7
BRDA:119,0,1,4
BRDA:120,1,0,7
BRDA:120,1,1,5
BRDA:121,2,0,7
BRDA:121,2,1,5
BRDA:158,3,0,2
BRDA:158,3,1,1
BRDA:170,4,0,2
BRDA:170,4,1,1
BRDA:187,5,0,1
BRDA:187,5,1,0
BRDA:188,6,0,1
BRDA:188,6,1,1
BRDA:189,7,0,1
BRDA:189,7,1,1
BRDA:194,8,0,1
BRDA:194,8,1,0
BRDA:207,9,0,1
BRDA:207,9,1,0
BRDA:220,10,0,1
BRDA:220,10,1,0
BRDA:229,11,0,1
BRDA:229,11,1,0
BRDA:233,12,0,1
BRDA:233,12,1,0
BRDA:242,13,0,1
BRDA:242,13,1,0
BRDA:246,14,0,1
BRDA:246,14,1,0
BRF:30
BRH:22
end_of_record
TN:
SF:src/api/nl2sql.ts
FN:69,queryV1
FN:78,explainV1
FN:87,getTablesV1
FN:101,(anonymous_3)
FN:107,(anonymous_4)
FN:113,(anonymous_5)
FNF:6
FNH:6
FNDA:9,queryV1
FNDA:3,explainV1
FNDA:3,getTablesV1
FNDA:1,(anonymous_3)
FNDA:2,(anonymous_4)
FNDA:1,(anonymous_5)
DA:70,9
DA:74,9
DA:79,3
DA:83,3
DA:88,3
DA:91,3
DA:101,1
DA:102,1
DA:103,1
DA:107,1
DA:108,2
DA:109,2
DA:113,1
DA:114,1
DA:115,1
LF:15
LH:15
BRF:0
BRH:0
end_of_record
TN:
SF:src/api/seatunnel.ts
FN:51,getJobsV1
FN:61,getJobDetailV1
FN:70,getJobStatusV1
FN:79,submitJobV1
FN:88,cancelJobV1
FN:96,getClusterStatusV1
FN:106,getJobs
FN:112,getJobDetail
FN:118,submitJob
FN:124,cancelJob
FN:130,getJobStatus
FN:142,getErrorMessage
FNF:12
FNH:12
FNDA:4,getJobsV1
FNDA:3,getJobDetailV1
FNDA:4,getJobStatusV1
FNDA:4,submitJobV1
FNDA:3,cancelJobV1
FNDA:1,getClusterStatusV1
FNDA:1,getJobs
FNDA:1,getJobDetail
FNDA:1,submitJob
FNDA:1,cancelJob
FNDA:1,getJobStatus
FNDA:3,getErrorMessage
DA:52,4
DA:53,4
DA:54,4
DA:62,3
DA:63,2
DA:71,4
DA:72,4
DA:80,4
DA:81,4
DA:89,3
DA:90,2
DA:97,1
DA:98,1
DA:107,1
DA:108,1
DA:113,1
DA:114,1
DA:119,1
DA:120,1
DA:125,1
DA:126,1
DA:131,1
DA:132,1
DA:143,3
LF:24
LH:24
BRDA:52,0,0,2
BRDA:52,0,1,2
BRF:2
BRH:2
end_of_record
TN:
SF:src/api/sensitive.ts
FN:51,(anonymous_0)
FN:62,(anonymous_1)
FN:76,(anonymous_2)
FN:86,(anonymous_3)
FN:96,(anonymous_4)
FN:107,(anonymous_5)
FN:117,(anonymous_6)
FN:131,(anonymous_7)
FN:146,(anonymous_8)
FN:164,(anonymous_9)
FN:176,(anonymous_10)
FNF:11
FNH:11
FNDA:5,(anonymous_0)
FNDA:2,(anonymous_1)
FNDA:2,(anonymous_2)
FNDA:2,(anonymous_3)
FNDA:1,(anonymous_4)
FNDA:1,(anonymous_5)
FNDA:2,(anonymous_6)
FNDA:1,(anonymous_7)
FNDA:5,(anonymous_8)
FNDA:1,(anonymous_9)
FNDA:1,(anonymous_10)
DA:51,1
DA:52,5
DA:56,5
DA:62,1
DA:66,2
DA:70,2
DA:76,1
DA:77,2
DA:80,2
DA:86,1
DA:87,2
DA:90,2
DA:96,1
DA:97,1
DA:101,1
DA:107,1
DA:108,1
DA:111,1
DA:117,1
DA:121,2
DA:125,2
DA:131,1
DA:132,1
DA:135,1
DA:146,1
DA:149,5
DA:153,5
DA:164,1
DA:165,1
DA:176,1
DA:177,1
LF:31
LH:31
BRDA:118,0,0,2
BRDA:119,1,0,2
BRF:2
BRH:2
end_of_record
TN:
SF:src/api/shardingsphere.ts
FN:96,getMaskRulesV1
FN:105,getTableRulesV1
FN:116,createMaskRuleV1
FN:125,updateMaskRuleV1
FN:135,deleteMaskRulesV1
FN:151,batchCreateRulesV1
FN:164,listAlgorithmsV1
FN:172,listPresetsV1
FN:181,syncRulesToProxyV1
FN:195,getMaskRules
FN:204,getTableRules
FN:215,createMaskRule
FN:224,updateMaskRule
FN:234,deleteMaskRules
FN:250,batchCreateRules
FN:263,listAlgorithms
FN:271,listPresets
FN:280,syncRulesToProxy
FN:297,applyPreset
FN:306,(anonymous_19)
FN:326,createAndSyncRule
FNF:21
FNH:21
FNDA:2,getMaskRulesV1
FNDA:4,getTableRulesV1
FNDA:5,createMaskRuleV1
FNDA:1,updateMaskRuleV1
FNDA:2,deleteMaskRulesV1
FNDA:2,batchCreateRulesV1
FNDA:1,listAlgorithmsV1
FNDA:4,listPresetsV1
FNDA:4,syncRulesToProxyV1
FNDA:1,getMaskRules
FNDA:1,getTableRules
FNDA:1,createMaskRule
FNDA:1,updateMaskRule
FNDA:2,deleteMaskRules
FNDA:1,batchCreateRules
FNDA:1,listAlgorithms
FNDA:1,listPresets
FNDA:1,syncRulesToProxy
FNDA:2,applyPreset
FNDA:1,(anonymous_19)
FNDA:1,createAndSyncRule
DA:97,2
DA:98,2
DA:106,4
DA:109,4
DA:117,5
DA:118,5
DA:126,1
DA:127,1
DA:139,2
DA:140,2
DA:144,2
DA:154,2
DA:158,2
DA:165,1
DA:166,1
DA:173,4
DA:174,4
DA:182,4
DA:185,4
DA:196,1
DA:197,1
DA:205,1
DA:208,1
DA:216,1
DA:217,1
DA:225,1
DA:226,1
DA:238,2
DA:239,2
DA:243,2
DA:253,1
DA:257,1
DA:264,1
DA:265,1
DA:272,1
DA:273,1
DA:281,1
DA:284,1
DA:302,2
DA:303,2
DA:304,0
DA:306,2
DA:307,2
DA:308,1
DA:310,1
DA:316,1
DA:317,0
DA:319,1
DA:330,1
DA:331,1
DA:332,0
DA:334,1
DA:335,1
DA:336,0
DA:338,1
LF:55
LH:51
BRDA:139,0,0,1
BRDA:139,0,1,1
BRDA:238,1,0,1
BRDA:238,1,1,1
BRDA:303,2,0,0
BRDA:303,2,1,2
BRDA:304,3,0,0
BRDA:304,3,1,0
BRDA:307,4,0,1
BRDA:307,4,1,1
BRDA:316,5,0,0
BRDA:316,5,1,1
BRDA:316,6,0,1
BRDA:316,6,1,1
BRDA:317,7,0,0
BRDA:317,7,1,0
BRDA:331,8,0,0
BRDA:331,8,1,1
BRDA:331,9,0,1
BRDA:331,9,1,1
BRDA:332,10,0,0
BRDA:332,10,1,0
BRDA:335,11,0,0
BRDA:335,11,1,1
BRDA:335,12,0,1
BRDA:335,12,1,1
BRDA:336,13,0,0
BRDA:336,13,1,0
BRF:28
BRH:16
end_of_record
TN:
SF:src/api/superset.ts
FN:79,getDashboardsV1
FN:85,getDashboardV1
FN:91,getChartsV1
FN:97,getChartV1
FN:103,getDatasetsV1
FN:109,getDatasetV1
FN:119,getDashboards
FN:125,getDashboard
FN:131,getCharts
FN:137,getChart
FN:143,getDatasets
FNF:11
FNH:11
FNDA:9,getDashboardsV1
FNDA:3,getDashboardV1
FNDA:3,getChartsV1
FNDA:1,getChartV1
FNDA:3,getDatasetsV1
FNDA:1,getDatasetV1
FNDA:1,getDashboards
FNDA:1,getDashboard
FNDA:1,getCharts
FNDA:1,getChart
FNDA:1,getDatasets
DA:80,9
DA:81,9
DA:86,3
DA:87,3
DA:92,3
DA:93,3
DA:98,1
DA:99,1
DA:104,3
DA:105,3
DA:110,1
DA:111,1
DA:120,1
DA:121,1
DA:126,1
DA:127,1
DA:132,1
DA:133,1
DA:138,1
DA:139,1
DA:144,1
DA:145,1
LF:22
LH:22
BRF:0
BRH:0
end_of_record
TN:
SF:src/api/types.ts
FN:47,(anonymous_0)
FN:138,getErrorMessage
FN:143,isSuccessResponse
FN:148,isErrorCode
FN:153,createSuccessResponse
FN:163,createErrorResponse
FN:178,createPaginatedResponse
FNF:7
FNH:7
FNDA:15,(anonymous_0)
FNDA:6,getErrorMessage
FNDA:64,isSuccessResponse
FNDA:2,isErrorCode
FNDA:2,createSuccessResponse
FNDA:3,createErrorResponse
FNDA:5,createPaginatedResponse
DA:47,15
DA:49,15
DA:50,15
DA:51,15
DA:52,15
DA:55,15
DA:56,15
DA:57,15
DA:58,15
DA:61,15
DA:62,15
DA:63,15
DA:64,15
DA:67,15
DA:68,15
DA:69,15
DA:70,15
DA:73,15
DA:74,15
DA:75,15
DA:76,15
DA:79,15
DA:80,15
DA:81,15
DA:82,15
DA:85,15
DA:86,15
DA:87,15
DA:88,15
DA:89,15
DA:90,15
DA:91,15
DA:94,15
DA:95,15
DA:96,15
DA:100,15
DA:139,6
DA:144,64
DA:149,2
DA:154,2
DA:168,3
DA:185,5
DA:187,5
LF:43
LH:43
BRDA:47,0,0,15
BRDA:47,0,1,15
BRDA:139,1,0,6
BRDA:139,1,1,1
BRDA:153,2,0,2
BRDA:170,3,0,3
BRDA:170,3,1,2
BRDA:181,4,0,5
BRDA:182,5,0,5
BRDA:183,6,0,5
BRDA:185,7,0,4
BRDA:185,7,1,1
BRF:12
BRH:12
end_of_record
TN:
SF:src/api/utils.ts
FN:18,unwrapApiResponse
FN:50,handleResponse
FN:132,getSafeErrorMessage
FN:174,handleApiError
FN:205,handleBatchRequests
FN:240,createApiHook
FN:249,(anonymous_6)
FN:266,createRequestState
FN:280,retryRequest
FN:299,(anonymous_9)
FNF:10
FNH:9
FNDA:43,unwrapApiResponse
FNDA:13,handleResponse
FNDA:10,getSafeErrorMessage
FNDA:10,handleApiError
FNDA:3,handleBatchRequests
FNDA:1,createApiHook
FNDA:1,(anonymous_6)
FNDA:0,createRequestState
FNDA:3,retryRequest
FNDA:4,(anonymous_9)
DA:19,43
DA:22,43
DA:28,42
DA:29,42
DA:31,39
DA:32,2
DA:34,37
DA:36,3
DA:41,1
DA:66,13
DA:68,13
DA:69,13
DA:71,12
DA:72,8
DA:75,8
DA:76,1
DA:77,7
DA:78,1
DA:81,8
DA:85,4
DA:87,13
DA:88,4
DA:91,4
DA:92,2
DA:93,2
DA:94,2
DA:95,2
DA:96,2
DA:99,2
DA:102,5
DA:103,3
DA:106,2
DA:114,3
DA:134,10
DA:135,10
DA:141,10
DA:142,9
DA:147,9
DA:151,10
DA:152,4
DA:156,6
DA:157,0
DA:161,6
DA:162,0
DA:166,6
DA:181,10
DA:183,10
DA:185,10
DA:186,7
DA:190,10
DA:191,9
DA:192,9
DA:193,9
DA:194,3
DA:195,3
DA:212,3
DA:214,3
DA:216,3
DA:217,6
DA:218,6
DA:223,4
DA:225,2
DA:226,1
DA:228,1
DA:232,2
DA:249,1
DA:250,1
DA:267,0
DA:285,3
DA:287,3
DA:288,7
DA:289,7
DA:291,5
DA:294,5
DA:295,1
DA:299,4
DA:303,5
LF:77
LH:74
BRDA:22,0,0,42
BRDA:22,0,1,1
BRDA:23,1,0,43
BRDA:23,1,1,43
BRDA:23,1,2,43
BRDA:23,1,3,42
BRDA:29,2,0,39
BRDA:29,2,1,3
BRDA:31,3,0,2
BRDA:31,3,1,37
BRDA:31,4,0,39
BRDA:31,4,1,38
BRDA:36,5,0,3
BRDA:36,5,1,1
BRDA:52,6,0,13
BRDA:63,7,0,13
BRDA:64,8,0,13
BRDA:65,9,0,13
BRDA:71,10,0,8
BRDA:71,10,1,4
BRDA:75,11,0,1
BRDA:75,11,1,7
BRDA:75,12,0,8
BRDA:75,12,1,2
BRDA:77,13,0,1
BRDA:77,13,1,6
BRDA:77,14,0,7
BRDA:77,14,1,1
BRDA:77,14,2,1
BRDA:85,15,0,4
BRDA:85,15,1,3
BRDA:85,15,2,0
BRDA:87,16,0,4
BRDA:87,16,1,9
BRDA:91,17,0,2
BRDA:91,17,1,2
BRDA:102,18,0,3
BRDA:102,18,1,2
BRDA:134,19,0,10
BRDA:134,19,1,0
BRDA:141,20,0,9
BRDA:141,20,1,1
BRDA:141,21,0,10
BRDA:141,21,1,10
BRDA:147,22,0,9
BRDA:147,22,1,7
BRDA:147,22,2,5
BRDA:151,23,0,4
BRDA:151,23,1,6
BRDA:151,24,0,10
BRDA:151,24,1,5
BRDA:156,25,0,0
BRDA:156,25,1,6
BRDA:156,26,0,6
BRDA:156,26,1,3
BRDA:161,27,0,0
BRDA:161,27,1,6
BRDA:161,28,0,6
BRDA:161,28,1,3
BRDA:176,29,0,10
BRDA:181,30,0,10
BRDA:181,31,0,10
BRDA:183,32,0,10
BRDA:183,32,1,0
BRDA:185,33,0,7
BRDA:185,33,1,3
BRDA:190,34,0,9
BRDA:190,34,1,1
BRDA:190,35,0,10
BRDA:190,35,1,10
BRDA:192,36,0,9
BRDA:192,36,1,7
BRDA:192,36,2,5
BRDA:193,37,0,3
BRDA:193,37,1,6
BRDA:193,38,0,9
BRDA:193,38,1,8
BRDA:193,38,2,8
BRDA:207,39,0,3
BRDA:212,40,0,3
BRDA:212,41,0,3
BRDA:225,42,0,1
BRDA:225,42,1,1
BRDA:282,43,0,3
BRDA:283,44,0,3
BRDA:294,45,0,1
BRDA:294,45,1,4
BRDA:303,46,0,5
BRDA:303,46,1,0
BRF:89
BRH:83
end_of_record
TN:
SF:src/components/Layout/MainLayout.tsx
FN:49,(anonymous_0)
FN:55,(anonymous_1)
FN:178,(anonymous_2)
FN:226,(anonymous_3)
FNF:4
FNH:2
FNDA:7,(anonymous_0)
FNDA:0,(anonymous_1)
FNDA:7,(anonymous_2)
FNDA:0,(anonymous_3)
DA:47,1
DA:49,1
DA:50,7
DA:51,7
DA:52,7
DA:53,7
DA:55,7
DA:56,0
DA:57,0
DA:60,7
DA:168,7
DA:178,7
DA:179,7
DA:180,7
DA:181,0
DA:182,0
DA:183,0
DA:184,0
DA:185,0
DA:186,0
DA:187,0
DA:188,0
DA:189,0
DA:192,7
DA:227,0
LF:25
LH:13
BRDA:180,0,0,7
BRDA:180,0,1,0
BRDA:181,1,0,0
BRDA:181,1,1,0
BRDA:182,2,0,0
BRDA:182,2,1,0
BRDA:183,3,0,0
BRDA:183,3,1,0
BRDA:184,4,0,0
BRDA:184,4,1,0
BRDA:185,5,0,0
BRDA:185,5,1,0
BRDA:186,6,0,0
BRDA:186,6,1,0
BRDA:187,7,0,0
BRDA:187,7,1,0
BRDA:188,8,0,0
BRDA:188,8,1,0
BRDA:217,9,0,0
BRDA:217,9,1,7
BRDA:218,10,0,0
BRDA:218,10,1,7
BRDA:227,11,0,0
BRDA:227,11,1,0
BRDA:232,12,0,0
BRDA:232,12,1,7
BRDA:244,13,0,7
BRDA:244,13,1,0
BRDA:244,13,2,0
BRF:29
BRH:5
end_of_record
TN:
SF:src/config/constants.ts
FNF:0
FNH:0
DA:11,2
DA:33,2
DA:50,2
DA:101,2
DA:115,2
DA:133,2
DA:153,2
DA:154,2
DA:155,2
LF:9
LH:9
BRDA:13,0,0,2
BRDA:13,0,1,2
BRDA:20,1,0,2
BRDA:20,1,1,2
BRDA:21,2,0,2
BRDA:21,2,1,2
BRDA:22,3,0,2
BRDA:22,3,1,2
BRDA:23,4,0,2
BRDA:23,4,1,2
BRDA:24,5,0,2
BRDA:24,5,1,2
BRDA:25,6,0,2
BRDA:25,6,1,2
BRDA:26,7,0,2
BRDA:26,7,1,2
BRDA:35,8,0,2
BRDA:35,8,1,2
BRDA:38,9,0,2
BRDA:38,9,1,2
BRF:20
BRH:20
end_of_record
TN:
SF:src/pages/Analysis/Alerts.tsx
FN:123,(anonymous_0)
FN:133,(anonymous_1)
FN:144,(anonymous_2)
FN:150,(anonymous_3)
FN:151,(anonymous_4)
FN:155,(anonymous_5)
FN:156,(anonymous_6)
FN:157,(anonymous_7)
FN:166,(anonymous_8)
FN:167,(anonymous_9)
FN:169,(anonymous_10)
FN:170,(anonymous_11)
FN:186,(anonymous_12)
FN:197,(anonymous_13)
FN:208,(anonymous_14)
FN:225,(anonymous_15)
FN:226,(anonymous_16)
FN:235,(anonymous_17)
FN:242,(anonymous_18)
FN:246,(anonymous_19)
FN:257,(anonymous_20)
FN:264,(anonymous_21)
FN:271,(anonymous_22)
FN:272,(anonymous_23)
FN:273,(anonymous_24)
FN:282,(anonymous_25)
FN:288,(anonymous_26)
FN:296,(anonymous_27)
FN:312,(anonymous_28)
FN:337,(anonymous_29)
FN:352,(anonymous_30)
FN:380,(anonymous_31)
FNF:32
FNH:14
FNDA:6,(anonymous_0)
FNDA:0,(anonymous_1)
FNDA:0,(anonymous_2)
FNDA:0,(anonymous_3)
FNDA:0,(anonymous_4)
FNDA:0,(anonymous_5)
FNDA:0,(anonymous_6)
FNDA:0,(anonymous_7)
FNDA:0,(anonymous_8)
FNDA:0,(anonymous_9)
FNDA:0,(anonymous_10)
FNDA:0,(anonymous_11)
FNDA:0,(anonymous_12)
FNDA:18,(anonymous_13)
FNDA:0,(anonymous_14)
FNDA:18,(anonymous_15)
FNDA:36,(anonymous_16)
FNDA:18,(anonymous_17)
FNDA:18,(anonymous_18)
FNDA:0,(anonymous_19)
FNDA:18,(anonymous_20)
FNDA:18,(anonymous_21)
FNDA:18,(anonymous_22)
FNDA:30,(anonymous_23)
FNDA:66,(anonymous_24)
FNDA:18,(anonymous_25)
FNDA:0,(anonymous_26)
FNDA:0,(anonymous_27)
FNDA:0,(anonymous_28)
FNDA:18,(anonymous_29)
FNDA:12,(anonymous_30)
FNDA:0,(anonymous_31)
DA:30,1
DA:31,1
DA:54,1
DA:101,1
DA:109,1
DA:116,1
DA:123,1
DA:124,6
DA:125,6
DA:129,6
DA:130,6
DA:131,6
DA:133,6
DA:134,0
DA:135,0
DA:136,0
DA:141,0
DA:144,6
DA:145,0
DA:146,0
DA:147,0
DA:150,6
DA:151,0
DA:152,0
DA:155,6
DA:156,0
DA:157,0
DA:158,0
DA:163,0
DA:166,6
DA:167,0
DA:168,0
DA:169,0
DA:170,0
DA:171,0
DA:174,0
DA:176,0
DA:186,0
DA:190,0
DA:191,0
DA:193,0
DA:197,6
DA:198,18
DA:204,18
DA:205,18
DA:208,6
DA:209,0
DA:214,0
DA:215,0
DA:218,6
DA:226,36
DA:227,18
DA:235,18
DA:243,18
DA:246,0
DA:257,18
DA:264,18
DA:272,18
DA:273,66
DA:274,30
DA:283,18
DA:288,0
DA:296,0
DA:305,6
DA:313,0
DA:321,6
DA:337,18
DA:352,12
DA:361,6
DA:380,0
LF:70
LH:38
BRDA:158,0,0,0
BRDA:158,0,1,0
BRDA:159,1,0,0
BRDA:159,1,1,0
BRDA:168,2,0,0
BRDA:168,2,1,0
BRDA:171,3,0,0
BRDA:171,3,1,0
BRDA:184,4,0,0
BRDA:184,4,1,0
BRDA:186,5,0,0
BRDA:186,5,1,0
BRDA:227,6,0,18
BRDA:227,6,1,0
BRDA:264,7,0,18
BRDA:264,7,1,6
BRDA:274,8,0,30
BRDA:274,8,1,0
BRDA:313,9,0,0
BRDA:313,9,1,0
BRDA:314,10,0,0
BRDA:314,10,1,0
BRDA:378,11,0,0
BRDA:378,11,1,6
BRF:24
BRH:5
end_of_record
TN:
SF:src/pages/Analysis/Bi.tsx
FN:8,(anonymous_0)
FN:13,(anonymous_1)
FN:25,(anonymous_2)
FN:30,(anonymous_3)
FN:46,(anonymous_4)
FN:52,(anonymous_5)
FN:60,(anonymous_6)
FN:66,(anonymous_7)
FN:72,(anonymous_8)
FN:86,(anonymous_9)
FN:97,(anonymous_10)
FN:98,(anonymous_11)
FNF:12
FNH:4
FNDA:10,(anonymous_0)
FNDA:8,(anonymous_1)
FNDA:8,(anonymous_2)
FNDA:0,(anonymous_3)
FNDA:0,(anonymous_4)
FNDA:0,(anonymous_5)
FNDA:0,(anonymous_6)
FNDA:0,(anonymous_7)
FNDA:0,(anonymous_8)
FNDA:1,(anonymous_9)
FNDA:0,(anonymous_10)
FNDA:0,(anonymous_11)
DA:6,1
DA:8,1
DA:9,10
DA:10,10
DA:11,10
DA:13,10
DA:14,8
DA:15,8
DA:16,8
DA:17,8
DA:19,0
DA:21,8
DA:25,10
DA:26,8
DA:29,10
DA:30,0
DA:35,10
DA:46,0
DA:53,0
DA:60,0
DA:66,0
DA:72,0
DA:76,10
DA:86,1
DA:97,0
DA:98,0
LF:26
LH:17
BRDA:17,0,0,8
BRDA:17,0,1,0
BRDA:29,1,0,2
BRDA:29,1,1,8
BRDA:31,2,0,0
BRDA:31,2,1,0
BRDA:31,2,2,0
BRDA:46,3,0,0
BRDA:46,3,1,0
BRDA:46,3,2,0
BRDA:53,4,0,0
BRDA:53,4,1,0
BRDA:53,5,0,0
BRDA:53,5,1,0
BRDA:60,6,0,0
BRDA:60,6,1,0
BRDA:60,6,2,0
BRDA:66,7,0,0
BRDA:66,7,1,0
BRDA:66,7,2,0
BRDA:72,8,0,0
BRDA:72,8,1,0
BRDA:92,9,0,10
BRDA:92,9,1,0
BRDA:97,10,0,0
BRDA:97,10,1,0
BRF:26
BRH:4
end_of_record
TN:
SF:src/pages/Analysis/Charts.tsx
FN:9,(anonymous_0)
FN:15,(anonymous_1)
FN:27,(anonymous_2)
FN:32,(anonymous_3)
FN:36,(anonymous_4)
FN:44,(anonymous_5)
FN:55,(anonymous_6)
FN:61,(anonymous_7)
FN:67,(anonymous_8)
FN:73,(anonymous_9)
FN:79,(anonymous_10)
FN:90,(anonymous_11)
FN:96,(anonymous_12)
FN:107,(anonymous_13)
FN:108,(anonymous_14)
FN:117,(anonymous_15)
FNF:16
FNH:4
FNDA:10,(anonymous_0)
FNDA:8,(anonymous_1)
FNDA:8,(anonymous_2)
FNDA:0,(anonymous_3)
FNDA:0,(anonymous_4)
FNDA:0,(anonymous_5)
FNDA:0,(anonymous_6)
FNDA:0,(anonymous_7)
FNDA:0,(anonymous_8)
FNDA:0,(anonymous_9)
FNDA:0,(anonymous_10)
FNDA:0,(anonymous_11)
FNDA:1,(anonymous_12)
FNDA:0,(anonymous_13)
FNDA:0,(anonymous_14)
FNDA:0,(anonymous_15)
DA:7,1
DA:9,1
DA:10,10
DA:11,10
DA:12,10
DA:13,10
DA:15,10
DA:16,8
DA:17,8
DA:18,8
DA:19,8
DA:21,0
DA:23,8
DA:27,10
DA:28,8
DA:32,10
DA:33,0
DA:36,10
DA:38,0
DA:39,0
DA:40,0
DA:43,10
DA:44,0
DA:49,10
DA:55,0
DA:61,0
DA:67,0
DA:73,0
DA:79,0
DA:83,10
DA:90,0
DA:96,1
DA:107,0
DA:108,0
DA:117,0
LF:35
LH:20
BRDA:19,0,0,8
BRDA:19,0,1,0
BRDA:33,1,0,0
BRDA:33,1,1,0
BRDA:43,2,0,2
BRDA:43,2,1,8
BRDA:45,3,0,0
BRDA:45,3,1,0
BRDA:45,3,2,0
BRDA:55,4,0,0
BRDA:55,4,1,0
BRDA:55,4,2,0
BRDA:61,5,0,0
BRDA:61,5,1,0
BRDA:67,6,0,0
BRDA:67,6,1,0
BRDA:73,7,0,0
BRDA:73,7,1,0
BRDA:73,7,2,0
BRDA:79,8,0,0
BRDA:79,8,1,0
BRDA:79,8,2,0
BRDA:102,9,0,10
BRDA:102,9,1,0
BRDA:107,10,0,0
BRDA:107,10,1,0
BRF:26
BRH:4
end_of_record
TN:
SF:src/pages/Analysis/EtlLink.tsx
FN:119,(anonymous_0)
FN:129,(anonymous_1)
FN:141,(anonymous_2)
FN:147,(anonymous_3)
FN:148,(anonymous_4)
FN:152,(anonymous_5)
FN:153,(anonymous_6)
FN:154,(anonymous_7)
FN:163,(anonymous_8)
FN:166,(anonymous_9)
FN:170,(anonymous_10)
FN:179,(anonymous_11)
FN:180,(anonymous_12)
FN:182,(anonymous_13)
FN:183,(anonymous_14)
FN:210,(anonymous_15)
FN:227,(anonymous_16)
FN:228,(anonymous_17)
FN:238,(anonymous_18)
FN:239,(anonymous_19)
FN:256,(anonymous_20)
FN:260,(anonymous_21)
FN:271,(anonymous_22)
FN:281,(anonymous_23)
FN:287,(anonymous_24)
FN:296,(anonymous_25)
FN:304,(anonymous_26)
FN:320,(anonymous_27)
FN:345,(anonymous_28)
FN:360,(anonymous_29)
FN:388,(anonymous_30)
FNF:31
FNH:10
FNDA:6,(anonymous_0)
FNDA:0,(anonymous_1)
FNDA:0,(anonymous_2)
FNDA:0,(anonymous_3)
FNDA:0,(anonymous_4)
FNDA:0,(anonymous_5)
FNDA:0,(anonymous_6)
FNDA:0,(anonymous_7)
FNDA:0,(anonymous_8)
FNDA:0,(anonymous_9)
FNDA:0,(anonymous_10)
FNDA:0,(anonymous_11)
FNDA:0,(anonymous_12)
FNDA:0,(anonymous_13)
FNDA:0,(anonymous_14)
FNDA:0,(anonymous_15)
FNDA:18,(anonymous_16)
FNDA:30,(anonymous_17)
FNDA:18,(anonymous_18)
FNDA:36,(anonymous_19)
FNDA:18,(anonymous_20)
FNDA:0,(anonymous_21)
FNDA:18,(anonymous_22)
FNDA:18,(anonymous_23)
FNDA:0,(anonymous_24)
FNDA:0,(anonymous_25)
FNDA:0,(anonymous_26)
FNDA:0,(anonymous_27)
FNDA:18,(anonymous_28)
FNDA:12,(anonymous_29)
FNDA:0,(anonymous_30)
DA:29,1
DA:30,1
DA:52,1
DA:99,1
DA:105,1
DA:111,1
DA:119,1
DA:120,6
DA:121,6
DA:125,6
DA:126,6
DA:127,6
DA:129,6
DA:130,0
DA:131,0
DA:132,0
DA:138,0
DA:141,6
DA:142,0
DA:143,0
DA:144,0
DA:147,6
DA:148,0
DA:149,0
DA:152,6
DA:153,0
DA:154,0
DA:155,0
DA:160,0
DA:163,6
DA:164,0
DA:166,0
DA:167,0
DA:170,0
DA:175,0
DA:179,6
DA:180,0
DA:181,0
DA:182,0
DA:183,0
DA:184,0
DA:187,0
DA:189,0
DA:203,0
DA:204,0
DA:206,0
DA:210,6
DA:211,0
DA:216,0
DA:217,0
DA:220,6
DA:228,30
DA:229,18
DA:239,36
DA:240,18
DA:257,18
DA:260,0
DA:272,18
DA:282,18
DA:287,0
DA:296,0
DA:304,0
DA:313,6
DA:321,0
DA:329,6
DA:345,18
DA:360,12
DA:369,6
DA:388,0
LF:69
LH:32
BRDA:155,0,0,0
BRDA:155,0,1,0
BRDA:156,1,0,0
BRDA:156,1,1,0
BRDA:170,2,0,0
BRDA:170,2,1,0
BRDA:181,3,0,0
BRDA:181,3,1,0
BRDA:184,4,0,0
BRDA:184,4,1,0
BRDA:229,5,0,18
BRDA:229,5,1,0
BRDA:240,6,0,18
BRDA:240,6,1,0
BRDA:272,7,0,12
BRDA:272,7,1,6
BRDA:272,8,0,12
BRDA:272,8,1,6
BRDA:321,9,0,0
BRDA:321,9,1,0
BRDA:322,10,0,0
BRDA:322,10,1,0
BRDA:386,11,0,0
BRDA:386,11,1,6
BRF:24
BRH:7
end_of_record
TN:
SF:src/pages/Analysis/NL2SQL.tsx
FN:28,(anonymous_0)
FN:35,(anonymous_1)
FN:36,(anonymous_2)
FN:49,(anonymous_3)
FN:71,(anonymous_4)
FN:82,(anonymous_5)
FN:97,(anonymous_6)
FN:105,(anonymous_7)
FN:107,(anonymous_8)
FN:148,(anonymous_9)
FN:149,(anonymous_10)
FN:205,(anonymous_11)
FNF:12
FNH:3
FNDA:6,(anonymous_0)
FNDA:6,(anonymous_1)
FNDA:6,(anonymous_2)
FNDA:0,(anonymous_3)
FNDA:0,(anonymous_4)
FNDA:0,(anonymous_5)
FNDA:0,(anonymous_6)
FNDA:0,(anonymous_7)
FNDA:0,(anonymous_8)
FNDA:0,(anonymous_9)
FNDA:0,(anonymous_10)
FNDA:0,(anonymous_11)
DA:25,1
DA:26,1
DA:28,1
DA:29,6
DA:30,6
DA:31,6
DA:32,6
DA:33,6
DA:35,6
DA:36,6
DA:37,6
DA:38,6
DA:39,6
DA:41,0
DA:43,6
DA:46,6
DA:49,6
DA:50,0
DA:51,0
DA:52,0
DA:54,0
DA:55,0
DA:56,0
DA:57,0
DA:58,0
DA:59,0
DA:61,0
DA:64,0
DA:66,0
DA:71,6
DA:72,0
DA:73,0
DA:82,0
DA:97,6
DA:105,6
DA:106,0
DA:107,0
DA:108,0
DA:110,0
DA:113,6
DA:148,0
DA:150,0
DA:205,0
LF:43
LH:20
BRDA:39,0,0,6
BRDA:39,0,1,6
BRDA:50,1,0,0
BRDA:50,1,1,0
BRDA:58,2,0,0
BRDA:58,2,1,0
BRDA:58,3,0,0
BRDA:58,3,1,0
BRDA:61,4,0,0
BRDA:61,4,1,0
BRDA:64,5,0,0
BRDA:64,5,1,0
BRDA:72,6,0,0
BRDA:72,6,1,0
BRDA:78,7,0,0
BRDA:78,7,1,0
BRDA:82,8,0,0
BRDA:82,8,1,0
BRDA:86,9,0,0
BRDA:86,9,1,0
BRDA:87,10,0,0
BRDA:87,10,1,0
BRDA:97,11,0,6
BRDA:97,11,1,6
BRDA:105,12,0,6
BRDA:105,12,1,6
BRDA:126,13,0,6
BRDA:126,13,1,0
BRDA:150,14,0,0
BRDA:150,14,1,0
BRDA:169,15,0,6
BRDA:169,15,1,0
BRDA:180,16,0,0
BRDA:180,16,1,0
BRDA:192,17,0,6
BRDA:192,17,1,0
BRDA:195,18,0,0
BRDA:195,18,1,0
BRDA:197,19,0,0
BRDA:197,19,1,0
BRF:40
BRH:9
end_of_record
TN:
SF:src/pages/Analysis/Pipelines.tsx
FN:8,(anonymous_0)
FN:12,(anonymous_1)
FN:24,(anonymous_2)
FN:28,(anonymous_3)
FN:41,(anonymous_4)
FN:46,(anonymous_5)
FN:55,(anonymous_6)
FN:64,(anonymous_7)
FN:69,(anonymous_8)
FN:70,(anonymous_9)
FN:93,(anonymous_10)
FN:94,(anonymous_11)
FNF:12
FNH:3
FNDA:6,(anonymous_0)
FNDA:6,(anonymous_1)
FNDA:6,(anonymous_2)
FNDA:0,(anonymous_3)
FNDA:0,(anonymous_4)
FNDA:0,(anonymous_5)
FNDA:0,(anonymous_6)
FNDA:0,(anonymous_7)
FNDA:0,(anonymous_8)
FNDA:0,(anonymous_9)
FNDA:0,(anonymous_10)
FNDA:0,(anonymous_11)
DA:6,1
DA:8,1
DA:9,6
DA:10,6
DA:12,6
DA:13,6
DA:14,6
DA:15,6
DA:16,6
DA:18,0
DA:20,6
DA:24,6
DA:25,6
DA:28,6
DA:29,0
DA:30,0
DA:31,0
DA:32,0
DA:34,0
DA:38,6
DA:41,0
DA:47,0
DA:48,0
DA:56,0
DA:57,0
DA:64,0
DA:70,0
DA:79,6
DA:93,0
DA:94,0
LF:30
LH:15
BRDA:16,0,0,6
BRDA:16,0,1,6
BRDA:16,0,2,6
BRDA:16,0,3,0
BRDA:41,1,0,0
BRDA:41,1,1,0
BRDA:48,2,0,0
BRDA:48,2,1,0
BRDA:48,3,0,0
BRDA:48,3,1,0
BRDA:56,4,0,0
BRDA:56,4,1,0
BRDA:57,5,0,0
BRDA:57,5,1,0
BRDA:64,6,0,0
BRDA:64,6,1,0
BRDA:88,7,0,6
BRDA:88,7,1,0
BRDA:93,8,0,0
BRDA:93,8,1,0
BRDA:93,9,0,0
BRDA:93,9,1,0
BRF:22
BRH:4
end_of_record
TN:
SF:src/pages/Assets/AssetDetail.tsx
FN:10,(anonymous_0)
FN:18,(anonymous_1)
FN:20,(anonymous_2)
FN:24,(anonymous_3)
FN:25,(anonymous_4)
FN:31,(anonymous_5)
FN:42,(anonymous_6)
FN:43,(anonymous_7)
FN:44,(anonymous_8)
FN:48,(anonymous_9)
FN:49,(anonymous_10)
FN:79,(anonymous_11)
FN:93,(anonymous_12)
FN:109,(anonymous_13)
FNF:14
FNH:3
FNDA:3,(anonymous_0)
FNDA:3,(anonymous_1)
FNDA:3,(anonymous_2)
FNDA:0,(anonymous_3)
FNDA:0,(anonymous_4)
FNDA:0,(anonymous_5)
FNDA:0,(anonymous_6)
FNDA:0,(anonymous_7)
FNDA:0,(anonymous_8)
FNDA:0,(anonymous_9)
FNDA:0,(anonymous_10)
FNDA:0,(anonymous_11)
FNDA:0,(anonymous_12)
FNDA:0,(anonymous_13)
DA:8,1
DA:10,1
DA:11,3
DA:12,3
DA:13,3
DA:14,3
DA:15,3
DA:16,3
DA:18,3
DA:19,3
DA:20,3
DA:21,3
DA:22,3
DA:23,3
DA:24,0
DA:25,0
DA:27,3
DA:28,3
DA:30,3
DA:31,0
DA:32,0
DA:35,3
DA:38,3
DA:41,3
DA:42,0
DA:43,0
DA:44,0
DA:47,3
DA:48,0
DA:49,0
DA:52,3
DA:53,3
DA:56,0
DA:79,0
DA:93,0
DA:107,3
DA:109,0
LF:37
LH:24
BRDA:19,0,0,0
BRDA:19,0,1,3
BRDA:30,1,0,0
BRDA:30,1,1,3
BRDA:42,2,0,0
BRDA:42,2,1,0
BRDA:42,2,2,0
BRDA:43,3,0,0
BRDA:43,3,1,0
BRDA:43,3,2,0
BRDA:44,4,0,0
BRDA:44,4,1,0
BRDA:52,5,0,3
BRDA:52,5,1,0
BRDA:60,6,0,0
BRDA:60,6,1,0
BRDA:62,7,0,0
BRDA:62,7,1,0
BRDA:63,8,0,0
BRDA:63,8,1,0
BRDA:64,9,0,0
BRDA:64,9,1,0
BRDA:65,10,0,0
BRDA:65,10,1,0
BRDA:66,11,0,0
BRDA:66,11,1,0
BRDA:67,12,0,0
BRDA:67,12,1,0
BRDA:76,13,0,0
BRDA:76,13,1,0
BRDA:79,14,0,0
BRDA:79,14,1,0
BRDA:79,14,2,0
BRDA:90,15,0,0
BRDA:90,15,1,0
BRDA:94,16,0,0
BRDA:94,16,1,0
BRDA:94,16,2,0
BRDA:95,17,0,0
BRDA:95,17,1,0
BRDA:113,18,0,3
BRDA:113,18,1,0
BRF:42
BRH:4
end_of_record
TN:
SF:src/pages/Assets/Catalog.tsx
FN:9,(anonymous_0)
FN:16,(anonymous_1)
FN:31,(anonymous_2)
FN:40,(anonymous_3)
FN:41,(anonymous_4)
FN:48,(anonymous_5)
FN:54,(anonymous_6)
FN:61,(anonymous_7)
FN:67,(anonymous_8)
FN:67,(anonymous_9)
FN:73,(anonymous_10)
FN:87,(anonymous_11)
FN:105,(anonymous_12)
FN:114,(anonymous_13)
FN:115,(anonymous_14)
FNF:15
FNH:4
FNDA:12,(anonymous_0)
FNDA:8,(anonymous_1)
FNDA:8,(anonymous_2)
FNDA:0,(anonymous_3)
FNDA:0,(anonymous_4)
FNDA:0,(anonymous_5)
FNDA:0,(anonymous_6)
FNDA:0,(anonymous_7)
FNDA:0,(anonymous_8)
FNDA:0,(anonymous_9)
FNDA:0,(anonymous_10)
FNDA:2,(anonymous_11)
FNDA:0,(anonymous_12)
FNDA:0,(anonymous_13)
FNDA:0,(anonymous_14)
DA:7,1
DA:9,1
DA:10,12
DA:11,12
DA:12,12
DA:13,12
DA:14,12
DA:16,12
DA:17,8
DA:18,8
DA:19,8
DA:23,8
DA:25,0
DA:27,8
DA:31,12
DA:32,8
DA:35,12
DA:41,0
DA:48,0
DA:54,0
DA:61,0
DA:67,0
DA:73,0
DA:77,12
DA:87,2
DA:105,0
DA:114,0
DA:115,0
LF:28
LH:18
BRDA:20,0,0,8
BRDA:20,0,1,8
BRDA:23,1,0,8
BRDA:23,1,1,0
BRDA:41,2,0,0
BRDA:41,2,1,0
BRDA:41,2,2,0
BRDA:41,3,0,0
BRDA:41,3,1,0
BRDA:48,4,0,0
BRDA:48,4,1,0
BRDA:54,5,0,0
BRDA:54,5,1,0
BRDA:61,6,0,0
BRDA:61,6,1,0
BRDA:67,7,0,0
BRDA:67,7,1,0
BRDA:73,8,0,0
BRDA:73,8,1,0
BRDA:109,9,0,12
BRDA:109,9,1,0
BRDA:114,10,0,0
BRDA:114,10,1,0
BRDA:114,11,0,0
BRDA:114,11,1,0
BRDA:114,11,2,0
BRF:26
BRH:4
end_of_record
TN:
SF:src/pages/Assets/DataApiManage.tsx
FN:9,(anonymous_0)
FN:17,(anonymous_1)
FN:33,(anonymous_2)
FN:49,(anonymous_3)
FN:64,(anonymous_4)
FN:65,(anonymous_5)
FN:66,(anonymous_6)
FN:69,(anonymous_7)
FN:76,(anonymous_8)
FN:78,(anonymous_9)
FN:95,(anonymous_10)
FN:114,(anonymous_11)
FN:146,(anonymous_12)
FNF:13
FNH:2
FNDA:9,(anonymous_0)
FNDA:0,(anonymous_1)
FNDA:0,(anonymous_2)
FNDA:0,(anonymous_3)
FNDA:0,(anonymous_4)
FNDA:0,(anonymous_5)
FNDA:0,(anonymous_6)
FNDA:0,(anonymous_7)
FNDA:0,(anonymous_8)
FNDA:0,(anonymous_9)
FNDA:0,(anonymous_10)
FNDA:0,(anonymous_11)
FNDA:1,(anonymous_12)
DA:6,1
DA:7,1
DA:9,1
DA:10,9
DA:11,9
DA:12,9
DA:13,9
DA:14,9
DA:15,9
DA:17,9
DA:18,0
DA:19,0
DA:20,0
DA:22,0
DA:23,0
DA:24,0
DA:25,0
DA:27,0
DA:29,0
DA:33,9
DA:34,0
DA:35,0
DA:36,0
DA:38,0
DA:39,0
DA:40,0
DA:41,0
DA:43,0
DA:45,0
DA:49,9
DA:50,0
DA:51,0
DA:52,0
DA:54,0
DA:55,0
DA:56,0
DA:58,0
DA:62,9
DA:64,0
DA:65,0
DA:66,0
DA:69,9
DA:76,9
DA:77,0
DA:78,0
DA:79,0
DA:81,0
DA:84,9
DA:95,0
DA:114,0
DA:134,9
DA:146,1
LF:52
LH:18
BRDA:18,0,0,0
BRDA:18,0,1,0
BRDA:25,1,0,0
BRDA:25,1,1,0
BRDA:34,2,0,0
BRDA:34,2,1,0
BRDA:40,3,0,0
BRDA:40,3,1,0
BRDA:41,4,0,0
BRDA:41,4,1,0
BRDA:50,5,0,0
BRDA:50,5,1,0
BRDA:64,6,0,0
BRDA:64,6,1,0
BRDA:65,7,0,0
BRDA:65,7,1,0
BRDA:66,8,0,0
BRDA:66,8,1,0
BRDA:69,9,0,9
BRDA:69,9,1,9
BRDA:76,10,0,9
BRDA:76,10,1,9
BRDA:90,11,0,0
BRDA:90,11,1,9
BRDA:92,12,0,0
BRDA:92,12,1,9
BRDA:95,13,0,0
BRDA:95,13,1,0
BRDA:95,13,2,0
BRDA:120,14,0,9
BRDA:120,14,1,0
BRF:31
BRH:7
end_of_record
TN:
SF:src/pages/Assets/MetadataSync.tsx
FN:8,(anonymous_0)
FN:15,(anonymous_1)
FN:27,(anonymous_2)
FN:31,(anonymous_3)
FN:43,(anonymous_4)
FN:61,(anonymous_5)
FN:62,(anonymous_6)
FN:67,(anonymous_7)
FN:72,(anonymous_8)
FN:73,(anonymous_9)
FN:83,(anonymous_10)
FN:96,(anonymous_11)
FN:97,(anonymous_12)
FN:106,(anonymous_13)
FN:107,(anonymous_14)
FNF:15
FNH:3
FNDA:10,(anonymous_0)
FNDA:9,(anonymous_1)
FNDA:9,(anonymous_2)
FNDA:0,(anonymous_3)
FNDA:0,(anonymous_4)
FNDA:0,(anonymous_5)
FNDA:0,(anonymous_6)
FNDA:0,(anonymous_7)
FNDA:0,(anonymous_8)
FNDA:0,(anonymous_9)
FNDA:0,(anonymous_10)
FNDA:0,(anonymous_11)
FNDA:0,(anonymous_12)
FNDA:0,(anonymous_13)
FNDA:0,(anonymous_14)
DA:6,1
DA:8,1
DA:9,10
DA:10,10
DA:11,10
DA:12,10
DA:13,10
DA:15,10
DA:16,9
DA:17,9
DA:18,9
DA:19,9
DA:21,0
DA:23,9
DA:27,10
DA:28,9
DA:31,10
DA:32,0
DA:33,0
DA:34,0
DA:35,0
DA:37,0
DA:39,0
DA:43,10
DA:44,0
DA:45,0
DA:46,0
DA:48,0
DA:50,0
DA:51,0
DA:52,0
DA:53,0
DA:55,0
DA:59,10
DA:61,0
DA:62,0
DA:68,0
DA:69,0
DA:72,0
DA:73,0
DA:76,10
DA:83,0
DA:96,0
DA:97,0
DA:106,0
DA:107,0
LF:46
LH:19
BRDA:19,0,0,9
BRDA:19,0,1,0
BRDA:45,1,0,0
BRDA:45,1,1,0
BRDA:61,2,0,0
BRDA:61,2,1,0
BRDA:62,3,0,0
BRDA:62,3,1,0
BRDA:69,4,0,0
BRDA:69,4,1,0
BRDA:69,5,0,0
BRDA:69,5,1,0
BRDA:72,6,0,0
BRDA:72,6,1,0
BRDA:73,7,0,0
BRDA:73,7,1,0
BRDA:91,8,0,9
BRDA:91,8,1,1
BRDA:96,9,0,0
BRDA:96,9,1,1
BRDA:96,10,0,0
BRDA:96,10,1,0
BRF:22
BRH:4
end_of_record
TN:
SF:src/pages/Assets/Search.tsx
FN:140,(anonymous_0)
FN:150,(anonymous_1)
FN:155,(anonymous_2)
FN:166,(anonymous_3)
FN:173,(anonymous_4)
FN:177,(anonymous_5)
FN:181,(anonymous_6)
FN:181,(anonymous_7)
FN:187,(anonymous_8)
FN:192,(anonymous_9)
FN:197,(anonymous_10)
FN:199,(anonymous_11)
FN:205,(anonymous_12)
FN:206,(anonymous_13)
FN:217,(anonymous_14)
FN:228,(anonymous_15)
FN:240,(anonymous_16)
FN:241,(anonymous_17)
FN:249,(anonymous_18)
FN:264,(anonymous_19)
FN:271,(anonymous_20)
FN:277,(anonymous_21)
FN:279,(anonymous_22)
FN:304,(anonymous_23)
FN:309,(anonymous_24)
FN:335,(anonymous_25)
FN:346,(anonymous_26)
FN:379,(anonymous_27)
FN:383,(anonymous_28)
FN:398,(anonymous_29)
FN:399,(anonymous_30)
FN:404,(anonymous_31)
FN:404,(anonymous_32)
FN:410,(anonymous_33)
FN:411,(anonymous_34)
FN:416,(anonymous_35)
FN:416,(anonymous_36)
FN:422,(anonymous_37)
FN:426,(anonymous_38)
FN:427,(anonymous_39)
FN:447,(anonymous_40)
FN:450,(anonymous_41)
FN:451,(anonymous_42)
FN:466,(anonymous_43)
FNF:44
FNH:25
FNDA:20,(anonymous_0)
FNDA:5,(anonymous_1)
FNDA:6,(anonymous_2)
FNDA:24,(anonymous_3)
FNDA:0,(anonymous_4)
FNDA:0,(anonymous_5)
FNDA:6,(anonymous_6)
FNDA:6,(anonymous_7)
FNDA:0,(anonymous_8)
FNDA:0,(anonymous_9)
FNDA:1,(anonymous_10)
FNDA:0,(anonymous_11)
FNDA:0,(anonymous_12)
FNDA:0,(anonymous_13)
FNDA:96,(anonymous_14)
FNDA:96,(anonymous_15)
FNDA:96,(anonymous_16)
FNDA:348,(anonymous_17)
FNDA:96,(anonymous_18)
FNDA:96,(anonymous_19)
FNDA:96,(anonymous_20)
FNDA:96,(anonymous_21)
FNDA:192,(anonymous_22)
FNDA:96,(anonymous_23)
FNDA:0,(anonymous_24)
FNDA:5,(anonymous_25)
FNDA:1,(anonymous_26)
FNDA:140,(anonymous_27)
FNDA:1,(anonymous_28)
FNDA:0,(anonymous_29)
FNDA:0,(anonymous_30)
FNDA:0,(anonymous_31)
FNDA:0,(anonymous_32)
FNDA:0,(anonymous_33)
FNDA:0,(anonymous_34)
FNDA:0,(anonymous_35)
FNDA:0,(anonymous_36)
FNDA:1,(anonymous_37)
FNDA:0,(anonymous_38)
FNDA:0,(anonymous_39)
FNDA:96,(anonymous_40)
FNDA:96,(anonymous_41)
FNDA:0,(anonymous_42)
FNDA:140,(anonymous_43)
DA:27,1
DA:28,1
DA:48,1
DA:122,1
DA:130,1
DA:138,1
DA:140,1
DA:141,20
DA:142,20
DA:143,20
DA:144,20
DA:145,20
DA:146,20
DA:147,20
DA:148,20
DA:150,20
DA:151,5
DA:152,5
DA:155,20
DA:161,6
DA:163,6
DA:164,4
DA:165,4
DA:167,24
DA:172,6
DA:173,0
DA:176,6
DA:177,0
DA:180,6
DA:181,6
DA:184,6
DA:187,20
DA:188,0
DA:189,0
DA:192,20
DA:193,0
DA:194,0
DA:197,20
DA:198,1
DA:199,0
DA:201,1
DA:202,1
DA:205,20
DA:206,0
DA:207,0
DA:208,0
DA:209,0
DA:211,0
DA:213,0
DA:217,20
DA:218,96
DA:225,96
DA:228,20
DA:229,96
DA:236,96
DA:237,96
DA:240,20
DA:241,348
DA:242,96
DA:245,20
DA:250,96
DA:264,96
DA:271,96
DA:278,96
DA:280,192
DA:305,96
DA:309,0
DA:316,20
DA:335,5
DA:346,1
DA:380,140
DA:384,1
DA:385,1
DA:399,0
DA:400,0
DA:404,0
DA:411,0
DA:412,0
DA:416,0
DA:423,1
DA:427,0
DA:428,0
DA:429,0
DA:447,96
DA:450,96
DA:452,0
DA:466,1
DA:467,140
LF:88
LH:64
BRDA:163,0,0,4
BRDA:163,0,1,2
BRDA:167,1,0,24
BRDA:167,1,1,21
BRDA:172,2,0,0
BRDA:172,2,1,6
BRDA:176,3,0,0
BRDA:176,3,1,6
BRDA:180,4,0,1
BRDA:180,4,1,5
BRDA:198,5,0,0
BRDA:198,5,1,1
BRDA:208,6,0,0
BRDA:208,6,1,0
BRDA:242,7,0,96
BRDA:242,7,1,47
BRDA:254,8,0,96
BRDA:254,8,1,33
BRDA:284,9,0,96
BRDA:284,9,1,0
BRDA:308,10,0,32
BRDA:308,10,1,64
BRDA:310,11,0,32
BRDA:310,11,1,64
BRDA:348,12,0,1
BRDA:348,12,1,19
BRDA:351,13,0,20
BRDA:351,13,1,1
BRDA:384,14,0,1
BRDA:384,14,1,0
BRDA:392,15,0,20
BRDA:392,15,1,20
BRDA:392,15,2,20
BRDA:392,15,3,1
BRF:34
BRH:27
end_of_record
TN:
SF:src/pages/Collection/EtlFlows.tsx
FN:8,(anonymous_0)
FN:13,(anonymous_1)
FN:36,(anonymous_2)
FN:45,(anonymous_3)
FN:52,(anonymous_4)
FN:58,(anonymous_5)
FN:68,(anonymous_6)
FN:74,(anonymous_7)
FN:100,(anonymous_8)
FN:101,(anonymous_9)
FNF:10
FNH:3
FNDA:5,(anonymous_0)
FNDA:5,(anonymous_1)
FNDA:5,(anonymous_2)
FNDA:0,(anonymous_3)
FNDA:0,(anonymous_4)
FNDA:0,(anonymous_5)
FNDA:0,(anonymous_6)
FNDA:0,(anonymous_7)
FNDA:0,(anonymous_8)
FNDA:0,(anonymous_9)
DA:6,1
DA:8,1
DA:9,5
DA:10,5
DA:11,5
DA:13,5
DA:14,5
DA:15,5
DA:16,5
DA:17,5
DA:19,5
DA:20,5
DA:22,0
DA:23,0
DA:24,0
DA:25,0
DA:26,0
DA:28,0
DA:30,0
DA:32,5
DA:36,5
DA:37,5
DA:40,5
DA:45,0
DA:52,0
DA:59,0
DA:68,0
DA:74,0
DA:78,5
DA:100,0
DA:101,0
LF:31
LH:17
BRDA:19,0,0,5
BRDA:19,0,1,5
BRDA:19,0,2,5
BRDA:20,1,0,5
BRDA:20,1,1,0
BRDA:23,2,0,0
BRDA:23,2,1,0
BRDA:25,3,0,0
BRDA:25,3,1,0
BRDA:25,4,0,0
BRDA:25,4,1,0
BRDA:45,5,0,0
BRDA:45,5,1,0
BRDA:52,6,0,0
BRDA:52,6,1,0
BRDA:59,7,0,0
BRDA:59,7,1,0
BRDA:60,8,0,0
BRDA:60,8,1,0
BRDA:68,9,0,0
BRDA:68,9,1,0
BRDA:74,10,0,0
BRDA:74,10,1,0
BRDA:87,11,0,5
BRDA:87,11,1,0
BRDA:95,12,0,5
BRDA:95,12,1,0
BRDA:100,13,0,0
BRDA:100,13,1,0
BRDA:100,13,2,0
BRF:30
BRH:6
end_of_record
TN:
SF:src/pages/Collection/ScheduleManage.tsx
FN:8,(anonymous_0)
FN:16,(anonymous_1)
FN:34,(anonymous_2)
FN:46,(anonymous_3)
FN:56,(anonymous_4)
FN:60,(anonymous_5)
FN:67,(anonymous_6)
FN:85,(anonymous_7)
FN:89,(anonymous_8)
FN:94,(anonymous_9)
FN:106,(anonymous_10)
FN:113,(anonymous_11)
FN:117,(anonymous_12)
FN:137,(anonymous_13)
FN:148,(anonymous_14)
FN:162,(anonymous_15)
FN:172,(anonymous_16)
FNF:17
FNH:4
FNDA:9,(anonymous_0)
FNDA:8,(anonymous_1)
FNDA:0,(anonymous_2)
FNDA:0,(anonymous_3)
FNDA:8,(anonymous_4)
FNDA:8,(anonymous_5)
FNDA:0,(anonymous_6)
FNDA:0,(anonymous_7)
FNDA:0,(anonymous_8)
FNDA:0,(anonymous_9)
FNDA:0,(anonymous_10)
FNDA:0,(anonymous_11)
FNDA:0,(anonymous_12)
FNDA:0,(anonymous_13)
FNDA:0,(anonymous_14)
FNDA:0,(anonymous_15)
FNDA:0,(anonymous_16)
DA:6,1
DA:8,1
DA:9,9
DA:10,9
DA:11,9
DA:12,9
DA:13,9
DA:14,9
DA:16,9
DA:17,8
DA:18,8
DA:19,8
DA:20,8
DA:21,8
DA:23,0
DA:24,0
DA:25,0
DA:26,0
DA:27,0
DA:29,0
DA:34,9
DA:35,0
DA:36,0
DA:37,0
DA:38,0
DA:40,0
DA:42,0
DA:46,9
DA:47,0
DA:48,0
DA:49,0
DA:52,0
DA:56,9
DA:57,8
DA:60,9
DA:61,8
DA:62,0
DA:63,0
DA:67,9
DA:68,0
DA:69,0
DA:70,0
DA:71,0
DA:72,0
DA:74,0
DA:78,9
DA:86,0
DA:89,0
DA:94,0
DA:98,9
DA:107,0
DA:114,0
DA:117,0
DA:125,9
DA:137,0
DA:148,0
DA:162,0
DA:172,0
LF:58
LH:24
BRDA:20,0,0,8
BRDA:20,0,1,0
BRDA:20,0,2,0
BRDA:21,1,0,8
BRDA:21,1,1,0
BRDA:24,2,0,0
BRDA:24,2,1,0
BRDA:26,3,0,0
BRDA:26,3,1,0
BRDA:26,4,0,0
BRDA:26,4,1,0
BRDA:38,5,0,0
BRDA:38,5,1,0
BRDA:38,5,2,0
BRDA:49,6,0,0
BRDA:49,6,1,0
BRDA:49,6,2,0
BRDA:61,7,0,0
BRDA:61,7,1,8
BRDA:68,8,0,0
BRDA:68,8,1,0
BRDA:71,9,0,0
BRDA:71,9,1,0
BRDA:86,10,0,0
BRDA:86,10,1,0
BRDA:86,11,0,0
BRDA:86,11,1,0
BRDA:89,12,0,0
BRDA:89,12,1,0
BRDA:94,13,0,0
BRDA:94,13,1,0
BRDA:107,14,0,0
BRDA:107,14,1,0
BRDA:107,15,0,0
BRDA:107,15,1,0
BRDA:116,16,0,0
BRDA:116,16,1,0
BRDA:119,17,0,0
BRDA:119,17,1,0
BRDA:131,18,0,9
BRDA:131,18,1,0
BRDA:146,19,0,9
BRDA:146,19,1,9
BRDA:154,20,0,9
BRDA:154,20,1,0
BRDA:157,21,0,0
BRDA:157,21,1,0
BRDA:162,22,0,0
BRDA:162,22,1,0
BRDA:172,23,0,0
BRDA:172,23,1,0
BRF:51
BRH:7
end_of_record
TN:
SF:src/pages/Collection/SyncJobs.tsx
FN:17,(anonymous_0)
FN:23,(anonymous_1)
FN:35,(anonymous_2)
FN:39,(anonymous_3)
FN:55,(anonymous_4)
FN:61,(anonymous_5)
FN:67,(anonymous_6)
FN:75,(anonymous_7)
FN:81,(anonymous_8)
FN:86,(anonymous_9)
FN:93,(anonymous_10)
FN:110,(anonymous_11)
FN:120,(anonymous_12)
FN:121,(anonymous_13)
FN:130,(anonymous_14)
FN:131,(anonymous_15)
FN:149,(anonymous_16)
FNF:17
FNH:4
FNDA:10,(anonymous_0)
FNDA:8,(anonymous_1)
FNDA:8,(anonymous_2)
FNDA:0,(anonymous_3)
FNDA:0,(anonymous_4)
FNDA:0,(anonymous_5)
FNDA:0,(anonymous_6)
FNDA:0,(anonymous_7)
FNDA:0,(anonymous_8)
FNDA:0,(anonymous_9)
FNDA:0,(anonymous_10)
FNDA:1,(anonymous_11)
FNDA:0,(anonymous_12)
FNDA:0,(anonymous_13)
FNDA:0,(anonymous_14)
FNDA:0,(anonymous_15)
FNDA:0,(anonymous_16)
DA:6,1
DA:7,1
DA:9,1
DA:17,1
DA:18,10
DA:19,10
DA:20,10
DA:21,10
DA:23,10
DA:24,8
DA:25,8
DA:26,8
DA:27,8
DA:29,0
DA:31,8
DA:35,10
DA:36,8
DA:39,10
DA:40,0
DA:41,0
DA:42,0
DA:43,0
DA:45,0
DA:49,10
DA:55,0
DA:61,0
DA:68,0
DA:75,0
DA:81,0
DA:87,0
DA:93,0
DA:103,10
DA:110,1
DA:120,0
DA:121,0
DA:130,0
DA:132,0
DA:133,0
DA:134,0
DA:135,0
DA:136,0
DA:137,0
DA:138,0
DA:139,0
DA:141,0
DA:149,0
LF:46
LH:20
BRDA:27,0,0,8
BRDA:27,0,1,0
BRDA:27,1,0,0
BRDA:27,1,1,0
BRDA:55,2,0,0
BRDA:55,2,1,0
BRDA:61,3,0,0
BRDA:61,3,1,0
BRDA:68,4,0,0
BRDA:68,4,1,0
BRDA:68,5,0,0
BRDA:68,5,1,0
BRDA:75,6,0,0
BRDA:75,6,1,0
BRDA:81,7,0,0
BRDA:81,7,1,0
BRDA:88,8,0,0
BRDA:88,8,1,0
BRDA:115,9,0,10
BRDA:115,9,1,0
BRDA:120,10,0,0
BRDA:120,10,1,0
BRF:22
BRH:2
end_of_record
TN:
SF:src/pages/Collection/TaskMonitor.tsx
FN:18,(anonymous_0)
FN:29,(anonymous_1)
FN:47,(anonymous_2)
FN:63,(anonymous_3)
FN:67,(anonymous_4)
FN:73,(anonymous_5)
FN:94,(anonymous_6)
FN:102,(anonymous_7)
FN:108,(anonymous_8)
FN:114,(anonymous_9)
FN:119,(anonymous_10)
FN:124,(anonymous_11)
FN:143,(anonymous_12)
FN:155,(anonymous_13)
FN:170,(anonymous_14)
FN:179,(anonymous_15)
FN:180,(anonymous_16)
FN:189,(anonymous_17)
FNF:18
FNH:4
FNDA:6,(anonymous_0)
FNDA:6,(anonymous_1)
FNDA:0,(anonymous_2)
FNDA:6,(anonymous_3)
FNDA:6,(anonymous_4)
FNDA:0,(anonymous_5)
FNDA:0,(anonymous_6)
FNDA:0,(anonymous_7)
FNDA:0,(anonymous_8)
FNDA:0,(anonymous_9)
FNDA:0,(anonymous_10)
FNDA:0,(anonymous_11)
FNDA:0,(anonymous_12)
FNDA:0,(anonymous_13)
FNDA:0,(anonymous_14)
FNDA:0,(anonymous_15)
FNDA:0,(anonymous_16)
FNDA:0,(anonymous_17)
DA:6,1
DA:8,1
DA:18,1
DA:19,6
DA:20,6
DA:21,6
DA:22,6
DA:23,6
DA:24,6
DA:25,6
DA:26,6
DA:27,6
DA:29,6
DA:30,6
DA:31,6
DA:32,6
DA:33,6
DA:34,6
DA:36,0
DA:37,0
DA:38,0
DA:39,0
DA:40,0
DA:42,0
DA:47,6
DA:48,0
DA:49,0
DA:50,0
DA:55,0
DA:57,0
DA:59,0
DA:63,6
DA:64,6
DA:67,6
DA:68,6
DA:69,0
DA:73,6
DA:74,0
DA:75,0
DA:76,0
DA:77,0
DA:78,0
DA:79,0
DA:81,0
DA:83,0
DA:87,6
DA:95,0
DA:102,0
DA:108,0
DA:114,0
DA:120,0
DA:124,0
DA:132,6
DA:143,0
DA:155,0
DA:170,0
DA:179,0
DA:180,0
DA:189,0
LF:59
LH:26
BRDA:33,0,0,6
BRDA:33,0,1,6
BRDA:33,0,2,6
BRDA:34,1,0,6
BRDA:34,1,1,0
BRDA:37,2,0,0
BRDA:37,2,1,0
BRDA:39,3,0,0
BRDA:39,3,1,0
BRDA:39,4,0,0
BRDA:39,4,1,0
BRDA:55,5,0,0
BRDA:55,5,1,0
BRDA:55,5,2,0
BRDA:68,6,0,0
BRDA:68,6,1,6
BRDA:79,7,0,0
BRDA:79,7,1,0
BRDA:79,7,2,0
BRDA:95,8,0,0
BRDA:95,8,1,0
BRDA:95,9,0,0
BRDA:95,9,1,0
BRDA:102,10,0,0
BRDA:102,10,1,0
BRDA:108,11,0,0
BRDA:108,11,1,0
BRDA:114,12,0,0
BRDA:114,12,1,0
BRDA:137,13,0,6
BRDA:137,13,1,0
BRDA:153,14,0,6
BRDA:153,14,1,6
BRDA:170,15,0,0
BRDA:170,15,1,0
BRDA:174,16,0,0
BRDA:174,16,1,6
BRDA:179,17,0,0
BRDA:179,17,1,0
BRDA:192,18,0,0
BRDA:192,18,1,6
BRF:41
BRH:10
end_of_record
TN:
SF:src/pages/Dashboard/Cockpit.tsx
FN:35,(anonymous_0)
FN:39,(anonymous_1)
FN:40,(anonymous_2)
FN:53,(anonymous_3)
FN:71,(anonymous_4)
FN:77,(anonymous_5)
FNF:6
FNH:6
FNDA:19,(anonymous_0)
FNDA:10,(anonymous_1)
FNDA:10,(anonymous_2)
FNDA:1,(anonymous_3)
FNDA:9,(anonymous_4)
FNDA:1,(anonymous_5)
DA:17,1
DA:19,1
DA:29,1
DA:35,1
DA:36,19
DA:37,19
DA:39,19
DA:40,10
DA:41,10
DA:42,10
DA:43,9
DA:45,0
DA:47,9
DA:50,10
DA:53,19
DA:54,1
DA:55,1
DA:59,19
DA:60,10
DA:67,9
DA:72,9
DA:73,9
DA:77,1
LF:23
LH:22
BRDA:54,0,0,1
BRDA:54,0,1,0
BRDA:59,1,0,10
BRDA:59,1,1,9
BRDA:72,2,0,9
BRDA:72,2,1,0
BRDA:82,3,0,9
BRDA:82,3,1,1
BRDA:93,4,0,9
BRDA:93,4,1,1
BRF:10
BRH:8
end_of_record
TN:
SF:src/pages/Dashboard/Notifications.tsx
FN:91,(anonymous_0)
FN:95,(anonymous_1)
FN:97,(anonymous_2)
FN:98,(anonymous_3)
FN:99,(anonymous_4)
FN:105,(anonymous_5)
FN:106,(anonymous_6)
FN:107,(anonymous_7)
FN:111,(anonymous_8)
FN:112,(anonymous_9)
FN:115,(anonymous_10)
FN:116,(anonymous_11)
FN:119,(anonymous_12)
FN:137,(anonymous_13)
FN:148,(anonymous_14)
FN:159,(anonymous_15)
FN:162,(anonymous_16)
FN:164,(anonymous_17)
FN:166,(anonymous_18)
FN:168,(anonymous_19)
FN:170,(anonymous_20)
FN:231,(anonymous_21)
FN:242,(anonymous_22)
FN:255,(anonymous_23)
FN:265,(anonymous_24)
FNF:25
FNH:7
FNDA:18,(anonymous_0)
FNDA:90,(anonymous_1)
FNDA:0,(anonymous_2)
FNDA:0,(anonymous_3)
FNDA:0,(anonymous_4)
FNDA:0,(anonymous_5)
FNDA:0,(anonymous_6)
FNDA:0,(anonymous_7)
FNDA:0,(anonymous_8)
FNDA:0,(anonymous_9)
FNDA:0,(anonymous_10)
FNDA:0,(anonymous_11)
FNDA:0,(anonymous_12)
FNDA:0,(anonymous_13)
FNDA:0,(anonymous_14)
FNDA:18,(anonymous_15)
FNDA:5,(anonymous_16)
FNDA:5,(anonymous_17)
FNDA:0,(anonymous_18)
FNDA:5,(anonymous_19)
FNDA:0,(anonymous_20)
FNDA:108,(anonymous_21)
FNDA:0,(anonymous_22)
FNDA:0,(anonymous_23)
FNDA:0,(anonymous_24)
DA:26,1
DA:43,1
DA:91,1
DA:92,18
DA:93,18
DA:95,90
DA:97,18
DA:98,0
DA:99,0
DA:100,0
DA:105,18
DA:106,0
DA:107,0
DA:111,18
DA:112,0
DA:115,18
DA:116,0
DA:119,18
DA:120,0
DA:121,0
DA:123,0
DA:125,0
DA:127,0
DA:129,0
DA:131,0
DA:133,0
DA:137,18
DA:138,0
DA:144,0
DA:145,0
DA:148,18
DA:149,0
DA:155,0
DA:156,0
DA:159,18
DA:160,18
DA:162,5
DA:164,5
DA:166,0
DA:168,5
DA:170,0
DA:172,15
DA:176,18
DA:199,18
DA:201,18
DA:231,108
DA:243,0
DA:255,0
DA:265,0
LF:49
LH:23
BRDA:100,0,0,0
BRDA:100,0,1,0
BRDA:120,1,0,0
BRDA:120,1,1,0
BRDA:120,2,0,0
BRDA:120,2,1,0
BRDA:123,3,0,0
BRDA:123,3,1,0
BRDA:123,3,2,0
BRDA:123,3,3,0
BRDA:123,3,4,0
BRDA:160,4,0,1
BRDA:160,4,1,1
BRDA:160,4,2,0
BRDA:160,4,3,1
BRDA:160,4,4,0
BRDA:160,4,5,15
BRDA:236,5,0,0
BRDA:236,5,1,18
BRDA:245,6,0,0
BRDA:245,6,1,0
BRDA:250,7,0,0
BRDA:250,7,1,0
BRDA:278,8,0,0
BRDA:278,8,1,0
BRDA:284,9,0,0
BRDA:284,9,1,0
BRF:27
BRH:5
end_of_record
TN:
SF:src/pages/Dashboard/Profile.tsx
FN:127,(anonymous_0)
FN:130,(anonymous_1)
FN:136,(anonymous_2)
FN:141,(anonymous_3)
FN:146,(anonymous_4)
FN:147,(anonymous_5)
FN:154,(anonymous_6)
FN:155,(anonymous_7)
FN:165,(anonymous_8)
FN:166,(anonymous_9)
FN:170,(anonymous_10)
FN:177,(anonymous_11)
FN:194,(anonymous_12)
FN:215,(anonymous_13)
FN:391,(anonymous_14)
FN:392,(anonymous_15)
FN:450,(anonymous_16)
FN:450,(anonymous_17)
FN:458,(anonymous_18)
FN:469,(anonymous_19)
FN:469,(anonymous_20)
FN:473,(anonymous_21)
FN:503,(anonymous_22)
FNF:23
FNH:10
FNDA:17,(anonymous_0)
FNDA:136,(anonymous_1)
FNDA:2,(anonymous_2)
FNDA:0,(anonymous_3)
FNDA:0,(anonymous_4)
FNDA:0,(anonymous_5)
FNDA:0,(anonymous_6)
FNDA:0,(anonymous_7)
FNDA:0,(anonymous_8)
FNDA:0,(anonymous_9)
FNDA:0,(anonymous_10)
FNDA:14,(anonymous_11)
FNDA:14,(anonymous_12)
FNDA:0,(anonymous_13)
FNDA:0,(anonymous_14)
FNDA:0,(anonymous_15)
FNDA:136,(anonymous_16)
FNDA:51,(anonymous_17)
FNDA:0,(anonymous_18)
FNDA:136,(anonymous_19)
FNDA:68,(anonymous_20)
FNDA:0,(anonymous_21)
FNDA:119,(anonymous_22)
DA:38,1
DA:39,1
DA:74,1
DA:90,1
DA:100,1
DA:127,1
DA:128,17
DA:129,17
DA:130,136
DA:132,17
DA:133,17
DA:134,17
DA:136,17
DA:137,2
DA:138,2
DA:141,17
DA:142,0
DA:143,0
DA:146,17
DA:147,0
DA:148,0
DA:149,0
DA:150,0
DA:154,17
DA:155,0
DA:156,0
DA:157,0
DA:158,0
DA:160,0
DA:161,0
DA:165,17
DA:166,0
DA:167,0
DA:170,17
DA:171,0
DA:172,0
DA:173,0
DA:177,17
DA:178,14
DA:185,17
DA:194,14
DA:199,17
DA:215,0
DA:391,0
DA:393,0
DA:394,0
DA:396,0
DA:450,136
DA:451,51
DA:458,0
DA:469,136
DA:470,68
DA:473,0
DA:503,119
DA:512,17
LF:55
LH:31
BRDA:156,0,0,0
BRDA:156,0,1,0
BRDA:171,1,0,0
BRDA:171,1,1,0
BRDA:178,2,0,12
BRDA:178,2,1,2
BRDA:227,3,0,17
BRDA:227,3,1,0
BRDA:228,4,0,17
BRDA:228,4,1,0
BRDA:242,5,0,17
BRDA:242,5,1,15
BRDA:249,6,0,2
BRDA:249,6,1,15
BRDA:336,7,0,15
BRDA:336,7,1,0
BRDA:337,8,0,15
BRDA:337,8,1,0
BRDA:338,9,0,15
BRDA:338,9,1,0
BRDA:339,10,0,15
BRDA:339,10,1,0
BRDA:340,11,0,15
BRDA:340,11,1,0
BRDA:393,12,0,0
BRDA:393,12,1,0
BRDA:393,13,0,0
BRDA:393,13,1,0
BRDA:450,14,0,136
BRDA:450,14,1,68
BRF:30
BRH:15
end_of_record
TN:
SF:src/pages/Dashboard/Workspace.tsx
FN:52,(anonymous_0)
FN:70,(anonymous_1)
FN:75,(anonymous_2)
FN:76,(anonymous_3)
FN:79,(anonymous_4)
FN:89,(anonymous_5)
FN:156,(anonymous_6)
FN:183,(anonymous_7)
FN:189,(anonymous_8)
FN:237,(anonymous_9)
FN:274,(anonymous_10)
FNF:11
FNH:8
FNDA:4,(anonymous_0)
FNDA:11,(anonymous_1)
FNDA:0,(anonymous_2)
FNDA:0,(anonymous_3)
FNDA:44,(anonymous_4)
FNDA:88,(anonymous_5)
FNDA:44,(anonymous_6)
FNDA:44,(anonymous_7)
FNDA:0,(anonymous_8)
FNDA:44,(anonymous_9)
FNDA:44,(anonymous_10)
DA:28,1
DA:52,4
DA:66,1
DA:67,1
DA:68,1
DA:70,1
DA:71,11
DA:72,11
DA:73,11
DA:75,11
DA:76,0
DA:79,11
DA:80,44
DA:85,44
DA:86,44
DA:89,11
DA:90,88
DA:96,88
DA:97,88
DA:100,11
DA:157,44
DA:184,44
DA:189,0
DA:238,44
DA:275,44
LF:25
LH:23
BRDA:55,0,0,1
BRDA:55,0,1,3
BRDA:57,1,0,1
BRDA:57,1,1,2
BRDA:59,2,0,1
BRDA:59,2,1,1
BRDA:114,3,0,11
BRDA:114,3,1,0
BRDA:201,4,0,22
BRDA:201,4,1,22
BRDA:203,5,0,11
BRDA:203,5,1,11
BRDA:215,6,0,44
BRDA:215,6,1,11
BRDA:244,7,0,11
BRDA:244,7,1,33
BRDA:246,8,0,11
BRDA:246,8,1,22
BRF:18
BRH:17
end_of_record
TN:
SF:src/pages/Development/CleaningRules.tsx
FN:8,(anonymous_0)
FN:15,(anonymous_1)
FN:31,(anonymous_2)
FN:35,(anonymous_3)
FN:63,(anonymous_4)
FN:70,(anonymous_5)
FN:80,(anonymous_6)
FN:83,(anonymous_7)
FN:98,(anonymous_8)
FN:118,(anonymous_9)
FN:137,(anonymous_10)
FNF:11
FNH:3
FNDA:6,(anonymous_0)
FNDA:6,(anonymous_1)
FNDA:6,(anonymous_2)
FNDA:0,(anonymous_3)
FNDA:0,(anonymous_4)
FNDA:0,(anonymous_5)
FNDA:0,(anonymous_6)
FNDA:0,(anonymous_7)
FNDA:0,(anonymous_8)
FNDA:0,(anonymous_9)
FNDA:0,(anonymous_10)
DA:6,1
DA:8,1
DA:9,6
DA:10,6
DA:11,6
DA:12,6
DA:13,6
DA:15,6
DA:16,6
DA:17,6
DA:18,6
DA:19,6
DA:20,0
DA:22,0
DA:25,6
DA:27,6
DA:31,6
DA:32,6
DA:35,6
DA:36,0
DA:37,0
DA:38,0
DA:40,0
DA:41,0
DA:42,0
DA:43,0
DA:44,0
DA:45,0
DA:47,0
DA:50,0
DA:52,0
DA:56,6
DA:63,0
DA:70,0
DA:74,6
DA:80,0
DA:83,0
DA:86,6
DA:98,0
DA:118,0
DA:137,0
DA:147,6
LF:42
LH:21
BRDA:19,0,0,0
BRDA:19,0,1,0
BRDA:20,1,0,0
BRDA:20,1,1,0
BRDA:22,2,0,0
BRDA:22,2,1,0
BRDA:36,3,0,0
BRDA:36,3,1,0
BRDA:43,4,0,0
BRDA:43,4,1,0
BRDA:44,5,0,0
BRDA:44,5,1,0
BRDA:47,6,0,0
BRDA:47,6,1,0
BRDA:70,7,0,0
BRDA:70,7,1,0
BRDA:83,8,0,0
BRDA:83,8,1,0
BRDA:114,9,0,6
BRDA:114,9,1,0
BRDA:132,10,0,6
BRDA:132,10,1,0
BRDA:137,11,0,0
BRDA:137,11,1,0
BRF:24
BRH:2
end_of_record
TN:
SF:src/pages/Development/DataFusion.tsx
FN:88,(anonymous_0)
FN:96,(anonymous_1)
FN:106,(anonymous_2)
FN:118,(anonymous_3)
FN:119,(anonymous_4)
FN:121,(anonymous_5)
FN:122,(anonymous_6)
FN:124,(anonymous_7)
FN:133,(anonymous_8)
FN:147,(anonymous_9)
FN:148,(anonymous_10)
FN:149,(anonymous_11)
FN:156,(anonymous_12)
FN:157,(anonymous_13)
FN:158,(anonymous_14)
FN:173,(anonymous_15)
FN:174,(anonymous_16)
FN:178,(anonymous_17)
FN:179,(anonymous_18)
FN:180,(anonymous_19)
FN:186,(anonymous_20)
FN:191,(anonymous_21)
FN:202,(anonymous_22)
FN:226,(anonymous_23)
FN:233,(anonymous_24)
FN:235,(anonymous_25)
FN:251,(anonymous_26)
FN:258,(anonymous_27)
FN:264,(anonymous_28)
FN:275,(anonymous_29)
FN:288,(anonymous_30)
FN:295,(anonymous_31)
FN:305,(anonymous_32)
FN:313,(anonymous_33)
FN:322,(anonymous_34)
FN:367,(anonymous_35)
FN:379,(anonymous_36)
FN:408,(anonymous_37)
FN:445,(anonymous_38)
FN:447,(anonymous_39)
FN:468,(anonymous_40)
FNF:41
FNH:12
FNDA:6,(anonymous_0)
FNDA:0,(anonymous_1)
FNDA:0,(anonymous_2)
FNDA:0,(anonymous_3)
FNDA:0,(anonymous_4)
FNDA:0,(anonymous_5)
FNDA:0,(anonymous_6)
FNDA:0,(anonymous_7)
FNDA:0,(anonymous_8)
FNDA:0,(anonymous_9)
FNDA:0,(anonymous_10)
FNDA:0,(anonymous_11)
FNDA:0,(anonymous_12)
FNDA:0,(anonymous_13)
FNDA:0,(anonymous_14)
FNDA:0,(anonymous_15)
FNDA:0,(anonymous_16)
FNDA:0,(anonymous_17)
FNDA:0,(anonymous_18)
FNDA:0,(anonymous_19)
FNDA:0,(anonymous_20)
FNDA:18,(anonymous_21)
FNDA:18,(anonymous_22)
FNDA:18,(anonymous_23)
FNDA:18,(anonymous_24)
FNDA:36,(anonymous_25)
FNDA:18,(anonymous_26)
FNDA:18,(anonymous_27)
FNDA:0,(anonymous_28)
FNDA:18,(anonymous_29)
FNDA:18,(anonymous_30)
FNDA:0,(anonymous_31)
FNDA:0,(anonymous_32)
FNDA:0,(anonymous_33)
FNDA:0,(anonymous_34)
FNDA:18,(anonymous_35)
FNDA:0,(anonymous_36)
FNDA:24,(anonymous_37)
FNDA:0,(anonymous_38)
FNDA:0,(anonymous_39)
FNDA:0,(anonymous_40)
DA:27,1
DA:28,1
DA:45,1
DA:52,1
DA:88,1
DA:89,6
DA:90,6
DA:91,6
DA:92,6
DA:93,6
DA:94,6
DA:96,6
DA:97,0
DA:98,0
DA:99,0
DA:103,0
DA:106,6
DA:107,0
DA:108,0
DA:115,0
DA:118,6
DA:119,0
DA:120,0
DA:121,0
DA:122,0
DA:123,0
DA:124,0
DA:128,0
DA:130,0
DA:133,0
DA:140,0
DA:141,0
DA:143,0
DA:147,6
DA:148,0
DA:149,0
DA:150,0
DA:153,0
DA:156,0
DA:157,0
DA:158,0
DA:159,0
DA:169,0
DA:173,6
DA:174,0
DA:175,0
DA:178,6
DA:179,0
DA:180,0
DA:181,0
DA:186,6
DA:187,0
DA:188,0
DA:191,6
DA:192,18
DA:198,18
DA:199,18
DA:202,6
DA:203,18
DA:209,18
DA:210,18
DA:213,6
DA:226,18
DA:234,18
DA:236,36
DA:251,18
DA:259,18
DA:264,0
DA:275,18
DA:289,18
DA:295,0
DA:305,0
DA:313,0
DA:322,0
DA:331,6
DA:333,6
DA:367,18
DA:379,0
DA:408,24
DA:445,0
DA:447,0
DA:469,0
LF:82
LH:38
BRDA:120,0,0,0
BRDA:120,0,1,0
BRDA:123,1,0,0
BRDA:123,1,1,0
BRDA:150,2,0,0
BRDA:150,2,1,0
BRDA:159,3,0,0
BRDA:159,3,1,0
BRDA:181,4,0,0
BRDA:181,4,1,0
BRDA:240,5,0,18
BRDA:240,5,1,18
BRDA:275,6,0,6
BRDA:275,6,1,12
BRDA:290,7,0,18
BRDA:290,7,1,12
BRDA:331,8,0,0
BRDA:331,8,1,6
BRDA:377,9,0,0
BRDA:377,9,1,6
BRDA:453,10,0,6
BRDA:453,10,1,0
BRDA:460,11,0,0
BRDA:460,11,1,0
BRDA:481,12,0,0
BRDA:481,12,1,0
BRDA:482,13,0,0
BRDA:482,13,1,0
BRF:28
BRH:9
end_of_record
TN:
SF:src/pages/Development/FieldMapping.tsx
FN:51,(anonymous_0)
FN:59,(anonymous_1)
FN:75,(anonymous_2)
FN:79,(anonymous_3)
FN:90,(anonymous_4)
FN:96,(anonymous_5)
FN:110,(anonymous_6)
FN:124,(anonymous_7)
FN:143,(anonymous_8)
FN:185,(anonymous_9)
FN:205,(anonymous_10)
FN:207,(anonymous_11)
FN:220,(anonymous_12)
FN:229,(anonymous_13)
FN:232,(anonymous_14)
FN:248,(anonymous_15)
FN:254,(anonymous_16)
FN:261,(anonymous_17)
FN:312,(anonymous_18)
FN:324,(anonymous_19)
FNF:20
FNH:3
FNDA:6,(anonymous_0)
FNDA:6,(anonymous_1)
FNDA:6,(anonymous_2)
FNDA:0,(anonymous_3)
FNDA:0,(anonymous_4)
FNDA:0,(anonymous_5)
FNDA:0,(anonymous_6)
FNDA:0,(anonymous_7)
FNDA:0,(anonymous_8)
FNDA:0,(anonymous_9)
FNDA:0,(anonymous_10)
FNDA:0,(anonymous_11)
FNDA:0,(anonymous_12)
FNDA:0,(anonymous_13)
FNDA:0,(anonymous_14)
FNDA:0,(anonymous_15)
FNDA:0,(anonymous_16)
FNDA:0,(anonymous_17)
FNDA:0,(anonymous_18)
FNDA:0,(anonymous_19)
DA:36,1
DA:38,1
DA:44,1
DA:51,1
DA:52,6
DA:53,6
DA:54,6
DA:55,6
DA:56,6
DA:57,6
DA:59,6
DA:60,6
DA:61,6
DA:62,6
DA:63,6
DA:64,0
DA:66,0
DA:69,6
DA:71,6
DA:75,6
DA:76,6
DA:79,6
DA:80,0
DA:81,0
DA:82,0
DA:87,0
DA:90,6
DA:91,0
DA:92,0
DA:93,0
DA:96,6
DA:97,0
DA:98,0
DA:99,0
DA:100,0
DA:101,0
DA:103,0
DA:106,0
DA:110,6
DA:111,0
DA:112,0
DA:113,0
DA:114,0
DA:115,0
DA:117,0
DA:120,0
DA:124,6
DA:125,0
DA:126,0
DA:127,0
DA:128,0
DA:129,0
DA:130,0
DA:131,0
DA:134,0
DA:137,0
DA:139,0
DA:143,6
DA:144,0
DA:145,0
DA:146,0
DA:148,0
DA:149,0
DA:150,0
DA:151,0
DA:152,0
DA:153,0
DA:155,0
DA:158,0
DA:159,0
DA:160,0
DA:161,0
DA:162,0
DA:164,0
DA:172,6
DA:186,0
DA:191,0
DA:206,0
DA:208,0
DA:221,0
DA:230,0
DA:232,0
DA:249,0
DA:254,0
DA:261,0
DA:274,6
DA:312,0
DA:324,0
LF:88
LH:27
BRDA:63,0,0,0
BRDA:63,0,1,0
BRDA:64,1,0,0
BRDA:64,1,1,0
BRDA:66,2,0,0
BRDA:66,2,1,0
BRDA:99,3,0,0
BRDA:99,3,1,0
BRDA:103,4,0,0
BRDA:103,4,1,0
BRDA:113,5,0,0
BRDA:113,5,1,0
BRDA:114,6,0,0
BRDA:114,6,1,0
BRDA:117,7,0,0
BRDA:117,7,1,0
BRDA:128,8,0,0
BRDA:128,8,1,0
BRDA:130,9,0,0
BRDA:130,9,1,0
BRDA:134,10,0,0
BRDA:134,10,1,0
BRDA:148,11,0,0
BRDA:148,11,1,0
BRDA:150,12,0,0
BRDA:150,12,1,0
BRDA:155,13,0,0
BRDA:155,13,1,0
BRDA:159,14,0,0
BRDA:159,14,1,0
BRDA:164,15,0,0
BRDA:164,15,1,0
BRDA:221,16,0,0
BRDA:221,16,1,0
BRDA:221,17,0,0
BRDA:221,17,1,0
BRDA:312,18,0,0
BRDA:312,18,1,0
BRDA:322,19,0,0
BRDA:322,19,1,6
BRF:40
BRH:1
end_of_record
TN:
SF:src/pages/Development/FillMissing.tsx
FN:44,(anonymous_0)
FN:52,(anonymous_1)
FN:71,(anonymous_2)
FN:77,(anonymous_3)
FN:105,(anonymous_4)
FN:106,(anonymous_5)
FN:107,(anonymous_6)
FN:111,(anonymous_7)
FN:112,(anonymous_8)
FN:113,(anonymous_9)
FN:117,(anonymous_10)
FN:118,(anonymous_11)
FN:123,(anonymous_12)
FN:124,(anonymous_13)
FN:131,(anonymous_14)
FN:152,(anonymous_15)
FN:159,(anonymous_16)
FN:166,(anonymous_17)
FN:175,(anonymous_18)
FN:181,(anonymous_19)
FN:193,(anonymous_20)
FN:199,(anonymous_21)
FN:209,(anonymous_22)
FN:211,(anonymous_23)
FN:226,(anonymous_24)
FN:232,(anonymous_25)
FN:318,(anonymous_26)
FNF:27
FNH:1
FNDA:5,(anonymous_0)
FNDA:0,(anonymous_1)
FNDA:0,(anonymous_2)
FNDA:0,(anonymous_3)
FNDA:0,(anonymous_4)
FNDA:0,(anonymous_5)
FNDA:0,(anonymous_6)
FNDA:0,(anonymous_7)
FNDA:0,(anonymous_8)
FNDA:0,(anonymous_9)
FNDA:0,(anonymous_10)
FNDA:0,(anonymous_11)
FNDA:0,(anonymous_12)
FNDA:0,(anonymous_13)
FNDA:0,(anonymous_14)
FNDA:0,(anonymous_15)
FNDA:0,(anonymous_16)
FNDA:0,(anonymous_17)
FNDA:0,(anonymous_18)
FNDA:0,(anonymous_19)
FNDA:0,(anonymous_20)
FNDA:0,(anonymous_21)
FNDA:0,(anonymous_22)
FNDA:0,(anonymous_23)
FNDA:0,(anonymous_24)
FNDA:0,(anonymous_25)
FNDA:0,(anonymous_26)
DA:22,1
DA:35,1
DA:44,1
DA:45,5
DA:46,5
DA:47,5
DA:48,5
DA:49,5
DA:50,5
DA:52,5
DA:53,0
DA:54,0
DA:55,0
DA:57,0
DA:58,0
DA:59,0
DA:60,0
DA:61,0
DA:67,0
DA:68,0
DA:71,0
DA:72,0
DA:77,0
DA:86,0
DA:87,0
DA:88,0
DA:90,0
DA:91,0
DA:93,0
DA:96,0
DA:99,0
DA:101,0
DA:105,5
DA:106,0
DA:107,0
DA:111,5
DA:112,0
DA:113,0
DA:117,5
DA:118,0
DA:119,0
DA:123,5
DA:124,0
DA:125,0
DA:126,0
DA:127,0
DA:131,0
DA:137,0
DA:140,5
DA:152,0
DA:159,0
DA:167,0
DA:168,0
DA:176,0
DA:177,0
DA:181,0
DA:194,0
DA:195,0
DA:199,0
DA:204,0
DA:209,5
DA:210,5
DA:211,0
DA:214,5
DA:226,0
DA:232,0
DA:318,0
LF:67
LH:18
BRDA:53,0,0,0
BRDA:53,0,1,0
BRDA:63,1,0,0
BRDA:63,1,1,0
BRDA:67,2,0,0
BRDA:67,2,1,0
BRDA:67,3,0,0
BRDA:67,3,1,0
BRDA:72,4,0,0
BRDA:72,4,1,0
BRDA:72,4,2,0
BRDA:87,5,0,0
BRDA:87,5,1,0
BRDA:90,6,0,0
BRDA:90,6,1,0
BRDA:96,7,0,0
BRDA:96,7,1,0
BRDA:107,8,0,0
BRDA:107,8,1,0
BRDA:113,9,0,0
BRDA:113,9,1,0
BRDA:119,10,0,0
BRDA:119,10,1,0
BRDA:125,11,0,0
BRDA:125,11,1,0
BRDA:134,12,0,0
BRDA:134,12,1,0
BRDA:167,13,0,0
BRDA:167,13,1,0
BRDA:167,14,0,0
BRDA:167,14,1,0
BRDA:194,15,0,0
BRDA:194,15,1,0
BRDA:210,16,0,0
BRDA:210,16,1,5
BRDA:243,17,0,5
BRDA:243,17,1,0
BRDA:249,18,0,5
BRDA:249,18,1,0
BRDA:249,18,2,0
BRDA:259,19,0,5
BRDA:259,19,1,0
BRDA:259,19,2,0
BRDA:273,20,0,0
BRDA:273,20,1,0
BRDA:282,21,0,0
BRDA:282,21,1,0
BRDA:292,22,0,0
BRDA:292,22,1,0
BRDA:292,23,0,0
BRDA:292,23,1,0
BRF:51
BRH:4
end_of_record
TN:
SF:src/pages/Development/OcrProcessing.tsx
FN:86,(anonymous_0)
FN:95,(anonymous_1)
FN:101,(anonymous_2)
FN:127,(anonymous_3)
FN:135,(anonymous_4)
FN:137,(anonymous_5)
FN:142,(anonymous_6)
FN:143,(anonymous_7)
FN:158,(anonymous_8)
FN:160,(anonymous_9)
FN:161,(anonymous_10)
FN:171,(anonymous_11)
FN:176,(anonymous_12)
FN:177,(anonymous_13)
FN:181,(anonymous_14)
FN:182,(anonymous_15)
FN:183,(anonymous_16)
FN:187,(anonymous_17)
FN:190,(anonymous_18)
FN:207,(anonymous_19)
FN:219,(anonymous_20)
FN:233,(anonymous_21)
FN:234,(anonymous_22)
FN:242,(anonymous_23)
FN:260,(anonymous_24)
FN:267,(anonymous_25)
FN:273,(anonymous_26)
FN:282,(anonymous_27)
FN:313,(anonymous_28)
FN:342,(anonymous_29)
FN:354,(anonymous_30)
FN:356,(anonymous_31)
FN:359,(anonymous_32)
FN:399,(anonymous_33)
FN:401,(anonymous_34)
FN:404,(anonymous_35)
FNF:36
FNH:0
FNDA:0,(anonymous_0)
FNDA:0,(anonymous_1)
FNDA:0,(anonymous_2)
FNDA:0,(anonymous_3)
FNDA:0,(anonymous_4)
FNDA:0,(anonymous_5)
FNDA:0,(anonymous_6)
FNDA:0,(anonymous_7)
FNDA:0,(anonymous_8)
FNDA:0,(anonymous_9)
FNDA:0,(anonymous_10)
FNDA:0,(anonymous_11)
FNDA:0,(anonymous_12)
FNDA:0,(anonymous_13)
FNDA:0,(anonymous_14)
FNDA:0,(anonymous_15)
FNDA:0,(anonymous_16)
FNDA:0,(anonymous_17)
FNDA:0,(anonymous_18)
FNDA:0,(anonymous_19)
FNDA:0,(anonymous_20)
FNDA:0,(anonymous_21)
FNDA:0,(anonymous_22)
FNDA:0,(anonymous_23)
FNDA:0,(anonymous_24)
FNDA:0,(anonymous_25)
FNDA:0,(anonymous_26)
FNDA:0,(anonymous_27)
FNDA:0,(anonymous_28)
FNDA:0,(anonymous_29)
FNDA:0,(anonymous_30)
FNDA:0,(anonymous_31)
FNDA:0,(anonymous_32)
FNDA:0,(anonymous_33)
FNDA:0,(anonymous_34)
FNDA:0,(anonymous_35)
DA:27,1
DA:28,1
DA:45,1
DA:54,1
DA:86,1
DA:87,0
DA:88,0
DA:89,0
DA:90,0
DA:91,0
DA:92,0
DA:94,0
DA:96,0
DA:97,0
DA:98,0
DA:99,0
DA:102,0
DA:103,0
DA:104,0
DA:105,0
DA:107,0
DA:108,0
DA:109,0
DA:110,0
DA:114,0
DA:123,0
DA:124,0
DA:127,0
DA:129,0
DA:135,0
DA:136,0
DA:137,0
DA:138,0
DA:139,0
DA:140,0
DA:141,0
DA:142,0
DA:143,0
DA:144,0
DA:158,0
DA:160,0
DA:161,0
DA:162,0
DA:171,0
DA:172,0
DA:173,0
DA:176,0
DA:177,0
DA:178,0
DA:181,0
DA:182,0
DA:183,0
DA:184,0
DA:187,0
DA:190,0
DA:191,0
DA:197,0
DA:198,0
DA:201,0
DA:208,0
DA:220,0
DA:234,0
DA:235,0
DA:243,0
DA:261,0
DA:267,0
DA:273,0
DA:282,0
DA:291,0
DA:313,0
DA:342,0
DA:354,0
DA:356,0
DA:360,0
DA:361,0
DA:399,0
DA:401,0
DA:405,0
DA:406,0
LF:79
LH:5
BRDA:102,0,0,0
BRDA:102,0,1,0
BRDA:103,1,0,0
BRDA:103,1,1,0
BRDA:108,2,0,0
BRDA:108,2,1,0
BRDA:139,3,0,0
BRDA:139,3,1,0
BRDA:144,4,0,0
BRDA:144,4,1,0
BRDA:162,5,0,0
BRDA:162,5,1,0
BRDA:184,6,0,0
BRDA:184,6,1,0
BRDA:222,7,0,0
BRDA:222,7,1,0
BRDA:235,8,0,0
BRDA:235,8,1,0
BRDA:243,9,0,0
BRDA:243,9,1,0
BRDA:262,10,0,0
BRDA:262,10,1,0
BRDA:272,11,0,0
BRDA:272,11,1,0
BRDA:360,12,0,0
BRDA:360,12,1,0
BRDA:368,13,0,0
BRDA:368,13,1,0
BRDA:377,14,0,0
BRDA:377,14,1,0
BRDA:385,15,0,0
BRDA:385,15,1,0
BRF:32
BRH:0
end_of_record
TN:
SF:src/pages/Development/QualityCheck.tsx
FN:8,(anonymous_0)
FN:14,(anonymous_1)
FN:46,(anonymous_2)
FN:53,(anonymous_3)
FN:62,(anonymous_4)
FN:79,(anonymous_5)
FN:85,(anonymous_6)
FN:134,(anonymous_7)
FNF:8
FNH:1
FNDA:5,(anonymous_0)
FNDA:0,(anonymous_1)
FNDA:0,(anonymous_2)
FNDA:0,(anonymous_3)
FNDA:0,(anonymous_4)
FNDA:0,(anonymous_5)
FNDA:0,(anonymous_6)
FNDA:0,(anonymous_7)
DA:6,1
DA:8,1
DA:9,5
DA:10,5
DA:11,5
DA:12,5
DA:14,5
DA:15,0
DA:16,0
DA:17,0
DA:19,0
DA:20,0
DA:21,0
DA:22,0
DA:27,0
DA:28,0
DA:29,0
DA:31,0
DA:34,0
DA:36,0
DA:40,5
DA:46,0
DA:54,0
DA:55,0
DA:62,0
DA:66,5
DA:68,5
DA:79,0
DA:85,0
DA:134,0
LF:30
LH:10
BRDA:15,0,0,0
BRDA:15,0,1,0
BRDA:24,1,0,0
BRDA:24,1,1,0
BRDA:27,2,0,0
BRDA:27,2,1,0
BRDA:27,3,0,0
BRDA:27,3,1,0
BRDA:31,4,0,0
BRDA:31,4,1,0
BRDA:55,5,0,0
BRDA:55,5,1,0
BRDA:62,6,0,0
BRDA:62,6,1,0
BRDA:66,7,0,5
BRDA:66,7,1,5
BRDA:66,7,2,5
BRDA:96,8,0,5
BRDA:96,8,1,0
BRDA:98,9,0,5
BRDA:98,9,1,0
BRDA:103,10,0,0
BRDA:103,10,1,0
BRDA:108,11,0,0
BRDA:108,11,1,0
BRDA:116,12,0,0
BRDA:116,12,1,0
BRDA:124,13,0,0
BRDA:124,13,1,0
BRF:29
BRH:5
end_of_record
TN:
SF:src/pages/Development/TransformConfig.tsx
FN:9,(anonymous_0)
FN:26,(anonymous_1)
FN:56,(anonymous_2)
FN:57,(anonymous_3)
FN:75,(anonymous_4)
FN:90,(anonymous_5)
FN:91,(anonymous_6)
FNF:7
FNH:1
FNDA:5,(anonymous_0)
FNDA:0,(anonymous_1)
FNDA:0,(anonymous_2)
FNDA:0,(anonymous_3)
FNDA:0,(anonymous_4)
FNDA:0,(anonymous_5)
FNDA:0,(anonymous_6)
DA:6,1
DA:7,1
DA:9,1
DA:10,5
DA:11,5
DA:12,5
DA:13,5
DA:15,5
DA:26,5
DA:27,0
DA:28,0
DA:29,0
DA:31,0
DA:32,0
DA:33,0
DA:35,0
DA:36,0
DA:37,0
DA:42,0
DA:43,0
DA:44,0
DA:45,0
DA:47,0
DA:50,0
DA:52,0
DA:56,5
DA:57,0
DA:58,0
DA:62,5
DA:75,0
DA:91,0
DA:92,0
LF:32
LH:11
BRDA:27,0,0,0
BRDA:27,0,1,0
BRDA:31,1,0,0
BRDA:31,1,1,0
BRDA:42,2,0,0
BRDA:42,2,1,0
BRDA:42,3,0,0
BRDA:42,3,1,0
BRDA:47,4,0,0
BRDA:47,4,1,0
BRDA:92,5,0,0
BRDA:92,5,1,0
BRDA:102,6,0,5
BRDA:102,6,1,0
BRF:14
BRH:1
end_of_record
TN:
SF:src/pages/Operations/ApiGateway.tsx
FN:126,(anonymous_0)
FN:134,(anonymous_1)
FN:137,(anonymous_2)
FN:138,(anonymous_3)
FN:139,(anonymous_4)
FN:150,(anonymous_5)
FN:155,(anonymous_6)
FN:165,(anonymous_7)
FN:180,(anonymous_8)
FN:192,(anonymous_9)
FN:199,(anonymous_10)
FN:206,(anonymous_11)
FN:213,(anonymous_12)
FN:224,(anonymous_13)
FN:234,(anonymous_14)
FN:246,(anonymous_15)
FN:251,(anonymous_16)
FN:262,(anonymous_17)
FN:272,(anonymous_18)
FN:274,(anonymous_19)
FN:276,(anonymous_20)
FN:280,(anonymous_21)
FN:280,(anonymous_22)
FN:363,(anonymous_23)
FN:375,(anonymous_24)
FN:377,(anonymous_25)
FNF:26
FNH:19
FNDA:12,(anonymous_0)
FNDA:0,(anonymous_1)
FNDA:0,(anonymous_2)
FNDA:0,(anonymous_3)
FNDA:0,(anonymous_4)
FNDA:120,(anonymous_5)
FNDA:60,(anonymous_6)
FNDA:60,(anonymous_7)
FNDA:60,(anonymous_8)
FNDA:60,(anonymous_9)
FNDA:60,(anonymous_10)
FNDA:60,(anonymous_11)
FNDA:60,(anonymous_12)
FNDA:60,(anonymous_13)
FNDA:60,(anonymous_14)
FNDA:60,(anonymous_15)
FNDA:0,(anonymous_16)
FNDA:60,(anonymous_17)
FNDA:60,(anonymous_18)
FNDA:60,(anonymous_19)
FNDA:60,(anonymous_20)
FNDA:60,(anonymous_21)
FNDA:60,(anonymous_22)
FNDA:60,(anonymous_23)
FNDA:0,(anonymous_24)
FNDA:0,(anonymous_25)
DA:26,1
DA:46,1
DA:119,1
DA:126,1
DA:127,12
DA:128,12
DA:129,12
DA:130,12
DA:131,12
DA:132,12
DA:134,12
DA:135,0
DA:137,0
DA:138,0
DA:139,0
DA:145,0
DA:146,0
DA:150,12
DA:151,120
DA:152,120
DA:155,12
DA:156,60
DA:161,60
DA:162,60
DA:165,12
DA:166,60
DA:169,12
DA:181,60
DA:192,60
DA:199,60
DA:206,60
DA:214,60
DA:225,60
DA:235,60
DA:247,60
DA:252,0
DA:253,0
DA:262,12
DA:263,60
DA:264,0
DA:266,60
DA:267,0
DA:269,60
DA:272,60
DA:273,12
DA:274,60
DA:276,60
DA:278,12
DA:280,60
DA:286,12
DA:363,60
DA:375,0
DA:377,0
LF:53
LH:41
BRDA:152,0,0,120
BRDA:152,0,1,0
BRDA:214,1,0,24
BRDA:214,1,1,36
BRDA:214,2,0,0
BRDA:214,2,1,36
BRDA:225,3,0,12
BRDA:225,3,1,48
BRDA:225,4,0,0
BRDA:225,4,1,48
BRDA:263,5,0,0
BRDA:263,5,1,60
BRDA:263,6,0,60
BRDA:263,6,1,0
BRDA:266,7,0,0
BRDA:266,7,1,60
BRDA:266,8,0,60
BRDA:266,8,1,0
BRDA:273,9,0,12
BRDA:273,9,1,0
BRDA:312,10,0,12
BRDA:312,10,1,0
BRDA:312,11,0,0
BRDA:312,11,1,0
BRDA:322,12,0,12
BRDA:322,12,1,0
BRDA:383,13,0,12
BRDA:383,13,1,0
BRDA:426,14,0,0
BRDA:426,14,1,0
BRDA:439,15,0,0
BRDA:439,15,1,0
BRDA:447,16,0,0
BRDA:447,16,1,0
BRF:34
BRH:15
end_of_record
TN:
SF:src/pages/Operations/AuditLog.tsx
FN:30,(anonymous_0)
FN:43,(anonymous_1)
FN:48,(anonymous_2)
FN:60,(anonymous_3)
FN:71,(anonymous_4)
FN:91,(anonymous_5)
FN:96,(anonymous_6)
FN:110,(anonymous_7)
FN:117,(anonymous_8)
FN:142,(anonymous_9)
FN:151,(anonymous_10)
FN:157,(anonymous_11)
FN:162,(anonymous_12)
FN:241,(anonymous_13)
FN:243,(anonymous_14)
FN:254,(anonymous_15)
FN:256,(anonymous_16)
FN:264,(anonymous_17)
FN:274,(anonymous_18)
FN:281,(anonymous_19)
FN:289,(anonymous_20)
FN:294,(anonymous_21)
FN:297,(anonymous_22)
FN:307,(anonymous_23)
FNF:24
FNH:4
FNDA:8,(anonymous_0)
FNDA:8,(anonymous_1)
FNDA:8,(anonymous_2)
FNDA:8,(anonymous_3)
FNDA:0,(anonymous_4)
FNDA:0,(anonymous_5)
FNDA:0,(anonymous_6)
FNDA:0,(anonymous_7)
FNDA:0,(anonymous_8)
FNDA:0,(anonymous_9)
FNDA:0,(anonymous_10)
FNDA:0,(anonymous_11)
FNDA:0,(anonymous_12)
FNDA:0,(anonymous_13)
FNDA:0,(anonymous_14)
FNDA:0,(anonymous_15)
FNDA:0,(anonymous_16)
FNDA:0,(anonymous_17)
FNDA:0,(anonymous_18)
FNDA:0,(anonymous_19)
FNDA:0,(anonymous_20)
FNDA:0,(anonymous_21)
FNDA:0,(anonymous_22)
FNDA:0,(anonymous_23)
DA:27,1
DA:28,1
DA:30,1
DA:31,8
DA:32,8
DA:33,8
DA:34,8
DA:35,8
DA:39,8
DA:40,8
DA:41,8
DA:43,8
DA:44,8
DA:45,8
DA:48,8
DA:49,8
DA:50,8
DA:51,8
DA:52,8
DA:54,0
DA:56,8
DA:60,8
DA:61,8
DA:62,8
DA:63,8
DA:65,0
DA:67,8
DA:71,8
DA:72,0
DA:73,0
DA:74,0
DA:75,0
DA:76,0
DA:77,0
DA:78,0
DA:79,0
DA:80,0
DA:81,0
DA:82,0
DA:83,0
DA:85,0
DA:87,0
DA:91,8
DA:92,0
DA:93,0
DA:96,8
DA:97,0
DA:98,0
DA:99,0
DA:100,0
DA:101,0
DA:104,8
DA:110,0
DA:117,0
DA:143,0
DA:151,0
DA:158,0
DA:162,0
DA:171,8
DA:174,8
DA:178,8
DA:241,0
DA:244,0
DA:254,0
DA:257,0
DA:265,0
DA:266,0
DA:274,0
DA:281,0
DA:289,0
DA:295,0
DA:297,0
DA:307,0
LF:73
LH:32
BRDA:97,0,0,0
BRDA:97,0,1,0
BRDA:98,1,0,0
BRDA:98,1,1,0
BRDA:98,2,0,0
BRDA:98,2,1,0
BRDA:99,3,0,0
BRDA:99,3,1,0
BRDA:99,4,0,0
BRDA:99,4,1,0
BRDA:100,5,0,0
BRDA:100,5,1,0
BRDA:143,6,0,0
BRDA:143,6,1,0
BRDA:151,7,0,0
BRDA:151,7,1,0
BRDA:171,8,0,0
BRDA:171,8,1,8
BRDA:174,9,0,0
BRDA:174,9,1,8
BRDA:188,10,0,8
BRDA:188,10,1,0
BRDA:191,11,0,0
BRDA:191,11,1,0
BRDA:197,12,0,8
BRDA:197,12,1,0
BRDA:202,13,0,0
BRDA:202,13,1,0
BRDA:209,14,0,8
BRDA:209,14,1,0
BRDA:214,15,0,0
BRDA:214,15,1,0
BRDA:221,16,0,8
BRDA:221,16,1,0
BRDA:226,17,0,0
BRDA:226,17,1,0
BRDA:310,18,0,8
BRDA:310,18,1,0
BRDA:325,19,0,0
BRDA:325,19,1,0
BRDA:329,20,0,0
BRDA:329,20,1,0
BRDA:333,21,0,0
BRDA:333,21,1,0
BRDA:338,22,0,0
BRDA:338,22,1,0
BRDA:341,23,0,0
BRDA:341,23,1,0
BRDA:343,24,0,0
BRDA:343,24,1,0
BRF:50
BRH:7
end_of_record
TN:
SF:src/pages/Operations/Monitor.tsx
FN:109,(anonymous_0)
FN:115,(anonymous_1)
FN:118,(anonymous_2)
FN:119,(anonymous_3)
FN:120,(anonymous_4)
FN:129,(anonymous_5)
FN:130,(anonymous_6)
FN:131,(anonymous_7)
FN:132,(anonymous_8)
FN:138,(anonymous_9)
FN:141,(anonymous_10)
FN:155,(anonymous_11)
FN:171,(anonymous_12)
FN:178,(anonymous_13)
FN:189,(anonymous_14)
FN:209,(anonymous_15)
FN:236,(anonymous_16)
FN:262,(anonymous_17)
FNF:18
FNH:12
FNDA:10,(anonymous_0)
FNDA:1,(anonymous_1)
FNDA:0,(anonymous_2)
FNDA:0,(anonymous_3)
FNDA:0,(anonymous_4)
FNDA:9,(anonymous_5)
FNDA:0,(anonymous_6)
FNDA:0,(anonymous_7)
FNDA:0,(anonymous_8)
FNDA:9,(anonymous_9)
FNDA:60,(anonymous_10)
FNDA:80,(anonymous_11)
FNDA:60,(anonymous_12)
FNDA:60,(anonymous_13)
FNDA:60,(anonymous_14)
FNDA:20,(anonymous_15)
FNDA:40,(anonymous_16)
FNDA:60,(anonymous_17)
DA:27,1
DA:46,1
DA:97,1
DA:104,1
DA:109,1
DA:110,10
DA:111,10
DA:112,10
DA:113,10
DA:115,10
DA:116,1
DA:118,1
DA:119,0
DA:120,0
DA:125,0
DA:129,10
DA:130,9
DA:131,0
DA:132,0
DA:138,9
DA:141,10
DA:142,60
DA:147,60
DA:148,60
DA:155,10
DA:156,80
DA:161,80
DA:164,10
DA:171,60
DA:179,60
DA:190,60
DA:199,10
DA:210,20
DA:237,40
DA:262,60
LF:35
LH:30
BRDA:179,0,0,10
BRDA:179,0,1,50
BRDA:179,1,0,10
BRDA:179,1,1,40
BRDA:190,2,0,10
BRDA:190,2,1,50
BRDA:190,3,0,0
BRDA:190,3,1,50
BRDA:206,4,0,10
BRDA:206,4,1,10
BRDA:214,5,0,10
BRDA:214,5,1,10
BRDA:246,6,0,30
BRDA:246,6,1,10
BRF:14
BRH:13
end_of_record
TN:
SF:src/pages/Operations/Tenants.tsx
FN:154,(anonymous_0)
FN:163,(anonymous_1)
FN:177,(anonymous_2)
FN:183,(anonymous_3)
FN:184,(anonymous_4)
FN:188,(anonymous_5)
FN:189,(anonymous_6)
FN:191,(anonymous_7)
FN:192,(anonymous_8)
FN:221,(anonymous_9)
FN:231,(anonymous_10)
FN:246,(anonymous_11)
FN:257,(anonymous_12)
FN:258,(anonymous_13)
FN:259,(anonymous_14)
FN:269,(anonymous_15)
FN:275,(anonymous_16)
FN:294,(anonymous_17)
FN:314,(anonymous_18)
FN:323,(anonymous_19)
FN:329,(anonymous_20)
FN:337,(anonymous_21)
FN:548,(anonymous_22)
FN:577,(anonymous_23)
FN:589,(anonymous_24)
FNF:25
FNH:13
FNDA:7,(anonymous_0)
FNDA:0,(anonymous_1)
FNDA:0,(anonymous_2)
FNDA:0,(anonymous_3)
FNDA:0,(anonymous_4)
FNDA:0,(anonymous_5)
FNDA:0,(anonymous_6)
FNDA:0,(anonymous_7)
FNDA:0,(anonymous_8)
FNDA:35,(anonymous_9)
FNDA:35,(anonymous_10)
FNDA:35,(anonymous_11)
FNDA:35,(anonymous_12)
FNDA:35,(anonymous_13)
FNDA:35,(anonymous_14)
FNDA:35,(anonymous_15)
FNDA:35,(anonymous_16)
FNDA:35,(anonymous_17)
FNDA:35,(anonymous_18)
FNDA:35,(anonymous_19)
FNDA:0,(anonymous_20)
FNDA:0,(anonymous_21)
FNDA:0,(anonymous_22)
FNDA:35,(anonymous_23)
FNDA:0,(anonymous_24)
DA:35,1
DA:36,1
DA:58,1
DA:141,1
DA:147,1
DA:154,1
DA:155,7
DA:156,7
DA:157,7
DA:158,7
DA:159,7
DA:160,7
DA:161,7
DA:163,7
DA:164,0
DA:165,0
DA:166,0
DA:174,0
DA:177,7
DA:178,0
DA:179,0
DA:180,0
DA:183,7
DA:184,0
DA:185,0
DA:188,7
DA:189,0
DA:190,0
DA:191,0
DA:192,0
DA:193,0
DA:196,0
DA:198,0
DA:214,0
DA:215,0
DA:217,0
DA:221,7
DA:222,35
DA:227,35
DA:228,35
DA:231,7
DA:232,35
DA:238,35
DA:239,35
DA:246,7
DA:248,35
DA:251,35
DA:252,35
DA:253,35
DA:256,7
DA:257,35
DA:258,35
DA:259,35
DA:261,7
DA:269,35
DA:276,35
DA:277,35
DA:295,35
DA:296,35
DA:314,35
DA:324,35
DA:329,0
DA:337,0
DA:346,7
DA:475,7
DA:548,0
DA:577,35
DA:589,0
LF:68
LH:45
BRDA:190,0,0,0
BRDA:190,0,1,0
BRDA:193,1,0,0
BRDA:193,1,1,0
BRDA:248,2,0,35
BRDA:248,2,1,0
BRDA:248,2,2,0
BRDA:251,3,0,35
BRDA:251,3,1,0
BRDA:252,4,0,35
BRDA:252,4,1,0
BRDA:253,5,0,35
BRDA:253,5,1,35
BRDA:253,5,2,35
BRDA:283,6,0,7
BRDA:283,6,1,28
BRDA:283,7,0,14
BRDA:283,7,1,14
BRDA:302,8,0,7
BRDA:302,8,1,28
BRDA:302,9,0,21
BRDA:302,9,1,7
BRDA:587,10,0,0
BRDA:587,10,1,7
BRF:24
BRH:15
end_of_record
TN:
SF:src/pages/Operations/Users.tsx
FN:252,(anonymous_0)
FN:269,(anonymous_1)
FN:279,(anonymous_2)
FN:285,(anonymous_3)
FN:286,(anonymous_4)
FN:290,(anonymous_5)
FN:291,(anonymous_6)
FN:292,(anonymous_7)
FN:301,(anonymous_8)
FN:302,(anonymous_9)
FN:304,(anonymous_10)
FN:305,(anonymous_11)
FN:331,(anonymous_12)
FN:336,(anonymous_13)
FN:342,(anonymous_14)
FN:348,(anonymous_15)
FN:354,(anonymous_16)
FN:355,(anonymous_17)
FN:359,(anonymous_18)
FN:360,(anonymous_19)
FN:362,(anonymous_20)
FN:363,(anonymous_21)
FN:385,(anonymous_22)
FN:395,(anonymous_23)
FN:406,(anonymous_24)
FN:420,(anonymous_25)
FN:421,(anonymous_26)
FN:427,(anonymous_27)
FN:427,(anonymous_28)
FN:434,(anonymous_29)
FN:438,(anonymous_30)
FN:450,(anonymous_31)
FN:456,(anonymous_32)
FN:464,(anonymous_33)
FN:481,(anonymous_34)
FN:482,(anonymous_35)
FN:491,(anonymous_36)
FN:500,(anonymous_37)
FN:506,(anonymous_38)
FN:515,(anonymous_39)
FN:525,(anonymous_40)
FN:526,(anonymous_41)
FN:557,(anonymous_42)
FN:575,(anonymous_43)
FN:610,(anonymous_44)
FN:611,(anonymous_45)
FN:681,(anonymous_46)
FN:710,(anonymous_47)
FN:797,(anonymous_48)
FN:828,(anonymous_49)
FNF:50
FNH:14
FNDA:10,(anonymous_0)
FNDA:0,(anonymous_1)
FNDA:0,(anonymous_2)
FNDA:0,(anonymous_3)
FNDA:0,(anonymous_4)
FNDA:0,(anonymous_5)
FNDA:0,(anonymous_6)
FNDA:0,(anonymous_7)
FNDA:0,(anonymous_8)
FNDA:0,(anonymous_9)
FNDA:0,(anonymous_10)
FNDA:0,(anonymous_11)
FNDA:0,(anonymous_12)
FNDA:0,(anonymous_13)
FNDA:0,(anonymous_14)
FNDA:0,(anonymous_15)
FNDA:0,(anonymous_16)
FNDA:0,(anonymous_17)
FNDA:0,(anonymous_18)
FNDA:0,(anonymous_19)
FNDA:0,(anonymous_20)
FNDA:0,(anonymous_21)
FNDA:0,(anonymous_22)
FNDA:46,(anonymous_23)
FNDA:50,(anonymous_24)
FNDA:46,(anonymous_25)
FNDA:46,(anonymous_26)
FNDA:46,(anonymous_27)
FNDA:46,(anonymous_28)
FNDA:46,(anonymous_29)
FNDA:0,(anonymous_30)
FNDA:46,(anonymous_31)
FNDA:0,(anonymous_32)
FNDA:0,(anonymous_33)
FNDA:0,(anonymous_34)
FNDA:0,(anonymous_35)
FNDA:0,(anonymous_36)
FNDA:0,(anonymous_37)
FNDA:0,(anonymous_38)
FNDA:0,(anonymous_39)
FNDA:50,(anonymous_40)
FNDA:110,(anonymous_41)
FNDA:1,(anonymous_42)
FNDA:46,(anonymous_43)
FNDA:0,(anonymous_44)
FNDA:0,(anonymous_45)
FNDA:40,(anonymous_46)
FNDA:0,(anonymous_47)
FNDA:0,(anonymous_48)
FNDA:0,(anonymous_49)
DA:34,1
DA:35,1
DA:74,1
DA:142,1
DA:191,1
DA:230,1
DA:236,1
DA:243,1
DA:252,1
DA:253,10
DA:254,10
DA:255,10
DA:256,10
DA:257,10
DA:258,10
DA:259,10
DA:260,10
DA:261,10
DA:262,10
DA:263,10
DA:264,10
DA:265,10
DA:266,10
DA:269,10
DA:270,0
DA:271,0
DA:272,0
DA:276,0
DA:279,10
DA:280,0
DA:281,0
DA:282,0
DA:285,10
DA:286,0
DA:287,0
DA:290,10
DA:291,0
DA:292,0
DA:293,0
DA:298,0
DA:301,10
DA:302,0
DA:303,0
DA:304,0
DA:305,0
DA:306,0
DA:309,0
DA:311,0
DA:323,0
DA:324,0
DA:326,0
DA:331,10
DA:332,0
DA:333,0
DA:336,10
DA:337,0
DA:338,0
DA:342,10
DA:343,0
DA:344,0
DA:345,0
DA:348,10
DA:349,0
DA:350,0
DA:351,0
DA:354,10
DA:355,0
DA:356,0
DA:359,10
DA:360,0
DA:361,0
DA:362,0
DA:363,0
DA:364,0
DA:367,0
DA:369,0
DA:378,0
DA:379,0
DA:381,0
DA:385,10
DA:386,0
DA:391,0
DA:392,0
DA:395,10
DA:396,46
DA:402,46
DA:403,46
DA:406,10
DA:408,50
DA:412,50
DA:413,50
DA:416,10
DA:420,46
DA:421,46
DA:427,46
DA:435,46
DA:438,0
DA:451,46
DA:456,0
DA:464,0
DA:473,10
DA:481,0
DA:482,0
DA:491,0
DA:501,0
DA:506,0
DA:515,0
DA:525,10
DA:526,110
DA:539,10
DA:557,1
DA:575,46
DA:611,0
DA:612,0
DA:613,0
DA:614,0
DA:615,0
DA:616,0
DA:619,0
DA:621,0
DA:622,0
DA:681,40
DA:691,10
DA:710,0
DA:797,0
DA:828,0
LF:126
LH:57
BRDA:293,0,0,0
BRDA:293,0,1,0
BRDA:294,1,0,0
BRDA:294,1,1,0
BRDA:303,2,0,0
BRDA:303,2,1,0
BRDA:306,3,0,0
BRDA:306,3,1,0
BRDA:361,4,0,0
BRDA:361,4,1,0
BRDA:364,5,0,0
BRDA:364,5,1,0
BRDA:374,6,0,0
BRDA:374,6,1,0
BRDA:408,7,0,50
BRDA:408,7,1,5
BRDA:408,7,2,5
BRDA:408,7,3,4
BRDA:412,8,0,50
BRDA:412,8,1,0
BRDA:413,9,0,50
BRDA:413,9,1,46
BRDA:420,10,0,46
BRDA:420,10,1,0
BRDA:421,11,0,46
BRDA:421,11,1,0
BRDA:481,12,0,0
BRDA:481,12,1,0
BRDA:491,13,0,0
BRDA:491,13,1,0
BRDA:535,14,0,40
BRDA:535,14,1,70
BRDA:613,15,0,0
BRDA:613,15,1,0
BRDA:614,16,0,0
BRDA:614,16,1,0
BRDA:616,17,0,0
BRDA:616,17,1,0
BRDA:621,18,0,0
BRDA:621,18,1,0
BRDA:630,19,0,0
BRDA:630,19,1,10
BRDA:708,20,0,0
BRDA:708,20,1,10
BRDA:782,21,0,10
BRDA:782,21,1,10
BRDA:826,22,0,0
BRDA:826,22,1,10
BRF:48
BRH:16
end_of_record
TN:
SF:src/pages/Planning/DataSources.tsx
FN:8,(anonymous_0)
FN:13,(anonymous_1)
FN:25,(anonymous_2)
FN:29,(anonymous_3)
FN:38,(anonymous_4)
FN:44,(anonymous_5)
FN:54,(anonymous_6)
FN:60,(anonymous_7)
FN:83,(anonymous_8)
FN:89,(anonymous_9)
FN:96,(anonymous_10)
FN:97,(anonymous_11)
FNF:12
FNH:4
FNDA:13,(anonymous_0)
FNDA:9,(anonymous_1)
FNDA:9,(anonymous_2)
FNDA:0,(anonymous_3)
FNDA:0,(anonymous_4)
FNDA:0,(anonymous_5)
FNDA:0,(anonymous_6)
FNDA:0,(anonymous_7)
FNDA:2,(anonymous_8)
FNDA:0,(anonymous_9)
FNDA:0,(anonymous_10)
FNDA:0,(anonymous_11)
DA:6,1
DA:8,1
DA:9,13
DA:10,13
DA:11,13
DA:13,13
DA:14,9
DA:15,9
DA:16,9
DA:17,9
DA:19,0
DA:21,9
DA:25,13
DA:26,9
DA:29,13
DA:30,0
DA:33,13
DA:38,0
DA:45,0
DA:46,0
DA:54,0
DA:61,0
DA:62,0
DA:73,13
DA:83,2
[...]
BRDA:405,8,0,60
BRDA:405,8,1,56
BRDA:405,8,2,56
BRDA:540,9,0,0
BRDA:540,9,1,0
BRDA:678,10,0,0
BRDA:678,10,1,10
BRDA:746,11,0,0
BRDA:746,11,1,10
BRDA:806,12,0,10
BRDA:806,12,1,0
BRF:28
BRH:11
end_of_record
TN:
SF:src/pages/Planning/Tags.tsx
FN:8,(anonymous_0)
FN:15,(anonymous_1)
FN:27,(anonymous_2)
FN:31,(anonymous_3)
FN:48,(anonymous_4)
FN:57,(anonymous_5)
FN:77,(anonymous_6)
FN:78,(anonymous_7)
FN:82,(anonymous_8)
FN:83,(anonymous_9)
FN:84,(anonymous_10)
FN:93,(anonymous_11)
FN:94,(anonymous_12)
FN:103,(anonymous_13)
FN:104,(anonymous_14)
FNF:15
FNH:4
FNDA:13,(anonymous_0)
FNDA:9,(anonymous_1)
FNDA:9,(anonymous_2)
FNDA:0,(anonymous_3)
FNDA:0,(anonymous_4)
FNDA:0,(anonymous_5)
FNDA:2,(anonymous_6)
FNDA:0,(anonymous_7)
FNDA:0,(anonymous_8)
FNDA:0,(anonymous_9)
FNDA:0,(anonymous_10)
FNDA:0,(anonymous_11)
FNDA:0,(anonymous_12)
FNDA:0,(anonymous_13)
FNDA:0,(anonymous_14)
DA:6,1
DA:8,1
DA:9,13
DA:10,13
DA:11,13
DA:12,13
DA:13,13
DA:15,13
DA:16,9
DA:17,9
DA:18,9
DA:19,9
DA:21,0
DA:23,9
DA:27,13
DA:28,9
DA:31,13
DA:32,0
DA:33,0
DA:34,0
DA:35,0
DA:36,0
DA:37,0
DA:39,0
DA:43,13
DA:49,0
DA:57,0
DA:67,13
DA:77,2
DA:78,0
DA:82,0
DA:83,0
DA:84,0
DA:93,0
DA:94,0
DA:103,0
DA:104,0
LF:37
LH:19
BRDA:19,0,0,9
BRDA:19,0,1,0
BRDA:19,0,2,0
BRDA:49,1,0,0
BRDA:49,1,1,0
BRDA:49,1,2,0
BRDA:57,2,0,0
BRDA:57,2,1,0
BRDA:78,3,0,0
BRDA:78,3,1,0
BRDA:82,4,0,0
BRDA:82,4,1,0
BRDA:88,5,0,13
BRDA:88,5,1,0
BRDA:93,6,0,0
BRDA:93,6,1,0
BRF:16
BRH:2
end_of_record
TN:
SF:src/pages/Security/MaskRules.tsx
FN:20,(anonymous_0)
FN:29,(anonymous_1)
FN:42,(anonymous_2)
FN:46,(anonymous_3)
FN:74,(anonymous_4)
FN:91,(anonymous_5)
FN:96,(anonymous_6)
FN:117,(anonymous_7)
FN:132,(anonymous_8)
FN:138,(anonymous_9)
FN:144,(anonymous_10)
FN:160,(anonymous_11)
FNF:12
FNH:5
FNDA:16,(anonymous_0)
FNDA:11,(anonymous_1)
FNDA:11,(anonymous_2)
FNDA:0,(anonymous_3)
FNDA:0,(anonymous_4)
FNDA:0,(anonymous_5)
FNDA:0,(anonymous_6)
FNDA:0,(anonymous_7)
FNDA:1,(anonymous_8)
FNDA:1,(anonymous_9)
FNDA:0,(anonymous_10)
FNDA:0,(anonymous_11)
DA:7,1
DA:9,1
DA:20,1
DA:21,16
DA:22,16
DA:23,16
DA:24,16
DA:25,16
DA:26,16
DA:27,16
DA:29,16
DA:30,11
DA:31,11
DA:32,11
DA:33,11
DA:34,11
DA:36,0
DA:38,11
DA:42,16
DA:43,11
DA:46,16
DA:47,0
DA:48,0
DA:49,0
DA:51,0
DA:52,0
DA:53,0
DA:63,0
DA:64,0
DA:65,0
DA:66,0
DA:68,0
DA:70,0
DA:74,16
DA:75,0
DA:76,0
DA:77,0
DA:78,0
DA:80,0
DA:84,16
DA:92,0
DA:96,0
DA:104,16
DA:117,0
DA:132,1
DA:138,1
DA:144,0
DA:160,0
LF:48
LH:25
BRDA:34,0,0,11
BRDA:34,0,1,0
BRDA:36,1,0,0
BRDA:36,1,1,0
BRDA:36,1,2,0
BRDA:47,2,0,0
BRDA:47,2,1,0
BRDA:47,3,0,0
BRDA:47,3,1,0
BRDA:68,4,0,0
BRDA:68,4,1,0
BRDA:68,4,2,0
BRDA:80,5,0,0
BRDA:80,5,1,0
BRDA:80,5,2,0
BRDA:110,6,0,16
BRDA:110,6,1,0
BRDA:155,7,0,15
BRDA:155,7,1,1
BRF:19
BRH:4
end_of_record
TN:
SF:src/pages/Security/Permissions.tsx
FN:123,(anonymous_0)
FN:131,(anonymous_1)
FN:142,(anonymous_2)
FN:148,(anonymous_3)
FN:149,(anonymous_4)
FN:153,(anonymous_5)
FN:154,(anonymous_6)
FN:155,(anonymous_7)
FN:162,(anonymous_8)
FN:163,(anonymous_9)
FN:165,(anonymous_10)
FN:166,(anonymous_11)
FN:192,(anonymous_12)
FN:202,(anonymous_13)
FN:220,(anonymous_14)
FN:227,(anonymous_15)
FN:240,(anonymous_16)
FN:246,(anonymous_17)
FN:247,(anonymous_18)
FN:254,(anonymous_19)
FN:258,(anonymous_20)
FN:269,(anonymous_21)
FN:275,(anonymous_22)
FN:283,(anonymous_23)
FN:298,(anonymous_24)
FN:299,(anonymous_25)
FN:305,(anonymous_26)
FN:352,(anonymous_27)
FN:368,(anonymous_28)
FN:375,(anonymous_29)
FN:398,(anonymous_30)
FN:432,(anonymous_31)
FNF:32
FNH:12
FNDA:8,(anonymous_0)
FNDA:0,(anonymous_1)
FNDA:0,(anonymous_2)
FNDA:0,(anonymous_3)
FNDA:0,(anonymous_4)
FNDA:0,(anonymous_5)
FNDA:0,(anonymous_6)
FNDA:0,(anonymous_7)
FNDA:0,(anonymous_8)
FNDA:0,(anonymous_9)
FNDA:0,(anonymous_10)
FNDA:0,(anonymous_11)
FNDA:24,(anonymous_12)
FNDA:24,(anonymous_13)
FNDA:24,(anonymous_14)
FNDA:24,(anonymous_15)
FNDA:24,(anonymous_16)
FNDA:24,(anonymous_17)
FNDA:40,(anonymous_18)
FNDA:24,(anonymous_19)
FNDA:0,(anonymous_20)
FNDA:24,(anonymous_21)
FNDA:0,(anonymous_22)
FNDA:0,(anonymous_23)
FNDA:0,(anonymous_24)
FNDA:0,(anonymous_25)
FNDA:0,(anonymous_26)
FNDA:24,(anonymous_27)
FNDA:0,(anonymous_28)
FNDA:24,(anonymous_29)
FNDA:0,(anonymous_30)
FNDA:0,(anonymous_31)
DA:30,1
DA:31,1
DA:57,1
DA:97,1
DA:103,1
DA:109,1
DA:116,1
DA:123,1
DA:124,8
DA:125,8
DA:126,8
DA:127,8
DA:128,8
DA:129,8
DA:131,8
DA:132,0
DA:133,0
DA:134,0
DA:139,0
DA:142,8
DA:143,0
DA:144,0
DA:145,0
DA:148,8
DA:149,0
DA:150,0
DA:153,8
DA:154,0
DA:155,0
DA:156,0
DA:159,0
DA:162,8
DA:163,0
DA:164,0
DA:165,0
DA:166,0
DA:167,0
DA:170,0
DA:172,0
DA:185,0
DA:186,0
DA:188,0
DA:192,8
DA:193,24
DA:198,24
DA:199,24
DA:202,8
DA:203,24
DA:209,24
DA:210,24
DA:213,8
DA:220,24
DA:227,24
DA:240,24
DA:247,40
DA:255,24
DA:258,0
DA:270,24
DA:275,0
DA:283,0
DA:292,8
DA:299,0
DA:306,0
DA:310,8
DA:336,8
DA:352,24
DA:368,0
DA:375,24
DA:399,0
DA:400,0
DA:414,8
DA:432,0
LF:72
LH:40
BRDA:156,0,0,0
BRDA:156,0,1,0
BRDA:164,1,0,0
BRDA:164,1,1,0
BRDA:167,2,0,0
BRDA:167,2,1,0
BRDA:180,3,0,0
BRDA:180,3,1,0
BRDA:181,4,0,0
BRDA:181,4,1,0
BRDA:240,5,0,24
BRDA:240,5,1,16
BRDA:306,6,0,0
BRDA:306,6,1,0
BRDA:403,7,0,0
BRDA:403,7,1,0
BRDA:430,8,0,0
BRDA:430,8,1,8
BRF:18
BRH:3
end_of_record
TN:
SF:src/pages/Security/Sensitive.tsx
FN:38,(anonymous_0)
FN:49,(anonymous_1)
FN:54,(anonymous_2)
FN:65,(anonymous_3)
FN:76,(anonymous_4)
FN:95,(anonymous_5)
FN:118,(anonymous_6)
FN:127,(anonymous_7)
FN:127,(anonymous_8)
FN:138,(anonymous_9)
FN:150,(anonymous_10)
FN:159,(anonymous_11)
FN:175,(anonymous_12)
FN:195,(anonymous_13)
FN:255,(anonymous_14)
FN:275,(anonymous_15)
FN:286,(anonymous_16)
FN:304,(anonymous_17)
FN:325,(anonymous_18)
FN:326,(anonymous_19)
FNF:20
FNH:4
FNDA:9,(anonymous_0)
FNDA:9,(anonymous_1)
FNDA:9,(anonymous_2)
FNDA:9,(anonymous_3)
FNDA:0,(anonymous_4)
FNDA:0,(anonymous_5)
FNDA:0,(anonymous_6)
FNDA:0,(anonymous_7)
FNDA:0,(anonymous_8)
FNDA:0,(anonymous_9)
FNDA:0,(anonymous_10)
FNDA:0,(anonymous_11)
FNDA:0,(anonymous_12)
FNDA:0,(anonymous_13)
FNDA:0,(anonymous_14)
FNDA:0,(anonymous_15)
FNDA:0,(anonymous_16)
FNDA:0,(anonymous_17)
FNDA:0,(anonymous_18)
FNDA:0,(anonymous_19)
DA:29,1
DA:31,1
DA:38,1
DA:39,9
DA:40,9
DA:41,9
DA:42,9
DA:43,9
DA:44,9
DA:45,9
DA:46,9
DA:47,9
DA:49,9
DA:50,9
DA:51,9
DA:54,9
DA:55,9
DA:56,9
DA:57,9
DA:59,0
DA:61,9
DA:65,9
DA:66,9
DA:67,9
DA:68,9
DA:70,0
DA:72,9
DA:76,9
DA:77,0
DA:78,0
DA:79,0
DA:81,0
DA:82,0
DA:83,0
DA:84,0
DA:85,0
DA:86,0
DA:87,0
DA:89,0
DA:91,0
DA:95,9
DA:96,0
DA:97,0
DA:98,0
DA:99,0
DA:100,0
DA:101,0
DA:103,0
DA:108,9
DA:119,0
DA:120,0
DA:127,0
DA:138,0
DA:143,9
DA:151,0
DA:152,0
DA:160,0
DA:166,9
DA:176,0
DA:177,0
DA:182,9
DA:195,0
DA:255,0
DA:275,0
DA:286,0
DA:304,0
DA:314,9
DA:325,0
DA:326,0
LF:69
LH:32
BRDA:77,0,0,0
BRDA:77,0,1,0
BRDA:89,1,0,0
BRDA:89,1,1,0
BRDA:103,2,0,0
BRDA:103,2,1,0
BRDA:119,3,0,0
BRDA:119,3,1,0
BRDA:151,4,0,0
BRDA:151,4,1,0
BRDA:160,5,0,0
BRDA:160,5,1,0
BRDA:160,6,0,0
BRDA:160,6,1,0
BRDA:176,7,0,0
BRDA:176,7,1,0
BRDA:212,8,0,9
BRDA:212,8,1,0
BRDA:219,9,0,0
BRDA:219,9,1,0
BRDA:221,10,0,0
BRDA:221,10,1,0
BRDA:221,11,0,0
BRDA:221,11,1,0
BRDA:223,12,0,0
BRDA:223,12,1,0
BRDA:241,13,0,0
BRDA:241,13,1,0
BRDA:281,14,0,9
BRDA:281,14,1,0
BRDA:299,15,0,9
BRDA:299,15,1,0
BRF:32
BRH:3
end_of_record
TN:
SF:src/pages/Security/Sso.tsx
FN:144,(anonymous_0)
FN:152,(anonymous_1)
FN:165,(anonymous_2)
FN:172,(anonymous_3)
FN:173,(anonymous_4)
FN:177,(anonymous_5)
FN:178,(anonymous_6)
FN:179,(anonymous_7)
FN:188,(anonymous_8)
FN:189,(anonymous_9)
FN:191,(anonymous_10)
FN:192,(anonymous_11)
FN:219,(anonymous_12)
FN:237,(anonymous_13)
FN:250,(anonymous_14)
FN:254,(anonymous_15)
FN:265,(anonymous_16)
FN:274,(anonymous_17)
FN:278,(anonymous_18)
FN:284,(anonymous_19)
FN:290,(anonymous_20)
FN:298,(anonymous_21)
FN:313,(anonymous_22)
FN:315,(anonymous_23)
FN:322,(anonymous_24)
FN:418,(anonymous_25)
FN:433,(anonymous_26)
FN:461,(anonymous_27)
FN:485,(anonymous_28)
FN:490,(anonymous_29)
FNF:30
FNH:10
FNDA:7,(anonymous_0)
FNDA:0,(anonymous_1)
FNDA:0,(anonymous_2)
FNDA:0,(anonymous_3)
FNDA:0,(anonymous_4)
FNDA:0,(anonymous_5)
FNDA:0,(anonymous_6)
FNDA:0,(anonymous_7)
FNDA:0,(anonymous_8)
FNDA:0,(anonymous_9)
FNDA:0,(anonymous_10)
FNDA:0,(anonymous_11)
FNDA:21,(anonymous_12)
FNDA:21,(anonymous_13)
FNDA:21,(anonymous_14)
FNDA:0,(anonymous_15)
FNDA:21,(anonymous_16)
FNDA:21,(anonymous_17)
FNDA:21,(anonymous_18)
FNDA:21,(anonymous_19)
FNDA:0,(anonymous_20)
FNDA:0,(anonymous_21)
FNDA:0,(anonymous_22)
FNDA:0,(anonymous_23)
FNDA:0,(anonymous_24)
FNDA:21,(anonymous_25)
FNDA:21,(anonymous_26)
FNDA:0,(anonymous_27)
FNDA:0,(anonymous_28)
FNDA:0,(anonymous_29)
DA:27,1
DA:28,1
DA:59,1
DA:98,1
DA:130,1
DA:137,1
DA:144,1
DA:145,7
DA:146,7
DA:147,7
DA:148,7
DA:149,7
DA:150,7
DA:152,7
DA:153,0
DA:154,0
DA:155,0
DA:156,0
DA:162,0
DA:165,7
DA:166,0
DA:167,0
DA:168,0
DA:169,0
DA:172,7
DA:173,0
DA:174,0
DA:177,7
DA:178,0
DA:179,0
DA:180,0
DA:185,0
DA:188,7
DA:189,0
DA:190,0
DA:191,0
DA:192,0
DA:193,0
DA:196,0
DA:198,0
DA:211,0
DA:212,0
DA:214,0
DA:215,0
DA:219,7
DA:220,21
DA:226,21
DA:227,21
DA:230,7
DA:237,21
DA:251,21
DA:254,0
DA:266,21
DA:275,21
DA:278,21
DA:285,21
DA:290,0
DA:298,0
DA:307,7
DA:313,0
DA:315,0
DA:323,0
DA:330,7
DA:402,7
DA:418,21
DA:433,21
DA:442,7
DA:462,0
DA:463,0
DA:485,0
DA:490,0
LF:71
LH:35
BRDA:66,0,0,1
BRDA:66,0,1,1
BRDA:90,1,0,1
BRDA:90,1,1,1
BRDA:180,2,0,0
BRDA:180,2,1,0
BRDA:181,3,0,0
BRDA:181,3,1,0
BRDA:190,4,0,0
BRDA:190,4,1,0
BRDA:193,5,0,0
BRDA:193,5,1,0
BRDA:202,6,0,0
BRDA:202,6,1,0
BRDA:266,7,0,14
BRDA:266,7,1,7
BRDA:266,8,0,14
BRDA:266,8,1,7
BRDA:275,9,0,7
BRDA:275,9,1,14
BRDA:275,10,0,7
BRDA:275,10,1,14
BRDA:278,11,0,21
BRDA:278,11,1,14
BRDA:313,12,0,0
BRDA:313,12,1,0
BRDA:315,13,0,0
BRDA:315,13,1,0
BRDA:323,14,0,0
BRDA:323,14,1,0
BRDA:324,15,0,0
BRDA:324,15,1,0
BRDA:459,16,0,0
BRDA:459,16,1,7
BRDA:484,17,0,7
BRDA:484,17,1,0
BRDA:489,18,0,7
BRDA:489,18,1,0
BRF:38
BRH:17
end_of_record
TN:
SF:src/pages/Support/Announcements.tsx
FN:87,(anonymous_0)
FN:95,(anonymous_1)
FN:106,(anonymous_2)
FN:112,(anonymous_3)
FN:116,(anonymous_4)
FN:117,(anonymous_5)
FN:125,(anonymous_6)
FN:126,(anonymous_7)
FN:130,(anonymous_8)
FN:131,(anonymous_9)
FN:132,(anonymous_10)
FN:141,(anonymous_11)
FN:142,(anonymous_12)
FN:144,(anonymous_13)
FN:145,(anonymous_14)
FN:171,(anonymous_15)
FN:181,(anonymous_16)
FN:198,(anonymous_17)
FN:205,(anonymous_18)
FN:212,(anonymous_19)
FN:227,(anonymous_20)
FN:240,(anonymous_21)
FN:246,(anonymous_22)
FN:254,(anonymous_23)
FN:263,(anonymous_24)
FN:271,(anonymous_25)
FN:304,(anonymous_26)
FN:316,(anonymous_27)
FN:355,(anonymous_28)
FN:375,(anonymous_29)
FN:388,(anonymous_30)
FN:390,(anonymous_31)
FNF:32
FNH:9
FNDA:8,(anonymous_0)
FNDA:0,(anonymous_1)
FNDA:0,(anonymous_2)
FNDA:0,(anonymous_3)
FNDA:0,(anonymous_4)
FNDA:0,(anonymous_5)
FNDA:0,(anonymous_6)
FNDA:0,(anonymous_7)
FNDA:0,(anonymous_8)
FNDA:0,(anonymous_9)
FNDA:0,(anonymous_10)
FNDA:0,(anonymous_11)
FNDA:0,(anonymous_12)
FNDA:0,(anonymous_13)
FNDA:0,(anonymous_14)
FNDA:24,(anonymous_15)
FNDA:24,(anonymous_16)
FNDA:24,(anonymous_17)
FNDA:24,(anonymous_18)
FNDA:24,(anonymous_19)
FNDA:24,(anonymous_20)
FNDA:24,(anonymous_21)
FNDA:0,(anonymous_22)
FNDA:0,(anonymous_23)
FNDA:0,(anonymous_24)
FNDA:0,(anonymous_25)
FNDA:24,(anonymous_26)
FNDA:0,(anonymous_27)
FNDA:0,(anonymous_28)
FNDA:0,(anonymous_29)
FNDA:0,(anonymous_30)
FNDA:0,(anonymous_31)
DA:27,1
DA:28,1
DA:48,1
DA:87,1
DA:88,8
DA:89,8
DA:90,8
DA:91,8
DA:92,8
DA:93,8
DA:95,8
DA:96,0
DA:97,0
DA:98,0
DA:103,0
DA:106,8
DA:107,0
DA:108,0
DA:109,0
DA:112,8
DA:113,0
DA:114,0
DA:116,0
DA:117,0
DA:118,0
DA:125,8
DA:126,0
DA:127,0
DA:130,8
DA:131,0
DA:132,0
DA:133,0
DA:138,0
DA:141,8
DA:142,0
DA:143,0
DA:144,0
DA:145,0
DA:146,0
DA:149,0
DA:151,0
DA:164,0
DA:165,0
DA:167,0
DA:171,8
DA:172,24
DA:177,24
DA:178,24
DA:181,8
DA:182,24
DA:187,24
DA:188,24
DA:191,8
DA:198,24
DA:205,24
DA:213,24
DA:227,24
DA:241,24
DA:246,0
DA:254,0
DA:263,0
DA:271,0
DA:280,8
DA:304,24
DA:316,0
DA:355,0
DA:375,0
DA:388,0
DA:390,0
LF:69
LH:32
BRDA:118,0,0,0
BRDA:118,0,1,0
BRDA:119,1,0,0
BRDA:119,1,1,0
BRDA:133,2,0,0
BRDA:133,2,1,0
BRDA:143,3,0,0
BRDA:143,3,1,0
BRDA:146,4,0,0
BRDA:146,4,1,0
BRDA:214,5,0,24
BRDA:214,5,1,0
BRDA:215,6,0,24
BRDA:215,6,1,0
BRDA:215,6,2,0
BRDA:227,7,0,24
BRDA:227,7,1,8
BRDA:250,8,0,24
BRDA:250,8,1,0
BRDA:314,9,0,0
BRDA:314,9,1,8
BRDA:356,10,0,0
BRDA:356,10,1,8
BRDA:359,11,0,0
BRDA:359,11,1,8
BRDA:359,12,0,0
BRDA:359,12,1,8
BRDA:377,13,0,0
BRDA:377,13,1,8
BRDA:396,14,0,8
BRDA:396,14,1,0
BRDA:412,15,0,0
BRDA:412,15,1,0
BRF:33
BRH:11
end_of_record
TN:
SF:src/pages/Support/Content.tsx
FN:111,(anonymous_0)
FN:119,(anonymous_1)
FN:130,(anonymous_2)
FN:136,(anonymous_3)
FN:140,(anonymous_4)
FN:141,(anonymous_5)
FN:149,(anonymous_6)
FN:150,(anonymous_7)
FN:154,(anonymous_8)
FN:155,(anonymous_9)
FN:157,(anonymous_10)
FN:158,(anonymous_11)
FN:185,(anonymous_12)
FN:195,(anonymous_13)
FN:212,(anonymous_14)
FN:219,(anonymous_15)
FN:221,(anonymous_16)
FN:221,(anonymous_17)
FN:227,(anonymous_18)
FN:236,(anonymous_19)
FN:243,(anonymous_20)
FN:249,(anonymous_21)
FN:257,(anonymous_22)
FN:265,(anonymous_23)
FN:298,(anonymous_24)
FN:310,(anonymous_25)
FN:380,(anonymous_26)
FN:382,(anonymous_27)
FNF:28
FNH:11
FNDA:6,(anonymous_0)
FNDA:0,(anonymous_1)
FNDA:0,(anonymous_2)
FNDA:0,(anonymous_3)
FNDA:0,(anonymous_4)
FNDA:0,(anonymous_5)
FNDA:0,(anonymous_6)
FNDA:0,(anonymous_7)
FNDA:0,(anonymous_8)
FNDA:0,(anonymous_9)
FNDA:0,(anonymous_10)
FNDA:0,(anonymous_11)
FNDA:18,(anonymous_12)
FNDA:18,(anonymous_13)
FNDA:18,(anonymous_14)
FNDA:18,(anonymous_15)
FNDA:18,(anonymous_16)
FNDA:36,(anonymous_17)
FNDA:18,(anonymous_18)
FNDA:18,(anonymous_19)
FNDA:18,(anonymous_20)
FNDA:0,(anonymous_21)
FNDA:0,(anonymous_22)
FNDA:0,(anonymous_23)
FNDA:18,(anonymous_24)
FNDA:0,(anonymous_25)
FNDA:0,(anonymous_26)
FNDA:0,(anonymous_27)
DA:25,1
DA:26,1
DA:46,1
DA:91,1
DA:97,1
DA:103,1
DA:111,1
DA:112,6
DA:113,6
DA:114,6
DA:115,6
DA:116,6
DA:117,6
DA:119,6
DA:120,0
DA:121,0
DA:122,0
DA:127,0
DA:130,6
DA:131,0
DA:132,0
DA:133,0
DA:136,6
DA:137,0
DA:138,0
DA:140,0
DA:141,0
DA:142,0
DA:149,6
DA:150,0
DA:151,0
DA:154,6
DA:155,0
DA:156,0
DA:157,0
DA:158,0
DA:159,0
DA:162,0
DA:164,0
DA:178,0
DA:179,0
DA:181,0
DA:185,6
DA:186,18
DA:191,18
DA:192,18
DA:195,6
DA:196,18
DA:201,18
DA:202,18
DA:205,6
DA:212,18
DA:219,18
DA:221,36
DA:227,18
DA:236,18
DA:244,18
DA:249,0
DA:257,0
DA:265,0
DA:274,6
DA:298,18
DA:310,0
DA:380,0
DA:382,0
LF:65
LH:35
BRDA:142,0,0,0
BRDA:142,0,1,0
BRDA:143,1,0,0
BRDA:143,1,1,0
BRDA:156,2,0,0
BRDA:156,2,1,0
BRDA:159,3,0,0
BRDA:159,3,1,0
BRDA:172,4,0,0
BRDA:172,4,1,0
BRDA:175,5,0,0
BRDA:175,5,1,0
BRDA:236,6,0,18
BRDA:236,6,1,0
BRDA:308,7,0,0
BRDA:308,7,1,6
BRDA:388,8,0,6
BRDA:388,8,1,0
BRDA:416,9,0,0
BRDA:416,9,1,0
BRF:20
BRH:3
end_of_record
TN:
SF:src/pages/Support/Invoices.tsx
FN:154,(anonymous_0)
FN:167,(anonymous_1)
FN:173,(anonymous_2)
FN:178,(anonymous_3)
FN:179,(anonymous_4)
FN:204,(anonymous_5)
FN:205,(anonymous_6)
FN:206,(anonymous_7)
FN:215,(anonymous_8)
FN:221,(anonymous_9)
FN:222,(anonymous_10)
FN:224,(anonymous_11)
FN:225,(anonymous_12)
FN:238,(anonymous_13)
FN:239,(anonymous_14)
FN:240,(anonymous_15)
FN:247,(anonymous_16)
FN:248,(anonymous_17)
FN:249,(anonymous_18)
FN:256,(anonymous_19)
FN:257,(anonymous_20)
FN:258,(anonymous_21)
FN:265,(anonymous_22)
FN:269,(anonymous_23)
FN:282,(anonymous_24)
FN:291,(anonymous_25)
FN:302,(anonymous_26)
FN:303,(anonymous_27)
FN:304,(anonymous_28)
FN:313,(anonymous_29)
FN:320,(anonymous_30)
FN:327,(anonymous_31)
FN:334,(anonymous_32)
FN:342,(anonymous_33)
FN:350,(anonymous_34)
FN:356,(anonymous_35)
FN:366,(anonymous_36)
FN:375,(anonymous_37)
FN:385,(anonymous_38)
FN:394,(anonymous_39)
FN:404,(anonymous_40)
FN:437,(anonymous_41)
FN:467,(anonymous_42)
FN:552,(anonymous_43)
FN:554,(anonymous_44)
FN:555,(anonymous_45)
FN:592,(anonymous_46)
FN:641,(anonymous_47)
FN:642,(anonymous_48)
FN:707,(anonymous_49)
FN:728,(anonymous_50)
FN:809,(anonymous_51)
FN:819,(anonymous_52)
FNF:53
FNH:18
FNDA:10,(anonymous_0)
FNDA:0,(anonymous_1)
FNDA:0,(anonymous_2)
FNDA:0,(anonymous_3)
FNDA:0,(anonymous_4)
FNDA:0,(anonymous_5)
FNDA:0,(anonymous_6)
FNDA:0,(anonymous_7)
FNDA:0,(anonymous_8)
FNDA:0,(anonymous_9)
FNDA:0,(anonymous_10)
FNDA:0,(anonymous_11)
FNDA:0,(anonymous_12)
FNDA:0,(anonymous_13)
FNDA:0,(anonymous_14)
FNDA:0,(anonymous_15)
FNDA:0,(anonymous_16)
FNDA:0,(anonymous_17)
FNDA:0,(anonymous_18)
FNDA:0,(anonymous_19)
FNDA:0,(anonymous_20)
FNDA:0,(anonymous_21)
FNDA:0,(anonymous_22)
FNDA:55,(anonymous_23)
FNDA:55,(anonymous_24)
FNDA:60,(anonymous_25)
FNDA:60,(anonymous_26)
FNDA:60,(anonymous_27)
FNDA:60,(anonymous_28)
FNDA:55,(anonymous_29)
FNDA:55,(anonymous_30)
FNDA:55,(anonymous_31)
FNDA:55,(anonymous_32)
FNDA:55,(anonymous_33)
FNDA:55,(anonymous_34)
FNDA:0,(anonymous_35)
FNDA:0,(anonymous_36)
FNDA:0,(anonymous_37)
FNDA:0,(anonymous_38)
FNDA:0,(anonymous_39)
FNDA:0,(anonymous_40)
FNDA:1,(anonymous_41)
FNDA:55,(anonymous_42)
FNDA:90,(anonymous_43)
FNDA:60,(anonymous_44)
FNDA:10,(anonymous_45)
FNDA:0,(anonymous_46)
FNDA:0,(anonymous_47)
FNDA:0,(anonymous_48)
FNDA:0,(anonymous_49)
FNDA:0,(anonymous_50)
FNDA:0,(anonymous_51)
FNDA:0,(anonymous_52)
DA:37,1
DA:38,1
DA:61,1
DA:149,1
DA:154,1
DA:155,10
DA:156,10
DA:157,10
DA:158,10
DA:159,10
DA:160,10
DA:161,10
DA:162,10
DA:163,10
DA:164,10
DA:165,10
DA:167,10
DA:168,0
DA:169,0
DA:170,0
DA:173,10
DA:174,0
DA:175,0
DA:178,10
DA:179,0
DA:180,0
DA:181,0
DA:182,0
DA:184,0
DA:198,0
DA:199,0
DA:200,0
DA:204,10
DA:205,0
DA:206,0
DA:207,0
DA:212,0
DA:215,10
DA:216,0
DA:217,0
DA:218,0
DA:221,10
DA:222,0
DA:223,0
DA:224,0
DA:225,0
DA:226,0
DA:231,0
DA:232,0
DA:233,0
DA:238,10
DA:239,0
DA:240,0
DA:241,0
DA:244,0
DA:247,10
DA:248,0
DA:249,0
DA:250,0
DA:253,0
DA:256,10
DA:257,0
DA:258,0
DA:259,0
DA:262,0
DA:265,10
DA:266,0
DA:269,10
DA:270,55
DA:278,55
DA:279,55
DA:282,10
DA:283,55
DA:287,55
DA:288,55
DA:291,10
DA:293,60
DA:297,60
DA:298,60
DA:299,60
DA:302,60
DA:303,60
DA:304,60
DA:306,10
DA:313,55
DA:320,55
DA:327,55
DA:334,55
DA:342,55
DA:351,55
DA:356,0
DA:366,0
DA:375,0
DA:385,0
DA:394,0
DA:404,0
DA:414,10
DA:437,1
DA:467,55
DA:552,90
DA:554,60
DA:555,10
DA:573,10
DA:592,0
DA:641,0
DA:643,0
DA:644,0
DA:645,0
DA:646,0
DA:707,0
DA:728,0
DA:810,0
DA:811,0
DA:820,0
DA:821,0
LF:115
LH:56
BRDA:180,0,0,0
BRDA:180,0,1,0
BRDA:181,1,0,0
BRDA:181,1,1,0
BRDA:207,2,0,0
BRDA:207,2,1,0
BRDA:223,3,0,0
BRDA:223,3,1,0
BRDA:226,4,0,0
BRDA:226,4,1,0
BRDA:241,5,0,0
BRDA:241,5,1,0
BRDA:250,6,0,0
BRDA:250,6,1,0
BRDA:259,7,0,0
BRDA:259,7,1,0
BRDA:293,8,0,60
BRDA:293,8,1,6
BRDA:293,8,2,5
BRDA:293,8,3,5
BRDA:297,9,0,60
BRDA:297,9,1,0
BRDA:298,10,0,60
BRDA:298,10,1,0
BRDA:299,11,0,60
BRDA:299,11,1,55
BRDA:299,11,2,55
BRDA:327,12,0,37
BRDA:327,12,1,18
BRDA:360,13,0,55
BRDA:360,13,1,9
BRDA:381,14,0,55
BRDA:381,14,1,9
BRDA:390,15,0,55
BRDA:390,15,1,9
BRDA:399,16,0,55
BRDA:399,16,1,18
BRDA:498,17,0,10
BRDA:498,17,1,0
BRDA:560,18,0,10
BRDA:560,18,1,0
BRDA:644,19,0,0
BRDA:644,19,1,0
BRDA:645,20,0,0
BRDA:645,20,1,0
BRDA:650,21,0,0
BRDA:650,21,1,0
BRDA:730,22,0,10
BRDA:730,22,1,0
BRDA:759,23,0,0
BRDA:759,23,1,0
BRDA:760,24,0,0
BRDA:760,24,1,0
BRDA:790,25,0,0
BRDA:790,25,1,0
BRDA:793,26,0,0
BRDA:793,26,1,0
BRDA:795,27,0,0
BRDA:795,27,1,0
BRDA:803,28,0,0
BRDA:803,28,1,0
BRF:61
BRH:22
end_of_record
TN:
SF:src/utils/token.ts
FN:16,(anonymous_0)
FN:20,(anonymous_1)
FN:24,(anonymous_2)
FN:29,(anonymous_3)
FN:34,(anonymous_4)
FN:39,(anonymous_5)
FN:53,(anonymous_6)
FN:66,(anonymous_7)
FNF:8
FNH:8
FNDA:31,(anonymous_0)
FNDA:20,(anonymous_1)
FNDA:3,(anonymous_2)
FNDA:7,(anonymous_3)
FNDA:4,(anonymous_4)
FNDA:29,(anonymous_5)
FNDA:11,(anonymous_6)
FNDA:12,(anonymous_7)
DA:13,5
DA:14,5
DA:16,5
DA:17,31
DA:20,5
DA:21,20
DA:24,5
DA:25,3
DA:26,3
DA:29,5
DA:30,7
DA:31,7
DA:34,5
DA:35,4
DA:39,5
DA:40,29
DA:41,29
DA:42,29
DA:43,29
DA:44,18
DA:46,3
DA:48,8
DA:53,5
DA:54,11
DA:55,11
DA:57,10
DA:58,10
DA:60,8
DA:61,8
DA:62,8
DA:66,5
DA:67,12
DA:68,12
DA:70,8
DA:71,8
DA:73,6
LF:36
LH:36
BRDA:31,0,0,4
BRDA:31,0,1,3
BRDA:43,1,0,18
BRDA:43,1,1,11
BRDA:53,2,0,11
BRDA:55,3,0,1
BRDA:55,3,1,10
BRDA:58,4,0,2
BRDA:58,4,1,8
BRDA:68,5,0,4
BRDA:68,5,1,8
BRDA:71,6,0,2
BRDA:71,6,1,6
BRF:13
BRH:13
end_of_record
